<?xml version="1.0" encoding="UTF-8"?>
<!-- Generated by org.testng.reporters.JUnitXMLReporter -->
<testsuite ignored="5" hostname="Rajat" failures="0" tests="1" name="Default test" time="50.66" errors="0" timestamp="04 Feb 2024 17:10:19 GMT">
  <testcase classname="com.JiviewsAutomation.SystemDefination_Test.E10_2910_WorkforceEmployeeRosterV2Test" name="E10_2943_VerifyPerformCreateShift" time="34.225"/>
  <testcase classname="com.JiviewsAutomation.SystemDefination_Test.E10_2910_WorkforceEmployeeRosterV2Test" name="E10_2940_VerifyExpandAndCollapseRows" time="0.0">
    <ignored/>
  </testcase> <!-- E10_2940_VerifyExpandAndCollapseRows -->
  <testcase classname="com.JiviewsAutomation.SystemDefination_Test.E10_2910_WorkforceEmployeeRosterV2Test" name="E10_2941_VerifyFilterAndResetColumns" time="0.0">
    <ignored/>
  </testcase> <!-- E10_2941_VerifyFilterAndResetColumns -->
  <testcase classname="com.JiviewsAutomation.SystemDefination_Test.E10_2910_WorkforceEmployeeRosterV2Test" name="E10_2939_VerifySearchByFilters" time="0.0">
    <ignored/>
  </testcase> <!-- E10_2939_VerifySearchByFilters -->
  <testcase classname="com.JiviewsAutomation.SystemDefination_Test.E10_2910_WorkforceEmployeeRosterV2Test" name="E10_2942_VerifyPerformFullScreen" time="0.0">
    <ignored/>
  </testcase> <!-- E10_2942_VerifyPerformFullScreen -->
  <testcase classname="com.JiviewsAutomation.SystemDefination_Test.E10_2910_WorkforceEmployeeRosterV2Test" name="E10_2938_VerifySearchEmpRosterByDate" time="0.0">
    <ignored/>
  </testcase> <!-- E10_2938_VerifySearchEmpRosterByDate -->
</testsuite> <!-- Default test -->
