<?xml version="1.0" encoding="UTF-8"?>
<!-- Generated by org.testng.reporters.JUnitXMLReporter -->
<testsuite ignored="0" hostname="Rajat" failures="0" tests="4" name="Default test" time="81.005" errors="0" timestamp="18 Jan 2024 18:54:34 GMT">
  <testcase classname="com.JiviewsAutomation.SystemDefination_Test.E10_2639_SCRTest" name="E10_3131_VerifyCreateSCR" time="13.345"/>
  <testcase classname="com.JiviewsAutomation.SystemDefination_Test.E10_2639_SCRTest" name="E10_3132_VerifyUpdateSCR" time="5.224"/>
  <testcase classname="com.JiviewsAutomation.SystemDefination_Test.E10_2639_SCRTest" name="E10_3133_VerifyDeactivateSCR" time="1.456"/>
  <testcase classname="com.JiviewsAutomation.SystemDefination_Test.E10_2639_SCRTest" name="E10_3134_VerifyReactivateSCR" time="5.252"/>
</testsuite> <!-- Default test -->
