<?xml version="1.0" encoding="UTF-8"?>
<!-- Generated by org.testng.reporters.JUnitXMLReporter -->
<testsuite ignored="11" hostname="Rajat" failures="0" tests="1" name="Default test" time="29.212" errors="0" timestamp="03 Jan 2024 10:17:28 GMT">
  <testcase classname="com.JiviewsAutomation.SystemDefination_Test.E10_3089_RoleSetUpTest" name="E10_3090_VerifyCreateNewRole" time="8.908"/>
  <testcase classname="com.JiviewsAutomation.SystemDefination_Test.E10_3089_RoleSetUpTest" name="E10_3104_VerifyCreateNewRoleWithoutPriarySkill" time="0.0">
    <ignored/>
  </testcase> <!-- E10_3104_VerifyCreateNewRoleWithoutPriarySkill -->
  <testcase classname="com.JiviewsAutomation.SystemDefination_Test.E10_3089_RoleSetUpTest" name="E10_3095_VerifyDisselectAllAvailableSkill" time="0.0">
    <ignored/>
  </testcase> <!-- E10_3095_VerifyDisselectAllAvailableSkill -->
  <testcase classname="com.JiviewsAutomation.SystemDefination_Test.E10_3089_RoleSetUpTest" name="E10_3093_VerifyReactiveRole" time="0.0">
    <ignored/>
  </testcase> <!-- E10_3093_VerifyReactiveRole -->
  <testcase classname="com.JiviewsAutomation.SystemDefination_Test.E10_3089_RoleSetUpTest" name="E10_3091_VerifyUpdateRole" time="0.0">
    <ignored/>
  </testcase> <!-- E10_3091_VerifyUpdateRole -->
  <testcase classname="com.JiviewsAutomation.SystemDefination_Test.E10_3089_RoleSetUpTest" name="E10_3103_VerifyDisselectSingleSkillFromSelectedSkill" time="0.0">
    <ignored/>
  </testcase> <!-- E10_3103_VerifyDisselectSingleSkillFromSelectedSkill -->
  <testcase classname="com.JiviewsAutomation.SystemDefination_Test.E10_3089_RoleSetUpTest" name="E10_3094_VerifyCreateRoleWithAllAvailableSkill" time="0.0">
    <ignored/>
  </testcase> <!-- E10_3094_VerifyCreateRoleWithAllAvailableSkill -->
  <testcase classname="com.JiviewsAutomation.SystemDefination_Test.E10_3089_RoleSetUpTest" name="E10_3102_verifyCreateNewRoleWithoutSecondarySkillEmpty" time="0.0">
    <ignored/>
  </testcase> <!-- E10_3102_verifyCreateNewRoleWithoutSecondarySkillEmpty -->
  <testcase classname="com.JiviewsAutomation.SystemDefination_Test.E10_3089_RoleSetUpTest" name="E10_3099_verifySearchColumnsForRole" time="0.0">
    <ignored/>
  </testcase> <!-- E10_3099_verifySearchColumnsForRole -->
  <testcase classname="com.JiviewsAutomation.SystemDefination_Test.E10_3089_RoleSetUpTest" name="E10_3092_VerifyDeactiveRole" time="0.0">
    <ignored/>
  </testcase> <!-- E10_3092_VerifyDeactiveRole -->
  <testcase classname="com.JiviewsAutomation.SystemDefination_Test.E10_3089_RoleSetUpTest" name="E10_3100_verifyCreateNewRoleWithoutRoleCode" time="0.0">
    <ignored/>
  </testcase> <!-- E10_3100_verifyCreateNewRoleWithoutRoleCode -->
  <testcase classname="com.JiviewsAutomation.SystemDefination_Test.E10_3089_RoleSetUpTest" name="E10_3101_VerifyCreateNewRoleWithoutRoleDescription" time="0.0">
    <ignored/>
  </testcase> <!-- E10_3101_VerifyCreateNewRoleWithoutRoleDescription -->
</testsuite> <!-- Default test -->
