<?xml version="1.0" encoding="UTF-8"?>
<!-- Generated by org.testng.reporters.JUnitXMLReporter -->
<testsuite ignored="6" hostname="Rajat" failures="0" tests="1" name="Default test" time="65.438" errors="0" timestamp="24 Nov 2023 03:01:06 GMT">
  <testcase classname="com.JiviewsAutomation.SystemDefination_Test.ShiftBandTest" name="testWithCombinationShift" time="8.71"/>
  <testcase classname="com.JiviewsAutomation.SystemDefination_Test.ShiftBandTest" name="testUpdateShiftBand" time="0.0">
    <ignored/>
  </testcase> <!-- testUpdateShiftBand -->
  <testcase classname="com.JiviewsAutomation.SystemDefination_Test.ShiftBandTest" name="testCreateShiftBand" time="0.0">
    <ignored/>
  </testcase> <!-- testCreateShiftBand -->
  <testcase classname="com.JiviewsAutomation.SystemDefination_Test.ShiftBandTest" name="testWithoutShiftBandName" time="0.0">
    <ignored/>
  </testcase> <!-- testWithoutShiftBandName -->
  <testcase classname="com.JiviewsAutomation.SystemDefination_Test.ShiftBandTest" name="testReactivateShiftBand" time="0.0">
    <ignored/>
  </testcase> <!-- testReactivateShiftBand -->
  <testcase classname="com.JiviewsAutomation.SystemDefination_Test.ShiftBandTest" name="testWithOvertimeShift" time="0.0">
    <ignored/>
  </testcase> <!-- testWithOvertimeShift -->
  <testcase classname="com.JiviewsAutomation.SystemDefination_Test.ShiftBandTest" name="testDeactivateShiftBand" time="0.0">
    <ignored/>
  </testcase> <!-- testDeactivateShiftBand -->
</testsuite> <!-- Default test -->
