<?xml version="1.0" encoding="UTF-8"?>
<!-- Generated by org.testng.reporters.JUnitXMLReporter -->
<testsuite ignored="0" hostname="Rajat" failures="0" tests="4" name="Default test" time="77.604" errors="0" timestamp="07 Nov 2023 02:54:31 GMT">
  <testcase classname="com.JiviewsAutomation.SystemDefination_Test.SCRTest" name="verifyCreateSCR" time="26.112"/>
  <testcase classname="com.JiviewsAutomation.SystemDefination_Test.SCRTest" name="verifyDereactivateSCR" time="16.496"/>
  <testcase classname="com.JiviewsAutomation.SystemDefination_Test.SCRTest" name="verifyUpdateSCR" time="15.995"/>
  <testcase classname="com.JiviewsAutomation.SystemDefination_Test.SCRTest" name="verifyDeactivateSCR" time="14.678"/>
</testsuite> <!-- Default test -->
