<?xml version="1.0" encoding="UTF-8"?>
<!-- Generated by org.testng.reporters.JUnitXMLReporter -->
<testsuite ignored="10" hostname="Rajat" failures="1" tests="1" name="Default test" time="148.81" errors="0" timestamp="31 Jan 2024 10:35:15 GMT">
  <testcase classname="com.JiviewsAutomation.SystemDefination_Test.E10_3216_ESSApplyLeaveTest" name="E10_3225_Verify_EmployeeKiosk_ApplyForLeave" time="129.32">
    <failure type="org.openqa.selenium.TimeoutException" message="Expected condition failed: waiting for element to be clickable: Proxy element for: DefaultElementLocator &amp;apos;By.xpath: //button[text()=&amp;apos;Next&amp;apos;]&amp;apos; (tried for 80 second(s) with 500 milliseconds interval)">
      <![CDATA[org.openqa.selenium.TimeoutException: Expected condition failed: waiting for element to be clickable: Proxy element for: DefaultElementLocator 'By.xpath: //button[text()='Next']' (tried for 80 second(s) with 500 milliseconds interval)
at org.openqa.selenium.support.ui.WebDriverWait.timeoutException(WebDriverWait.java:84)
at org.openqa.selenium.support.ui.FluentWait.until(FluentWait.java:230)
at com.AutomationJiviewsGeneric.WebUtilities.ElementClickable(WebUtilities.java:58)
at com.AutomationJiviewsPOM.E10_3216_ESSApplyLeavePage.pressBtnNext(E10_3216_ESSApplyLeavePage.java:380)
at com.AutomationJiviewsPOM.E10_3216_ESSApplyLeavePage.E10_3225_EmployeeKiosk_ApplyForLeave(E10_3216_ESSApplyLeavePage.java:855)
at com.JiviewsAutomation.SystemDefination_Test.E10_3216_ESSApplyLeaveTest.E10_3225_Verify_EmployeeKiosk_ApplyForLeave(E10_3216_ESSApplyLeaveTest.java:88)
at java.base/jdk.internal.reflect.NativeMethodAccessorImpl.invoke0(Native Method)
at java.base/jdk.internal.reflect.NativeMethodAccessorImpl.invoke(NativeMethodAccessorImpl.java:77)
at java.base/jdk.internal.reflect.DelegatingMethodAccessorImpl.invoke(DelegatingMethodAccessorImpl.java:43)
at java.base/java.lang.reflect.Method.invoke(Method.java:568)
at org.testng.internal.MethodInvocationHelper.invokeMethod(MethodInvocationHelper.java:124)
at org.testng.internal.Invoker.invokeMethod(Invoker.java:583)
at org.testng.internal.Invoker.invokeTestMethod(Invoker.java:719)
at org.testng.internal.Invoker.invokeTestMethods(Invoker.java:989)
at org.testng.internal.TestMethodWorker.invokeTestMethods(TestMethodWorker.java:125)
at org.testng.internal.TestMethodWorker.run(TestMethodWorker.java:109)
at org.testng.TestRunner.privateRun(TestRunner.java:648)
at org.testng.TestRunner.run(TestRunner.java:505)
at org.testng.SuiteRunner.runTest(SuiteRunner.java:455)
at org.testng.SuiteRunner.runSequentially(SuiteRunner.java:450)
at org.testng.SuiteRunner.privateRun(SuiteRunner.java:415)
at org.testng.SuiteRunner.run(SuiteRunner.java:364)
at org.testng.SuiteRunnerWorker.runSuite(SuiteRunnerWorker.java:52)
at org.testng.SuiteRunnerWorker.run(SuiteRunnerWorker.java:84)
at org.testng.TestNG.runSuitesSequentially(TestNG.java:1208)
at org.testng.TestNG.runSuitesLocally(TestNG.java:1137)
at org.testng.TestNG.runSuites(TestNG.java:1049)
at org.testng.TestNG.run(TestNG.java:1017)
at org.testng.remote.AbstractRemoteTestNG.run(AbstractRemoteTestNG.java:115)
at org.testng.remote.RemoteTestNG.initAndRun(RemoteTestNG.java:251)
at org.testng.remote.RemoteTestNG.main(RemoteTestNG.java:77)
Caused by: org.openqa.selenium.NoSuchElementException: no such element: Unable to locate element: {"method":"xpath","selector":"//button[text()='Next']"}
  (Session info: chrome=121.0.6167.86)
For documentation on this error, please visit: https://www.selenium.dev/documentation/webdriver/troubleshooting/errors#no-such-element-exception
Build info: version: '4.10.0', revision: 'c14d967899'
System info: os.name: 'Windows 11', os.arch: 'amd64', os.version: '10.0', java.version: '17.0.8.1'
Driver info: org.openqa.selenium.chrome.ChromeDriver
Command: [ec45b0d41c17f4424b48fda67e7dfac1, findElement {using=xpath, value=//button[text()='Next']}]
Capabilities {acceptInsecureCerts: false, browserName: chrome, browserVersion: 121.0.6167.86, chrome: {chromedriverVersion: 121.0.6167.85 (3f98d690ad7e..., userDataDir: C:\Users\kumar\AppData\Loca...}, fedcm:accounts: true, goog:chromeOptions: {debuggerAddress: localhost:57321}, networkConnectionEnabled: false, pageLoadStrategy: normal, platformName: windows, proxy: Proxy(), se:cdp: ws://localhost:57321/devtoo..., se:cdpVersion: 121.0.6167.86, setWindowRect: true, strictFileInteractability: false, timeouts: {implicit: 0, pageLoad: 300000, script: 30000}, unhandledPromptBehavior: dismiss and notify, webauthn:extension:credBlob: true, webauthn:extension:largeBlob: true, webauthn:extension:minPinLength: true, webauthn:extension:prf: true, webauthn:virtualAuthenticators: true}
Session ID: ec45b0d41c17f4424b48fda67e7dfac1
at java.base/jdk.internal.reflect.NativeConstructorAccessorImpl.newInstance0(Native Method)
at java.base/jdk.internal.reflect.NativeConstructorAccessorImpl.newInstance(NativeConstructorAccessorImpl.java:77)
at java.base/jdk.internal.reflect.DelegatingConstructorAccessorImpl.newInstance(DelegatingConstructorAccessorImpl.java:45)
at java.base/java.lang.reflect.Constructor.newInstanceWithCaller(Constructor.java:499)
at java.base/java.lang.reflect.Constructor.newInstance(Constructor.java:480)
at org.openqa.selenium.remote.codec.w3c.W3CHttpResponseCodec.createException(W3CHttpResponseCodec.java:199)
at org.openqa.selenium.remote.codec.w3c.W3CHttpResponseCodec.decode(W3CHttpResponseCodec.java:132)
at org.openqa.selenium.remote.codec.w3c.W3CHttpResponseCodec.decode(W3CHttpResponseCodec.java:51)
at org.openqa.selenium.remote.HttpCommandExecutor.execute(HttpCommandExecutor.java:191)
at org.openqa.selenium.remote.service.DriverCommandExecutor.invokeExecute(DriverCommandExecutor.java:196)
at org.openqa.selenium.remote.service.DriverCommandExecutor.execute(DriverCommandExecutor.java:171)
at org.openqa.selenium.remote.RemoteWebDriver.execute(RemoteWebDriver.java:531)
at org.openqa.selenium.remote.ElementLocation$ElementFinder$2.findElement(ElementLocation.java:165)
at org.openqa.selenium.remote.ElementLocation.findElement(ElementLocation.java:59)
at org.openqa.selenium.remote.RemoteWebDriver.findElement(RemoteWebDriver.java:350)
at org.openqa.selenium.remote.RemoteWebDriver.findElement(RemoteWebDriver.java:344)
at org.openqa.selenium.support.pagefactory.DefaultElementLocator.findElement(DefaultElementLocator.java:68)
at org.openqa.selenium.support.pagefactory.internal.LocatingElementHandler.invoke(LocatingElementHandler.java:38)
at jdk.proxy2/jdk.proxy2.$Proxy35.isDisplayed(Unknown Source)
at org.openqa.selenium.support.ui.ExpectedConditions.elementIfVisible(ExpectedConditions.java:304)
at org.openqa.selenium.support.ui.ExpectedConditions.access$000(ExpectedConditions.java:37)
at org.openqa.selenium.support.ui.ExpectedConditions$10.apply(ExpectedConditions.java:290)
at org.openqa.selenium.support.ui.ExpectedConditions$10.apply(ExpectedConditions.java:287)
at org.openqa.selenium.support.ui.ExpectedConditions$23.apply(ExpectedConditions.java:656)
at org.openqa.selenium.support.ui.ExpectedConditions$23.apply(ExpectedConditions.java:652)
at org.openqa.selenium.support.ui.FluentWait.until(FluentWait.java:205)
... 29 more
]]>
    </failure>
  </testcase> <!-- E10_3225_Verify_EmployeeKiosk_ApplyForLeave -->
  <testcase classname="com.JiviewsAutomation.SystemDefination_Test.E10_3216_ESSApplyLeaveTest" name="E10_3227_Verify_EmployeeKiosk_LeaveRecords" time="0.0">
    <ignored/>
  </testcase> <!-- E10_3227_Verify_EmployeeKiosk_LeaveRecords -->
  <testcase classname="com.JiviewsAutomation.SystemDefination_Test.E10_3216_ESSApplyLeaveTest" name="E10_3228_Verify_EmployeeKiosk_MyleaveProfile" time="0.0">
    <ignored/>
  </testcase> <!-- E10_3228_Verify_EmployeeKiosk_MyleaveProfile -->
  <testcase classname="com.JiviewsAutomation.SystemDefination_Test.E10_3216_ESSApplyLeaveTest" name="E10_3442_Verify_ApplyLeaveOnPublicHoliday" time="0.0">
    <ignored/>
  </testcase> <!-- E10_3442_Verify_ApplyLeaveOnPublicHoliday -->
  <testcase classname="com.JiviewsAutomation.SystemDefination_Test.E10_3216_ESSApplyLeaveTest" name="E10_3470_Verify_UnrecordLeave" time="0.0">
    <ignored/>
  </testcase> <!-- E10_3470_Verify_UnrecordLeave -->
  <testcase classname="com.JiviewsAutomation.SystemDefination_Test.E10_3216_ESSApplyLeaveTest" name="E10_3443_Verify_ShiftlessEmployeeApplyPublicHolidayLeave" time="0.0">
    <ignored/>
  </testcase> <!-- E10_3443_Verify_ShiftlessEmployeeApplyPublicHolidayLeave -->
  <testcase classname="com.JiviewsAutomation.SystemDefination_Test.E10_3216_ESSApplyLeaveTest" name="E10_3232_Verify_CancelApprovedLeave_ApproverApprovedCancelLeave" time="0.0">
    <ignored/>
  </testcase> <!-- E10_3232_Verify_CancelApprovedLeave_ApproverApprovedCancelLeave -->
  <testcase classname="com.JiviewsAutomation.SystemDefination_Test.E10_3216_ESSApplyLeaveTest" name="E10_3230_Verify_ApproverKiosk_CancelApproveleave" time="0.0">
    <ignored/>
  </testcase> <!-- E10_3230_Verify_ApproverKiosk_CancelApproveleave -->
  <testcase classname="com.JiviewsAutomation.SystemDefination_Test.E10_3216_ESSApplyLeaveTest" name="E10_3229_Verify_ApproverKiosk_ApproveLeave" time="0.0">
    <ignored/>
  </testcase> <!-- E10_3229_Verify_ApproverKiosk_ApproveLeave -->
  <testcase classname="com.JiviewsAutomation.SystemDefination_Test.E10_3216_ESSApplyLeaveTest" name="E10_3226_Verify_EmployeeKiosk_ViewCalendarCheckShiftDetails" time="0.0">
    <ignored/>
  </testcase> <!-- E10_3226_Verify_EmployeeKiosk_ViewCalendarCheckShiftDetails -->
  <testcase classname="com.JiviewsAutomation.SystemDefination_Test.E10_3216_ESSApplyLeaveTest" name="E10_3444_Verify_NoPublicHolidayLeaveOnTheFollowingDayWithAssignedShift" time="0.0">
    <ignored/>
  </testcase> <!-- E10_3444_Verify_NoPublicHolidayLeaveOnTheFollowingDayWithAssignedShift -->
</testsuite> <!-- Default test -->
