<?xml version="1.0" encoding="UTF-8"?>
<!-- Generated by org.testng.reporters.JUnitXMLReporter -->
<testsuite ignored="6" hostname="Rajat" failures="0" tests="1" name="Default test" time="20.086" errors="0" timestamp="06 Dec 2023 06:08:59 GMT">
  <testcase classname="com.JiviewsAutomation.SystemDefination_Test.ShiftBandTest" name="testCreateShiftBand" time="5.84"/>
  <testcase classname="com.JiviewsAutomation.SystemDefination_Test.ShiftBandTest" name="testUpdateShiftBand" time="0.0">
    <ignored/>
  </testcase> <!-- testUpdateShiftBand -->
  <testcase classname="com.JiviewsAutomation.SystemDefination_Test.ShiftBandTest" name="testWithCombinationShift" time="0.0">
    <ignored/>
  </testcase> <!-- testWithCombinationShift -->
  <testcase classname="com.JiviewsAutomation.SystemDefination_Test.ShiftBandTest" name="testWithoutShiftBandName" time="0.0">
    <ignored/>
  </testcase> <!-- testWithoutShiftBandName -->
  <testcase classname="com.JiviewsAutomation.SystemDefination_Test.ShiftBandTest" name="testReactivateShiftBand" time="0.0">
    <ignored/>
  </testcase> <!-- testReactivateShiftBand -->
  <testcase classname="com.JiviewsAutomation.SystemDefination_Test.ShiftBandTest" name="testWithOvertimeShift" time="0.0">
    <ignored/>
  </testcase> <!-- testWithOvertimeShift -->
  <testcase classname="com.JiviewsAutomation.SystemDefination_Test.ShiftBandTest" name="testDeactivateShiftBand" time="0.0">
    <ignored/>
  </testcase> <!-- testDeactivateShiftBand -->
</testsuite> <!-- Default test -->
