<?xml version="1.0" encoding="UTF-8"?>
<!-- Generated by org.testng.reporters.JUnitXMLReporter -->
<testsuite ignored="4" hostname="Rajat" failures="1" tests="1" name="Default test" time="97.167" errors="0" timestamp="14 Nov 2023 03:05:22 GMT">
  <testcase classname="com.JiviewsAutomation.SystemDefination_Test.roasterSetupTest" name="verifyCreateRoasterWithGroup" time="29.88">
    <failure type="org.openqa.selenium.NoSuchElementException" message="Cannot locate option with index: 1
For documentation on this error, please visit: https://www.selenium.dev/documentation/webdriver/troubleshooting/errors#no-such-element-exception
Build info: version: &amp;apos;4.10.0&amp;apos;, revision: &amp;apos;c14d967899&amp;apos;
System info: os.name: &amp;apos;Windows 11&amp;apos;, os.arch: &amp;apos;amd64&amp;apos;, os.version: &amp;apos;10.0&amp;apos;, java.version: &amp;apos;17.0.8.1&amp;apos;
Driver info: driver.version: unknown">
      <![CDATA[org.openqa.selenium.NoSuchElementException: Cannot locate option with index: 1
For documentation on this error, please visit: https://www.selenium.dev/documentation/webdriver/troubleshooting/errors#no-such-element-exception
Build info: version: '4.10.0', revision: 'c14d967899'
System info: os.name: 'Windows 11', os.arch: 'amd64', os.version: '10.0', java.version: '17.0.8.1'
Driver info: driver.version: unknown
at org.openqa.selenium.support.ui.Select.setSelectedByIndex(Select.java:303)
at org.openqa.selenium.support.ui.Select.selectByIndex(Select.java:179)
at com.AutomationJiviewsPOM.SystemDefinationRosterCreationPage.setAvailableSkillForSingleRoster(SystemDefinationRosterCreationPage.java:268)
at com.AutomationJiviewsPOM.SystemDefinationRosterCreationPage.setCreateRoasterwithGroup(SystemDefinationRosterCreationPage.java:496)
at com.JiviewsAutomation.SystemDefination_Test.roasterSetupTest.verifyCreateRoasterWithGroup(roasterSetupTest.java:43)
at java.base/jdk.internal.reflect.NativeMethodAccessorImpl.invoke0(Native Method)
at java.base/jdk.internal.reflect.NativeMethodAccessorImpl.invoke(NativeMethodAccessorImpl.java:77)
at java.base/jdk.internal.reflect.DelegatingMethodAccessorImpl.invoke(DelegatingMethodAccessorImpl.java:43)
at java.base/java.lang.reflect.Method.invoke(Method.java:568)
at org.testng.internal.MethodInvocationHelper.invokeMethod(MethodInvocationHelper.java:124)
at org.testng.internal.Invoker.invokeMethod(Invoker.java:583)
at org.testng.internal.Invoker.invokeTestMethod(Invoker.java:719)
at org.testng.internal.Invoker.invokeTestMethods(Invoker.java:989)
at org.testng.internal.TestMethodWorker.invokeTestMethods(TestMethodWorker.java:125)
at org.testng.internal.TestMethodWorker.run(TestMethodWorker.java:109)
at org.testng.TestRunner.privateRun(TestRunner.java:648)
at org.testng.TestRunner.run(TestRunner.java:505)
at org.testng.SuiteRunner.runTest(SuiteRunner.java:455)
at org.testng.SuiteRunner.runSequentially(SuiteRunner.java:450)
at org.testng.SuiteRunner.privateRun(SuiteRunner.java:415)
at org.testng.SuiteRunner.run(SuiteRunner.java:364)
at org.testng.SuiteRunnerWorker.runSuite(SuiteRunnerWorker.java:52)
at org.testng.SuiteRunnerWorker.run(SuiteRunnerWorker.java:84)
at org.testng.TestNG.runSuitesSequentially(TestNG.java:1208)
at org.testng.TestNG.runSuitesLocally(TestNG.java:1137)
at org.testng.TestNG.runSuites(TestNG.java:1049)
at org.testng.TestNG.run(TestNG.java:1017)
at org.testng.remote.AbstractRemoteTestNG.run(AbstractRemoteTestNG.java:115)
at org.testng.remote.RemoteTestNG.initAndRun(RemoteTestNG.java:251)
at org.testng.remote.RemoteTestNG.main(RemoteTestNG.java:77)
]]>
    </failure>
  </testcase> <!-- verifyCreateRoasterWithGroup -->
  <testcase classname="com.JiviewsAutomation.SystemDefination_Test.roasterSetupTest" name="verifyCreateRoasterwithEmployee" time="0.0">
    <ignored/>
  </testcase> <!-- verifyCreateRoasterwithEmployee -->
  <testcase classname="com.JiviewsAutomation.SystemDefination_Test.roasterSetupTest" name="verifyDeactiveRoster" time="0.0">
    <ignored/>
  </testcase> <!-- verifyDeactiveRoster -->
  <testcase classname="com.JiviewsAutomation.SystemDefination_Test.roasterSetupTest" name="verifyReactiveRoster" time="0.0">
    <ignored/>
  </testcase> <!-- verifyReactiveRoster -->
  <testcase classname="com.JiviewsAutomation.SystemDefination_Test.roasterSetupTest" name="verifyUpdateRoaster" time="0.0">
    <ignored/>
  </testcase> <!-- verifyUpdateRoaster -->
</testsuite> <!-- Default test -->
