<?xml version="1.0" encoding="UTF-8"?>
<!-- Generated by org.testng.reporters.JUnitXMLReporter -->
<testsuite ignored="0" hostname="Rajat" failures="0" tests="5" name="Default test" time="193.827" errors="0" timestamp="2023-10-11T01:48:06 IST">
  <testcase classname="com.SystemDefination_TestScript_Skill.skillSetUpTestScript" name="createNewSkill" time="27.847"/>
  <testcase classname="com.SystemDefination_TestScript_Skill.skillSetUpTestScript" name="updateSkill" time="28.624"/>
  <testcase classname="com.SystemDefination_TestScript_Skill.skillSetUpTestScript" name="deActiveSkill" time="24.926"/>
  <testcase classname="com.SystemDefination_TestScript_Skill.skillSetUpTestScript" name="setReActiveSkill" time="40.643"/>
  <testcase classname="com.SystemDefination_TestScript_Skill.skillSetUpTestScript" name="searchColumns" time="24.691"/>
</testsuite> <!-- Default test -->
