<?xml version="1.0" encoding="UTF-8"?>
<!-- Generated by org.testng.reporters.JUnitXMLReporter -->
<testsuite ignored="0" hostname="Rajat" failures="0" tests="7" name="Default test" time="165.788" errors="0" timestamp="20 Dec 2023 04:21:37 GMT">
  <testcase classname="com.JiviewsAutomation.SystemDefination_Test.E10_2606_ShiftBandTest" name="E10_3115_VerifyCreateShiftBand" time="5.471"/>
  <testcase classname="com.JiviewsAutomation.SystemDefination_Test.E10_2606_ShiftBandTest" name="E10_3116_VerifyUpdateShiftBand" time="3.265"/>
  <testcase classname="com.JiviewsAutomation.SystemDefination_Test.E10_2606_ShiftBandTest" name="E10_3117_VerifyDeactivateShiftBand" time="2.182"/>
  <testcase classname="com.JiviewsAutomation.SystemDefination_Test.E10_2606_ShiftBandTest" name="E10_3118_VerifyReactivateShiftBand" time="1.66"/>
  <testcase classname="com.JiviewsAutomation.SystemDefination_Test.E10_2606_ShiftBandTest" name="E10_3119_VerifyWithoutShiftBandName" time="3.981"/>
  <testcase classname="com.JiviewsAutomation.SystemDefination_Test.E10_2606_ShiftBandTest" name="E10_3120_VerifyWithCombinationShift" time="8.598"/>
  <testcase classname="com.JiviewsAutomation.SystemDefination_Test.E10_2606_ShiftBandTest" name="E10_3121_VerifyWithOvertimeShift" time="5.231"/>
</testsuite> <!-- Default test -->
