<?xml version="1.0" encoding="UTF-8"?>
<!-- Generated by org.testng.reporters.JUnitXMLReporter -->
<testsuite ignored="10" hostname="Rajat" failures="0" tests="1" name="Default test" time="73.385" errors="0" timestamp="31 Jan 2024 12:31:08 GMT">
  <testcase classname="com.JiviewsAutomation.SystemDefination_Test.E10_3216_ESSApplyLeaveTest" name="E10_3225_Verify_EmployeeKiosk_ApplyForLeave" time="36.789"/>
  <testcase classname="com.JiviewsAutomation.SystemDefination_Test.E10_3216_ESSApplyLeaveTest" name="E10_3227_Verify_EmployeeKiosk_LeaveRecords" time="0.0">
    <ignored/>
  </testcase> <!-- E10_3227_Verify_EmployeeKiosk_LeaveRecords -->
  <testcase classname="com.JiviewsAutomation.SystemDefination_Test.E10_3216_ESSApplyLeaveTest" name="E10_3228_Verify_EmployeeKiosk_MyleaveProfile" time="0.0">
    <ignored/>
  </testcase> <!-- E10_3228_Verify_EmployeeKiosk_MyleaveProfile -->
  <testcase classname="com.JiviewsAutomation.SystemDefination_Test.E10_3216_ESSApplyLeaveTest" name="E10_3442_Verify_ApplyLeaveOnPublicHoliday" time="0.0">
    <ignored/>
  </testcase> <!-- E10_3442_Verify_ApplyLeaveOnPublicHoliday -->
  <testcase classname="com.JiviewsAutomation.SystemDefination_Test.E10_3216_ESSApplyLeaveTest" name="E10_3470_Verify_UnrecordLeave" time="0.0">
    <ignored/>
  </testcase> <!-- E10_3470_Verify_UnrecordLeave -->
  <testcase classname="com.JiviewsAutomation.SystemDefination_Test.E10_3216_ESSApplyLeaveTest" name="E10_3443_Verify_ShiftlessEmployeeApplyPublicHolidayLeave" time="0.0">
    <ignored/>
  </testcase> <!-- E10_3443_Verify_ShiftlessEmployeeApplyPublicHolidayLeave -->
  <testcase classname="com.JiviewsAutomation.SystemDefination_Test.E10_3216_ESSApplyLeaveTest" name="E10_3232_Verify_CancelApprovedLeave_ApproverApprovedCancelLeave" time="0.0">
    <ignored/>
  </testcase> <!-- E10_3232_Verify_CancelApprovedLeave_ApproverApprovedCancelLeave -->
  <testcase classname="com.JiviewsAutomation.SystemDefination_Test.E10_3216_ESSApplyLeaveTest" name="E10_3229_Verify_ApproverKiosk_ApproveLeave" time="0.0">
    <ignored/>
  </testcase> <!-- E10_3229_Verify_ApproverKiosk_ApproveLeave -->
  <testcase classname="com.JiviewsAutomation.SystemDefination_Test.E10_3216_ESSApplyLeaveTest" name="E10_3230_Verify_ApproverKiosk_CancelApproveleave" time="0.0">
    <ignored/>
  </testcase> <!-- E10_3230_Verify_ApproverKiosk_CancelApproveleave -->
  <testcase classname="com.JiviewsAutomation.SystemDefination_Test.E10_3216_ESSApplyLeaveTest" name="E10_3226_Verify_EmployeeKiosk_ViewCalendarCheckShiftDetails" time="0.0">
    <ignored/>
  </testcase> <!-- E10_3226_Verify_EmployeeKiosk_ViewCalendarCheckShiftDetails -->
  <testcase classname="com.JiviewsAutomation.SystemDefination_Test.E10_3216_ESSApplyLeaveTest" name="E10_3444_Verify_NoPublicHolidayLeaveOnTheFollowingDayWithAssignedShift" time="0.0">
    <ignored/>
  </testcase> <!-- E10_3444_Verify_NoPublicHolidayLeaveOnTheFollowingDayWithAssignedShift -->
</testsuite> <!-- Default test -->
