<?xml version="1.0" encoding="UTF-8"?>
<!-- Generated by org.testng.reporters.JUnitXMLReporter -->
<testsuite ignored="5" hostname="Rajat" failures="0" tests="1" name="Default test" time="31.081" errors="0" timestamp="07 Nov 2023 10:06:08 GMT">
  <testcase classname="com.JiviewsAutomation.SystemDefination_Test.shiftBandTest" name="verifyDeactiveShiftBand" time="26.534"/>
  <testcase classname="com.JiviewsAutomation.SystemDefination_Test.shiftBandTest" name="verifyWithoutShiftBandName" time="0.0">
    <ignored/>
  </testcase> <!-- verifyWithoutShiftBandName -->
  <testcase classname="com.JiviewsAutomation.SystemDefination_Test.shiftBandTest" name="verifyCreateShiftBand" time="0.0">
    <ignored/>
  </testcase> <!-- verifyCreateShiftBand -->
  <testcase classname="com.JiviewsAutomation.SystemDefination_Test.shiftBandTest" name="verifyWithOvertimeShift" time="0.0">
    <ignored/>
  </testcase> <!-- verifyWithOvertimeShift -->
  <testcase classname="com.JiviewsAutomation.SystemDefination_Test.shiftBandTest" name="verifyUpdateShiftBand" time="0.0">
    <ignored/>
  </testcase> <!-- verifyUpdateShiftBand -->
  <testcase classname="com.JiviewsAutomation.SystemDefination_Test.shiftBandTest" name="verifyWithCombinationShift" time="0.0">
    <ignored/>
  </testcase> <!-- verifyWithCombinationShift -->
</testsuite> <!-- Default test -->
