<?xml version="1.0" encoding="UTF-8"?>
<!-- Generated by org.testng.reporters.JUnitXMLReporter -->
<testsuite ignored="10" hostname="Rajat" failures="0" tests="1" name="Default test" time="42.034" errors="0" timestamp="21 Jan 2024 12:25:49 GMT">
  <testcase classname="com.JiviewsAutomation.SystemDefination_Test.E10_2695_EmpAdmEmployeeProfileTest" name="E10_3136_VerifyUpdateEmpProfile" time="30.554"/>
  <testcase classname="com.JiviewsAutomation.SystemDefination_Test.E10_2695_EmpAdmEmployeeProfileTest" name="E10_3135_VerifyCreateEmpProfile" time="0.0">
    <ignored/>
  </testcase> <!-- E10_3135_VerifyCreateEmpProfile -->
  <testcase classname="com.JiviewsAutomation.SystemDefination_Test.E10_2695_EmpAdmEmployeeProfileTest" name="E10_3140_VerifysearchRosterGroup" time="0.0">
    <ignored/>
  </testcase> <!-- E10_3140_VerifysearchRosterGroup -->
  <testcase classname="com.JiviewsAutomation.SystemDefination_Test.E10_2695_EmpAdmEmployeeProfileTest" name="E10_3142_VerifysearchEmpStatus" time="0.0">
    <ignored/>
  </testcase> <!-- E10_3142_VerifysearchEmpStatus -->
  <testcase classname="com.JiviewsAutomation.SystemDefination_Test.E10_2695_EmpAdmEmployeeProfileTest" name="E10_3143_VerifyEmpNoInSearchBar" time="0.0">
    <ignored/>
  </testcase> <!-- E10_3143_VerifyEmpNoInSearchBar -->
  <testcase classname="com.JiviewsAutomation.SystemDefination_Test.E10_2695_EmpAdmEmployeeProfileTest" name="E10_3144_VerifyTerminateEmpProfile" time="0.0">
    <ignored/>
  </testcase> <!-- E10_3144_VerifyTerminateEmpProfile -->
  <testcase classname="com.JiviewsAutomation.SystemDefination_Test.E10_2695_EmpAdmEmployeeProfileTest" name="E10_3145_VerifyreactivateEmpProfile" time="0.0">
    <ignored/>
  </testcase> <!-- E10_3145_VerifyreactivateEmpProfile -->
  <testcase classname="com.JiviewsAutomation.SystemDefination_Test.E10_2695_EmpAdmEmployeeProfileTest" name="E10_3139_VerifySearchEmpProfile" time="0.0">
    <ignored/>
  </testcase> <!-- E10_3139_VerifySearchEmpProfile -->
  <testcase classname="com.JiviewsAutomation.SystemDefination_Test.E10_2695_EmpAdmEmployeeProfileTest" name="E10_3137_VerifyDuplicateEmpProfile" time="0.0">
    <ignored/>
  </testcase> <!-- E10_3137_VerifyDuplicateEmpProfile -->
  <testcase classname="com.JiviewsAutomation.SystemDefination_Test.E10_2695_EmpAdmEmployeeProfileTest" name="E10_3138_VerifyDeleteEmpProfile" time="0.0">
    <ignored/>
  </testcase> <!-- E10_3138_VerifyDeleteEmpProfile -->
  <testcase classname="com.JiviewsAutomation.SystemDefination_Test.E10_2695_EmpAdmEmployeeProfileTest" name="E10_3141_VerifysearchRoleGroup" time="0.0">
    <ignored/>
  </testcase> <!-- E10_3141_VerifysearchRoleGroup -->
</testsuite> <!-- Default test -->
