<?xml version="1.0" encoding="UTF-8"?>
<!-- Generated by org.testng.reporters.JUnitXMLReporter -->
<testsuite ignored="0" hostname="Rajat" failures="0" tests="11" name="Default test" time="271.868" errors="0" timestamp="01 Feb 2024 05:30:16 GMT">
  <testcase classname="com.JiviewsAutomation.SystemDefination_Test.E10_2695_EmpAdmEmployeeProfileTest" name="E10_3135_VerifyCreateEmpProfile" time="55.993"/>
  <testcase classname="com.JiviewsAutomation.SystemDefination_Test.E10_2695_EmpAdmEmployeeProfileTest" name="E10_3136_VerifyUpdateEmpProfile" time="34.776"/>
  <testcase classname="com.JiviewsAutomation.SystemDefination_Test.E10_2695_EmpAdmEmployeeProfileTest" name="E10_3137_VerifyDuplicateEmpProfile" time="27.539"/>
  <testcase classname="com.JiviewsAutomation.SystemDefination_Test.E10_2695_EmpAdmEmployeeProfileTest" name="E10_3138_VerifyDeleteEmpProfile" time="7.074"/>
  <testcase classname="com.JiviewsAutomation.SystemDefination_Test.E10_2695_EmpAdmEmployeeProfileTest" name="E10_3145_VerifyreactivateEmpProfile" time="19.276"/>
  <testcase classname="com.JiviewsAutomation.SystemDefination_Test.E10_2695_EmpAdmEmployeeProfileTest" name="E10_3139_VerifySearchEmpProfile" time="2.24"/>
  <testcase classname="com.JiviewsAutomation.SystemDefination_Test.E10_2695_EmpAdmEmployeeProfileTest" name="E10_3140_VerifysearchRosterGroup" time="2.626"/>
  <testcase classname="com.JiviewsAutomation.SystemDefination_Test.E10_2695_EmpAdmEmployeeProfileTest" name="E10_3141_VerifysearchRoleGroup" time="3.399"/>
  <testcase classname="com.JiviewsAutomation.SystemDefination_Test.E10_2695_EmpAdmEmployeeProfileTest" name="E10_3142_VerifysearchEmpStatus" time="3.389"/>
  <testcase classname="com.JiviewsAutomation.SystemDefination_Test.E10_2695_EmpAdmEmployeeProfileTest" name="E10_3143_VerifyEmpNoInSearchBar" time="1.104"/>
  <testcase classname="com.JiviewsAutomation.SystemDefination_Test.E10_2695_EmpAdmEmployeeProfileTest" name="E10_3144_VerifyTerminateEmpProfile" time="22.246"/>
</testsuite> <!-- Default test -->
