<?xml version="1.0" encoding="UTF-8"?>
<!-- Generated by org.testng.reporters.JUnitXMLReporter -->
<testsuite ignored="19" hostname="Rajat" failures="0" tests="1" name="Default test" time="55.951" errors="0" timestamp="24 Jan 2024 10:56:31 GMT">
  <testcase classname="com.JiviewsAutomation.SystemDefination_Test.E10_2910_WorkforceEmployeeRosterV2Test" name="E10_2938_VerifySearchEmpRosterByDate" time="17.671"/>
  <testcase classname="com.JiviewsAutomation.SystemDefination_Test.E10_2910_WorkforceEmployeeRosterV2Test" name="E10_3040_VerifyApplyExcludeDeployment" time="0.0">
    <ignored/>
  </testcase> <!-- E10_3040_VerifyApplyExcludeDeployment -->
  <testcase classname="com.JiviewsAutomation.SystemDefination_Test.E10_2910_WorkforceEmployeeRosterV2Test" name="E10_2954_VerifyClickDifferentTabinSummary" time="0.0">
    <ignored/>
  </testcase> <!-- E10_2954_VerifyClickDifferentTabinSummary -->
  <testcase classname="com.JiviewsAutomation.SystemDefination_Test.E10_2910_WorkforceEmployeeRosterV2Test" name="E10_2939_VerifySearchByFilters" time="0.0">
    <ignored/>
  </testcase> <!-- E10_2939_VerifySearchByFilters -->
  <testcase classname="com.JiviewsAutomation.SystemDefination_Test.E10_2910_WorkforceEmployeeRosterV2Test" name="E10_2950_VerifyOpenNewTabEmployeeProfile" time="0.0">
    <ignored/>
  </testcase> <!-- E10_2950_VerifyOpenNewTabEmployeeProfile -->
  <testcase classname="com.JiviewsAutomation.SystemDefination_Test.E10_2910_WorkforceEmployeeRosterV2Test" name="E10_2951_VerifyOpenNewTabLeaveProfile" time="0.0">
    <ignored/>
  </testcase> <!-- E10_2951_VerifyOpenNewTabLeaveProfile -->
  <testcase classname="com.JiviewsAutomation.SystemDefination_Test.E10_2910_WorkforceEmployeeRosterV2Test" name="E10_2949_VerifyTestCopyAndPasteToExcel" time="0.0">
    <ignored/>
  </testcase> <!-- E10_2949_VerifyTestCopyAndPasteToExcel -->
  <testcase classname="com.JiviewsAutomation.SystemDefination_Test.E10_2910_WorkforceEmployeeRosterV2Test" name="E10_2942_VerifyPerformFullScreen" time="0.0">
    <ignored/>
  </testcase> <!-- E10_2942_VerifyPerformFullScreen -->
  <testcase classname="com.JiviewsAutomation.SystemDefination_Test.E10_2910_WorkforceEmployeeRosterV2Test" name="E10_3006_VerifysearchByFiltersShiftBand" time="0.0">
    <ignored/>
  </testcase> <!-- E10_3006_VerifysearchByFiltersShiftBand -->
  <testcase classname="com.JiviewsAutomation.SystemDefination_Test.E10_2910_WorkforceEmployeeRosterV2Test" name="E10_2943_VerifyPerformCreateShift" time="0.0">
    <ignored/>
  </testcase> <!-- E10_2943_VerifyPerformCreateShift -->
  <testcase classname="com.JiviewsAutomation.SystemDefination_Test.E10_2910_WorkforceEmployeeRosterV2Test" name="E10_2940_VerifyExpandAndCollapseRows" time="0.0">
    <ignored/>
  </testcase> <!-- E10_2940_VerifyExpandAndCollapseRows -->
  <testcase classname="com.JiviewsAutomation.SystemDefination_Test.E10_2910_WorkforceEmployeeRosterV2Test" name="E10_2948_VerifyApplyOnBehalfApplyLeave" time="0.0">
    <ignored/>
  </testcase> <!-- E10_2948_VerifyApplyOnBehalfApplyLeave -->
  <testcase classname="com.JiviewsAutomation.SystemDefination_Test.E10_2910_WorkforceEmployeeRosterV2Test" name="E10_2952_VerifyOpenNewTabApprovalRoute" time="0.0">
    <ignored/>
  </testcase> <!-- E10_2952_VerifyOpenNewTabApprovalRoute -->
  <testcase classname="com.JiviewsAutomation.SystemDefination_Test.E10_2910_WorkforceEmployeeRosterV2Test" name="E10_2945_VerifyCopyWithOncallShift" time="0.0">
    <ignored/>
  </testcase> <!-- E10_2945_VerifyCopyWithOncallShift -->
  <testcase classname="com.JiviewsAutomation.SystemDefination_Test.E10_2910_WorkforceEmployeeRosterV2Test" name="E10_2941_VerifyFilterAndResetColumns" time="0.0">
    <ignored/>
  </testcase> <!-- E10_2941_VerifyFilterAndResetColumns -->
  <testcase classname="com.JiviewsAutomation.SystemDefination_Test.E10_2910_WorkforceEmployeeRosterV2Test" name="E10_2947_VerifyExpandAndCollapseGroup" time="0.0">
    <ignored/>
  </testcase> <!-- E10_2947_VerifyExpandAndCollapseGroup -->
  <testcase classname="com.JiviewsAutomation.SystemDefination_Test.E10_2910_WorkforceEmployeeRosterV2Test" name="E10_2944_verifyCopySingleCellAndPasteInNewCell" time="0.0">
    <ignored/>
  </testcase> <!-- E10_2944_verifyCopySingleCellAndPasteInNewCell -->
  <testcase classname="com.JiviewsAutomation.SystemDefination_Test.E10_2910_WorkforceEmployeeRosterV2Test" name="E10_3039_VerifyApplyUncontrolledLeave" time="0.0">
    <ignored/>
  </testcase> <!-- E10_3039_VerifyApplyUncontrolledLeave -->
  <testcase classname="com.JiviewsAutomation.SystemDefination_Test.E10_2910_WorkforceEmployeeRosterV2Test" name="E10_3038_VerifyApplyOnBehalApplyTimeOff" time="0.0">
    <ignored/>
  </testcase> <!-- E10_3038_VerifyApplyOnBehalApplyTimeOff -->
  <testcase classname="com.JiviewsAutomation.SystemDefination_Test.E10_2910_WorkforceEmployeeRosterV2Test" name="E10_2946_VerifyExportToTextAndExcel" time="0.0">
    <ignored/>
  </testcase> <!-- E10_2946_VerifyExportToTextAndExcel -->
</testsuite> <!-- Default test -->
