<?xml version="1.0" encoding="UTF-8"?>
<!-- Generated by org.testng.reporters.JUnitXMLReporter -->
<testsuite ignored="13" hostname="Rajat" failures="1" tests="1" name="Default test" time="71.27" errors="0" timestamp="24 Jan 2024 08:40:12 GMT">
  <testcase classname="com.JiviewsAutomation.SystemDefination_Test.E10_3216_ESSApplyLeaveTest" name="E10_3225_Verify_EmployeeKiosk_ApplyForLeave" time="45.78">
    <failure type="org.openqa.selenium.ElementClickInterceptedException" message="element click intercepted: Element &amp;lt;button class=&amp;quot;btn btn-secondary sw-btn-next&amp;quot; type=&amp;quot;button&amp;quot;&amp;gt;...&amp;lt;/button&amp;gt; is not clickable at point (1178, 579). Other element would receive the click: &amp;lt;div class=&amp;quot;blockUI blockOverlay&amp;quot; style=&amp;quot;z-index: 1000; border: none; margin: 0px; padding: 0px; width: 100%; height: 100%; top: 0px; left: 0px; background-color: rgb(255, 255, 255); opacity: 0.8; cursor: wait; position: absolute;&amp;quot;&amp;gt;&amp;lt;/div&amp;gt;
  (Session info: chrome=120.0.6099.225)
Build info: version: &amp;apos;4.10.0&amp;apos;, revision: &amp;apos;c14d967899&amp;apos;
System info: os.name: &amp;apos;Windows 11&amp;apos;, os.arch: &amp;apos;amd64&amp;apos;, os.version: &amp;apos;10.0&amp;apos;, java.version: &amp;apos;17.0.8.1&amp;apos;
Driver info: org.openqa.selenium.chrome.ChromeDriver
Command: [32f4794ce6ac1eb388b5f9238df4f9b7, clickElement {id=17C20707A387C481965C4201E4CCAB2A_element_20378}]
Capabilities {acceptInsecureCerts: false, browserName: chrome, browserVersion: 120.0.6099.225, chrome: {chromedriverVersion: 120.0.6099.109 (3419140ab66..., userDataDir: C:\Users\kumar\AppData\Loca...}, fedcm:accounts: true, goog:chromeOptions: {debuggerAddress: localhost:52303}, networkConnectionEnabled: false, pageLoadStrategy: normal, platformName: windows, proxy: Proxy(), se:cdp: ws://localhost:52303/devtoo..., se:cdpVersion: 120.0.6099.225, setWindowRect: true, strictFileInteractability: false, timeouts: {implicit: 0, pageLoad: 300000, script: 30000}, unhandledPromptBehavior: dismiss and notify, webauthn:extension:credBlob: true, webauthn:extension:largeBlob: true, webauthn:extension:minPinLength: true, webauthn:extension:prf: true, webauthn:virtualAuthenticators: true}
Element: [[ChromeDriver: chrome on windows (32f4794ce6ac1eb388b5f9238df4f9b7)] -&amp;gt; xpath: //button[text()=&amp;apos;Next&amp;apos;]]
Session ID: 32f4794ce6ac1eb388b5f9238df4f9b7">
      <![CDATA[org.openqa.selenium.ElementClickInterceptedException: element click intercepted: Element <button class="btn btn-secondary sw-btn-next" type="button">...</button> is not clickable at point (1178, 579). Other element would receive the click: <div class="blockUI blockOverlay" style="z-index: 1000; border: none; margin: 0px; padding: 0px; width: 100%; height: 100%; top: 0px; left: 0px; background-color: rgb(255, 255, 255); opacity: 0.8; cursor: wait; position: absolute;"></div>
  (Session info: chrome=120.0.6099.225)
Build info: version: '4.10.0', revision: 'c14d967899'
System info: os.name: 'Windows 11', os.arch: 'amd64', os.version: '10.0', java.version: '17.0.8.1'
Driver info: org.openqa.selenium.chrome.ChromeDriver
Command: [32f4794ce6ac1eb388b5f9238df4f9b7, clickElement {id=17C20707A387C481965C4201E4CCAB2A_element_20378}]
Capabilities {acceptInsecureCerts: false, browserName: chrome, browserVersion: 120.0.6099.225, chrome: {chromedriverVersion: 120.0.6099.109 (3419140ab66..., userDataDir: C:\Users\kumar\AppData\Loca...}, fedcm:accounts: true, goog:chromeOptions: {debuggerAddress: localhost:52303}, networkConnectionEnabled: false, pageLoadStrategy: normal, platformName: windows, proxy: Proxy(), se:cdp: ws://localhost:52303/devtoo..., se:cdpVersion: 120.0.6099.225, setWindowRect: true, strictFileInteractability: false, timeouts: {implicit: 0, pageLoad: 300000, script: 30000}, unhandledPromptBehavior: dismiss and notify, webauthn:extension:credBlob: true, webauthn:extension:largeBlob: true, webauthn:extension:minPinLength: true, webauthn:extension:prf: true, webauthn:virtualAuthenticators: true}
Element: [[ChromeDriver: chrome on windows (32f4794ce6ac1eb388b5f9238df4f9b7)] -> xpath: //button[text()='Next']]
Session ID: 32f4794ce6ac1eb388b5f9238df4f9b7
at java.base/jdk.internal.reflect.NativeConstructorAccessorImpl.newInstance0(Native Method)
at java.base/jdk.internal.reflect.NativeConstructorAccessorImpl.newInstance(NativeConstructorAccessorImpl.java:77)
at java.base/jdk.internal.reflect.DelegatingConstructorAccessorImpl.newInstance(DelegatingConstructorAccessorImpl.java:45)
at java.base/java.lang.reflect.Constructor.newInstanceWithCaller(Constructor.java:499)
at java.base/java.lang.reflect.Constructor.newInstance(Constructor.java:480)
at org.openqa.selenium.remote.codec.w3c.W3CHttpResponseCodec.createException(W3CHttpResponseCodec.java:199)
at org.openqa.selenium.remote.codec.w3c.W3CHttpResponseCodec.decode(W3CHttpResponseCodec.java:132)
at org.openqa.selenium.remote.codec.w3c.W3CHttpResponseCodec.decode(W3CHttpResponseCodec.java:51)
at org.openqa.selenium.remote.HttpCommandExecutor.execute(HttpCommandExecutor.java:191)
at org.openqa.selenium.remote.service.DriverCommandExecutor.invokeExecute(DriverCommandExecutor.java:196)
at org.openqa.selenium.remote.service.DriverCommandExecutor.execute(DriverCommandExecutor.java:171)
at org.openqa.selenium.remote.RemoteWebDriver.execute(RemoteWebDriver.java:531)
at org.openqa.selenium.remote.RemoteWebElement.execute(RemoteWebElement.java:242)
at org.openqa.selenium.remote.RemoteWebElement.click(RemoteWebElement.java:77)
at jdk.internal.reflect.GeneratedMethodAccessor1.invoke(Unknown Source)
at java.base/jdk.internal.reflect.DelegatingMethodAccessorImpl.invoke(DelegatingMethodAccessorImpl.java:43)
at java.base/java.lang.reflect.Method.invoke(Method.java:568)
at org.openqa.selenium.support.pagefactory.internal.LocatingElementHandler.invoke(LocatingElementHandler.java:51)
at jdk.proxy2/jdk.proxy2.$Proxy35.click(Unknown Source)
at com.AutomationJiviewsPOM.E10_3216_ESSApplyLeavePage.pressBtnNext(E10_3216_ESSApplyLeavePage.java:350)
at com.AutomationJiviewsPOM.E10_3216_ESSApplyLeavePage.E10_3225_EmployeeKiosk_ApplyForLeave(E10_3216_ESSApplyLeavePage.java:791)
at com.JiviewsAutomation.SystemDefination_Test.E10_3216_ESSApplyLeaveTest.E10_3225_Verify_EmployeeKiosk_ApplyForLeave(E10_3216_ESSApplyLeaveTest.java:111)
at java.base/jdk.internal.reflect.NativeMethodAccessorImpl.invoke0(Native Method)
at java.base/jdk.internal.reflect.NativeMethodAccessorImpl.invoke(NativeMethodAccessorImpl.java:77)
at java.base/jdk.internal.reflect.DelegatingMethodAccessorImpl.invoke(DelegatingMethodAccessorImpl.java:43)
at java.base/java.lang.reflect.Method.invoke(Method.java:568)
at org.testng.internal.MethodInvocationHelper.invokeMethod(MethodInvocationHelper.java:124)
at org.testng.internal.Invoker.invokeMethod(Invoker.java:583)
at org.testng.internal.Invoker.invokeTestMethod(Invoker.java:719)
at org.testng.internal.Invoker.invokeTestMethods(Invoker.java:989)
at org.testng.internal.TestMethodWorker.invokeTestMethods(TestMethodWorker.java:125)
at org.testng.internal.TestMethodWorker.run(TestMethodWorker.java:109)
at org.testng.TestRunner.privateRun(TestRunner.java:648)
at org.testng.TestRunner.run(TestRunner.java:505)
at org.testng.SuiteRunner.runTest(SuiteRunner.java:455)
at org.testng.SuiteRunner.runSequentially(SuiteRunner.java:450)
at org.testng.SuiteRunner.privateRun(SuiteRunner.java:415)
at org.testng.SuiteRunner.run(SuiteRunner.java:364)
at org.testng.SuiteRunnerWorker.runSuite(SuiteRunnerWorker.java:52)
at org.testng.SuiteRunnerWorker.run(SuiteRunnerWorker.java:84)
at org.testng.TestNG.runSuitesSequentially(TestNG.java:1208)
at org.testng.TestNG.runSuitesLocally(TestNG.java:1137)
at org.testng.TestNG.runSuites(TestNG.java:1049)
at org.testng.TestNG.run(TestNG.java:1017)
at org.testng.remote.AbstractRemoteTestNG.run(AbstractRemoteTestNG.java:115)
at org.testng.remote.RemoteTestNG.initAndRun(RemoteTestNG.java:251)
at org.testng.remote.RemoteTestNG.main(RemoteTestNG.java:77)
]]>
    </failure>
  </testcase> <!-- E10_3225_Verify_EmployeeKiosk_ApplyForLeave -->
  <testcase classname="com.JiviewsAutomation.SystemDefination_Test.E10_3216_ESSApplyLeaveTest" name="E10_3227_Verify_EmployeeKiosk_LeaveRecords" time="0.0">
    <ignored/>
  </testcase> <!-- E10_3227_Verify_EmployeeKiosk_LeaveRecords -->
  <testcase classname="com.JiviewsAutomation.SystemDefination_Test.E10_3216_ESSApplyLeaveTest" name="E10_3443_Verify_ShiftlessEmployeeApplyPublicHolidayLeave" time="0.0">
    <ignored/>
  </testcase> <!-- E10_3443_Verify_ShiftlessEmployeeApplyPublicHolidayLeave -->
  <testcase classname="com.JiviewsAutomation.SystemDefination_Test.E10_3216_ESSApplyLeaveTest" name="E10_3232_Verify_CancelApprovedLeave_ApproverApprovedCancelLeave" time="0.0">
    <ignored/>
  </testcase> <!-- E10_3232_Verify_CancelApprovedLeave_ApproverApprovedCancelLeave -->
  <testcase classname="com.JiviewsAutomation.SystemDefination_Test.E10_3216_ESSApplyLeaveTest" name="E10_3222_Verify_ApplyLeaveP2" time="0.0">
    <ignored/>
  </testcase> <!-- E10_3222_Verify_ApplyLeaveP2 -->
  <testcase classname="com.JiviewsAutomation.SystemDefination_Test.E10_3216_ESSApplyLeaveTest" name="E10_3229_Verify_ApproverKiosk_ApproveLeave" time="0.0">
    <ignored/>
  </testcase> <!-- E10_3229_Verify_ApproverKiosk_ApproveLeave -->
  <testcase classname="com.JiviewsAutomation.SystemDefination_Test.E10_3216_ESSApplyLeaveTest" name="E10_3226_Verify_EmployeeKiosk_ViewCalendarCheckShiftDetails" time="0.0">
    <ignored/>
  </testcase> <!-- E10_3226_Verify_EmployeeKiosk_ViewCalendarCheckShiftDetails -->
  <testcase classname="com.JiviewsAutomation.SystemDefination_Test.E10_3216_ESSApplyLeaveTest" name="E10_3213_Verify_ApplyOnBehalf" time="0.0">
    <ignored/>
  </testcase> <!-- E10_3213_Verify_ApplyOnBehalf -->
  <testcase classname="com.JiviewsAutomation.SystemDefination_Test.E10_3216_ESSApplyLeaveTest" name="E10_3219_Verify_ApplyForUncontrolledLeave" time="0.0">
    <ignored/>
  </testcase> <!-- E10_3219_Verify_ApplyForUncontrolledLeave -->
  <testcase classname="com.JiviewsAutomation.SystemDefination_Test.E10_3216_ESSApplyLeaveTest" name="E10_3218_Verify_ApplyTimeOff" time="0.0">
    <ignored/>
  </testcase> <!-- E10_3218_Verify_ApplyTimeOff -->
  <testcase classname="com.JiviewsAutomation.SystemDefination_Test.E10_3216_ESSApplyLeaveTest" name="E10_3228_Verify_EmployeeKiosk_MyleaveProfile" time="0.0">
    <ignored/>
  </testcase> <!-- E10_3228_Verify_EmployeeKiosk_MyleaveProfile -->
  <testcase classname="com.JiviewsAutomation.SystemDefination_Test.E10_3216_ESSApplyLeaveTest" name="E10_3442_Verify_ApplyLeaveOnPublicHoliday" time="0.0">
    <ignored/>
  </testcase> <!-- E10_3442_Verify_ApplyLeaveOnPublicHoliday -->
  <testcase classname="com.JiviewsAutomation.SystemDefination_Test.E10_3216_ESSApplyLeaveTest" name="E10_3231_Verify_ApplyLeaveAndCancleTheLeaveBeforeApproval" time="0.0">
    <ignored/>
  </testcase> <!-- E10_3231_Verify_ApplyLeaveAndCancleTheLeaveBeforeApproval -->
  <testcase classname="com.JiviewsAutomation.SystemDefination_Test.E10_3216_ESSApplyLeaveTest" name="E10_3230_Verify_ApproverKiosk_CancelApproveleave" time="0.0">
    <ignored/>
  </testcase> <!-- E10_3230_Verify_ApproverKiosk_CancelApproveleave -->
</testsuite> <!-- Default test -->
