<?xml version="1.0" encoding="UTF-8"?>
<!-- Generated by org.testng.reporters.JUnitXMLReporter -->
<testsuite ignored="3" hostname="Rajat" failures="0" tests="1" name="Default test" time="87.464" errors="0" timestamp="25 Jan 2024 05:47:02 GMT">
  <testcase classname="com.JiviewsAutomation.SystemDefination_Test.E10_3147_WorkloadPlannerTest" name="E10_3211_VerifyCreateVesselScheduleTableView" time="68.144"/>
  <testcase classname="com.JiviewsAutomation.SystemDefination_Test.E10_3147_WorkloadPlannerTest" name="E10_3174_VerifyDeleteVesselSchedule" time="0.0">
    <ignored/>
  </testcase> <!-- E10_3174_VerifyDeleteVesselSchedule -->
  <testcase classname="com.JiviewsAutomation.SystemDefination_Test.E10_3147_WorkloadPlannerTest" name="E10_3182_VerifyPlanningSignoff" time="0.0">
    <ignored/>
  </testcase> <!-- E10_3182_VerifyPlanningSignoff -->
  <testcase classname="com.JiviewsAutomation.SystemDefination_Test.E10_3147_WorkloadPlannerTest" name="E10_3181_VerifyGenerateEquipments" time="0.0">
    <ignored/>
  </testcase> <!-- E10_3181_VerifyGenerateEquipments -->
</testsuite> <!-- Default test -->
