<?xml version="1.0" encoding="UTF-8"?>
<!-- Generated by org.testng.reporters.JUnitXMLReporter -->
<testsuite ignored="0" hostname="Rajat" failures="0" tests="6" name="Default test" time="250.223" errors="0" timestamp="07 Feb 2024 03:02:58 GMT">
  <testcase classname="com.JiviewsAutomation.SystemDefination_Test.E10_3541_OPE_RTG_PlanningTest" name="setup" time="18.348"/>
  <testcase classname="com.JiviewsAutomation.SystemDefination_Test.E10_3541_OPE_RTG_PlanningTest" name="E10_3542_Verify_SearchRecord" time="34.841"/>
  <testcase classname="com.JiviewsAutomation.SystemDefination_Test.E10_3541_OPE_RTG_PlanningTest" name="E10_3543_Verify_AddEqipment" time="59.784"/>
  <testcase classname="com.JiviewsAutomation.SystemDefination_Test.E10_3541_OPE_RTG_PlanningTest" name="E10_3544_Verify_EquipmentSummery" time="42.476"/>
  <testcase classname="com.JiviewsAutomation.SystemDefination_Test.E10_3541_OPE_RTG_PlanningTest" name="E10_3545_Verify_SkillSummery" time="41.107"/>
  <testcase classname="com.JiviewsAutomation.SystemDefination_Test.E10_3541_OPE_RTG_PlanningTest" name="E10_3546_Verify_RTGSignOff" time="43.132"/>
</testsuite> <!-- Default test -->
