<?xml version="1.0" encoding="UTF-8"?>
<!-- Generated by org.testng.reporters.JUnitXMLReporter -->
<testsuite ignored="1" hostname="Rajat" failures="0" tests="1" name="Default test" time="53.322" errors="0" timestamp="2023-10-15T16:27:52 IST">
  <testcase classname="com.JiviewsAutomation.SystemDefination_TestScript.skillSetUpTestScript" name="createNewSkill" time="35.837"/>
  <testcase classname="com.JiviewsAutomation.SystemDefination_TestScript.skillSetUpTestScript" name="searchColumns" time="0.0">
    <ignored/>
  </testcase> <!-- searchColumns -->
</testsuite> <!-- Default test -->
