<?xml version="1.0" encoding="UTF-8"?>
<!-- Generated by org.testng.reporters.JUnitXMLReporter -->
<testsuite ignored="6" hostname="Rajat" failures="0" tests="1" name="Default test" time="48.826" errors="0" timestamp="20 Dec 2023 04:35:15 GMT">
  <testcase classname="com.JiviewsAutomation.SystemDefination_Test.E10_2606_ShiftBandTest" name="E10_3115_VerifyCreateShiftBand" time="11.395"/>
  <testcase classname="com.JiviewsAutomation.SystemDefination_Test.E10_2606_ShiftBandTest" name="E10_3117_VerifyDeactivateShiftBand" time="0.0">
    <ignored/>
  </testcase> <!-- E10_3117_VerifyDeactivateShiftBand -->
  <testcase classname="com.JiviewsAutomation.SystemDefination_Test.E10_2606_ShiftBandTest" name="E10_3118_VerifyReactivateShiftBand" time="0.0">
    <ignored/>
  </testcase> <!-- E10_3118_VerifyReactivateShiftBand -->
  <testcase classname="com.JiviewsAutomation.SystemDefination_Test.E10_2606_ShiftBandTest" name="E10_3120_VerifyWithCombinationShift" time="0.0">
    <ignored/>
  </testcase> <!-- E10_3120_VerifyWithCombinationShift -->
  <testcase classname="com.JiviewsAutomation.SystemDefination_Test.E10_2606_ShiftBandTest" name="E10_3121_VerifyWithOvertimeShift" time="0.0">
    <ignored/>
  </testcase> <!-- E10_3121_VerifyWithOvertimeShift -->
  <testcase classname="com.JiviewsAutomation.SystemDefination_Test.E10_2606_ShiftBandTest" name="E10_3119_VerifyWithoutShiftBandName" time="0.0">
    <ignored/>
  </testcase> <!-- E10_3119_VerifyWithoutShiftBandName -->
  <testcase classname="com.JiviewsAutomation.SystemDefination_Test.E10_2606_ShiftBandTest" name="E10_3116_VerifyUpdateShiftBand" time="0.0">
    <ignored/>
  </testcase> <!-- E10_3116_VerifyUpdateShiftBand -->
</testsuite> <!-- Default test -->
