<?xml version="1.0" encoding="UTF-8"?>
<!-- Generated by org.testng.reporters.JUnitXMLReporter -->
<testsuite ignored="2" hostname="Rajat" failures="0" tests="1" name="Default test" time="57.058" errors="0" timestamp="01 Feb 2024 14:53:44 GMT">
  <testcase classname="com.JiviewsAutomation.SystemDefination_Test.E10_3147_WorkloadPlannerTest" name="E10_3174_VerifyDeleteVesselSchedule" time="28.346"/>
  <testcase classname="com.JiviewsAutomation.SystemDefination_Test.E10_3147_WorkloadPlannerTest" name="E10_3211_VerifyCreateVesselScheduleTableView" time="0.0">
    <ignored/>
  </testcase> <!-- E10_3211_VerifyCreateVesselScheduleTableView -->
  <testcase classname="com.JiviewsAutomation.SystemDefination_Test.E10_3147_WorkloadPlannerTest" name="E10_3182_VerifyPlanningSignoff" time="0.0">
    <ignored/>
  </testcase> <!-- E10_3182_VerifyPlanningSignoff -->
</testsuite> <!-- Default test -->
