<?xml version="1.0" encoding="UTF-8"?>
<!-- Generated by org.testng.reporters.JUnitXMLReporter -->
<testsuite ignored="0" hostname="Rajat" failures="0" tests="3" name="Default test" time="0.07" errors="0" timestamp="2023-10-14T12:13:18 IST">
  <testcase classname="com.practice.AzurePractice" name="createCustomer" time="0.013"/>
  <testcase classname="com.practice.AzurePractice" name="deleteCustomer" time="0.003"/>
  <testcase classname="com.practice.AzurePractice" name="modifyCustomer" time="0.001"/>
</testsuite> <!-- Default test -->
