<?xml version="1.0" encoding="UTF-8"?>
<!-- Generated by org.testng.reporters.JUnitXMLReporter -->
<testsuite ignored="0" hostname="Rajat" failures="0" tests="5" name="Default test" time="97.167" errors="0" timestamp="21 Nov 2023 16:07:19 GMT">
  <testcase classname="com.JiviewsAutomation.SystemDefination_Test.ShiftBandTest" name="testCreateShiftBand" time="16.895"/>
  <testcase classname="com.JiviewsAutomation.SystemDefination_Test.ShiftBandTest" name="testUpdateShiftBand" time="8.855"/>
  <testcase classname="com.JiviewsAutomation.SystemDefination_Test.ShiftBandTest" name="testDeactivateShiftBand" time="8.673"/>
  <testcase classname="com.JiviewsAutomation.SystemDefination_Test.ShiftBandTest" name="testWithoutShiftBandName" time="11.332"/>
  <testcase classname="com.JiviewsAutomation.SystemDefination_Test.ShiftBandTest" name="testWithOvertimeShift" time="11.017"/>
</testsuite> <!-- Default test -->
