<?xml version="1.0" encoding="UTF-8"?>
<!-- Generated by org.testng.reporters.JUnitXMLReporter -->
<testsuite ignored="3" hostname="Rajat" failures="0" tests="1" name="Default test" time="34.624" errors="0" timestamp="09 Jan 2024 16:06:57 GMT">
  <testcase classname="com.JiviewsAutomation.SystemDefination_Test.E10_3147_WorkloadPlannerTest" name="E10_3182_VerifyPlanningSignoff" time="20.595"/>
  <testcase classname="com.JiviewsAutomation.SystemDefination_Test.E10_3147_WorkloadPlannerTest" name="E10_3174_VerifyDeleteVesselSchedule" time="0.0">
    <ignored/>
  </testcase> <!-- E10_3174_VerifyDeleteVesselSchedule -->
  <testcase classname="com.JiviewsAutomation.SystemDefination_Test.E10_3147_WorkloadPlannerTest" name="E10_3211_VerifyCreateVesselScheduleTableView" time="0.0">
    <ignored/>
  </testcase> <!-- E10_3211_VerifyCreateVesselScheduleTableView -->
  <testcase classname="com.JiviewsAutomation.SystemDefination_Test.E10_3147_WorkloadPlannerTest" name="E10_3181_VerifyGenerateEquipments" time="0.0">
    <ignored/>
  </testcase> <!-- E10_3181_VerifyGenerateEquipments -->
</testsuite> <!-- Default test -->
