<?xml version="1.0" encoding="UTF-8"?>
<!-- Generated by org.testng.reporters.JUnitXMLReporter -->
<testsuite ignored="0" hostname="Rajat" failures="0" tests="3" name="Default test" time="50.546" errors="0" timestamp="09 Nov 2023 19:36:51 GMT">
  <testcase classname="com.JiviewsAutomation.SystemDefination_Test.PublicHolidayTest" name="verifyCreatePublicHoliday" time="4.384"/>
  <testcase classname="com.JiviewsAutomation.SystemDefination_Test.PublicHolidayTest" name="verifyUpdatePublicHoliday" time="4.865"/>
  <testcase classname="com.JiviewsAutomation.SystemDefination_Test.PublicHolidayTest" name="verifyDeletePublicHoliday" time="6.765"/>
</testsuite> <!-- Default test -->
