<?xml version="1.0" encoding="UTF-8"?>
<!-- Generated by org.testng.reporters.JUnitXMLReporter -->
<testsuite ignored="0" hostname="Rajat" failures="0" tests="7" name="Default test" time="131.201" errors="0" timestamp="06 Feb 2024 23:18:48 GMT">
  <testcase classname="com.JiviewsAutomation.SystemDefination_Test.E10_2606_ShiftBandTest" name="E10_3115_VerifyCreateShiftBand" time="7.472"/>
  <testcase classname="com.JiviewsAutomation.SystemDefination_Test.E10_2606_ShiftBandTest" name="E10_3116_VerifyUpdateShiftBand" time="4.353"/>
  <testcase classname="com.JiviewsAutomation.SystemDefination_Test.E10_2606_ShiftBandTest" name="E10_3117_VerifyDeactivateShiftBand" time="1.909"/>
  <testcase classname="com.JiviewsAutomation.SystemDefination_Test.E10_2606_ShiftBandTest" name="E10_3118_VerifyReactivateShiftBand" time="3.618"/>
  <testcase classname="com.JiviewsAutomation.SystemDefination_Test.E10_2606_ShiftBandTest" name="E10_3119_VerifyWithoutShiftBandName" time="6.018"/>
  <testcase classname="com.JiviewsAutomation.SystemDefination_Test.E10_2606_ShiftBandTest" name="E10_3120_VerifyWithCombinationShift" time="15.724"/>
  <testcase classname="com.JiviewsAutomation.SystemDefination_Test.E10_2606_ShiftBandTest" name="E10_3121_VerifyWithOvertimeShift" time="5.246"/>
</testsuite> <!-- Default test -->
