<?xml version="1.0" encoding="UTF-8"?>
<!-- Generated by org.testng.reporters.JUnitXMLReporter -->
<testsuite ignored="0" hostname="Rajat" failures="0" tests="5" name="Default test" time="57.84" errors="0" timestamp="20 Dec 2023 17:07:14 GMT">
  <testcase classname="com.JiviewsAutomation.SystemDefination_Test.E10_3082_SkillSetUpTest" name="@BeforeMethod setUp" time="23.111">
    <failure type="org.openqa.selenium.ElementClickInterceptedException" message="element click intercepted: Element &amp;lt;a class=&amp;quot;nav-link dropdown-toggle hide-arrow &amp;quot; href=&amp;quot;#&amp;quot; data-toggle=&amp;quot;dropdown&amp;quot;&amp;gt;...&amp;lt;/a&amp;gt; is not clickable at point (1061, 29). Other element would receive the click: &amp;lt;div class=&amp;quot;toast-message&amp;quot;&amp;gt;...&amp;lt;/div&amp;gt;
  (Session info: chrome=120.0.6099.110)
Build info: version: &amp;apos;4.10.0&amp;apos;, revision: &amp;apos;c14d967899&amp;apos;
System info: os.name: &amp;apos;Windows 11&amp;apos;, os.arch: &amp;apos;amd64&amp;apos;, os.version: &amp;apos;10.0&amp;apos;, java.version: &amp;apos;17.0.8.1&amp;apos;
Driver info: org.openqa.selenium.chrome.ChromeDriver
Command: [aaa10e49c20a223dbc818697fbeffc82, clickElement {id=ED6BD4128EB0ED4C02067D7936AFB31D_element_182}]
Capabilities {acceptInsecureCerts: false, browserName: chrome, browserVersion: 120.0.6099.110, chrome: {chromedriverVersion: 120.0.6099.109 (3419140ab66..., userDataDir: C:\Users\kumar\AppData\Loca...}, fedcm:accounts: true, goog:chromeOptions: {debuggerAddress: localhost:50416}, networkConnectionEnabled: false, pageLoadStrategy: normal, platformName: windows, proxy: Proxy(), se:cdp: ws://localhost:50416/devtoo..., se:cdpVersion: 120.0.6099.110, setWindowRect: true, strictFileInteractability: false, timeouts: {implicit: 0, pageLoad: 300000, script: 30000}, unhandledPromptBehavior: dismiss and notify, webauthn:extension:credBlob: true, webauthn:extension:largeBlob: true, webauthn:extension:minPinLength: true, webauthn:extension:prf: true, webauthn:virtualAuthenticators: true}
Element: [[ChromeDriver: chrome on windows (aaa10e49c20a223dbc818697fbeffc82)] -&amp;gt; xpath: //div[@id=&amp;apos;dvOrgUnitDropdown&amp;apos;]/a]
Session ID: aaa10e49c20a223dbc818697fbeffc82">
      <![CDATA[org.openqa.selenium.ElementClickInterceptedException: element click intercepted: Element <a class="nav-link dropdown-toggle hide-arrow " href="#" data-toggle="dropdown">...</a> is not clickable at point (1061, 29). Other element would receive the click: <div class="toast-message">...</div>
  (Session info: chrome=120.0.6099.110)
Build info: version: '4.10.0', revision: 'c14d967899'
System info: os.name: 'Windows 11', os.arch: 'amd64', os.version: '10.0', java.version: '17.0.8.1'
Driver info: org.openqa.selenium.chrome.ChromeDriver
Command: [aaa10e49c20a223dbc818697fbeffc82, clickElement {id=ED6BD4128EB0ED4C02067D7936AFB31D_element_182}]
Capabilities {acceptInsecureCerts: false, browserName: chrome, browserVersion: 120.0.6099.110, chrome: {chromedriverVersion: 120.0.6099.109 (3419140ab66..., userDataDir: C:\Users\kumar\AppData\Loca...}, fedcm:accounts: true, goog:chromeOptions: {debuggerAddress: localhost:50416}, networkConnectionEnabled: false, pageLoadStrategy: normal, platformName: windows, proxy: Proxy(), se:cdp: ws://localhost:50416/devtoo..., se:cdpVersion: 120.0.6099.110, setWindowRect: true, strictFileInteractability: false, timeouts: {implicit: 0, pageLoad: 300000, script: 30000}, unhandledPromptBehavior: dismiss and notify, webauthn:extension:credBlob: true, webauthn:extension:largeBlob: true, webauthn:extension:minPinLength: true, webauthn:extension:prf: true, webauthn:virtualAuthenticators: true}
Element: [[ChromeDriver: chrome on windows (aaa10e49c20a223dbc818697fbeffc82)] -> xpath: //div[@id='dvOrgUnitDropdown']/a]
Session ID: aaa10e49c20a223dbc818697fbeffc82
at java.base/jdk.internal.reflect.NativeConstructorAccessorImpl.newInstance0(Native Method)
at java.base/jdk.internal.reflect.NativeConstructorAccessorImpl.newInstance(NativeConstructorAccessorImpl.java:77)
at java.base/jdk.internal.reflect.DelegatingConstructorAccessorImpl.newInstance(DelegatingConstructorAccessorImpl.java:45)
at java.base/java.lang.reflect.Constructor.newInstanceWithCaller(Constructor.java:499)
at java.base/java.lang.reflect.Constructor.newInstance(Constructor.java:480)
at org.openqa.selenium.remote.codec.w3c.W3CHttpResponseCodec.createException(W3CHttpResponseCodec.java:199)
at org.openqa.selenium.remote.codec.w3c.W3CHttpResponseCodec.decode(W3CHttpResponseCodec.java:132)
at org.openqa.selenium.remote.codec.w3c.W3CHttpResponseCodec.decode(W3CHttpResponseCodec.java:51)
at org.openqa.selenium.remote.HttpCommandExecutor.execute(HttpCommandExecutor.java:191)
at org.openqa.selenium.remote.service.DriverCommandExecutor.invokeExecute(DriverCommandExecutor.java:196)
at org.openqa.selenium.remote.service.DriverCommandExecutor.execute(DriverCommandExecutor.java:171)
at org.openqa.selenium.remote.RemoteWebDriver.execute(RemoteWebDriver.java:531)
at org.openqa.selenium.remote.RemoteWebElement.execute(RemoteWebElement.java:242)
at org.openqa.selenium.remote.RemoteWebElement.click(RemoteWebElement.java:77)
at java.base/jdk.internal.reflect.NativeMethodAccessorImpl.invoke0(Native Method)
at java.base/jdk.internal.reflect.NativeMethodAccessorImpl.invoke(NativeMethodAccessorImpl.java:77)
at java.base/jdk.internal.reflect.DelegatingMethodAccessorImpl.invoke(DelegatingMethodAccessorImpl.java:43)
at java.base/java.lang.reflect.Method.invoke(Method.java:568)
at org.openqa.selenium.support.pagefactory.internal.LocatingElementHandler.invoke(LocatingElementHandler.java:51)
at jdk.proxy2/jdk.proxy2.$Proxy34.click(Unknown Source)
at com.AutomationJiviewsPOM.HomePage.setOrgUnit(HomePage.java:36)
at com.JiviewsAutomation.SystemDefination_Test.E10_3082_SkillSetUpTest.setUp(E10_3082_SkillSetUpTest.java:41)
at java.base/jdk.internal.reflect.NativeMethodAccessorImpl.invoke0(Native Method)
at java.base/jdk.internal.reflect.NativeMethodAccessorImpl.invoke(NativeMethodAccessorImpl.java:77)
at java.base/jdk.internal.reflect.DelegatingMethodAccessorImpl.invoke(DelegatingMethodAccessorImpl.java:43)
at java.base/java.lang.reflect.Method.invoke(Method.java:568)
at org.testng.internal.MethodInvocationHelper.invokeMethod(MethodInvocationHelper.java:124)
at org.testng.internal.MethodInvocationHelper.invokeMethodConsideringTimeout(MethodInvocationHelper.java:59)
at org.testng.internal.Invoker.invokeConfigurationMethod(Invoker.java:458)
at org.testng.internal.Invoker.invokeConfigurations(Invoker.java:222)
at org.testng.internal.Invoker.invokeMethod(Invoker.java:523)
at org.testng.internal.Invoker.invokeTestMethod(Invoker.java:719)
at org.testng.internal.Invoker.invokeTestMethods(Invoker.java:989)
at org.testng.internal.TestMethodWorker.invokeTestMethods(TestMethodWorker.java:125)
at org.testng.internal.TestMethodWorker.run(TestMethodWorker.java:109)
at org.testng.TestRunner.privateRun(TestRunner.java:648)
at org.testng.TestRunner.run(TestRunner.java:505)
at org.testng.SuiteRunner.runTest(SuiteRunner.java:455)
at org.testng.SuiteRunner.runSequentially(SuiteRunner.java:450)
at org.testng.SuiteRunner.privateRun(SuiteRunner.java:415)
at org.testng.SuiteRunner.run(SuiteRunner.java:364)
at org.testng.SuiteRunnerWorker.runSuite(SuiteRunnerWorker.java:52)
at org.testng.SuiteRunnerWorker.run(SuiteRunnerWorker.java:84)
at org.testng.TestNG.runSuitesSequentially(TestNG.java:1208)
at org.testng.TestNG.runSuitesLocally(TestNG.java:1137)
at org.testng.TestNG.runSuites(TestNG.java:1049)
at org.testng.TestNG.run(TestNG.java:1017)
at org.testng.remote.AbstractRemoteTestNG.run(AbstractRemoteTestNG.java:115)
at org.testng.remote.RemoteTestNG.initAndRun(RemoteTestNG.java:251)
at org.testng.remote.RemoteTestNG.main(RemoteTestNG.java:77)
]]>
    </failure>
  </testcase> <!-- @BeforeMethod setUp -->
  <testcase classname="com.JiviewsAutomation.SystemDefination_Test.E10_3082_SkillSetUpTest" name="@BeforeMethod setUp" time="0.0">
    <skipped/>
  </testcase> <!-- @BeforeMethod setUp -->
  <testcase classname="com.JiviewsAutomation.SystemDefination_Test.E10_3082_SkillSetUpTest" name="@BeforeMethod setUp" time="0.0">
    <skipped/>
  </testcase> <!-- @BeforeMethod setUp -->
  <testcase classname="com.JiviewsAutomation.SystemDefination_Test.E10_3082_SkillSetUpTest" name="@BeforeMethod setUp" time="0.0">
    <skipped/>
  </testcase> <!-- @BeforeMethod setUp -->
  <testcase classname="com.AutomationJiviewsGeneric.BaseClass" name="@AfterClass afterTestMethod" time="0.0">
    <skipped/>
  </testcase> <!-- @AfterClass afterTestMethod -->
  <testcase classname="com.AutomationJiviewsGeneric.BaseClass" name="@AfterTest closeBrowser" time="0.0">
    <skipped/>
  </testcase> <!-- @AfterTest closeBrowser -->
  <testcase classname="com.JiviewsAutomation.SystemDefination_Test.E10_3082_SkillSetUpTest" name="E10_3083_VerifyCreateNewSkill" time="4.251"/>
  <testcase classname="com.JiviewsAutomation.SystemDefination_Test.E10_3082_SkillSetUpTest" name="E10_3084_VerifyUpdateSkill" time="0.0">
    <skipped/>
  </testcase> <!-- E10_3084_VerifyUpdateSkill -->
  <testcase classname="com.JiviewsAutomation.SystemDefination_Test.E10_3082_SkillSetUpTest" name="E10_3085_VerifyDeactivateSkill" time="0.0">
    <skipped/>
  </testcase> <!-- E10_3085_VerifyDeactivateSkill -->
  <testcase classname="com.JiviewsAutomation.SystemDefination_Test.E10_3082_SkillSetUpTest" name="E10_3086_VerifyReactivateSkill" time="0.0">
    <skipped/>
  </testcase> <!-- E10_3086_VerifyReactivateSkill -->
  <testcase classname="com.JiviewsAutomation.SystemDefination_Test.E10_3082_SkillSetUpTest" name="E10_3087_VerifySearchColumnsForSkill" time="0.0">
    <skipped/>
  </testcase> <!-- E10_3087_VerifySearchColumnsForSkill -->
</testsuite> <!-- Default test -->
