<?xml version="1.0" encoding="UTF-8"?>
<!-- Generated by org.testng.reporters.JUnitXMLReporter -->
<testsuite ignored="4" hostname="Rajat" failures="0" tests="1" name="Default test" time="2.528" errors="0" timestamp="06 Feb 2024 19:07:49 GMT">
  <testcase classname="com.AutomationJiviewsGeneric.BaseClass" name="@BeforeClass beforeTestMethod" time="0.432">
    <failure type="org.openqa.selenium.NoSuchElementException" message="Unable to find element with locator By.name: username
For documentation on this error, please visit: https://www.selenium.dev/documentation/webdriver/troubleshooting/errors#no-such-element-exception
Build info: version: &amp;apos;4.10.0&amp;apos;, revision: &amp;apos;c14d967899&amp;apos;
System info: os.name: &amp;apos;Windows 11&amp;apos;, os.arch: &amp;apos;amd64&amp;apos;, os.version: &amp;apos;10.0&amp;apos;, java.version: &amp;apos;17.0.8.1&amp;apos;
Driver info: driver.version: RemoteWebDriver">
      <![CDATA[org.openqa.selenium.NoSuchElementException: Unable to find element with locator By.name: username
For documentation on this error, please visit: https://www.selenium.dev/documentation/webdriver/troubleshooting/errors#no-such-element-exception
Build info: version: '4.10.0', revision: 'c14d967899'
System info: os.name: 'Windows 11', os.arch: 'amd64', os.version: '10.0', java.version: '17.0.8.1'
Driver info: driver.version: RemoteWebDriver
at org.openqa.selenium.remote.ElementLocation$ElementFinder$2.findElement(ElementLocation.java:168)
at org.openqa.selenium.remote.ElementLocation.findElement(ElementLocation.java:66)
at org.openqa.selenium.remote.RemoteWebDriver.findElement(RemoteWebDriver.java:350)
at org.openqa.selenium.remote.RemoteWebDriver.findElement(RemoteWebDriver.java:344)
at org.openqa.selenium.support.pagefactory.DefaultElementLocator.findElement(DefaultElementLocator.java:68)
at org.openqa.selenium.support.pagefactory.internal.LocatingElementHandler.invoke(LocatingElementHandler.java:38)
at jdk.proxy2/jdk.proxy2.$Proxy33.sendKeys(Unknown Source)
at com.AutomationJiviewsPOM.LoginPage.setLogin(LoginPage.java:25)
at com.AutomationJiviewsGeneric.BaseClass.login(BaseClass.java:114)
at com.AutomationJiviewsGeneric.BaseClass.beforeTestMethod(BaseClass.java:93)
at java.base/jdk.internal.reflect.NativeMethodAccessorImpl.invoke0(Native Method)
at java.base/jdk.internal.reflect.NativeMethodAccessorImpl.invoke(NativeMethodAccessorImpl.java:77)
at java.base/jdk.internal.reflect.DelegatingMethodAccessorImpl.invoke(DelegatingMethodAccessorImpl.java:43)
at java.base/java.lang.reflect.Method.invoke(Method.java:568)
at org.testng.internal.MethodInvocationHelper.invokeMethod(MethodInvocationHelper.java:124)
at org.testng.internal.MethodInvocationHelper.invokeMethodConsideringTimeout(MethodInvocationHelper.java:59)
at org.testng.internal.Invoker.invokeConfigurationMethod(Invoker.java:458)
at org.testng.internal.Invoker.invokeConfigurations(Invoker.java:222)
at org.testng.internal.Invoker.invokeConfigurations(Invoker.java:142)
at org.testng.internal.TestMethodWorker.invokeBeforeClassMethods(TestMethodWorker.java:168)
at org.testng.internal.TestMethodWorker.run(TestMethodWorker.java:105)
at org.testng.TestRunner.privateRun(TestRunner.java:648)
at org.testng.TestRunner.run(TestRunner.java:505)
at org.testng.SuiteRunner.runTest(SuiteRunner.java:455)
at org.testng.SuiteRunner.runSequentially(SuiteRunner.java:450)
at org.testng.SuiteRunner.privateRun(SuiteRunner.java:415)
at org.testng.SuiteRunner.run(SuiteRunner.java:364)
at org.testng.SuiteRunnerWorker.runSuite(SuiteRunnerWorker.java:52)
at org.testng.SuiteRunnerWorker.run(SuiteRunnerWorker.java:84)
at org.testng.TestNG.runSuitesSequentially(TestNG.java:1208)
at org.testng.TestNG.runSuitesLocally(TestNG.java:1137)
at org.testng.TestNG.runSuites(TestNG.java:1049)
at org.testng.TestNG.run(TestNG.java:1017)
at org.testng.remote.AbstractRemoteTestNG.run(AbstractRemoteTestNG.java:115)
at org.testng.remote.RemoteTestNG.initAndRun(RemoteTestNG.java:251)
at org.testng.remote.RemoteTestNG.main(RemoteTestNG.java:77)
]]>
    </failure>
  </testcase> <!-- @BeforeClass beforeTestMethod -->
  <testcase classname="com.AutomationJiviewsGeneric.BaseClass" name="@AfterClass afterTestMethod" time="0.0">
    <skipped/>
  </testcase> <!-- @AfterClass afterTestMethod -->
  <testcase classname="com.JiviewsAutomation.SystemDefination_Test.Maritime_Setup_Test" name="verifyCreateBerth" time="0.0">
    <skipped/>
  </testcase> <!-- verifyCreateBerth -->
  <testcase classname="com.JiviewsAutomation.SystemDefination_Test.Maritime_Setup_Test" name="verifyDeleteBerth" time="0.0">
    <ignored/>
  </testcase> <!-- verifyDeleteBerth -->
  <testcase classname="com.JiviewsAutomation.SystemDefination_Test.Maritime_Setup_Test" name="verifyEditBerth" time="0.0">
    <ignored/>
  </testcase> <!-- verifyEditBerth -->
  <testcase classname="com.JiviewsAutomation.SystemDefination_Test.Maritime_Setup_Test" name="verifyReActivate" time="0.0">
    <ignored/>
  </testcase> <!-- verifyReActivate -->
  <testcase classname="com.JiviewsAutomation.SystemDefination_Test.Maritime_Setup_Test" name="setup" time="0.0">
    <ignored/>
  </testcase> <!-- setup -->
</testsuite> <!-- Default test -->
