<?xml version="1.0" encoding="UTF-8"?>
<!-- Generated by org.testng.reporters.JUnitXMLReporter -->
<testsuite ignored="3" hostname="Rajat" failures="0" tests="1" name="Default test" time="30.436" errors="0" timestamp="04 Jan 2024 05:44:52 GMT">
  <testcase classname="com.JiviewsAutomation.SystemDefination_Test.E10_2639_SCRTest" name="E10_3131_VerifyCreateSCR" time="13.83"/>
  <testcase classname="com.JiviewsAutomation.SystemDefination_Test.E10_2639_SCRTest" name="E10_3133_VerifyDeactivateSCR" time="0.0">
    <ignored/>
  </testcase> <!-- E10_3133_VerifyDeactivateSCR -->
  <testcase classname="com.JiviewsAutomation.SystemDefination_Test.E10_2639_SCRTest" name="E10_3134_VerifyReactivateSCR" time="0.0">
    <ignored/>
  </testcase> <!-- E10_3134_VerifyReactivateSCR -->
  <testcase classname="com.JiviewsAutomation.SystemDefination_Test.E10_2639_SCRTest" name="E10_3132_VerifyUpdateSCR" time="0.0">
    <ignored/>
  </testcase> <!-- E10_3132_VerifyUpdateSCR -->
</testsuite> <!-- Default test -->
