<?xml version="1.0" encoding="UTF-8"?>
<!-- Generated by org.testng.reporters.JUnitXMLReporter -->
<testsuite ignored="0" hostname="Rajat" failures="0" tests="5" name="Default test" time="57.488" errors="0" timestamp="19 Mar 2024 10:18:35 GMT">
  <testcase classname="com.JiviewsAutomation.SystemDefination_Test.SystemDefination_RoleGroupPageTest" name="E10_3122_VerifyCreateRoleGroups" time="24.253"/>
  <testcase classname="com.JiviewsAutomation.SystemDefination_Test.SystemDefination_RoleGroupPageTest" name="E10_3123_VerifyUpdateRoleGroups" time="17.895"/>
  <testcase classname="com.JiviewsAutomation.SystemDefination_Test.SystemDefination_RoleGroupPageTest" name="E10_3124_VerifyDeactivateRoleGroups" time="4.621"/>
  <testcase classname="com.JiviewsAutomation.SystemDefination_Test.SystemDefination_RoleGroupPageTest" name="E10_3125_VerifyCreateRoleGrpWithoutAvailableRole" time="3.652"/>
  <testcase classname="com.JiviewsAutomation.SystemDefination_Test.SystemDefination_RoleGroupPageTest" name="E10_3127_VerifyCreateRoleGrpWithoutRoleGrpName" time="2.955"/>
</testsuite> <!-- Default test -->
