<?xml version="1.0" encoding="UTF-8"?>
<!-- Generated by org.testng.reporters.JUnitXMLReporter -->
<testsuite ignored="0" hostname="Rajat" failures="0" tests="5" name="Default test" time="173.279" errors="0" timestamp="04 Feb 2024 05:57:46 GMT">
  <testcase classname="com.JiviewsAutomation.SystemDefination_Test.E10_3541_OPE_RTG_PlanningTest" name="E10_3542_Verify_SearchRecord" time="13.339"/>
  <testcase classname="com.JiviewsAutomation.SystemDefination_Test.E10_3541_OPE_RTG_PlanningTest" name="E10_3543_Verify_AddEqipment" time="32.153"/>
  <testcase classname="com.JiviewsAutomation.SystemDefination_Test.E10_3541_OPE_RTG_PlanningTest" name="E10_3544_Verify_EquipmentSummery" time="17.479"/>
  <testcase classname="com.JiviewsAutomation.SystemDefination_Test.E10_3541_OPE_RTG_PlanningTest" name="E10_3545_Verify_SkillSummery" time="17.407"/>
  <testcase classname="com.JiviewsAutomation.SystemDefination_Test.E10_3541_OPE_RTG_PlanningTest" name="E10_3546_Verify_RTGSignOff" time="8.664"/>
</testsuite> <!-- Default test -->
