<?xml version="1.0" encoding="UTF-8"?>
<!-- Generated by org.testng.reporters.JUnitXMLReporter -->
<testsuite ignored="0" hostname="Rajat" failures="0" tests="4" name="Default test" time="88.025" errors="0" timestamp="09 Jan 2024 07:16:39 GMT">
  <testcase classname="com.JiviewsAutomation.SystemDefination_Test.E10_2639_SCRTest" name="E10_3131_VerifyCreateSCR" time="13.807"/>
  <testcase classname="com.JiviewsAutomation.SystemDefination_Test.E10_2639_SCRTest" name="E10_3132_VerifyUpdateSCR" time="4.796"/>
  <testcase classname="com.JiviewsAutomation.SystemDefination_Test.E10_2639_SCRTest" name="E10_3133_VerifyDeactivateSCR" time="2.033"/>
  <testcase classname="com.JiviewsAutomation.SystemDefination_Test.E10_2639_SCRTest" name="E10_3134_VerifyReactivateSCR" time="5.23"/>
</testsuite> <!-- Default test -->
