<?xml version="1.0" encoding="UTF-8"?>
<!-- Generated by org.testng.reporters.JUnitXMLReporter -->
<testsuite ignored="3" hostname="Rajat" failures="0" tests="1" name="Default test" time="29.731" errors="0" timestamp="21 Jan 2024 09:58:45 GMT">
  <testcase classname="com.JiviewsAutomation.SystemDefination_Test.E10_3147_WorkloadPlannerTest" name="E10_3182_VerifyPlanningSignoff" time="16.026"/>
  <testcase classname="com.JiviewsAutomation.SystemDefination_Test.E10_3147_WorkloadPlannerTest" name="E10_3174_VerifyDeleteVesselSchedule" time="0.0">
    <ignored/>
  </testcase> <!-- E10_3174_VerifyDeleteVesselSchedule -->
  <testcase classname="com.JiviewsAutomation.SystemDefination_Test.E10_3147_WorkloadPlannerTest" name="E10_3211_VerifyCreateVesselScheduleTableView" time="0.0">
    <ignored/>
  </testcase> <!-- E10_3211_VerifyCreateVesselScheduleTableView -->
  <testcase classname="com.JiviewsAutomation.SystemDefination_Test.E10_3147_WorkloadPlannerTest" name="E10_3181_VerifyGenerateEquipments" time="0.0">
    <ignored/>
  </testcase> <!-- E10_3181_VerifyGenerateEquipments -->
</testsuite> <!-- Default test -->
