<?xml version="1.0" encoding="UTF-8"?>
<!-- Generated by org.testng.reporters.JUnitXMLReporter -->
<testsuite ignored="5" hostname="Rajat" failures="0" tests="1" name="Default test" time="61.188" errors="0" timestamp="08 Dec 2023 05:08:09 GMT">
  <testcase classname="com.JiviewsAutomation.SystemDefination_Test.roasterSetupTest" name="verifyCreateRoasterWithGroup" time="43.125"/>
  <testcase classname="com.JiviewsAutomation.SystemDefination_Test.roasterSetupTest" name="verifyCreateRoasterwithEmployee" time="0.0">
    <ignored/>
  </testcase> <!-- verifyCreateRoasterwithEmployee -->
  <testcase classname="com.JiviewsAutomation.SystemDefination_Test.roasterSetupTest" name="verifyDeactiveRoster" time="0.0">
    <ignored/>
  </testcase> <!-- verifyDeactiveRoster -->
  <testcase classname="com.JiviewsAutomation.SystemDefination_Test.roasterSetupTest" name="verifyCreateRoasterWithGroupAndEmp" time="0.0">
    <ignored/>
  </testcase> <!-- verifyCreateRoasterWithGroupAndEmp -->
  <testcase classname="com.JiviewsAutomation.SystemDefination_Test.roasterSetupTest" name="verifyReactiveRoster" time="0.0">
    <ignored/>
  </testcase> <!-- verifyReactiveRoster -->
  <testcase classname="com.JiviewsAutomation.SystemDefination_Test.roasterSetupTest" name="verifyUpdateRoaster" time="0.0">
    <ignored/>
  </testcase> <!-- verifyUpdateRoaster -->
</testsuite> <!-- Default test -->
