<?xml version="1.0" encoding="UTF-8"?>
<!-- Generated by org.testng.reporters.JUnitXMLReporter -->
<testsuite ignored="7" hostname="Rajat" failures="0" tests="1" name="Default test" time="65.388" errors="0" timestamp="18 Dec 2023 05:03:26 GMT">
  <testcase classname="com.JiviewsAutomation.SystemDefination_Test.E10_3147_WorkloadPlannerTest" name="E10_31_VerifyCreateVesselScheduleTableView" time="53.061"/>
  <testcase classname="com.JiviewsAutomation.SystemDefination_Test.E10_3147_WorkloadPlannerTest" name="E10_3173_VerifyUpdateVesselSchedule" time="0.0">
    <ignored/>
  </testcase> <!-- E10_3173_VerifyUpdateVesselSchedule -->
  <testcase classname="com.JiviewsAutomation.SystemDefination_Test.E10_3147_WorkloadPlannerTest" name="E10_3175_VerifyCreateCraneSchedule" time="0.0">
    <ignored/>
  </testcase> <!-- E10_3175_VerifyCreateCraneSchedule -->
  <testcase classname="com.JiviewsAutomation.SystemDefination_Test.E10_3147_WorkloadPlannerTest" name="E10_3178_VerifyCreateEquipmentSchedule" time="0.0">
    <ignored/>
  </testcase> <!-- E10_3178_VerifyCreateEquipmentSchedule -->
  <testcase classname="com.JiviewsAutomation.SystemDefination_Test.E10_3147_WorkloadPlannerTest" name="E10_3174_VerifyDeleteVesselSchedule" time="0.0">
    <ignored/>
  </testcase> <!-- E10_3174_VerifyDeleteVesselSchedule -->
  <testcase classname="com.JiviewsAutomation.SystemDefination_Test.E10_3147_WorkloadPlannerTest" name="E10_3154_VerifyCreateVesselSchedule" time="0.0">
    <ignored/>
  </testcase> <!-- E10_3154_VerifyCreateVesselSchedule -->
  <testcase classname="com.JiviewsAutomation.SystemDefination_Test.E10_3147_WorkloadPlannerTest" name="E10_3182_VerifyPlanningSignoff" time="0.0">
    <ignored/>
  </testcase> <!-- E10_3182_VerifyPlanningSignoff -->
  <testcase classname="com.JiviewsAutomation.SystemDefination_Test.E10_3147_WorkloadPlannerTest" name="E10_3181_VerifyGenerateEquipments" time="0.0">
    <ignored/>
  </testcase> <!-- E10_3181_VerifyGenerateEquipments -->
</testsuite> <!-- Default test -->
