<?xml version="1.0" encoding="UTF-8"?>
<!-- Generated by org.testng.reporters.JUnitXMLReporter -->
<testsuite ignored="4" hostname="Rajat" failures="0" tests="1" name="Default test" time="49.488" errors="0" timestamp="02 Feb 2024 23:27:33 GMT">
  <testcase classname="com.JiviewsAutomation.SystemDefination_Test.E10_3541_OPE_RTG_PlanningTest" name="E10_3544_Verify_EquipmentSummery" time="14.265"/>
  <testcase classname="com.JiviewsAutomation.SystemDefination_Test.E10_3541_OPE_RTG_PlanningTest" name="E10_3543_Verify_AddEqipment" time="0.0">
    <ignored/>
  </testcase> <!-- E10_3543_Verify_AddEqipment -->
  <testcase classname="com.JiviewsAutomation.SystemDefination_Test.E10_3541_OPE_RTG_PlanningTest" name="E10_3545_Verify_SkillSummery" time="0.0">
    <ignored/>
  </testcase> <!-- E10_3545_Verify_SkillSummery -->
  <testcase classname="com.JiviewsAutomation.SystemDefination_Test.E10_3541_OPE_RTG_PlanningTest" name="E10_3542_Verify_SearchRecord" time="0.0">
    <ignored/>
  </testcase> <!-- E10_3542_Verify_SearchRecord -->
  <testcase classname="com.JiviewsAutomation.SystemDefination_Test.E10_3541_OPE_RTG_PlanningTest" name="E10_3546_Verify_RTGSignOff" time="0.0">
    <ignored/>
  </testcase> <!-- E10_3546_Verify_RTGSignOff -->
</testsuite> <!-- Default test -->
