<?xml version="1.0" encoding="UTF-8"?>
<!-- Generated by org.testng.reporters.JUnitXMLReporter -->
<testsuite ignored="2" hostname="Rajat" failures="0" tests="1" name="Default test" time="20.367" errors="0" timestamp="06 Nov 2023 13:23:55 GMT">
  <testcase classname="com.JiviewsAutomation.SystemDefination_Test.SCRTest" name="verifyDelectSCR" time="16.267"/>
  <testcase classname="com.JiviewsAutomation.SystemDefination_Test.SCRTest" name="verifyUpdateSCR" time="0.0">
    <ignored/>
  </testcase> <!-- verifyUpdateSCR -->
  <testcase classname="com.JiviewsAutomation.SystemDefination_Test.SCRTest" name="verifyCreateSCR" time="0.0">
    <ignored/>
  </testcase> <!-- verifyCreateSCR -->
</testsuite> <!-- Default test -->
