<?xml version="1.0" encoding="UTF-8"?>
<!-- Generated by org.testng.reporters.JUnitXMLReporter -->
<testsuite ignored="10" hostname="Rajat" failures="0" tests="1" name="Default test" time="38.301" errors="0" timestamp="24 Nov 2023 01:46:26 GMT">
  <testcase classname="com.JiviewsAutomation.SystemDefination_Test.EmpAdmEmployeeProfileTest" name="verifyTerminateEmpProfile" time="26.151"/>
  <testcase classname="com.JiviewsAutomation.SystemDefination_Test.EmpAdmEmployeeProfileTest" name="verifyUpdateEmpProfile" time="0.0">
    <ignored/>
  </testcase> <!-- verifyUpdateEmpProfile -->
  <testcase classname="com.JiviewsAutomation.SystemDefination_Test.EmpAdmEmployeeProfileTest" name="verifysearchEmpStatus" time="0.0">
    <ignored/>
  </testcase> <!-- verifysearchEmpStatus -->
  <testcase classname="com.JiviewsAutomation.SystemDefination_Test.EmpAdmEmployeeProfileTest" name="verifyCreateEmpProfile" time="0.0">
    <ignored/>
  </testcase> <!-- verifyCreateEmpProfile -->
  <testcase classname="com.JiviewsAutomation.SystemDefination_Test.EmpAdmEmployeeProfileTest" name="verifyEmpNoInSearchBar" time="0.0">
    <ignored/>
  </testcase> <!-- verifyEmpNoInSearchBar -->
  <testcase classname="com.JiviewsAutomation.SystemDefination_Test.EmpAdmEmployeeProfileTest" name="verifyDuplicateEmpProfile" time="0.0">
    <ignored/>
  </testcase> <!-- verifyDuplicateEmpProfile -->
  <testcase classname="com.JiviewsAutomation.SystemDefination_Test.EmpAdmEmployeeProfileTest" name="verifysearchRoleGroup" time="0.0">
    <ignored/>
  </testcase> <!-- verifysearchRoleGroup -->
  <testcase classname="com.JiviewsAutomation.SystemDefination_Test.EmpAdmEmployeeProfileTest" name="verifysearchRosterGroup" time="0.0">
    <ignored/>
  </testcase> <!-- verifysearchRosterGroup -->
  <testcase classname="com.JiviewsAutomation.SystemDefination_Test.EmpAdmEmployeeProfileTest" name="verifyreactivateEmpProfile" time="0.0">
    <ignored/>
  </testcase> <!-- verifyreactivateEmpProfile -->
  <testcase classname="com.JiviewsAutomation.SystemDefination_Test.EmpAdmEmployeeProfileTest" name="verifyDeleteEmpProfile" time="0.0">
    <ignored/>
  </testcase> <!-- verifyDeleteEmpProfile -->
  <testcase classname="com.JiviewsAutomation.SystemDefination_Test.EmpAdmEmployeeProfileTest" name="verifySearchEmpProfile" time="0.0">
    <ignored/>
  </testcase> <!-- verifySearchEmpProfile -->
</testsuite> <!-- Default test -->
