<?xml version="1.0" encoding="UTF-8"?>
<!-- Generated by org.testng.reporters.JUnitXMLReporter -->
<testsuite ignored="4" hostname="Rajat" failures="0" tests="1" name="Default test" time="32.572" errors="0" timestamp="03 Nov 2023 03:48:33 GMT">
  <testcase classname="com.JiviewsAutomation.SystemDefination_Test.roasterSetupTest" name="verifyReactiveRoster" time="26.06"/>
  <testcase classname="com.JiviewsAutomation.SystemDefination_Test.roasterSetupTest" name="verifyCreateRoasterwithEmployee" time="0.0">
    <ignored/>
  </testcase> <!-- verifyCreateRoasterwithEmployee -->
  <testcase classname="com.JiviewsAutomation.SystemDefination_Test.roasterSetupTest" name="verifyCreateRoasterWithGroup" time="0.0">
    <ignored/>
  </testcase> <!-- verifyCreateRoasterWithGroup -->
  <testcase classname="com.JiviewsAutomation.SystemDefination_Test.roasterSetupTest" name="verifyDeactiveRoster" time="0.0">
    <ignored/>
  </testcase> <!-- verifyDeactiveRoster -->
  <testcase classname="com.JiviewsAutomation.SystemDefination_Test.roasterSetupTest" name="verifyUpdateRoaster" time="0.0">
    <ignored/>
  </testcase> <!-- verifyUpdateRoaster -->
</testsuite> <!-- Default test -->
