<?xml version="1.0" encoding="UTF-8"?>
<!-- Generated by org.testng.reporters.JUnitXMLReporter -->
<testsuite ignored="1" hostname="Rajat" failures="0" tests="1" name="Default test" time="39.58" errors="0" timestamp="18 Oct 2023 08:28:24 GMT">
  <testcase classname="com.JiviewsAutomation.SystemDefination_Test.skillSetUpTest" name="createNewSkill" time="27.467"/>
  <testcase classname="com.JiviewsAutomation.SystemDefination_Test.skillSetUpTest" name="searchColumns" time="0.0">
    <ignored/>
  </testcase> <!-- searchColumns -->
</testsuite> <!-- Default test -->
