<?xml version="1.0" encoding="UTF-8"?>
<!-- Generated by org.testng.reporters.JUnitXMLReporter -->
<testsuite ignored="1" hostname="Rajat" failures="0" tests="1" name="Default test" time="38.106" errors="0" timestamp="24 Jan 2024 13:37:37 GMT">
  <testcase classname="com.JiviewsAutomation.SystemDefination_Test.E10_2910_WorkforceEmployeeRosterV2Test" name="E10_2939_VerifySearchByFilters" time="20.382"/>
  <testcase classname="com.JiviewsAutomation.SystemDefination_Test.E10_2910_WorkforceEmployeeRosterV2Test" name="E10_2938_VerifySearchEmpRosterByDate" time="0.0">
    <ignored/>
  </testcase> <!-- E10_2938_VerifySearchEmpRosterByDate -->
</testsuite> <!-- Default test -->
