<?xml version="1.0" encoding="UTF-8"?>
<!-- Generated by org.testng.reporters.JUnitXMLReporter -->
<testsuite ignored="4" hostname="Rajat" failures="0" tests="7" name="Test" time="157.977" errors="0" timestamp="23 Oct 2023 08:41:52 GMT">
  <testcase classname="com.JiviewsAutomation.SystemDefination_Test.roleSetUpTest" name="verifyCreateNewRole" time="28.738"/>
  <testcase classname="com.JiviewsAutomation.SystemDefination_Test.RoaserSetup" name="createShiftBandDefinition" time="20.213"/>
  <testcase classname="com.JiviewsAutomation.SystemDefination_Test.skillSetUpTest" name="createNewSkill" time="16.474"/>
  <testcase classname="com.JiviewsAutomation.SystemDefination_Test.skillSetUpTest" name="updateSkill" time="15.227"/>
  <testcase classname="com.JiviewsAutomation.SystemDefination_Test.skillSetUpTest" name="deActiveSkill" time="15.38"/>
  <testcase classname="com.JiviewsAutomation.SystemDefination_Test.skillSetUpTest" name="setReActiveSkill" time="19.837"/>
  <testcase classname="com.JiviewsAutomation.SystemDefination_Test.skillSetUpTest" name="searchColumns" time="14.518"/>
  <testcase classname="com.AutomationJiviewsGeneric.BaseClass" name="@BeforeTest launchBrowser" time="0.0">
    <ignored/>
  </testcase> <!-- @BeforeTest launchBrowser -->
  <testcase classname="com.AutomationJiviewsGeneric.BaseClass" name="@BeforeTest launchBrowser" time="0.0">
    <ignored/>
  </testcase> <!-- @BeforeTest launchBrowser -->
  <testcase classname="com.AutomationJiviewsGeneric.BaseClass" name="@AfterTest closeBrowser" time="0.0">
    <ignored/>
  </testcase> <!-- @AfterTest closeBrowser -->
  <testcase classname="com.AutomationJiviewsGeneric.BaseClass" name="@AfterTest closeBrowser" time="0.0">
    <ignored/>
  </testcase> <!-- @AfterTest closeBrowser -->
</testsuite> <!-- Test -->
