<?xml version="1.0" encoding="UTF-8"?>
<!-- Generated by org.testng.reporters.JUnitXMLReporter -->
<testsuite ignored="0" hostname="Rajat" failures="0" tests="5" name="Test" time="177.676" errors="0" timestamp="17 Oct 2023 04:51:52 GMT">
  <testcase classname="com.JiviewsAutomation.SystemDefination_TestScript.skillSetUpTestScript" name="createNewSkill" time="26.302"/>
  <testcase classname="com.JiviewsAutomation.SystemDefination_TestScript.skillSetUpTestScript" name="updateSkill" time="21.611"/>
  <testcase classname="com.JiviewsAutomation.SystemDefination_TestScript.skillSetUpTestScript" name="deActiveSkill" time="21.715"/>
  <testcase classname="com.JiviewsAutomation.SystemDefination_TestScript.skillSetUpTestScript" name="setReActiveSkill" time="33.592"/>
  <testcase classname="com.JiviewsAutomation.SystemDefination_TestScript.skillSetUpTestScript" name="searchColumns" time="20.557"/>
</testsuite> <!-- Test -->
