<?xml version="1.0" encoding="UTF-8"?>
<!-- Generated by org.testng.reporters.JUnitXMLReporter -->
<testsuite ignored="4" hostname="Rajat" failures="1" tests="7" name="Test" time="219.173" errors="0" timestamp="09 Nov 2023 11:18:41 GMT">
  <testcase classname="com.JiviewsAutomation.SystemDefination_Test.shiftBandTest" name="verifyCreateShiftBand" time="19.776"/>
  <testcase classname="com.JiviewsAutomation.SystemDefination_Test.shiftBandTest" name="verifyDeactiveShiftBand" time="26.551"/>
  <testcase classname="com.JiviewsAutomation.SystemDefination_Test.shiftBandTest" name="verifyUpdateShiftBand" time="68.742"/>
  <testcase classname="com.JiviewsAutomation.SystemDefination_Test.shiftBandTest" name="verifyWithCombinationShift" time="18.572">
    <failure type="org.openqa.selenium.ElementNotInteractableException" message="element not interactable: [object HTMLSelectElement] has no size and location
  (Session info: chrome=119.0.6045.106)
Build info: version: &amp;apos;4.10.0&amp;apos;, revision: &amp;apos;c14d967899&amp;apos;
System info: os.name: &amp;apos;Windows 11&amp;apos;, os.arch: &amp;apos;amd64&amp;apos;, os.version: &amp;apos;10.0&amp;apos;, java.version: &amp;apos;17.0.8.1&amp;apos;
Driver info: org.openqa.selenium.chrome.ChromeDriver
Command: [a6127e9687fe1199a6269a83ac2af0d1, actions {actions=[org.openqa.selenium.interactions.Sequence@64544ee4]}]
Capabilities {acceptInsecureCerts: false, browserName: chrome, browserVersion: 119.0.6045.106, chrome: {chromedriverVersion: 119.0.6045.105 (38c72552c5e..., userDataDir: C:\Users\kumar\AppData\Loca...}, fedcm:accounts: true, goog:chromeOptions: {debuggerAddress: localhost:65503}, networkConnectionEnabled: false, pageLoadStrategy: normal, platformName: windows, proxy: Proxy(), se:cdp: ws://localhost:65503/devtoo..., se:cdpVersion: 119.0.6045.106, setWindowRect: true, strictFileInteractability: false, timeouts: {implicit: 0, pageLoad: 300000, script: 30000}, unhandledPromptBehavior: dismiss and notify, webauthn:extension:credBlob: true, webauthn:extension:largeBlob: true, webauthn:extension:minPinLength: true, webauthn:extension:prf: true, webauthn:virtualAuthenticators: true}
Session ID: a6127e9687fe1199a6269a83ac2af0d1">
      <![CDATA[org.openqa.selenium.ElementNotInteractableException: element not interactable: [object HTMLSelectElement] has no size and location
  (Session info: chrome=119.0.6045.106)
Build info: version: '4.10.0', revision: 'c14d967899'
System info: os.name: 'Windows 11', os.arch: 'amd64', os.version: '10.0', java.version: '17.0.8.1'
Driver info: org.openqa.selenium.chrome.ChromeDriver
Command: [a6127e9687fe1199a6269a83ac2af0d1, actions {actions=[org.openqa.selenium.interactions.Sequence@64544ee4]}]
Capabilities {acceptInsecureCerts: false, browserName: chrome, browserVersion: 119.0.6045.106, chrome: {chromedriverVersion: 119.0.6045.105 (38c72552c5e..., userDataDir: C:\Users\kumar\AppData\Loca...}, fedcm:accounts: true, goog:chromeOptions: {debuggerAddress: localhost:65503}, networkConnectionEnabled: false, pageLoadStrategy: normal, platformName: windows, proxy: Proxy(), se:cdp: ws://localhost:65503/devtoo..., se:cdpVersion: 119.0.6045.106, setWindowRect: true, strictFileInteractability: false, timeouts: {implicit: 0, pageLoad: 300000, script: 30000}, unhandledPromptBehavior: dismiss and notify, webauthn:extension:credBlob: true, webauthn:extension:largeBlob: true, webauthn:extension:minPinLength: true, webauthn:extension:prf: true, webauthn:virtualAuthenticators: true}
Session ID: a6127e9687fe1199a6269a83ac2af0d1
at org.openqa.selenium.remote.codec.w3c.W3CHttpResponseCodec.createException(W3CHttpResponseCodec.java:199)
at org.openqa.selenium.remote.codec.w3c.W3CHttpResponseCodec.decode(W3CHttpResponseCodec.java:132)
at org.openqa.selenium.remote.codec.w3c.W3CHttpResponseCodec.decode(W3CHttpResponseCodec.java:51)
at org.openqa.selenium.remote.HttpCommandExecutor.execute(HttpCommandExecutor.java:191)
at org.openqa.selenium.remote.service.DriverCommandExecutor.invokeExecute(DriverCommandExecutor.java:196)
at org.openqa.selenium.remote.service.DriverCommandExecutor.execute(DriverCommandExecutor.java:171)
at org.openqa.selenium.remote.RemoteWebDriver.execute(RemoteWebDriver.java:531)
at org.openqa.selenium.remote.RemoteWebDriver.perform(RemoteWebDriver.java:603)
at org.openqa.selenium.interactions.Actions$BuiltAction.perform(Actions.java:585)
at org.openqa.selenium.interactions.Actions.perform(Actions.java:554)
at com.AutomationJiviewsPOM.SystemDefinationShiftBandPage.setAvailableSkillForSingleSkill(SystemDefinationShiftBandPage.java:210)
at com.AutomationJiviewsPOM.SystemDefinationShiftBandPage.shiftBandTypeCombinationShift(SystemDefinationShiftBandPage.java:428)
at com.JiviewsAutomation.SystemDefination_Test.shiftBandTest.verifyWithCombinationShift(shiftBandTest.java:134)
... Removed 34 stack frames]]>
    </failure>
  </testcase> <!-- verifyWithCombinationShift -->
  <testcase classname="com.JiviewsAutomation.SystemDefination_Test.shiftBandTest" name="verifyWithOvertimeShift" time="17.949"/>
  <testcase classname="com.JiviewsAutomation.SystemDefination_Test.shiftBandTest" name="verifyWithoutShiftBandName" time="21.004"/>
  <testcase classname="com.JiviewsAutomation.SystemDefination_Test.publicHolidayTest" name="verifyCreatePublicHoliday" time="11.291"/>
  <testcase classname="com.AutomationJiviewsGeneric.BaseClass" name="@BeforeTest launchBrowser" time="0.0">
    <ignored/>
  </testcase> <!-- @BeforeTest launchBrowser -->
  <testcase classname="com.AutomationJiviewsGeneric.BaseClass" name="@BeforeTest launchBrowser" time="0.0">
    <ignored/>
  </testcase> <!-- @BeforeTest launchBrowser -->
  <testcase classname="com.AutomationJiviewsGeneric.BaseClass" name="@AfterTest closeBrowser" time="0.0">
    <ignored/>
  </testcase> <!-- @AfterTest closeBrowser -->
  <testcase classname="com.AutomationJiviewsGeneric.BaseClass" name="@AfterTest closeBrowser" time="0.0">
    <ignored/>
  </testcase> <!-- @AfterTest closeBrowser -->
</testsuite> <!-- Test -->
