<?xml version="1.0" encoding="UTF-8"?>
<!-- Generated by org.testng.reporters.JUnitXMLReporter -->
<testsuite ignored="0" hostname="Rajat" failures="0" tests="3" name="Test" time="0.05" errors="0" timestamp="2023-10-14T12:42:30 IST">
  <testcase classname="com.practice.AzurePractice" name="createCustomer" time="0.007"/>
  <testcase classname="com.practice.AzurePractice" name="deleteCustomer" time="0.0"/>
  <testcase classname="com.practice.AzurePractice" name="modifyCustomer" time="0.001"/>
</testsuite> <!-- Test -->
