<?xml version="1.0" encoding="UTF-8"?>
<!-- Generated by org.testng.reporters.JUnitXMLReporter -->
<testsuite ignored="0" hostname="Rajat" failures="0" tests="5" name="Test" time="251.98" errors="0" timestamp="03 Nov 2023 03:56:59 GMT">
  <testcase classname="com.JiviewsAutomation.SystemDefination_Test.roasterSetupTest" name="verifyCreateRoasterWithGroup" time="41.535"/>
  <testcase classname="com.JiviewsAutomation.SystemDefination_Test.roasterSetupTest" name="verifyCreateRoasterwithEmployee" time="85.989"/>
  <testcase classname="com.JiviewsAutomation.SystemDefination_Test.roasterSetupTest" name="verifyDeactiveRoster" time="22.024"/>
  <testcase classname="com.JiviewsAutomation.SystemDefination_Test.roasterSetupTest" name="verifyUpdateRoaster" time="26.885"/>
  <testcase classname="com.JiviewsAutomation.SystemDefination_Test.roasterSetupTest" name="verifyReactiveRoster" time="23.547"/>
</testsuite> <!-- Test -->
