<?xml version="1.0" encoding="UTF-8"?>
<!-- Generated by org.testng.reporters.JUnitXMLReporter -->
<testsuite ignored="0" hostname="Rajat" failures="0" tests="3" name="Test" time="72.218" errors="0" timestamp="06 Nov 2023 13:31:11 GMT">
  <testcase classname="com.JiviewsAutomation.SystemDefination_Test.SCRTest" name="verifyCreateSCR" time="25.566"/>
  <testcase classname="com.JiviewsAutomation.SystemDefination_Test.SCRTest" name="verifyUpdateSCR" time="26.844"/>
  <testcase classname="com.JiviewsAutomation.SystemDefination_Test.SCRTest" name="verifyDelectSCR" time="15.559"/>
</testsuite> <!-- Test -->
