<?xml version="1.0" encoding="UTF-8"?>
<!-- Generated by org.testng.reporters.JUnitXMLReporter -->
<testsuite ignored="0" hostname="Rajat" failures="0" tests="5" name="Test" time="153.018" errors="0" timestamp="2023-10-12T09:15:13 IST">
  <testcase classname="com.JiviewsAutomation.SystemDefination_TestScript.skillSetUpTestScript" name="createNewSkill" time="25.392"/>
  <testcase classname="com.JiviewsAutomation.SystemDefination_TestScript.skillSetUpTestScript" name="updateSkill" time="18.382"/>
  <testcase classname="com.JiviewsAutomation.SystemDefination_TestScript.skillSetUpTestScript" name="deActiveSkill" time="18.157"/>
  <testcase classname="com.JiviewsAutomation.SystemDefination_TestScript.skillSetUpTestScript" name="setReActiveSkill" time="29.803"/>
  <testcase classname="com.JiviewsAutomation.SystemDefination_TestScript.skillSetUpTestScript" name="searchColumns" time="16.944"/>
</testsuite> <!-- Test -->
