<?xml version="1.0" encoding="UTF-8"?>
<!-- Generated by org.testng.reporters.JUnitXMLReporter -->
<testsuite ignored="0" hostname="Rajat" failures="0" tests="5" name="Test" time="202.177" errors="0" timestamp="18 Oct 2023 08:44:53 GMT">
  <testcase classname="com.JiviewsAutomation.SystemDefination_Test.skillSetUpTest" name="createNewSkill" time="33.842"/>
  <testcase classname="com.JiviewsAutomation.SystemDefination_Test.skillSetUpTest" name="updateSkill" time="22.638"/>
  <testcase classname="com.JiviewsAutomation.SystemDefination_Test.skillSetUpTest" name="deActiveSkill" time="21.908"/>
  <testcase classname="com.JiviewsAutomation.SystemDefination_Test.skillSetUpTest" name="setReActiveSkill" time="33.529"/>
  <testcase classname="com.JiviewsAutomation.SystemDefination_Test.skillSetUpTest" name="searchColumns" time="24.54"/>
</testsuite> <!-- Test -->
