<?xml version="1.0" encoding="UTF-8"?>
<!-- Generated by org.testng.reporters.JUnitXMLReporter -->
<testsuite ignored="0" hostname="Rajat" failures="1" tests="5" name="Test" time="112.193" errors="0" timestamp="21 Oct 2023 13:41:04 GMT">
  <testcase classname="com.JiviewsAutomation.SystemDefination_Test.skillSetUpTest" name="createNewSkill" time="20.837"/>
  <testcase classname="com.JiviewsAutomation.SystemDefination_Test.skillSetUpTest" name="updateSkill" time="16.042"/>
  <testcase classname="com.JiviewsAutomation.SystemDefination_Test.skillSetUpTest" name="deActiveSkill" time="16.411"/>
  <testcase classname="com.JiviewsAutomation.SystemDefination_Test.skillSetUpTest" name="setReActiveSkill" time="14.786">
    <failure type="org.openqa.selenium.TimeoutException" message="Expected condition failed: waiting for element to be clickable: [[ChromeDriver: chrome on windows (5715f81a7852471cc52d009ba531395e)] -&amp;gt; xpath: (//div[@id=&amp;apos;dvGlobalOrganizationUnitTreeView&amp;apos;]/ul/li)[4]] (tried for 10 second(s) with 500 milliseconds interval)
Build info: version: &amp;apos;4.10.0&amp;apos;, revision: &amp;apos;c14d967899&amp;apos;
System info: os.name: &amp;apos;Windows 11&amp;apos;, os.arch: &amp;apos;amd64&amp;apos;, os.version: &amp;apos;10.0&amp;apos;, java.version: &amp;apos;17.0.8.1&amp;apos;
Driver info: org.openqa.selenium.chrome.ChromeDriver
Capabilities {acceptInsecureCerts: false, browserName: chrome, browserVersion: 118.0.5993.89, chrome: {chromedriverVersion: 118.0.5993.70 (e52f33f30b91..., userDataDir: C:\Users\kumar\AppData\Loca...}, fedcm:accounts: true, goog:chromeOptions: {debuggerAddress: localhost:63022}, networkConnectionEnabled: false, pageLoadStrategy: normal, platformName: windows, proxy: Proxy(), se:cdp: ws://localhost:63022/devtoo..., se:cdpVersion: 118.0.5993.89, setWindowRect: true, strictFileInteractability: false, timeouts: {implicit: 0, pageLoad: 300000, script: 30000}, unhandledPromptBehavior: dismiss and notify, webauthn:extension:credBlob: true, webauthn:extension:largeBlob: true, webauthn:extension:minPinLength: true, webauthn:extension:prf: true, webauthn:virtualAuthenticators: true}
Session ID: 5715f81a7852471cc52d009ba531395e">
      <![CDATA[org.openqa.selenium.TimeoutException: Expected condition failed: waiting for element to be clickable: [[ChromeDriver: chrome on windows (5715f81a7852471cc52d009ba531395e)] -> xpath: (//div[@id='dvGlobalOrganizationUnitTreeView']/ul/li)[4]] (tried for 10 second(s) with 500 milliseconds interval)
Build info: version: '4.10.0', revision: 'c14d967899'
System info: os.name: 'Windows 11', os.arch: 'amd64', os.version: '10.0', java.version: '17.0.8.1'
Driver info: org.openqa.selenium.chrome.ChromeDriver
Capabilities {acceptInsecureCerts: false, browserName: chrome, browserVersion: 118.0.5993.89, chrome: {chromedriverVersion: 118.0.5993.70 (e52f33f30b91..., userDataDir: C:\Users\kumar\AppData\Loca...}, fedcm:accounts: true, goog:chromeOptions: {debuggerAddress: localhost:63022}, networkConnectionEnabled: false, pageLoadStrategy: normal, platformName: windows, proxy: Proxy(), se:cdp: ws://localhost:63022/devtoo..., se:cdpVersion: 118.0.5993.89, setWindowRect: true, strictFileInteractability: false, timeouts: {implicit: 0, pageLoad: 300000, script: 30000}, unhandledPromptBehavior: dismiss and notify, webauthn:extension:credBlob: true, webauthn:extension:largeBlob: true, webauthn:extension:minPinLength: true, webauthn:extension:prf: true, webauthn:virtualAuthenticators: true}
Session ID: 5715f81a7852471cc52d009ba531395e
at org.openqa.selenium.support.ui.WebDriverWait.timeoutException(WebDriverWait.java:84)
at org.openqa.selenium.support.ui.FluentWait.until(FluentWait.java:230)
at com.AutomationJiviewsGeneric.WebUtilities.ElementClickable(WebUtilities.java:52)
at com.AutomationJiviewsPOM.OrganizationUnitDropDown.setOLMop(OrganizationUnitDropDown.java:65)
at com.JiviewsAutomation.SystemDefination_Test.skillSetUpTest.setReActiveSkill(skillSetUpTest.java:98)
... Removed 29 stack frames]]>
    </failure>
  </testcase> <!-- setReActiveSkill -->
  <testcase classname="com.JiviewsAutomation.SystemDefination_Test.skillSetUpTest" name="searchColumns" time="0.0">
    <skipped/>
  </testcase> <!-- searchColumns -->
</testsuite> <!-- Test -->
