<?xml version="1.0" encoding="UTF-8"?>
<!-- Generated by org.testng.reporters.JUnitXMLReporter -->
<testsuite ignored="0" hostname="Rajat" failures="0" tests="4" name="Test" time="212.592" errors="0" timestamp="02 Nov 2023 14:57:47 GMT">
  <testcase classname="com.JiviewsAutomation.SystemDefination_Test.roasterSetupTest" name="verifyCreateRoasterWithGroup" time="40.059"/>
  <testcase classname="com.JiviewsAutomation.SystemDefination_Test.roasterSetupTest" name="verifyCreateRoasterwithEmployee" time="80.433"/>
  <testcase classname="com.JiviewsAutomation.SystemDefination_Test.roasterSetupTest" name="verifyDeactiveRoster" time="23.028"/>
  <testcase classname="com.JiviewsAutomation.SystemDefination_Test.roasterSetupTest" name="verifyUpdateRoaster" time="32.311"/>
</testsuite> <!-- Test -->
