<?xml version="1.0" encoding="UTF-8"?>
<!-- Generated by org.testng.reporters.JUnitXMLReporter -->
<testsuite ignored="0" hostname="Rajat" failures="0" tests="5" name="Test" time="145.753" errors="0" timestamp="2023-10-12T16:53:26 IST">
  <testcase classname="com.JiviewsAutomation.SystemDefination_TestScript.skillSetUpTestScript" name="createNewSkill" time="22.604"/>
  <testcase classname="com.JiviewsAutomation.SystemDefination_TestScript.skillSetUpTestScript" name="updateSkill" time="17.688"/>
  <testcase classname="com.JiviewsAutomation.SystemDefination_TestScript.skillSetUpTestScript" name="deActiveSkill" time="17.619"/>
  <testcase classname="com.JiviewsAutomation.SystemDefination_TestScript.skillSetUpTestScript" name="setReActiveSkill" time="29.512"/>
  <testcase classname="com.JiviewsAutomation.SystemDefination_TestScript.skillSetUpTestScript" name="searchColumns" time="16.572"/>
</testsuite> <!-- Test -->
