<?xml version="1.0" encoding="UTF-8"?>
<!-- Generated by org.testng.reporters.JUnitXMLReporter -->
<testsuite ignored="4" hostname="Rajat" failures="0" tests="3" name="Test" time="84.986" errors="0" timestamp="23 Oct 2023 08:17:49 GMT">
  <testcase classname="com.JiviewsAutomation.SystemDefination_Test.roleSetUpTest" name="verifyCreateNewRole" time="26.971"/>
  <testcase classname="com.JiviewsAutomation.SystemDefination_Test.RoaserSetup" name="createShiftBandDefinition" time="20.2"/>
  <testcase classname="com.JiviewsAutomation.SystemDefination_Test.skillSetUpTest" name="createNewSkill" time="15.182"/>
  <testcase classname="com.AutomationJiviewsGeneric.BaseClass" name="@BeforeTest launchBrowser" time="0.0">
    <ignored/>
  </testcase> <!-- @BeforeTest launchBrowser -->
  <testcase classname="com.AutomationJiviewsGeneric.BaseClass" name="@BeforeTest launchBrowser" time="0.0">
    <ignored/>
  </testcase> <!-- @BeforeTest launchBrowser -->
  <testcase classname="com.AutomationJiviewsGeneric.BaseClass" name="@AfterTest closeBrowser" time="0.0">
    <ignored/>
  </testcase> <!-- @AfterTest closeBrowser -->
  <testcase classname="com.AutomationJiviewsGeneric.BaseClass" name="@AfterTest closeBrowser" time="0.0">
    <ignored/>
  </testcase> <!-- @AfterTest closeBrowser -->
</testsuite> <!-- Test -->
