<?xml version="1.0" encoding="UTF-8"?>
<!-- Generated by org.testng.reporters.JUnitXMLReporter -->
<testsuite ignored="0" hostname="Rajat" failures="0" tests="11" name="Test" time="0.055" errors="0" timestamp="2023-10-16T09:57:35 IST">
  <testcase classname="com.practice.AzurePractice" name="createSkill" time="0.009"/>
  <testcase classname="com.practice.AzurePractice" name="createSkill" time="0.001"/>
  <testcase classname="com.practice.AzurePractice" name="createSkill" time="0.0"/>
  <testcase classname="com.practice.AzurePractice" name="deleteSkill" time="0.001"/>
  <testcase classname="com.practice.AzurePractice" name="deleteSkill" time="0.001"/>
  <testcase classname="com.practice.AzurePractice" name="modifySkill" time="0.0"/>
  <testcase classname="com.practice.AzurePractice" name="modifySkill" time="0.0"/>
  <testcase classname="com.practice.AzurePractice" name="reactiveSkill" time="0.001"/>
  <testcase classname="com.practice.AzurePractice" name="searchSkill" time="0.001"/>
  <testcase classname="com.practice.AzurePractice" name="searchSkill" time="0.001"/>
  <testcase classname="com.practice.AzurePractice" name="searchSkill" time="0.0"/>
</testsuite> <!-- Test -->
