<?xml version="1.0" encoding="UTF-8"?>
<!-- Generated by org.testng.reporters.JUnitXMLReporter -->
<testsuite ignored="0" hostname="Rajat" failures="0" tests="4" name="Test" time="84.478" errors="0" timestamp="07 Nov 2023 02:58:03 GMT">
  <testcase classname="com.JiviewsAutomation.SystemDefination_Test.SCRTest" name="verifyCreateSCR" time="27.475"/>
  <testcase classname="com.JiviewsAutomation.SystemDefination_Test.SCRTest" name="verifyDereactivateSCR" time="20.914"/>
  <testcase classname="com.JiviewsAutomation.SystemDefination_Test.SCRTest" name="verifyUpdateSCR" time="17.158"/>
  <testcase classname="com.JiviewsAutomation.SystemDefination_Test.SCRTest" name="verifyDeactivateSCR" time="14.703"/>
</testsuite> <!-- Test -->
