-------------------------------------------------------------------------------
Test set: TestSuite
-------------------------------------------------------------------------------
Tests run: 62, Failures: 11, Errors: 0, Skipped: 8, Time elapsed: 1457 s <<< FAILURE! -- in TestSuite
com.JiviewsAutomation.SystemDefination_Test.ShiftBandTest.testCreateShiftBand -- Time elapsed: 10.33 s <<< FAILURE!
org.openqa.selenium.NoSuchElementException: 
no such element: Unable to locate element: {"method":"css selector","selector":"#btnAddNew"}
  (Session info: chrome=119.0.6045.200)
For documentation on this error, please visit: https://www.selenium.dev/documentation/webdriver/troubleshooting/errors#no-such-element-exception
Build info: version: '4.10.0', revision: 'c14d967899'
System info: os.name: 'Windows 11', os.arch: 'amd64', os.version: '10.0', java.version: '17.0.8.1'
Driver info: org.openqa.selenium.chrome.ChromeDriver
Command: [336eaea0d339a829d982e0c20c4190d0, findElement {using=id, value=btnAddNew}]
Capabilities {acceptInsecureCerts: false, browserName: chrome, browserVersion: 119.0.6045.200, chrome: {chromedriverVersion: 119.0.6045.105 (38c72552c5e..., userDataDir: C:\Users\kumar\AppData\Loca...}, fedcm:accounts: true, goog:chromeOptions: {debuggerAddress: localhost:53896}, networkConnectionEnabled: false, pageLoadStrategy: normal, platformName: windows, proxy: Proxy(), se:cdp: ws://localhost:53896/devtoo..., se:cdpVersion: 119.0.6045.200, setWindowRect: true, strictFileInteractability: false, timeouts: {implicit: 0, pageLoad: 300000, script: 30000}, unhandledPromptBehavior: dismiss and notify, webauthn:extension:credBlob: true, webauthn:extension:largeBlob: true, webauthn:extension:minPinLength: true, webauthn:extension:prf: true, webauthn:virtualAuthenticators: true}
Session ID: 336eaea0d339a829d982e0c20c4190d0
	at java.base/jdk.internal.reflect.NativeConstructorAccessorImpl.newInstance0(Native Method)
	at java.base/jdk.internal.reflect.NativeConstructorAccessorImpl.newInstance(NativeConstructorAccessorImpl.java:77)
	at java.base/jdk.internal.reflect.DelegatingConstructorAccessorImpl.newInstance(DelegatingConstructorAccessorImpl.java:45)
	at java.base/java.lang.reflect.Constructor.newInstanceWithCaller(Constructor.java:499)
	at java.base/java.lang.reflect.Constructor.newInstance(Constructor.java:480)
	at org.openqa.selenium.remote.codec.w3c.W3CHttpResponseCodec.createException(W3CHttpResponseCodec.java:199)
	at org.openqa.selenium.remote.codec.w3c.W3CHttpResponseCodec.decode(W3CHttpResponseCodec.java:132)
	at org.openqa.selenium.remote.codec.w3c.W3CHttpResponseCodec.decode(W3CHttpResponseCodec.java:51)
	at org.openqa.selenium.remote.HttpCommandExecutor.execute(HttpCommandExecutor.java:191)
	at org.openqa.selenium.remote.service.DriverCommandExecutor.invokeExecute(DriverCommandExecutor.java:196)
	at org.openqa.selenium.remote.service.DriverCommandExecutor.execute(DriverCommandExecutor.java:171)
	at org.openqa.selenium.remote.RemoteWebDriver.execute(RemoteWebDriver.java:531)
	at org.openqa.selenium.remote.ElementLocation$ElementFinder$2.findElement(ElementLocation.java:165)
	at org.openqa.selenium.remote.ElementLocation.findElement(ElementLocation.java:59)
	at org.openqa.selenium.remote.RemoteWebDriver.findElement(RemoteWebDriver.java:350)
	at org.openqa.selenium.remote.RemoteWebDriver.findElement(RemoteWebDriver.java:344)
	at org.openqa.selenium.support.pagefactory.DefaultElementLocator.findElement(DefaultElementLocator.java:68)
	at org.openqa.selenium.support.pagefactory.internal.LocatingElementHandler.invoke(LocatingElementHandler.java:38)
	at jdk.proxy2/jdk.proxy2.$Proxy31.click(Unknown Source)
	at com.AutomationJiviewsPOM.SystemDefinationShiftBandPage.setAddBtn(SystemDefinationShiftBandPage.java:176)
	at com.AutomationJiviewsPOM.SystemDefinationShiftBandPage.createShiftBand(SystemDefinationShiftBandPage.java:407)
	at com.JiviewsAutomation.SystemDefination_Test.ShiftBandTest.testCreateShiftBand(ShiftBandTest.java:56)
	at java.base/jdk.internal.reflect.NativeMethodAccessorImpl.invoke0(Native Method)
	at java.base/jdk.internal.reflect.NativeMethodAccessorImpl.invoke(NativeMethodAccessorImpl.java:77)
	at java.base/jdk.internal.reflect.DelegatingMethodAccessorImpl.invoke(DelegatingMethodAccessorImpl.java:43)
	at java.base/java.lang.reflect.Method.invoke(Method.java:568)
	at org.testng.internal.MethodInvocationHelper.invokeMethod(MethodInvocationHelper.java:124)
	at org.testng.internal.Invoker.invokeMethod(Invoker.java:583)
	at org.testng.internal.Invoker.invokeTestMethod(Invoker.java:719)
	at org.testng.internal.Invoker.invokeTestMethods(Invoker.java:989)
	at org.testng.internal.TestMethodWorker.invokeTestMethods(TestMethodWorker.java:125)
	at org.testng.internal.TestMethodWorker.run(TestMethodWorker.java:109)
	at org.testng.TestRunner.privateRun(TestRunner.java:648)
	at org.testng.TestRunner.run(TestRunner.java:505)
	at org.testng.SuiteRunner.runTest(SuiteRunner.java:455)
	at org.testng.SuiteRunner.runSequentially(SuiteRunner.java:450)
	at org.testng.SuiteRunner.privateRun(SuiteRunner.java:415)
	at org.testng.SuiteRunner.run(SuiteRunner.java:364)
	at org.testng.SuiteRunnerWorker.runSuite(SuiteRunnerWorker.java:52)
	at org.testng.SuiteRunnerWorker.run(SuiteRunnerWorker.java:84)
	at org.testng.TestNG.runSuitesSequentially(TestNG.java:1208)
	at org.testng.TestNG.runSuitesLocally(TestNG.java:1137)
	at org.testng.TestNG.runSuites(TestNG.java:1049)
	at org.testng.TestNG.run(TestNG.java:1017)
	at org.apache.maven.surefire.testng.TestNGExecutor.run(TestNGExecutor.java:308)
	at org.apache.maven.surefire.testng.TestNGXmlTestSuite.execute(TestNGXmlTestSuite.java:71)
	at org.apache.maven.surefire.testng.TestNGProvider.invoke(TestNGProvider.java:113)
	at org.apache.maven.surefire.booter.ForkedBooter.runSuitesInProcess(ForkedBooter.java:385)
	at org.apache.maven.surefire.booter.ForkedBooter.execute(ForkedBooter.java:162)
	at org.apache.maven.surefire.booter.ForkedBooter.run(ForkedBooter.java:507)
	at org.apache.maven.surefire.booter.ForkedBooter.main(ForkedBooter.java:495)

com.JiviewsAutomation.SystemDefination_Test.ShiftBandTest.testDeactivateShiftBand -- Time elapsed: 13.59 s <<< FAILURE!
org.openqa.selenium.NoSuchElementException: 
no such element: Unable to locate element: {"method":"xpath","selector":"//button[text()='Yes']"}
  (Session info: chrome=119.0.6045.200)
For documentation on this error, please visit: https://www.selenium.dev/documentation/webdriver/troubleshooting/errors#no-such-element-exception
Build info: version: '4.10.0', revision: 'c14d967899'
System info: os.name: 'Windows 11', os.arch: 'amd64', os.version: '10.0', java.version: '17.0.8.1'
Driver info: org.openqa.selenium.chrome.ChromeDriver
Command: [336eaea0d339a829d982e0c20c4190d0, findElement {using=xpath, value=//button[text()='Yes']}]
Capabilities {acceptInsecureCerts: false, browserName: chrome, browserVersion: 119.0.6045.200, chrome: {chromedriverVersion: 119.0.6045.105 (38c72552c5e..., userDataDir: C:\Users\kumar\AppData\Loca...}, fedcm:accounts: true, goog:chromeOptions: {debuggerAddress: localhost:53896}, networkConnectionEnabled: false, pageLoadStrategy: normal, platformName: windows, proxy: Proxy(), se:cdp: ws://localhost:53896/devtoo..., se:cdpVersion: 119.0.6045.200, setWindowRect: true, strictFileInteractability: false, timeouts: {implicit: 0, pageLoad: 300000, script: 30000}, unhandledPromptBehavior: dismiss and notify, webauthn:extension:credBlob: true, webauthn:extension:largeBlob: true, webauthn:extension:minPinLength: true, webauthn:extension:prf: true, webauthn:virtualAuthenticators: true}
Session ID: 336eaea0d339a829d982e0c20c4190d0
	at java.base/jdk.internal.reflect.NativeConstructorAccessorImpl.newInstance0(Native Method)
	at java.base/jdk.internal.reflect.NativeConstructorAccessorImpl.newInstance(NativeConstructorAccessorImpl.java:77)
	at java.base/jdk.internal.reflect.DelegatingConstructorAccessorImpl.newInstance(DelegatingConstructorAccessorImpl.java:45)
	at java.base/java.lang.reflect.Constructor.newInstanceWithCaller(Constructor.java:499)
	at java.base/java.lang.reflect.Constructor.newInstance(Constructor.java:480)
	at org.openqa.selenium.remote.codec.w3c.W3CHttpResponseCodec.createException(W3CHttpResponseCodec.java:199)
	at org.openqa.selenium.remote.codec.w3c.W3CHttpResponseCodec.decode(W3CHttpResponseCodec.java:132)
	at org.openqa.selenium.remote.codec.w3c.W3CHttpResponseCodec.decode(W3CHttpResponseCodec.java:51)
	at org.openqa.selenium.remote.HttpCommandExecutor.execute(HttpCommandExecutor.java:191)
	at org.openqa.selenium.remote.service.DriverCommandExecutor.invokeExecute(DriverCommandExecutor.java:196)
	at org.openqa.selenium.remote.service.DriverCommandExecutor.execute(DriverCommandExecutor.java:171)
	at org.openqa.selenium.remote.RemoteWebDriver.execute(RemoteWebDriver.java:531)
	at org.openqa.selenium.remote.ElementLocation$ElementFinder$2.findElement(ElementLocation.java:165)
	at org.openqa.selenium.remote.ElementLocation.findElement(ElementLocation.java:59)
	at org.openqa.selenium.remote.RemoteWebDriver.findElement(RemoteWebDriver.java:350)
	at org.openqa.selenium.remote.RemoteWebDriver.findElement(RemoteWebDriver.java:344)
	at org.openqa.selenium.support.pagefactory.DefaultElementLocator.findElement(DefaultElementLocator.java:68)
	at org.openqa.selenium.support.pagefactory.internal.LocatingElementHandler.invoke(LocatingElementHandler.java:38)
	at jdk.proxy2/jdk.proxy2.$Proxy31.click(Unknown Source)
	at com.AutomationJiviewsPOM.SystemDefinationShiftBandPage.setClickYes(SystemDefinationShiftBandPage.java:382)
	at com.AutomationJiviewsPOM.SystemDefinationShiftBandPage.deactiveShiftBand(SystemDefinationShiftBandPage.java:443)
	at com.JiviewsAutomation.SystemDefination_Test.ShiftBandTest.testDeactivateShiftBand(ShiftBandTest.java:72)
	at java.base/jdk.internal.reflect.NativeMethodAccessorImpl.invoke0(Native Method)
	at java.base/jdk.internal.reflect.NativeMethodAccessorImpl.invoke(NativeMethodAccessorImpl.java:77)
	at java.base/jdk.internal.reflect.DelegatingMethodAccessorImpl.invoke(DelegatingMethodAccessorImpl.java:43)
	at java.base/java.lang.reflect.Method.invoke(Method.java:568)
	at org.testng.internal.MethodInvocationHelper.invokeMethod(MethodInvocationHelper.java:124)
	at org.testng.internal.Invoker.invokeMethod(Invoker.java:583)
	at org.testng.internal.Invoker.invokeTestMethod(Invoker.java:719)
	at org.testng.internal.Invoker.invokeTestMethods(Invoker.java:989)
	at org.testng.internal.TestMethodWorker.invokeTestMethods(TestMethodWorker.java:125)
	at org.testng.internal.TestMethodWorker.run(TestMethodWorker.java:109)
	at org.testng.TestRunner.privateRun(TestRunner.java:648)
	at org.testng.TestRunner.run(TestRunner.java:505)
	at org.testng.SuiteRunner.runTest(SuiteRunner.java:455)
	at org.testng.SuiteRunner.runSequentially(SuiteRunner.java:450)
	at org.testng.SuiteRunner.privateRun(SuiteRunner.java:415)
	at org.testng.SuiteRunner.run(SuiteRunner.java:364)
	at org.testng.SuiteRunnerWorker.runSuite(SuiteRunnerWorker.java:52)
	at org.testng.SuiteRunnerWorker.run(SuiteRunnerWorker.java:84)
	at org.testng.TestNG.runSuitesSequentially(TestNG.java:1208)
	at org.testng.TestNG.runSuitesLocally(TestNG.java:1137)
	at org.testng.TestNG.runSuites(TestNG.java:1049)
	at org.testng.TestNG.run(TestNG.java:1017)
	at org.apache.maven.surefire.testng.TestNGExecutor.run(TestNGExecutor.java:308)
	at org.apache.maven.surefire.testng.TestNGXmlTestSuite.execute(TestNGXmlTestSuite.java:71)
	at org.apache.maven.surefire.testng.TestNGProvider.invoke(TestNGProvider.java:113)
	at org.apache.maven.surefire.booter.ForkedBooter.runSuitesInProcess(ForkedBooter.java:385)
	at org.apache.maven.surefire.booter.ForkedBooter.execute(ForkedBooter.java:162)
	at org.apache.maven.surefire.booter.ForkedBooter.run(ForkedBooter.java:507)
	at org.apache.maven.surefire.booter.ForkedBooter.main(ForkedBooter.java:495)

com.JiviewsAutomation.SystemDefination_Test.roasterSetupTest.verifyCreateRoasterWithGroupAndEmp -- Time elapsed: 38.24 s <<< FAILURE!
org.openqa.selenium.ElementNotInteractableException: 
element not interactable: [object HTMLSelectElement] has no size and location
  (Session info: chrome=119.0.6045.200)
Build info: version: '4.10.0', revision: 'c14d967899'
System info: os.name: 'Windows 11', os.arch: 'amd64', os.version: '10.0', java.version: '17.0.8.1'
Driver info: org.openqa.selenium.chrome.ChromeDriver
Command: [815c2e4acba77f3d2079b113f53349c5, actions {actions=[org.openqa.selenium.interactions.Sequence@7aa20895]}]
Capabilities {acceptInsecureCerts: false, browserName: chrome, browserVersion: 119.0.6045.200, chrome: {chromedriverVersion: 119.0.6045.105 (38c72552c5e..., userDataDir: C:\Users\kumar\AppData\Loca...}, fedcm:accounts: true, goog:chromeOptions: {debuggerAddress: localhost:53938}, networkConnectionEnabled: false, pageLoadStrategy: normal, platformName: windows, proxy: Proxy(), se:cdp: ws://localhost:53938/devtoo..., se:cdpVersion: 119.0.6045.200, setWindowRect: true, strictFileInteractability: false, timeouts: {implicit: 0, pageLoad: 300000, script: 30000}, unhandledPromptBehavior: dismiss and notify, webauthn:extension:credBlob: true, webauthn:extension:largeBlob: true, webauthn:extension:minPinLength: true, webauthn:extension:prf: true, webauthn:virtualAuthenticators: true}
Session ID: 815c2e4acba77f3d2079b113f53349c5
	at java.base/jdk.internal.reflect.NativeConstructorAccessorImpl.newInstance0(Native Method)
	at java.base/jdk.internal.reflect.NativeConstructorAccessorImpl.newInstance(NativeConstructorAccessorImpl.java:77)
	at java.base/jdk.internal.reflect.DelegatingConstructorAccessorImpl.newInstance(DelegatingConstructorAccessorImpl.java:45)
	at java.base/java.lang.reflect.Constructor.newInstanceWithCaller(Constructor.java:499)
	at java.base/java.lang.reflect.Constructor.newInstance(Constructor.java:480)
	at org.openqa.selenium.remote.codec.w3c.W3CHttpResponseCodec.createException(W3CHttpResponseCodec.java:199)
	at org.openqa.selenium.remote.codec.w3c.W3CHttpResponseCodec.decode(W3CHttpResponseCodec.java:132)
	at org.openqa.selenium.remote.codec.w3c.W3CHttpResponseCodec.decode(W3CHttpResponseCodec.java:51)
	at org.openqa.selenium.remote.HttpCommandExecutor.execute(HttpCommandExecutor.java:191)
	at org.openqa.selenium.remote.service.DriverCommandExecutor.invokeExecute(DriverCommandExecutor.java:196)
	at org.openqa.selenium.remote.service.DriverCommandExecutor.execute(DriverCommandExecutor.java:171)
	at org.openqa.selenium.remote.RemoteWebDriver.execute(RemoteWebDriver.java:531)
	at org.openqa.selenium.remote.RemoteWebDriver.perform(RemoteWebDriver.java:603)
	at org.openqa.selenium.interactions.Actions$BuiltAction.perform(Actions.java:585)
	at org.openqa.selenium.interactions.Actions.perform(Actions.java:554)
	at com.AutomationJiviewsPOM.SystemDefinationRosterCreationPage.setAvailableEmpTable(SystemDefinationRosterCreationPage.java:265)
	at com.AutomationJiviewsPOM.SystemDefinationRosterCreationPage.setCreateRoasterwithRosterAndEmp(SystemDefinationRosterCreationPage.java:518)
	at com.JiviewsAutomation.SystemDefination_Test.roasterSetupTest.verifyCreateRoasterWithGroupAndEmp(roasterSetupTest.java:90)
	at java.base/jdk.internal.reflect.NativeMethodAccessorImpl.invoke0(Native Method)
	at java.base/jdk.internal.reflect.NativeMethodAccessorImpl.invoke(NativeMethodAccessorImpl.java:77)
	at java.base/jdk.internal.reflect.DelegatingMethodAccessorImpl.invoke(DelegatingMethodAccessorImpl.java:43)
	at java.base/java.lang.reflect.Method.invoke(Method.java:568)
	at org.testng.internal.MethodInvocationHelper.invokeMethod(MethodInvocationHelper.java:124)
	at org.testng.internal.Invoker.invokeMethod(Invoker.java:583)
	at org.testng.internal.Invoker.invokeTestMethod(Invoker.java:719)
	at org.testng.internal.Invoker.invokeTestMethods(Invoker.java:989)
	at org.testng.internal.TestMethodWorker.invokeTestMethods(TestMethodWorker.java:125)
	at org.testng.internal.TestMethodWorker.run(TestMethodWorker.java:109)
	at org.testng.TestRunner.privateRun(TestRunner.java:648)
	at org.testng.TestRunner.run(TestRunner.java:505)
	at org.testng.SuiteRunner.runTest(SuiteRunner.java:455)
	at org.testng.SuiteRunner.runSequentially(SuiteRunner.java:450)
	at org.testng.SuiteRunner.privateRun(SuiteRunner.java:415)
	at org.testng.SuiteRunner.run(SuiteRunner.java:364)
	at org.testng.SuiteRunnerWorker.runSuite(SuiteRunnerWorker.java:52)
	at org.testng.SuiteRunnerWorker.run(SuiteRunnerWorker.java:84)
	at org.testng.TestNG.runSuitesSequentially(TestNG.java:1208)
	at org.testng.TestNG.runSuitesLocally(TestNG.java:1137)
	at org.testng.TestNG.runSuites(TestNG.java:1049)
	at org.testng.TestNG.run(TestNG.java:1017)
	at org.apache.maven.surefire.testng.TestNGExecutor.run(TestNGExecutor.java:308)
	at org.apache.maven.surefire.testng.TestNGXmlTestSuite.execute(TestNGXmlTestSuite.java:71)
	at org.apache.maven.surefire.testng.TestNGProvider.invoke(TestNGProvider.java:113)
	at org.apache.maven.surefire.booter.ForkedBooter.runSuitesInProcess(ForkedBooter.java:385)
	at org.apache.maven.surefire.booter.ForkedBooter.execute(ForkedBooter.java:162)
	at org.apache.maven.surefire.booter.ForkedBooter.run(ForkedBooter.java:507)
	at org.apache.maven.surefire.booter.ForkedBooter.main(ForkedBooter.java:495)

com.JiviewsAutomation.SystemDefination_Test.SCRTest.setup -- Time elapsed: 128.6 s <<< FAILURE!
org.openqa.selenium.TimeoutException: Expected condition failed: waiting for element to be clickable: Proxy element for: DefaultElementLocator 'By.xpath: //div[@id='dvOrgUnitDropdown']/a' (tried for 70 second(s) with 500 milliseconds interval)
	at org.openqa.selenium.support.ui.WebDriverWait.timeoutException(WebDriverWait.java:84)
	at org.openqa.selenium.support.ui.FluentWait.until(FluentWait.java:230)
	at com.AutomationJiviewsGeneric.WebUtilities.ElementClickable(WebUtilities.java:58)
	at com.AutomationJiviewsPOM.HomePage.setOrgUnit(HomePage.java:37)
	at com.JiviewsAutomation.SystemDefination_Test.SCRTest.setup(SCRTest.java:40)
	at java.base/jdk.internal.reflect.NativeMethodAccessorImpl.invoke0(Native Method)
	at java.base/jdk.internal.reflect.NativeMethodAccessorImpl.invoke(NativeMethodAccessorImpl.java:77)
	at java.base/jdk.internal.reflect.DelegatingMethodAccessorImpl.invoke(DelegatingMethodAccessorImpl.java:43)
	at java.base/java.lang.reflect.Method.invoke(Method.java:568)
	at org.testng.internal.MethodInvocationHelper.invokeMethod(MethodInvocationHelper.java:124)
	at org.testng.internal.MethodInvocationHelper.invokeMethodConsideringTimeout(MethodInvocationHelper.java:59)
	at org.testng.internal.Invoker.invokeConfigurationMethod(Invoker.java:458)
	at org.testng.internal.Invoker.invokeConfigurations(Invoker.java:222)
	at org.testng.internal.Invoker.invokeMethod(Invoker.java:523)
	at org.testng.internal.Invoker.invokeTestMethod(Invoker.java:719)
	at org.testng.internal.Invoker.invokeTestMethods(Invoker.java:989)
	at org.testng.internal.TestMethodWorker.invokeTestMethods(TestMethodWorker.java:125)
	at org.testng.internal.TestMethodWorker.run(TestMethodWorker.java:109)
	at org.testng.TestRunner.privateRun(TestRunner.java:648)
	at org.testng.TestRunner.run(TestRunner.java:505)
	at org.testng.SuiteRunner.runTest(SuiteRunner.java:455)
	at org.testng.SuiteRunner.runSequentially(SuiteRunner.java:450)
	at org.testng.SuiteRunner.privateRun(SuiteRunner.java:415)
	at org.testng.SuiteRunner.run(SuiteRunner.java:364)
	at org.testng.SuiteRunnerWorker.runSuite(SuiteRunnerWorker.java:52)
	at org.testng.SuiteRunnerWorker.run(SuiteRunnerWorker.java:84)
	at org.testng.TestNG.runSuitesSequentially(TestNG.java:1208)
	at org.testng.TestNG.runSuitesLocally(TestNG.java:1137)
	at org.testng.TestNG.runSuites(TestNG.java:1049)
	at org.testng.TestNG.run(TestNG.java:1017)
	at org.apache.maven.surefire.testng.TestNGExecutor.run(TestNGExecutor.java:308)
	at org.apache.maven.surefire.testng.TestNGXmlTestSuite.execute(TestNGXmlTestSuite.java:71)
	at org.apache.maven.surefire.testng.TestNGProvider.invoke(TestNGProvider.java:113)
	at org.apache.maven.surefire.booter.ForkedBooter.runSuitesInProcess(ForkedBooter.java:385)
	at org.apache.maven.surefire.booter.ForkedBooter.execute(ForkedBooter.java:162)
	at org.apache.maven.surefire.booter.ForkedBooter.run(ForkedBooter.java:507)
	at org.apache.maven.surefire.booter.ForkedBooter.main(ForkedBooter.java:495)
Caused by: org.openqa.selenium.NoSuchElementException: no such element: Unable to locate element: {"method":"xpath","selector":"//div[@id='dvOrgUnitDropdown']/a"}
  (Session info: chrome=119.0.6045.200)
For documentation on this error, please visit: https://www.selenium.dev/documentation/webdriver/troubleshooting/errors#no-such-element-exception
Build info: version: '4.10.0', revision: 'c14d967899'
System info: os.name: 'Windows 11', os.arch: 'amd64', os.version: '10.0', java.version: '17.0.8.1'
Driver info: org.openqa.selenium.chrome.ChromeDriver
Command: [1ce6475b53dafa0baf7795e6f525be9d, findElement {using=xpath, value=//div[@id='dvOrgUnitDropdown']/a}]
Capabilities {acceptInsecureCerts: false, browserName: chrome, browserVersion: 119.0.6045.200, chrome: {chromedriverVersion: 119.0.6045.105 (38c72552c5e..., userDataDir: C:\Users\kumar\AppData\Loca...}, fedcm:accounts: true, goog:chromeOptions: {debuggerAddress: localhost:53982}, networkConnectionEnabled: false, pageLoadStrategy: normal, platformName: windows, proxy: Proxy(), se:cdp: ws://localhost:53982/devtoo..., se:cdpVersion: 119.0.6045.200, setWindowRect: true, strictFileInteractability: false, timeouts: {implicit: 0, pageLoad: 300000, script: 30000}, unhandledPromptBehavior: dismiss and notify, webauthn:extension:credBlob: true, webauthn:extension:largeBlob: true, webauthn:extension:minPinLength: true, webauthn:extension:prf: true, webauthn:virtualAuthenticators: true}
Session ID: 1ce6475b53dafa0baf7795e6f525be9d
	at java.base/jdk.internal.reflect.NativeConstructorAccessorImpl.newInstance0(Native Method)
	at java.base/jdk.internal.reflect.NativeConstructorAccessorImpl.newInstance(NativeConstructorAccessorImpl.java:77)
	at java.base/jdk.internal.reflect.DelegatingConstructorAccessorImpl.newInstance(DelegatingConstructorAccessorImpl.java:45)
	at java.base/java.lang.reflect.Constructor.newInstanceWithCaller(Constructor.java:499)
	at java.base/java.lang.reflect.Constructor.newInstance(Constructor.java:480)
	at org.openqa.selenium.remote.codec.w3c.W3CHttpResponseCodec.createException(W3CHttpResponseCodec.java:199)
	at org.openqa.selenium.remote.codec.w3c.W3CHttpResponseCodec.decode(W3CHttpResponseCodec.java:132)
	at org.openqa.selenium.remote.codec.w3c.W3CHttpResponseCodec.decode(W3CHttpResponseCodec.java:51)
	at org.openqa.selenium.remote.HttpCommandExecutor.execute(HttpCommandExecutor.java:191)
	at org.openqa.selenium.remote.service.DriverCommandExecutor.invokeExecute(DriverCommandExecutor.java:196)
	at org.openqa.selenium.remote.service.DriverCommandExecutor.execute(DriverCommandExecutor.java:171)
	at org.openqa.selenium.remote.RemoteWebDriver.execute(RemoteWebDriver.java:531)
	at org.openqa.selenium.remote.ElementLocation$ElementFinder$2.findElement(ElementLocation.java:165)
	at org.openqa.selenium.remote.ElementLocation.findElement(ElementLocation.java:59)
	at org.openqa.selenium.remote.RemoteWebDriver.findElement(RemoteWebDriver.java:350)
	at org.openqa.selenium.remote.RemoteWebDriver.findElement(RemoteWebDriver.java:344)
	at org.openqa.selenium.support.pagefactory.DefaultElementLocator.findElement(DefaultElementLocator.java:68)
	at org.openqa.selenium.support.pagefactory.internal.LocatingElementHandler.invoke(LocatingElementHandler.java:38)
	at jdk.proxy2/jdk.proxy2.$Proxy31.isDisplayed(Unknown Source)
	at org.openqa.selenium.support.ui.ExpectedConditions.elementIfVisible(ExpectedConditions.java:304)
	at org.openqa.selenium.support.ui.ExpectedConditions.access$000(ExpectedConditions.java:37)
	at org.openqa.selenium.support.ui.ExpectedConditions$10.apply(ExpectedConditions.java:290)
	at org.openqa.selenium.support.ui.ExpectedConditions$10.apply(ExpectedConditions.java:287)
	at org.openqa.selenium.support.ui.ExpectedConditions$23.apply(ExpectedConditions.java:656)
	at org.openqa.selenium.support.ui.ExpectedConditions$23.apply(ExpectedConditions.java:652)
	at org.openqa.selenium.support.ui.FluentWait.until(FluentWait.java:205)
	... 35 more

com.JiviewsAutomation.SystemDefination_Test.PublicHolidayTest.verifyUpdatePublicHoliday -- Time elapsed: 13.85 s <<< FAILURE!
org.openqa.selenium.NoSuchElementException: 
no such element: Unable to locate element: {"method":"xpath","selector":"//div[text()='Public Holiday updated successfully']"}
  (Session info: chrome=119.0.6045.200)
For documentation on this error, please visit: https://www.selenium.dev/documentation/webdriver/troubleshooting/errors#no-such-element-exception
Build info: version: '4.10.0', revision: 'c14d967899'
System info: os.name: 'Windows 11', os.arch: 'amd64', os.version: '10.0', java.version: '17.0.8.1'
Driver info: org.openqa.selenium.chrome.ChromeDriver
Command: [c205966e7cdd552fe07c635a26dd8526, findElement {using=xpath, value=//div[text()='Public Holiday updated successfully']}]
Capabilities {acceptInsecureCerts: false, browserName: chrome, browserVersion: 119.0.6045.200, chrome: {chromedriverVersion: 119.0.6045.105 (38c72552c5e..., userDataDir: C:\Users\kumar\AppData\Loca...}, fedcm:accounts: true, goog:chromeOptions: {debuggerAddress: localhost:54008}, networkConnectionEnabled: false, pageLoadStrategy: normal, platformName: windows, proxy: Proxy(), se:cdp: ws://localhost:54008/devtoo..., se:cdpVersion: 119.0.6045.200, setWindowRect: true, strictFileInteractability: false, timeouts: {implicit: 0, pageLoad: 300000, script: 30000}, unhandledPromptBehavior: dismiss and notify, webauthn:extension:credBlob: true, webauthn:extension:largeBlob: true, webauthn:extension:minPinLength: true, webauthn:extension:prf: true, webauthn:virtualAuthenticators: true}
Session ID: c205966e7cdd552fe07c635a26dd8526
	at java.base/jdk.internal.reflect.NativeConstructorAccessorImpl.newInstance0(Native Method)
	at java.base/jdk.internal.reflect.NativeConstructorAccessorImpl.newInstance(NativeConstructorAccessorImpl.java:77)
	at java.base/jdk.internal.reflect.DelegatingConstructorAccessorImpl.newInstance(DelegatingConstructorAccessorImpl.java:45)
	at java.base/java.lang.reflect.Constructor.newInstanceWithCaller(Constructor.java:499)
	at java.base/java.lang.reflect.Constructor.newInstance(Constructor.java:480)
	at org.openqa.selenium.remote.codec.w3c.W3CHttpResponseCodec.createException(W3CHttpResponseCodec.java:199)
	at org.openqa.selenium.remote.codec.w3c.W3CHttpResponseCodec.decode(W3CHttpResponseCodec.java:132)
	at org.openqa.selenium.remote.codec.w3c.W3CHttpResponseCodec.decode(W3CHttpResponseCodec.java:51)
	at org.openqa.selenium.remote.HttpCommandExecutor.execute(HttpCommandExecutor.java:191)
	at org.openqa.selenium.remote.service.DriverCommandExecutor.invokeExecute(DriverCommandExecutor.java:196)
	at org.openqa.selenium.remote.service.DriverCommandExecutor.execute(DriverCommandExecutor.java:171)
	at org.openqa.selenium.remote.RemoteWebDriver.execute(RemoteWebDriver.java:531)
	at org.openqa.selenium.remote.ElementLocation$ElementFinder$2.findElement(ElementLocation.java:165)
	at org.openqa.selenium.remote.ElementLocation.findElement(ElementLocation.java:59)
	at org.openqa.selenium.remote.RemoteWebDriver.findElement(RemoteWebDriver.java:350)
	at org.openqa.selenium.remote.RemoteWebDriver.findElement(RemoteWebDriver.java:344)
	at org.openqa.selenium.support.pagefactory.DefaultElementLocator.findElement(DefaultElementLocator.java:68)
	at org.openqa.selenium.support.pagefactory.internal.LocatingElementHandler.invoke(LocatingElementHandler.java:38)
	at jdk.proxy2/jdk.proxy2.$Proxy31.getText(Unknown Source)
	at com.AutomationJiviewsPOM.SystemDefinationPublicHolidayPage.setUpdateNotificationPopup(SystemDefinationPublicHolidayPage.java:142)
	at com.AutomationJiviewsPOM.SystemDefinationPublicHolidayPage.setUpdatePublicHoliday(SystemDefinationPublicHolidayPage.java:243)
	at com.JiviewsAutomation.SystemDefination_Test.PublicHolidayTest.verifyUpdatePublicHoliday(PublicHolidayTest.java:59)
	at java.base/jdk.internal.reflect.NativeMethodAccessorImpl.invoke0(Native Method)
	at java.base/jdk.internal.reflect.NativeMethodAccessorImpl.invoke(NativeMethodAccessorImpl.java:77)
	at java.base/jdk.internal.reflect.DelegatingMethodAccessorImpl.invoke(DelegatingMethodAccessorImpl.java:43)
	at java.base/java.lang.reflect.Method.invoke(Method.java:568)
	at org.testng.internal.MethodInvocationHelper.invokeMethod(MethodInvocationHelper.java:124)
	at org.testng.internal.Invoker.invokeMethod(Invoker.java:583)
	at org.testng.internal.Invoker.invokeTestMethod(Invoker.java:719)
	at org.testng.internal.Invoker.invokeTestMethods(Invoker.java:989)
	at org.testng.internal.TestMethodWorker.invokeTestMethods(TestMethodWorker.java:125)
	at org.testng.internal.TestMethodWorker.run(TestMethodWorker.java:109)
	at org.testng.TestRunner.privateRun(TestRunner.java:648)
	at org.testng.TestRunner.run(TestRunner.java:505)
	at org.testng.SuiteRunner.runTest(SuiteRunner.java:455)
	at org.testng.SuiteRunner.runSequentially(SuiteRunner.java:450)
	at org.testng.SuiteRunner.privateRun(SuiteRunner.java:415)
	at org.testng.SuiteRunner.run(SuiteRunner.java:364)
	at org.testng.SuiteRunnerWorker.runSuite(SuiteRunnerWorker.java:52)
	at org.testng.SuiteRunnerWorker.run(SuiteRunnerWorker.java:84)
	at org.testng.TestNG.runSuitesSequentially(TestNG.java:1208)
	at org.testng.TestNG.runSuitesLocally(TestNG.java:1137)
	at org.testng.TestNG.runSuites(TestNG.java:1049)
	at org.testng.TestNG.run(TestNG.java:1017)
	at org.apache.maven.surefire.testng.TestNGExecutor.run(TestNGExecutor.java:308)
	at org.apache.maven.surefire.testng.TestNGXmlTestSuite.execute(TestNGXmlTestSuite.java:71)
	at org.apache.maven.surefire.testng.TestNGProvider.invoke(TestNGProvider.java:113)
	at org.apache.maven.surefire.booter.ForkedBooter.runSuitesInProcess(ForkedBooter.java:385)
	at org.apache.maven.surefire.booter.ForkedBooter.execute(ForkedBooter.java:162)
	at org.apache.maven.surefire.booter.ForkedBooter.run(ForkedBooter.java:507)
	at org.apache.maven.surefire.booter.ForkedBooter.main(ForkedBooter.java:495)

com.JiviewsAutomation.SystemDefination_Test.EmpAdmEmployeeProfileTest.verifyCreateEmpProfile -- Time elapsed: 46.07 s <<< FAILURE!
org.openqa.selenium.ElementNotInteractableException: 
element not interactable
  (Session info: chrome=119.0.6045.200)
Build info: version: '4.10.0', revision: 'c14d967899'
System info: os.name: 'Windows 11', os.arch: 'amd64', os.version: '10.0', java.version: '17.0.8.1'
Driver info: org.openqa.selenium.chrome.ChromeDriver
Command: [3d9562eb60539aaa340e82e4877c54c2, clearElement {id=EED32295EB604B7AC9759E3D96E1CEBA_element_588}]
Capabilities {acceptInsecureCerts: false, browserName: chrome, browserVersion: 119.0.6045.200, chrome: {chromedriverVersion: 119.0.6045.105 (38c72552c5e..., userDataDir: C:\Users\kumar\AppData\Loca...}, fedcm:accounts: true, goog:chromeOptions: {debuggerAddress: localhost:54040}, networkConnectionEnabled: false, pageLoadStrategy: normal, platformName: windows, proxy: Proxy(), se:cdp: ws://localhost:54040/devtoo..., se:cdpVersion: 119.0.6045.200, setWindowRect: true, strictFileInteractability: false, timeouts: {implicit: 0, pageLoad: 300000, script: 30000}, unhandledPromptBehavior: dismiss and notify, webauthn:extension:credBlob: true, webauthn:extension:largeBlob: true, webauthn:extension:minPinLength: true, webauthn:extension:prf: true, webauthn:virtualAuthenticators: true}
Element: [[ChromeDriver: chrome on windows (3d9562eb60539aaa340e82e4877c54c2)] -> xpath: //input[@id='txtContactCity']]
Session ID: 3d9562eb60539aaa340e82e4877c54c2
	at java.base/jdk.internal.reflect.NativeConstructorAccessorImpl.newInstance0(Native Method)
	at java.base/jdk.internal.reflect.NativeConstructorAccessorImpl.newInstance(NativeConstructorAccessorImpl.java:77)
	at java.base/jdk.internal.reflect.DelegatingConstructorAccessorImpl.newInstance(DelegatingConstructorAccessorImpl.java:45)
	at java.base/java.lang.reflect.Constructor.newInstanceWithCaller(Constructor.java:499)
	at java.base/java.lang.reflect.Constructor.newInstance(Constructor.java:480)
	at org.openqa.selenium.remote.codec.w3c.W3CHttpResponseCodec.createException(W3CHttpResponseCodec.java:199)
	at org.openqa.selenium.remote.codec.w3c.W3CHttpResponseCodec.decode(W3CHttpResponseCodec.java:132)
	at org.openqa.selenium.remote.codec.w3c.W3CHttpResponseCodec.decode(W3CHttpResponseCodec.java:51)
	at org.openqa.selenium.remote.HttpCommandExecutor.execute(HttpCommandExecutor.java:191)
	at org.openqa.selenium.remote.service.DriverCommandExecutor.invokeExecute(DriverCommandExecutor.java:196)
	at org.openqa.selenium.remote.service.DriverCommandExecutor.execute(DriverCommandExecutor.java:171)
	at org.openqa.selenium.remote.RemoteWebDriver.execute(RemoteWebDriver.java:531)
	at org.openqa.selenium.remote.RemoteWebElement.execute(RemoteWebElement.java:242)
	at org.openqa.selenium.remote.RemoteWebElement.clear(RemoteWebElement.java:130)
	at jdk.internal.reflect.GeneratedMethodAccessor13.invoke(Unknown Source)
	at java.base/jdk.internal.reflect.DelegatingMethodAccessorImpl.invoke(DelegatingMethodAccessorImpl.java:43)
	at java.base/java.lang.reflect.Method.invoke(Method.java:568)
	at org.openqa.selenium.support.pagefactory.internal.LocatingElementHandler.invoke(LocatingElementHandler.java:51)
	at jdk.proxy2/jdk.proxy2.$Proxy31.clear(Unknown Source)
	at com.AutomationJiviewsPOM.EmpAdmEmployeeProfilePage.enterContactCity(EmpAdmEmployeeProfilePage.java:724)
	at com.AutomationJiviewsPOM.EmpAdmEmployeeProfilePage.createEmpProfile(EmpAdmEmployeeProfilePage.java:1269)
	at com.JiviewsAutomation.SystemDefination_Test.EmpAdmEmployeeProfileTest.verifyCreateEmpProfile(EmpAdmEmployeeProfileTest.java:49)
	at java.base/jdk.internal.reflect.NativeMethodAccessorImpl.invoke0(Native Method)
	at java.base/jdk.internal.reflect.NativeMethodAccessorImpl.invoke(NativeMethodAccessorImpl.java:77)
	at java.base/jdk.internal.reflect.DelegatingMethodAccessorImpl.invoke(DelegatingMethodAccessorImpl.java:43)
	at java.base/java.lang.reflect.Method.invoke(Method.java:568)
	at org.testng.internal.MethodInvocationHelper.invokeMethod(MethodInvocationHelper.java:124)
	at org.testng.internal.Invoker.invokeMethod(Invoker.java:583)
	at org.testng.internal.Invoker.invokeTestMethod(Invoker.java:719)
	at org.testng.internal.Invoker.invokeTestMethods(Invoker.java:989)
	at org.testng.internal.TestMethodWorker.invokeTestMethods(TestMethodWorker.java:125)
	at org.testng.internal.TestMethodWorker.run(TestMethodWorker.java:109)
	at org.testng.TestRunner.privateRun(TestRunner.java:648)
	at org.testng.TestRunner.run(TestRunner.java:505)
	at org.testng.SuiteRunner.runTest(SuiteRunner.java:455)
	at org.testng.SuiteRunner.runSequentially(SuiteRunner.java:450)
	at org.testng.SuiteRunner.privateRun(SuiteRunner.java:415)
	at org.testng.SuiteRunner.run(SuiteRunner.java:364)
	at org.testng.SuiteRunnerWorker.runSuite(SuiteRunnerWorker.java:52)
	at org.testng.SuiteRunnerWorker.run(SuiteRunnerWorker.java:84)
	at org.testng.TestNG.runSuitesSequentially(TestNG.java:1208)
	at org.testng.TestNG.runSuitesLocally(TestNG.java:1137)
	at org.testng.TestNG.runSuites(TestNG.java:1049)
	at org.testng.TestNG.run(TestNG.java:1017)
	at org.apache.maven.surefire.testng.TestNGExecutor.run(TestNGExecutor.java:308)
	at org.apache.maven.surefire.testng.TestNGXmlTestSuite.execute(TestNGXmlTestSuite.java:71)
	at org.apache.maven.surefire.testng.TestNGProvider.invoke(TestNGProvider.java:113)
	at org.apache.maven.surefire.booter.ForkedBooter.runSuitesInProcess(ForkedBooter.java:385)
	at org.apache.maven.surefire.booter.ForkedBooter.execute(ForkedBooter.java:162)
	at org.apache.maven.surefire.booter.ForkedBooter.run(ForkedBooter.java:507)
	at org.apache.maven.surefire.booter.ForkedBooter.main(ForkedBooter.java:495)

com.JiviewsAutomation.SystemDefination_Test.EmpAdmEmployeeProfileTest.verifysearchRosterGroup -- Time elapsed: 12.43 s <<< FAILURE!
org.openqa.selenium.NoSuchElementException: 
no such element: Unable to locate element: {"method":"xpath","selector":"//li[text()='Default Roster  Group']"}
  (Session info: chrome=119.0.6045.200)
For documentation on this error, please visit: https://www.selenium.dev/documentation/webdriver/troubleshooting/errors#no-such-element-exception
Build info: version: '4.10.0', revision: 'c14d967899'
System info: os.name: 'Windows 11', os.arch: 'amd64', os.version: '10.0', java.version: '17.0.8.1'
Driver info: org.openqa.selenium.chrome.ChromeDriver
Command: [3d9562eb60539aaa340e82e4877c54c2, findElement {using=xpath, value=//li[text()='Default Roster  Group']}]
Capabilities {acceptInsecureCerts: false, browserName: chrome, browserVersion: 119.0.6045.200, chrome: {chromedriverVersion: 119.0.6045.105 (38c72552c5e..., userDataDir: C:\Users\kumar\AppData\Loca...}, fedcm:accounts: true, goog:chromeOptions: {debuggerAddress: localhost:54040}, networkConnectionEnabled: false, pageLoadStrategy: normal, platformName: windows, proxy: Proxy(), se:cdp: ws://localhost:54040/devtoo..., se:cdpVersion: 119.0.6045.200, setWindowRect: true, strictFileInteractability: false, timeouts: {implicit: 0, pageLoad: 300000, script: 30000}, unhandledPromptBehavior: dismiss and notify, webauthn:extension:credBlob: true, webauthn:extension:largeBlob: true, webauthn:extension:minPinLength: true, webauthn:extension:prf: true, webauthn:virtualAuthenticators: true}
Session ID: 3d9562eb60539aaa340e82e4877c54c2
	at jdk.internal.reflect.GeneratedConstructorAccessor60.newInstance(Unknown Source)
	at java.base/jdk.internal.reflect.DelegatingConstructorAccessorImpl.newInstance(DelegatingConstructorAccessorImpl.java:45)
	at java.base/java.lang.reflect.Constructor.newInstanceWithCaller(Constructor.java:499)
	at java.base/java.lang.reflect.Constructor.newInstance(Constructor.java:480)
	at org.openqa.selenium.remote.codec.w3c.W3CHttpResponseCodec.createException(W3CHttpResponseCodec.java:199)
	at org.openqa.selenium.remote.codec.w3c.W3CHttpResponseCodec.decode(W3CHttpResponseCodec.java:132)
	at org.openqa.selenium.remote.codec.w3c.W3CHttpResponseCodec.decode(W3CHttpResponseCodec.java:51)
	at org.openqa.selenium.remote.HttpCommandExecutor.execute(HttpCommandExecutor.java:191)
	at org.openqa.selenium.remote.service.DriverCommandExecutor.invokeExecute(DriverCommandExecutor.java:196)
	at org.openqa.selenium.remote.service.DriverCommandExecutor.execute(DriverCommandExecutor.java:171)
	at org.openqa.selenium.remote.RemoteWebDriver.execute(RemoteWebDriver.java:531)
	at org.openqa.selenium.remote.ElementLocation$ElementFinder$2.findElement(ElementLocation.java:165)
	at org.openqa.selenium.remote.ElementLocation.findElement(ElementLocation.java:59)
	at org.openqa.selenium.remote.RemoteWebDriver.findElement(RemoteWebDriver.java:350)
	at org.openqa.selenium.remote.RemoteWebDriver.findElement(RemoteWebDriver.java:344)
	at org.openqa.selenium.support.pagefactory.DefaultElementLocator.findElement(DefaultElementLocator.java:68)
	at org.openqa.selenium.support.pagefactory.internal.LocatingElementHandler.invoke(LocatingElementHandler.java:38)
	at jdk.proxy2/jdk.proxy2.$Proxy31.click(Unknown Source)
	at com.AutomationJiviewsPOM.EmpAdmEmployeeProfilePage.chooseRosterGroup(EmpAdmEmployeeProfilePage.java:1167)
	at com.AutomationJiviewsPOM.EmpAdmEmployeeProfilePage.searchRosterGroup(EmpAdmEmployeeProfilePage.java:1399)
	at com.JiviewsAutomation.SystemDefination_Test.EmpAdmEmployeeProfileTest.verifysearchRosterGroup(EmpAdmEmployeeProfileTest.java:90)
	at java.base/jdk.internal.reflect.NativeMethodAccessorImpl.invoke0(Native Method)
	at java.base/jdk.internal.reflect.NativeMethodAccessorImpl.invoke(NativeMethodAccessorImpl.java:77)
	at java.base/jdk.internal.reflect.DelegatingMethodAccessorImpl.invoke(DelegatingMethodAccessorImpl.java:43)
	at java.base/java.lang.reflect.Method.invoke(Method.java:568)
	at org.testng.internal.MethodInvocationHelper.invokeMethod(MethodInvocationHelper.java:124)
	at org.testng.internal.Invoker.invokeMethod(Invoker.java:583)
	at org.testng.internal.Invoker.invokeTestMethod(Invoker.java:719)
	at org.testng.internal.Invoker.invokeTestMethods(Invoker.java:989)
	at org.testng.internal.TestMethodWorker.invokeTestMethods(TestMethodWorker.java:125)
	at org.testng.internal.TestMethodWorker.run(TestMethodWorker.java:109)
	at org.testng.TestRunner.privateRun(TestRunner.java:648)
	at org.testng.TestRunner.run(TestRunner.java:505)
	at org.testng.SuiteRunner.runTest(SuiteRunner.java:455)
	at org.testng.SuiteRunner.runSequentially(SuiteRunner.java:450)
	at org.testng.SuiteRunner.privateRun(SuiteRunner.java:415)
	at org.testng.SuiteRunner.run(SuiteRunner.java:364)
	at org.testng.SuiteRunnerWorker.runSuite(SuiteRunnerWorker.java:52)
	at org.testng.SuiteRunnerWorker.run(SuiteRunnerWorker.java:84)
	at org.testng.TestNG.runSuitesSequentially(TestNG.java:1208)
	at org.testng.TestNG.runSuitesLocally(TestNG.java:1137)
	at org.testng.TestNG.runSuites(TestNG.java:1049)
	at org.testng.TestNG.run(TestNG.java:1017)
	at org.apache.maven.surefire.testng.TestNGExecutor.run(TestNGExecutor.java:308)
	at org.apache.maven.surefire.testng.TestNGXmlTestSuite.execute(TestNGXmlTestSuite.java:71)
	at org.apache.maven.surefire.testng.TestNGProvider.invoke(TestNGProvider.java:113)
	at org.apache.maven.surefire.booter.ForkedBooter.runSuitesInProcess(ForkedBooter.java:385)
	at org.apache.maven.surefire.booter.ForkedBooter.execute(ForkedBooter.java:162)
	at org.apache.maven.surefire.booter.ForkedBooter.run(ForkedBooter.java:507)
	at org.apache.maven.surefire.booter.ForkedBooter.main(ForkedBooter.java:495)

com.JiviewsAutomation.SystemDefination_Test.EmpAdmEmployeeProfileTest.verifyreactivateEmpProfile -- Time elapsed: 27.23 s <<< FAILURE!
org.openqa.selenium.StaleElementReferenceException: 
stale element reference: stale element not found
  (Session info: chrome=119.0.6045.200)
For documentation on this error, please visit: https://www.selenium.dev/documentation/webdriver/troubleshooting/errors#stale-element-reference-exception
Build info: version: '4.10.0', revision: 'c14d967899'
System info: os.name: 'Windows 11', os.arch: 'amd64', os.version: '10.0', java.version: '17.0.8.1'
Driver info: org.openqa.selenium.chrome.ChromeDriver
Command: [3d9562eb60539aaa340e82e4877c54c2, isElementEnabled {id=6932AC8C8A793533D023B89E546D97CA_element_1640}]
Capabilities {acceptInsecureCerts: false, browserName: chrome, browserVersion: 119.0.6045.200, chrome: {chromedriverVersion: 119.0.6045.105 (38c72552c5e..., userDataDir: C:\Users\kumar\AppData\Loca...}, fedcm:accounts: true, goog:chromeOptions: {debuggerAddress: localhost:54040}, networkConnectionEnabled: false, pageLoadStrategy: normal, platformName: windows, proxy: Proxy(), se:cdp: ws://localhost:54040/devtoo..., se:cdpVersion: 119.0.6045.200, setWindowRect: true, strictFileInteractability: false, timeouts: {implicit: 0, pageLoad: 300000, script: 30000}, unhandledPromptBehavior: dismiss and notify, webauthn:extension:credBlob: true, webauthn:extension:largeBlob: true, webauthn:extension:minPinLength: true, webauthn:extension:prf: true, webauthn:virtualAuthenticators: true}
Element: [[ChromeDriver: chrome on windows (3d9562eb60539aaa340e82e4877c54c2)] -> xpath: //td/input[@type='checkbox']]
Session ID: 3d9562eb60539aaa340e82e4877c54c2
	at java.base/jdk.internal.reflect.NativeConstructorAccessorImpl.newInstance0(Native Method)
	at java.base/jdk.internal.reflect.NativeConstructorAccessorImpl.newInstance(NativeConstructorAccessorImpl.java:77)
	at java.base/jdk.internal.reflect.DelegatingConstructorAccessorImpl.newInstance(DelegatingConstructorAccessorImpl.java:45)
	at java.base/java.lang.reflect.Constructor.newInstanceWithCaller(Constructor.java:499)
	at java.base/java.lang.reflect.Constructor.newInstance(Constructor.java:480)
	at org.openqa.selenium.remote.codec.w3c.W3CHttpResponseCodec.createException(W3CHttpResponseCodec.java:199)
	at org.openqa.selenium.remote.codec.w3c.W3CHttpResponseCodec.decode(W3CHttpResponseCodec.java:132)
	at org.openqa.selenium.remote.codec.w3c.W3CHttpResponseCodec.decode(W3CHttpResponseCodec.java:51)
	at org.openqa.selenium.remote.HttpCommandExecutor.execute(HttpCommandExecutor.java:191)
	at org.openqa.selenium.remote.service.DriverCommandExecutor.invokeExecute(DriverCommandExecutor.java:196)
	at org.openqa.selenium.remote.service.DriverCommandExecutor.execute(DriverCommandExecutor.java:171)
	at org.openqa.selenium.remote.RemoteWebDriver.execute(RemoteWebDriver.java:531)
	at org.openqa.selenium.remote.RemoteWebElement.execute(RemoteWebElement.java:242)
	at org.openqa.selenium.remote.RemoteWebElement.isEnabled(RemoteWebElement.java:182)
	at com.AutomationJiviewsPOM.EmpAdmEmployeeProfilePage.reactivateRowsWithEnabledCheckbox(EmpAdmEmployeeProfilePage.java:958)
	at com.AutomationJiviewsPOM.EmpAdmEmployeeProfilePage.goToNextPageAndReactivate(EmpAdmEmployeeProfilePage.java:978)
	at com.AutomationJiviewsPOM.EmpAdmEmployeeProfilePage.reactivateRowsWithEnabledCheckbox(EmpAdmEmployeeProfilePage.java:969)
	at com.AutomationJiviewsPOM.EmpAdmEmployeeProfilePage.goToNextPageAndReactivate(EmpAdmEmployeeProfilePage.java:978)
	at com.AutomationJiviewsPOM.EmpAdmEmployeeProfilePage.reactivateRowsWithEnabledCheckbox(EmpAdmEmployeeProfilePage.java:969)
	at com.AutomationJiviewsPOM.EmpAdmEmployeeProfilePage.goToNextPageAndReactivate(EmpAdmEmployeeProfilePage.java:978)
	at com.AutomationJiviewsPOM.EmpAdmEmployeeProfilePage.reactivateRowsWithEnabledCheckbox(EmpAdmEmployeeProfilePage.java:969)
	at com.AutomationJiviewsPOM.EmpAdmEmployeeProfilePage.goToNextPageAndReactivate(EmpAdmEmployeeProfilePage.java:978)
	at com.AutomationJiviewsPOM.EmpAdmEmployeeProfilePage.reactivateRowsWithEnabledCheckbox(EmpAdmEmployeeProfilePage.java:969)
	at com.AutomationJiviewsPOM.EmpAdmEmployeeProfilePage.goToNextPageAndReactivate(EmpAdmEmployeeProfilePage.java:978)
	at com.AutomationJiviewsPOM.EmpAdmEmployeeProfilePage.reactivateRowsWithEnabledCheckbox(EmpAdmEmployeeProfilePage.java:969)
	at com.AutomationJiviewsPOM.EmpAdmEmployeeProfilePage.goToNextPageAndReactivate(EmpAdmEmployeeProfilePage.java:978)
	at com.AutomationJiviewsPOM.EmpAdmEmployeeProfilePage.reactivateRowsWithEnabledCheckbox(EmpAdmEmployeeProfilePage.java:969)
	at com.AutomationJiviewsPOM.EmpAdmEmployeeProfilePage.goToNextPageAndReactivate(EmpAdmEmployeeProfilePage.java:978)
	at com.AutomationJiviewsPOM.EmpAdmEmployeeProfilePage.reactivateRowsWithEnabledCheckbox(EmpAdmEmployeeProfilePage.java:969)
	at com.AutomationJiviewsPOM.EmpAdmEmployeeProfilePage.goToNextPageAndReactivate(EmpAdmEmployeeProfilePage.java:978)
	at com.AutomationJiviewsPOM.EmpAdmEmployeeProfilePage.reactivateRowsWithEnabledCheckbox(EmpAdmEmployeeProfilePage.java:969)
	at com.AutomationJiviewsPOM.EmpAdmEmployeeProfilePage.goToNextPageAndReactivate(EmpAdmEmployeeProfilePage.java:978)
	at com.AutomationJiviewsPOM.EmpAdmEmployeeProfilePage.reactivateRowsWithEnabledCheckbox(EmpAdmEmployeeProfilePage.java:969)
	at com.AutomationJiviewsPOM.EmpAdmEmployeeProfilePage.goToNextPageAndReactivate(EmpAdmEmployeeProfilePage.java:978)
	at com.AutomationJiviewsPOM.EmpAdmEmployeeProfilePage.reactivateRowsWithEnabledCheckbox(EmpAdmEmployeeProfilePage.java:969)
	at com.AutomationJiviewsPOM.EmpAdmEmployeeProfilePage.goToNextPageAndReactivate(EmpAdmEmployeeProfilePage.java:978)
	at com.AutomationJiviewsPOM.EmpAdmEmployeeProfilePage.reactivateRowsWithEnabledCheckbox(EmpAdmEmployeeProfilePage.java:969)
	at com.AutomationJiviewsPOM.EmpAdmEmployeeProfilePage.goToNextPageAndReactivate(EmpAdmEmployeeProfilePage.java:978)
	at com.AutomationJiviewsPOM.EmpAdmEmployeeProfilePage.reactivateRowsWithEnabledCheckbox(EmpAdmEmployeeProfilePage.java:969)
	at com.AutomationJiviewsPOM.EmpAdmEmployeeProfilePage.goToNextPageAndReactivate(EmpAdmEmployeeProfilePage.java:978)
	at com.AutomationJiviewsPOM.EmpAdmEmployeeProfilePage.reactivateRowsWithEnabledCheckbox(EmpAdmEmployeeProfilePage.java:969)
	at com.AutomationJiviewsPOM.EmpAdmEmployeeProfilePage.goToNextPageAndReactivate(EmpAdmEmployeeProfilePage.java:978)
	at com.AutomationJiviewsPOM.EmpAdmEmployeeProfilePage.reactivateRowsWithEnabledCheckbox(EmpAdmEmployeeProfilePage.java:969)
	at com.AutomationJiviewsPOM.EmpAdmEmployeeProfilePage.goToNextPageAndReactivate(EmpAdmEmployeeProfilePage.java:978)
	at com.AutomationJiviewsPOM.EmpAdmEmployeeProfilePage.reactivateRowsWithEnabledCheckbox(EmpAdmEmployeeProfilePage.java:969)
	at com.AutomationJiviewsPOM.EmpAdmEmployeeProfilePage.goToNextPageAndReactivate(EmpAdmEmployeeProfilePage.java:978)
	at com.AutomationJiviewsPOM.EmpAdmEmployeeProfilePage.reactivateRowsWithEnabledCheckbox(EmpAdmEmployeeProfilePage.java:969)
	at com.AutomationJiviewsPOM.EmpAdmEmployeeProfilePage.goToNextPageAndReactivate(EmpAdmEmployeeProfilePage.java:978)
	at com.AutomationJiviewsPOM.EmpAdmEmployeeProfilePage.reactivateRowsWithEnabledCheckbox(EmpAdmEmployeeProfilePage.java:969)
	at com.AutomationJiviewsPOM.EmpAdmEmployeeProfilePage.goToNextPageAndReactivate(EmpAdmEmployeeProfilePage.java:978)
	at com.AutomationJiviewsPOM.EmpAdmEmployeeProfilePage.reactivateRowsWithEnabledCheckbox(EmpAdmEmployeeProfilePage.java:969)
	at com.AutomationJiviewsPOM.EmpAdmEmployeeProfilePage.goToNextPageAndReactivate(EmpAdmEmployeeProfilePage.java:978)
	at com.AutomationJiviewsPOM.EmpAdmEmployeeProfilePage.reactivateRowsWithEnabledCheckbox(EmpAdmEmployeeProfilePage.java:969)
	at com.AutomationJiviewsPOM.EmpAdmEmployeeProfilePage.goToNextPageAndReactivate(EmpAdmEmployeeProfilePage.java:978)
	at com.AutomationJiviewsPOM.EmpAdmEmployeeProfilePage.reactivateRowsWithEnabledCheckbox(EmpAdmEmployeeProfilePage.java:969)
	at com.AutomationJiviewsPOM.EmpAdmEmployeeProfilePage.goToNextPageAndReactivate(EmpAdmEmployeeProfilePage.java:978)
	at com.AutomationJiviewsPOM.EmpAdmEmployeeProfilePage.reactivateRowsWithEnabledCheckbox(EmpAdmEmployeeProfilePage.java:969)
	at com.AutomationJiviewsPOM.EmpAdmEmployeeProfilePage.goToNextPageAndReactivate(EmpAdmEmployeeProfilePage.java:978)
	at com.AutomationJiviewsPOM.EmpAdmEmployeeProfilePage.reactivateRowsWithEnabledCheckbox(EmpAdmEmployeeProfilePage.java:969)
	at com.AutomationJiviewsPOM.EmpAdmEmployeeProfilePage.goToNextPageAndReactivate(EmpAdmEmployeeProfilePage.java:978)
	at com.AutomationJiviewsPOM.EmpAdmEmployeeProfilePage.reactivateRowsWithEnabledCheckbox(EmpAdmEmployeeProfilePage.java:969)
	at com.AutomationJiviewsPOM.EmpAdmEmployeeProfilePage.goToNextPageAndReactivate(EmpAdmEmployeeProfilePage.java:978)
	at com.AutomationJiviewsPOM.EmpAdmEmployeeProfilePage.reactivateRowsWithEnabledCheckbox(EmpAdmEmployeeProfilePage.java:969)
	at com.AutomationJiviewsPOM.EmpAdmEmployeeProfilePage.goToNextPageAndReactivate(EmpAdmEmployeeProfilePage.java:978)
	at com.AutomationJiviewsPOM.EmpAdmEmployeeProfilePage.reactivateRowsWithEnabledCheckbox(EmpAdmEmployeeProfilePage.java:969)
	at com.AutomationJiviewsPOM.EmpAdmEmployeeProfilePage.goToNextPageAndReactivate(EmpAdmEmployeeProfilePage.java:978)
	at com.AutomationJiviewsPOM.EmpAdmEmployeeProfilePage.reactivateRowsWithEnabledCheckbox(EmpAdmEmployeeProfilePage.java:969)
	at com.AutomationJiviewsPOM.EmpAdmEmployeeProfilePage.goToNextPageAndReactivate(EmpAdmEmployeeProfilePage.java:978)
	at com.AutomationJiviewsPOM.EmpAdmEmployeeProfilePage.reactivateRowsWithEnabledCheckbox(EmpAdmEmployeeProfilePage.java:969)
	at com.AutomationJiviewsPOM.EmpAdmEmployeeProfilePage.goToNextPageAndReactivate(EmpAdmEmployeeProfilePage.java:978)
	at com.AutomationJiviewsPOM.EmpAdmEmployeeProfilePage.reactivateRowsWithEnabledCheckbox(EmpAdmEmployeeProfilePage.java:969)
	at com.AutomationJiviewsPOM.EmpAdmEmployeeProfilePage.goToNextPageAndReactivate(EmpAdmEmployeeProfilePage.java:978)
	at com.AutomationJiviewsPOM.EmpAdmEmployeeProfilePage.reactivateRowsWithEnabledCheckbox(EmpAdmEmployeeProfilePage.java:969)
	at com.AutomationJiviewsPOM.EmpAdmEmployeeProfilePage.goToNextPageAndReactivate(EmpAdmEmployeeProfilePage.java:978)
	at com.AutomationJiviewsPOM.EmpAdmEmployeeProfilePage.reactivateRowsWithEnabledCheckbox(EmpAdmEmployeeProfilePage.java:969)
	at com.AutomationJiviewsPOM.EmpAdmEmployeeProfilePage.goToNextPageAndReactivate(EmpAdmEmployeeProfilePage.java:978)
	at com.AutomationJiviewsPOM.EmpAdmEmployeeProfilePage.reactivateRowsWithEnabledCheckbox(EmpAdmEmployeeProfilePage.java:969)
	at com.AutomationJiviewsPOM.EmpAdmEmployeeProfilePage.goToNextPageAndReactivate(EmpAdmEmployeeProfilePage.java:978)
	at com.AutomationJiviewsPOM.EmpAdmEmployeeProfilePage.reactivateRowsWithEnabledCheckbox(EmpAdmEmployeeProfilePage.java:969)
	at com.AutomationJiviewsPOM.EmpAdmEmployeeProfilePage.goToNextPageAndReactivate(EmpAdmEmployeeProfilePage.java:978)
	at com.AutomationJiviewsPOM.EmpAdmEmployeeProfilePage.reactivateRowsWithEnabledCheckbox(EmpAdmEmployeeProfilePage.java:969)
	at com.AutomationJiviewsPOM.EmpAdmEmployeeProfilePage.goToNextPageAndReactivate(EmpAdmEmployeeProfilePage.java:978)
	at com.AutomationJiviewsPOM.EmpAdmEmployeeProfilePage.reactivateRowsWithEnabledCheckbox(EmpAdmEmployeeProfilePage.java:969)
	at com.AutomationJiviewsPOM.EmpAdmEmployeeProfilePage.goToNextPageAndReactivate(EmpAdmEmployeeProfilePage.java:978)
	at com.AutomationJiviewsPOM.EmpAdmEmployeeProfilePage.reactivateRowsWithEnabledCheckbox(EmpAdmEmployeeProfilePage.java:969)
	at com.AutomationJiviewsPOM.EmpAdmEmployeeProfilePage.goToNextPageAndReactivate(EmpAdmEmployeeProfilePage.java:978)
	at com.AutomationJiviewsPOM.EmpAdmEmployeeProfilePage.reactivateRowsWithEnabledCheckbox(EmpAdmEmployeeProfilePage.java:969)
	at com.AutomationJiviewsPOM.EmpAdmEmployeeProfilePage.goToNextPageAndReactivate(EmpAdmEmployeeProfilePage.java:978)
	at com.AutomationJiviewsPOM.EmpAdmEmployeeProfilePage.reactivateRowsWithEnabledCheckbox(EmpAdmEmployeeProfilePage.java:969)
	at com.AutomationJiviewsPOM.EmpAdmEmployeeProfilePage.goToNextPageAndReactivate(EmpAdmEmployeeProfilePage.java:978)
	at com.AutomationJiviewsPOM.EmpAdmEmployeeProfilePage.reactivateRowsWithEnabledCheckbox(EmpAdmEmployeeProfilePage.java:969)
	at com.AutomationJiviewsPOM.EmpAdmEmployeeProfilePage.goToNextPageAndReactivate(EmpAdmEmployeeProfilePage.java:978)
	at com.AutomationJiviewsPOM.EmpAdmEmployeeProfilePage.reactivateRowsWithEnabledCheckbox(EmpAdmEmployeeProfilePage.java:969)
	at com.AutomationJiviewsPOM.EmpAdmEmployeeProfilePage.goToNextPageAndReactivate(EmpAdmEmployeeProfilePage.java:978)
	at com.AutomationJiviewsPOM.EmpAdmEmployeeProfilePage.reactivateRowsWithEnabledCheckbox(EmpAdmEmployeeProfilePage.java:969)
	at com.AutomationJiviewsPOM.EmpAdmEmployeeProfilePage.goToNextPageAndReactivate(EmpAdmEmployeeProfilePage.java:978)
	at com.AutomationJiviewsPOM.EmpAdmEmployeeProfilePage.reactivateRowsWithEnabledCheckbox(EmpAdmEmployeeProfilePage.java:969)
	at com.AutomationJiviewsPOM.EmpAdmEmployeeProfilePage.goToNextPageAndReactivate(EmpAdmEmployeeProfilePage.java:978)
	at com.AutomationJiviewsPOM.EmpAdmEmployeeProfilePage.reactivateRowsWithEnabledCheckbox(EmpAdmEmployeeProfilePage.java:969)
	at com.AutomationJiviewsPOM.EmpAdmEmployeeProfilePage.goToNextPageAndReactivate(EmpAdmEmployeeProfilePage.java:978)
	at com.AutomationJiviewsPOM.EmpAdmEmployeeProfilePage.reactivateRowsWithEnabledCheckbox(EmpAdmEmployeeProfilePage.java:969)
	at com.AutomationJiviewsPOM.EmpAdmEmployeeProfilePage.goToNextPageAndReactivate(EmpAdmEmployeeProfilePage.java:978)
	at com.AutomationJiviewsPOM.EmpAdmEmployeeProfilePage.reactivateRowsWithEnabledCheckbox(EmpAdmEmployeeProfilePage.java:969)
	at com.AutomationJiviewsPOM.EmpAdmEmployeeProfilePage.goToNextPageAndReactivate(EmpAdmEmployeeProfilePage.java:978)
	at com.AutomationJiviewsPOM.EmpAdmEmployeeProfilePage.reactivateRowsWithEnabledCheckbox(EmpAdmEmployeeProfilePage.java:969)
	at com.AutomationJiviewsPOM.EmpAdmEmployeeProfilePage.goToNextPageAndReactivate(EmpAdmEmployeeProfilePage.java:978)
	at com.AutomationJiviewsPOM.EmpAdmEmployeeProfilePage.reactivateRowsWithEnabledCheckbox(EmpAdmEmployeeProfilePage.java:969)
	at com.AutomationJiviewsPOM.EmpAdmEmployeeProfilePage.goToNextPageAndReactivate(EmpAdmEmployeeProfilePage.java:978)
	at com.AutomationJiviewsPOM.EmpAdmEmployeeProfilePage.reactivateRowsWithEnabledCheckbox(EmpAdmEmployeeProfilePage.java:969)
	at com.AutomationJiviewsPOM.EmpAdmEmployeeProfilePage.goToNextPageAndReactivate(EmpAdmEmployeeProfilePage.java:978)
	at com.AutomationJiviewsPOM.EmpAdmEmployeeProfilePage.reactivateRowsWithEnabledCheckbox(EmpAdmEmployeeProfilePage.java:969)
	at com.AutomationJiviewsPOM.EmpAdmEmployeeProfilePage.goToNextPageAndReactivate(EmpAdmEmployeeProfilePage.java:978)
	at com.AutomationJiviewsPOM.EmpAdmEmployeeProfilePage.reactivateRowsWithEnabledCheckbox(EmpAdmEmployeeProfilePage.java:969)
	at com.AutomationJiviewsPOM.EmpAdmEmployeeProfilePage.goToNextPageAndReactivate(EmpAdmEmployeeProfilePage.java:978)
	at com.AutomationJiviewsPOM.EmpAdmEmployeeProfilePage.reactivateRowsWithEnabledCheckbox(EmpAdmEmployeeProfilePage.java:969)
	at com.AutomationJiviewsPOM.EmpAdmEmployeeProfilePage.goToNextPageAndReactivate(EmpAdmEmployeeProfilePage.java:978)
	at com.AutomationJiviewsPOM.EmpAdmEmployeeProfilePage.reactivateRowsWithEnabledCheckbox(EmpAdmEmployeeProfilePage.java:969)
	at com.AutomationJiviewsPOM.EmpAdmEmployeeProfilePage.goToNextPageAndReactivate(EmpAdmEmployeeProfilePage.java:978)
	at com.AutomationJiviewsPOM.EmpAdmEmployeeProfilePage.reactivateRowsWithEnabledCheckbox(EmpAdmEmployeeProfilePage.java:969)
	at com.AutomationJiviewsPOM.EmpAdmEmployeeProfilePage.goToNextPageAndReactivate(EmpAdmEmployeeProfilePage.java:978)
	at com.AutomationJiviewsPOM.EmpAdmEmployeeProfilePage.reactivateRowsWithEnabledCheckbox(EmpAdmEmployeeProfilePage.java:969)
	at com.AutomationJiviewsPOM.EmpAdmEmployeeProfilePage.goToNextPageAndReactivate(EmpAdmEmployeeProfilePage.java:978)
	at com.AutomationJiviewsPOM.EmpAdmEmployeeProfilePage.reactivateRowsWithEnabledCheckbox(EmpAdmEmployeeProfilePage.java:969)
	at com.AutomationJiviewsPOM.EmpAdmEmployeeProfilePage.goToNextPageAndReactivate(EmpAdmEmployeeProfilePage.java:978)
	at com.AutomationJiviewsPOM.EmpAdmEmployeeProfilePage.reactivateRowsWithEnabledCheckbox(EmpAdmEmployeeProfilePage.java:969)
	at com.AutomationJiviewsPOM.EmpAdmEmployeeProfilePage.goToNextPageAndReactivate(EmpAdmEmployeeProfilePage.java:978)
	at com.AutomationJiviewsPOM.EmpAdmEmployeeProfilePage.reactivateRowsWithEnabledCheckbox(EmpAdmEmployeeProfilePage.java:969)
	at com.AutomationJiviewsPOM.EmpAdmEmployeeProfilePage.goToNextPageAndReactivate(EmpAdmEmployeeProfilePage.java:978)
	at com.AutomationJiviewsPOM.EmpAdmEmployeeProfilePage.reactivateRowsWithEnabledCheckbox(EmpAdmEmployeeProfilePage.java:969)
	at com.AutomationJiviewsPOM.EmpAdmEmployeeProfilePage.goToNextPageAndReactivate(EmpAdmEmployeeProfilePage.java:978)
	at com.AutomationJiviewsPOM.EmpAdmEmployeeProfilePage.reactivateRowsWithEnabledCheckbox(EmpAdmEmployeeProfilePage.java:969)
	at com.AutomationJiviewsPOM.EmpAdmEmployeeProfilePage.goToNextPageAndReactivate(EmpAdmEmployeeProfilePage.java:978)
	at com.AutomationJiviewsPOM.EmpAdmEmployeeProfilePage.reactivateRowsWithEnabledCheckbox(EmpAdmEmployeeProfilePage.java:969)
	at com.AutomationJiviewsPOM.EmpAdmEmployeeProfilePage.goToNextPageAndReactivate(EmpAdmEmployeeProfilePage.java:978)
	at com.AutomationJiviewsPOM.EmpAdmEmployeeProfilePage.reactivateRowsWithEnabledCheckbox(EmpAdmEmployeeProfilePage.java:969)
	at com.AutomationJiviewsPOM.EmpAdmEmployeeProfilePage.goToNextPageAndReactivate(EmpAdmEmployeeProfilePage.java:978)
	at com.AutomationJiviewsPOM.EmpAdmEmployeeProfilePage.reactivateRowsWithEnabledCheckbox(EmpAdmEmployeeProfilePage.java:969)
	at com.AutomationJiviewsPOM.EmpAdmEmployeeProfilePage.goToNextPageAndReactivate(EmpAdmEmployeeProfilePage.java:978)
	at com.AutomationJiviewsPOM.EmpAdmEmployeeProfilePage.reactivateRowsWithEnabledCheckbox(EmpAdmEmployeeProfilePage.java:969)
	at com.AutomationJiviewsPOM.EmpAdmEmployeeProfilePage.goToNextPageAndReactivate(EmpAdmEmployeeProfilePage.java:978)
	at com.AutomationJiviewsPOM.EmpAdmEmployeeProfilePage.reactivateRowsWithEnabledCheckbox(EmpAdmEmployeeProfilePage.java:969)
	at com.AutomationJiviewsPOM.EmpAdmEmployeeProfilePage.goToNextPageAndReactivate(EmpAdmEmployeeProfilePage.java:978)
	at com.AutomationJiviewsPOM.EmpAdmEmployeeProfilePage.reactivateRowsWithEnabledCheckbox(EmpAdmEmployeeProfilePage.java:969)
	at com.AutomationJiviewsPOM.EmpAdmEmployeeProfilePage.goToNextPageAndReactivate(EmpAdmEmployeeProfilePage.java:978)
	at com.AutomationJiviewsPOM.EmpAdmEmployeeProfilePage.reactivateRowsWithEnabledCheckbox(EmpAdmEmployeeProfilePage.java:969)
	at com.AutomationJiviewsPOM.EmpAdmEmployeeProfilePage.goToNextPageAndReactivate(EmpAdmEmployeeProfilePage.java:978)
	at com.AutomationJiviewsPOM.EmpAdmEmployeeProfilePage.reactivateRowsWithEnabledCheckbox(EmpAdmEmployeeProfilePage.java:969)
	at com.AutomationJiviewsPOM.EmpAdmEmployeeProfilePage.goToNextPageAndReactivate(EmpAdmEmployeeProfilePage.java:978)
	at com.AutomationJiviewsPOM.EmpAdmEmployeeProfilePage.reactivateRowsWithEnabledCheckbox(EmpAdmEmployeeProfilePage.java:969)
	at com.AutomationJiviewsPOM.EmpAdmEmployeeProfilePage.goToNextPageAndReactivate(EmpAdmEmployeeProfilePage.java:978)
	at com.AutomationJiviewsPOM.EmpAdmEmployeeProfilePage.reactivateRowsWithEnabledCheckbox(EmpAdmEmployeeProfilePage.java:969)
	at com.AutomationJiviewsPOM.EmpAdmEmployeeProfilePage.goToNextPageAndReactivate(EmpAdmEmployeeProfilePage.java:978)
	at com.AutomationJiviewsPOM.EmpAdmEmployeeProfilePage.reactivateRowsWithEnabledCheckbox(EmpAdmEmployeeProfilePage.java:969)
	at com.AutomationJiviewsPOM.EmpAdmEmployeeProfilePage.goToNextPageAndReactivate(EmpAdmEmployeeProfilePage.java:978)
	at com.AutomationJiviewsPOM.EmpAdmEmployeeProfilePage.reactivateRowsWithEnabledCheckbox(EmpAdmEmployeeProfilePage.java:969)
	at com.AutomationJiviewsPOM.EmpAdmEmployeeProfilePage.goToNextPageAndReactivate(EmpAdmEmployeeProfilePage.java:978)
	at com.AutomationJiviewsPOM.EmpAdmEmployeeProfilePage.reactivateRowsWithEnabledCheckbox(EmpAdmEmployeeProfilePage.java:969)
	at com.AutomationJiviewsPOM.EmpAdmEmployeeProfilePage.goToNextPageAndReactivate(EmpAdmEmployeeProfilePage.java:978)
	at com.AutomationJiviewsPOM.EmpAdmEmployeeProfilePage.reactivateRowsWithEnabledCheckbox(EmpAdmEmployeeProfilePage.java:969)
	at com.AutomationJiviewsPOM.EmpAdmEmployeeProfilePage.goToNextPageAndReactivate(EmpAdmEmployeeProfilePage.java:978)
	at com.AutomationJiviewsPOM.EmpAdmEmployeeProfilePage.reactivateRowsWithEnabledCheckbox(EmpAdmEmployeeProfilePage.java:969)
	at com.AutomationJiviewsPOM.EmpAdmEmployeeProfilePage.goToNextPageAndReactivate(EmpAdmEmployeeProfilePage.java:978)
	at com.AutomationJiviewsPOM.EmpAdmEmployeeProfilePage.reactivateRowsWithEnabledCheckbox(EmpAdmEmployeeProfilePage.java:969)
	at com.AutomationJiviewsPOM.EmpAdmEmployeeProfilePage.goToNextPageAndReactivate(EmpAdmEmployeeProfilePage.java:978)
	at com.AutomationJiviewsPOM.EmpAdmEmployeeProfilePage.reactivateRowsWithEnabledCheckbox(EmpAdmEmployeeProfilePage.java:969)
	at com.AutomationJiviewsPOM.EmpAdmEmployeeProfilePage.goToNextPageAndReactivate(EmpAdmEmployeeProfilePage.java:978)
	at com.AutomationJiviewsPOM.EmpAdmEmployeeProfilePage.reactivateRowsWithEnabledCheckbox(EmpAdmEmployeeProfilePage.java:969)
	at com.AutomationJiviewsPOM.EmpAdmEmployeeProfilePage.goToNextPageAndReactivate(EmpAdmEmployeeProfilePage.java:978)
	at com.AutomationJiviewsPOM.EmpAdmEmployeeProfilePage.reactivateRowsWithEnabledCheckbox(EmpAdmEmployeeProfilePage.java:969)
	at com.AutomationJiviewsPOM.EmpAdmEmployeeProfilePage.goToNextPageAndReactivate(EmpAdmEmployeeProfilePage.java:978)
	at com.AutomationJiviewsPOM.EmpAdmEmployeeProfilePage.reactivateRowsWithEnabledCheckbox(EmpAdmEmployeeProfilePage.java:969)
	at com.AutomationJiviewsPOM.EmpAdmEmployeeProfilePage.goToNextPageAndReactivate(EmpAdmEmployeeProfilePage.java:978)
	at com.AutomationJiviewsPOM.EmpAdmEmployeeProfilePage.reactivateRowsWithEnabledCheckbox(EmpAdmEmployeeProfilePage.java:969)
	at com.AutomationJiviewsPOM.EmpAdmEmployeeProfilePage.goToNextPageAndReactivate(EmpAdmEmployeeProfilePage.java:978)
	at com.AutomationJiviewsPOM.EmpAdmEmployeeProfilePage.reactivateRowsWithEnabledCheckbox(EmpAdmEmployeeProfilePage.java:969)
	at com.AutomationJiviewsPOM.EmpAdmEmployeeProfilePage.goToNextPageAndReactivate(EmpAdmEmployeeProfilePage.java:978)
	at com.AutomationJiviewsPOM.EmpAdmEmployeeProfilePage.reactivateRowsWithEnabledCheckbox(EmpAdmEmployeeProfilePage.java:969)
	at com.AutomationJiviewsPOM.EmpAdmEmployeeProfilePage.goToNextPageAndReactivate(EmpAdmEmployeeProfilePage.java:978)
	at com.AutomationJiviewsPOM.EmpAdmEmployeeProfilePage.reactivateRowsWithEnabledCheckbox(EmpAdmEmployeeProfilePage.java:969)
	at com.AutomationJiviewsPOM.EmpAdmEmployeeProfilePage.goToNextPageAndReactivate(EmpAdmEmployeeProfilePage.java:978)
	at com.AutomationJiviewsPOM.EmpAdmEmployeeProfilePage.reactivateRowsWithEnabledCheckbox(EmpAdmEmployeeProfilePage.java:969)
	at com.AutomationJiviewsPOM.EmpAdmEmployeeProfilePage.goToNextPageAndReactivate(EmpAdmEmployeeProfilePage.java:978)
	at com.AutomationJiviewsPOM.EmpAdmEmployeeProfilePage.reactivateRowsWithEnabledCheckbox(EmpAdmEmployeeProfilePage.java:969)
	at com.AutomationJiviewsPOM.EmpAdmEmployeeProfilePage.goToNextPageAndReactivate(EmpAdmEmployeeProfilePage.java:978)
	at com.AutomationJiviewsPOM.EmpAdmEmployeeProfilePage.reactivateRowsWithEnabledCheckbox(EmpAdmEmployeeProfilePage.java:969)
	at com.AutomationJiviewsPOM.EmpAdmEmployeeProfilePage.goToNextPageAndReactivate(EmpAdmEmployeeProfilePage.java:978)
	at com.AutomationJiviewsPOM.EmpAdmEmployeeProfilePage.reactivateRowsWithEnabledCheckbox(EmpAdmEmployeeProfilePage.java:969)
	at com.AutomationJiviewsPOM.EmpAdmEmployeeProfilePage.goToNextPageAndReactivate(EmpAdmEmployeeProfilePage.java:978)
	at com.AutomationJiviewsPOM.EmpAdmEmployeeProfilePage.reactivateRowsWithEnabledCheckbox(EmpAdmEmployeeProfilePage.java:969)
	at com.AutomationJiviewsPOM.EmpAdmEmployeeProfilePage.goToNextPageAndReactivate(EmpAdmEmployeeProfilePage.java:978)
	at com.AutomationJiviewsPOM.EmpAdmEmployeeProfilePage.reactivateRowsWithEnabledCheckbox(EmpAdmEmployeeProfilePage.java:969)
	at com.AutomationJiviewsPOM.EmpAdmEmployeeProfilePage.goToNextPageAndReactivate(EmpAdmEmployeeProfilePage.java:978)
	at com.AutomationJiviewsPOM.EmpAdmEmployeeProfilePage.reactivateRowsWithEnabledCheckbox(EmpAdmEmployeeProfilePage.java:969)
	at com.AutomationJiviewsPOM.EmpAdmEmployeeProfilePage.goToNextPageAndReactivate(EmpAdmEmployeeProfilePage.java:978)
	at com.AutomationJiviewsPOM.EmpAdmEmployeeProfilePage.reactivateRowsWithEnabledCheckbox(EmpAdmEmployeeProfilePage.java:969)
	at com.AutomationJiviewsPOM.EmpAdmEmployeeProfilePage.goToNextPageAndReactivate(EmpAdmEmployeeProfilePage.java:978)
	at com.AutomationJiviewsPOM.EmpAdmEmployeeProfilePage.reactivateRowsWithEnabledCheckbox(EmpAdmEmployeeProfilePage.java:969)
	at com.AutomationJiviewsPOM.EmpAdmEmployeeProfilePage.goToNextPageAndReactivate(EmpAdmEmployeeProfilePage.java:978)
	at com.AutomationJiviewsPOM.EmpAdmEmployeeProfilePage.reactivateRowsWithEnabledCheckbox(EmpAdmEmployeeProfilePage.java:969)
	at com.AutomationJiviewsPOM.EmpAdmEmployeeProfilePage.goToNextPageAndReactivate(EmpAdmEmployeeProfilePage.java:978)
	at com.AutomationJiviewsPOM.EmpAdmEmployeeProfilePage.reactivateRowsWithEnabledCheckbox(EmpAdmEmployeeProfilePage.java:969)
	at com.AutomationJiviewsPOM.EmpAdmEmployeeProfilePage.goToNextPageAndReactivate(EmpAdmEmployeeProfilePage.java:978)
	at com.AutomationJiviewsPOM.EmpAdmEmployeeProfilePage.reactivateRowsWithEnabledCheckbox(EmpAdmEmployeeProfilePage.java:969)
	at com.AutomationJiviewsPOM.EmpAdmEmployeeProfilePage.goToNextPageAndReactivate(EmpAdmEmployeeProfilePage.java:978)
	at com.AutomationJiviewsPOM.EmpAdmEmployeeProfilePage.reactivateRowsWithEnabledCheckbox(EmpAdmEmployeeProfilePage.java:969)
	at com.AutomationJiviewsPOM.EmpAdmEmployeeProfilePage.goToNextPageAndReactivate(EmpAdmEmployeeProfilePage.java:978)
	at com.AutomationJiviewsPOM.EmpAdmEmployeeProfilePage.reactivateRowsWithEnabledCheckbox(EmpAdmEmployeeProfilePage.java:969)
	at com.AutomationJiviewsPOM.EmpAdmEmployeeProfilePage.goToNextPageAndReactivate(EmpAdmEmployeeProfilePage.java:978)
	at com.AutomationJiviewsPOM.EmpAdmEmployeeProfilePage.reactivateRowsWithEnabledCheckbox(EmpAdmEmployeeProfilePage.java:969)
	at com.AutomationJiviewsPOM.EmpAdmEmployeeProfilePage.goToNextPageAndReactivate(EmpAdmEmployeeProfilePage.java:978)
	at com.AutomationJiviewsPOM.EmpAdmEmployeeProfilePage.reactivateRowsWithEnabledCheckbox(EmpAdmEmployeeProfilePage.java:969)
	at com.AutomationJiviewsPOM.EmpAdmEmployeeProfilePage.goToNextPageAndReactivate(EmpAdmEmployeeProfilePage.java:978)
	at com.AutomationJiviewsPOM.EmpAdmEmployeeProfilePage.reactivateRowsWithEnabledCheckbox(EmpAdmEmployeeProfilePage.java:969)
	at com.AutomationJiviewsPOM.EmpAdmEmployeeProfilePage.goToNextPageAndReactivate(EmpAdmEmployeeProfilePage.java:978)
	at com.AutomationJiviewsPOM.EmpAdmEmployeeProfilePage.reactivateRowsWithEnabledCheckbox(EmpAdmEmployeeProfilePage.java:969)
	at com.AutomationJiviewsPOM.EmpAdmEmployeeProfilePage.goToNextPageAndReactivate(EmpAdmEmployeeProfilePage.java:978)
	at com.AutomationJiviewsPOM.EmpAdmEmployeeProfilePage.reactivateRowsWithEnabledCheckbox(EmpAdmEmployeeProfilePage.java:969)
	at com.AutomationJiviewsPOM.EmpAdmEmployeeProfilePage.goToNextPageAndReactivate(EmpAdmEmployeeProfilePage.java:978)
	at com.AutomationJiviewsPOM.EmpAdmEmployeeProfilePage.reactivateRowsWithEnabledCheckbox(EmpAdmEmployeeProfilePage.java:969)
	at com.AutomationJiviewsPOM.EmpAdmEmployeeProfilePage.goToNextPageAndReactivate(EmpAdmEmployeeProfilePage.java:978)
	at com.AutomationJiviewsPOM.EmpAdmEmployeeProfilePage.reactivateRowsWithEnabledCheckbox(EmpAdmEmployeeProfilePage.java:969)
	at com.AutomationJiviewsPOM.EmpAdmEmployeeProfilePage.goToNextPageAndReactivate(EmpAdmEmployeeProfilePage.java:978)
	at com.AutomationJiviewsPOM.EmpAdmEmployeeProfilePage.reactivateRowsWithEnabledCheckbox(EmpAdmEmployeeProfilePage.java:969)
	at com.AutomationJiviewsPOM.EmpAdmEmployeeProfilePage.goToNextPageAndReactivate(EmpAdmEmployeeProfilePage.java:978)
	at com.AutomationJiviewsPOM.EmpAdmEmployeeProfilePage.reactivateRowsWithEnabledCheckbox(EmpAdmEmployeeProfilePage.java:969)
	at com.AutomationJiviewsPOM.EmpAdmEmployeeProfilePage.goToNextPageAndReactivate(EmpAdmEmployeeProfilePage.java:978)
	at com.AutomationJiviewsPOM.EmpAdmEmployeeProfilePage.reactivateRowsWithEnabledCheckbox(EmpAdmEmployeeProfilePage.java:969)
	at com.AutomationJiviewsPOM.EmpAdmEmployeeProfilePage.goToNextPageAndReactivate(EmpAdmEmployeeProfilePage.java:978)
	at com.AutomationJiviewsPOM.EmpAdmEmployeeProfilePage.reactivateRowsWithEnabledCheckbox(EmpAdmEmployeeProfilePage.java:969)
	at com.AutomationJiviewsPOM.EmpAdmEmployeeProfilePage.goToNextPageAndReactivate(EmpAdmEmployeeProfilePage.java:978)
	at com.AutomationJiviewsPOM.EmpAdmEmployeeProfilePage.reactivateRowsWithEnabledCheckbox(EmpAdmEmployeeProfilePage.java:969)
	at com.AutomationJiviewsPOM.EmpAdmEmployeeProfilePage.goToNextPageAndReactivate(EmpAdmEmployeeProfilePage.java:978)
	at com.AutomationJiviewsPOM.EmpAdmEmployeeProfilePage.reactivateRowsWithEnabledCheckbox(EmpAdmEmployeeProfilePage.java:969)
	at com.AutomationJiviewsPOM.EmpAdmEmployeeProfilePage.goToNextPageAndReactivate(EmpAdmEmployeeProfilePage.java:978)
	at com.AutomationJiviewsPOM.EmpAdmEmployeeProfilePage.reactivateRowsWithEnabledCheckbox(EmpAdmEmployeeProfilePage.java:969)
	at com.AutomationJiviewsPOM.EmpAdmEmployeeProfilePage.goToNextPageAndReactivate(EmpAdmEmployeeProfilePage.java:978)
	at com.AutomationJiviewsPOM.EmpAdmEmployeeProfilePage.reactivateRowsWithEnabledCheckbox(EmpAdmEmployeeProfilePage.java:969)
	at com.AutomationJiviewsPOM.EmpAdmEmployeeProfilePage.goToNextPageAndReactivate(EmpAdmEmployeeProfilePage.java:978)
	at com.AutomationJiviewsPOM.EmpAdmEmployeeProfilePage.reactivateRowsWithEnabledCheckbox(EmpAdmEmployeeProfilePage.java:969)
	at com.AutomationJiviewsPOM.EmpAdmEmployeeProfilePage.goToNextPageAndReactivate(EmpAdmEmployeeProfilePage.java:978)
	at com.AutomationJiviewsPOM.EmpAdmEmployeeProfilePage.reactivateRowsWithEnabledCheckbox(EmpAdmEmployeeProfilePage.java:969)
	at com.AutomationJiviewsPOM.EmpAdmEmployeeProfilePage.goToNextPageAndReactivate(EmpAdmEmployeeProfilePage.java:978)
	at com.AutomationJiviewsPOM.EmpAdmEmployeeProfilePage.reactivateRowsWithEnabledCheckbox(EmpAdmEmployeeProfilePage.java:969)
	at com.AutomationJiviewsPOM.EmpAdmEmployeeProfilePage.goToNextPageAndReactivate(EmpAdmEmployeeProfilePage.java:978)
	at com.AutomationJiviewsPOM.EmpAdmEmployeeProfilePage.reactivateRowsWithEnabledCheckbox(EmpAdmEmployeeProfilePage.java:969)
	at com.AutomationJiviewsPOM.EmpAdmEmployeeProfilePage.goToNextPageAndReactivate(EmpAdmEmployeeProfilePage.java:978)
	at com.AutomationJiviewsPOM.EmpAdmEmployeeProfilePage.reactivateRowsWithEnabledCheckbox(EmpAdmEmployeeProfilePage.java:969)
	at com.AutomationJiviewsPOM.EmpAdmEmployeeProfilePage.goToNextPageAndReactivate(EmpAdmEmployeeProfilePage.java:978)
	at com.AutomationJiviewsPOM.EmpAdmEmployeeProfilePage.reactivateRowsWithEnabledCheckbox(EmpAdmEmployeeProfilePage.java:969)
	at com.AutomationJiviewsPOM.EmpAdmEmployeeProfilePage.goToNextPageAndReactivate(EmpAdmEmployeeProfilePage.java:978)
	at com.AutomationJiviewsPOM.EmpAdmEmployeeProfilePage.reactivateRowsWithEnabledCheckbox(EmpAdmEmployeeProfilePage.java:969)
	at com.AutomationJiviewsPOM.EmpAdmEmployeeProfilePage.goToNextPageAndReactivate(EmpAdmEmployeeProfilePage.java:978)
	at com.AutomationJiviewsPOM.EmpAdmEmployeeProfilePage.reactivateRowsWithEnabledCheckbox(EmpAdmEmployeeProfilePage.java:969)
	at com.AutomationJiviewsPOM.EmpAdmEmployeeProfilePage.goToNextPageAndReactivate(EmpAdmEmployeeProfilePage.java:978)
	at com.AutomationJiviewsPOM.EmpAdmEmployeeProfilePage.reactivateRowsWithEnabledCheckbox(EmpAdmEmployeeProfilePage.java:969)
	at com.AutomationJiviewsPOM.EmpAdmEmployeeProfilePage.goToNextPageAndReactivate(EmpAdmEmployeeProfilePage.java:978)
	at com.AutomationJiviewsPOM.EmpAdmEmployeeProfilePage.reactivateRowsWithEnabledCheckbox(EmpAdmEmployeeProfilePage.java:969)
	at com.AutomationJiviewsPOM.EmpAdmEmployeeProfilePage.goToNextPageAndReactivate(EmpAdmEmployeeProfilePage.java:978)
	at com.AutomationJiviewsPOM.EmpAdmEmployeeProfilePage.reactivateRowsWithEnabledCheckbox(EmpAdmEmployeeProfilePage.java:969)
	at com.AutomationJiviewsPOM.EmpAdmEmployeeProfilePage.goToNextPageAndReactivate(EmpAdmEmployeeProfilePage.java:978)
	at com.AutomationJiviewsPOM.EmpAdmEmployeeProfilePage.reactivateRowsWithEnabledCheckbox(EmpAdmEmployeeProfilePage.java:969)
	at com.AutomationJiviewsPOM.EmpAdmEmployeeProfilePage.goToNextPageAndReactivate(EmpAdmEmployeeProfilePage.java:978)
	at com.AutomationJiviewsPOM.EmpAdmEmployeeProfilePage.reactivateRowsWithEnabledCheckbox(EmpAdmEmployeeProfilePage.java:969)
	at com.AutomationJiviewsPOM.EmpAdmEmployeeProfilePage.goToNextPageAndReactivate(EmpAdmEmployeeProfilePage.java:978)
	at com.AutomationJiviewsPOM.EmpAdmEmployeeProfilePage.reactivateRowsWithEnabledCheckbox(EmpAdmEmployeeProfilePage.java:969)
	at com.AutomationJiviewsPOM.EmpAdmEmployeeProfilePage.reactivateEmpProfile(EmpAdmEmployeeProfilePage.java:1391)
	at com.JiviewsAutomation.SystemDefination_Test.EmpAdmEmployeeProfileTest.verifyreactivateEmpProfile(EmpAdmEmployeeProfileTest.java:130)
	at java.base/jdk.internal.reflect.NativeMethodAccessorImpl.invoke0(Native Method)
	at java.base/jdk.internal.reflect.NativeMethodAccessorImpl.invoke(NativeMethodAccessorImpl.java:77)
	at java.base/jdk.internal.reflect.DelegatingMethodAccessorImpl.invoke(DelegatingMethodAccessorImpl.java:43)
	at java.base/java.lang.reflect.Method.invoke(Method.java:568)
	at org.testng.internal.MethodInvocationHelper.invokeMethod(MethodInvocationHelper.java:124)
	at org.testng.internal.Invoker.invokeMethod(Invoker.java:583)
	at org.testng.internal.Invoker.invokeTestMethod(Invoker.java:719)
	at org.testng.internal.Invoker.invokeTestMethods(Invoker.java:989)
	at org.testng.internal.TestMethodWorker.invokeTestMethods(TestMethodWorker.java:125)
	at org.testng.internal.TestMethodWorker.run(TestMethodWorker.java:109)
	at org.testng.TestRunner.privateRun(TestRunner.java:648)
	at org.testng.TestRunner.run(TestRunner.java:505)
	at org.testng.SuiteRunner.runTest(SuiteRunner.java:455)
	at org.testng.SuiteRunner.runSequentially(SuiteRunner.java:450)
	at org.testng.SuiteRunner.privateRun(SuiteRunner.java:415)
	at org.testng.SuiteRunner.run(SuiteRunner.java:364)
	at org.testng.SuiteRunnerWorker.runSuite(SuiteRunnerWorker.java:52)
	at org.testng.SuiteRunnerWorker.run(SuiteRunnerWorker.java:84)
	at org.testng.TestNG.runSuitesSequentially(TestNG.java:1208)
	at org.testng.TestNG.runSuitesLocally(TestNG.java:1137)
	at org.testng.TestNG.runSuites(TestNG.java:1049)
	at org.testng.TestNG.run(TestNG.java:1017)
	at org.apache.maven.surefire.testng.TestNGExecutor.run(TestNGExecutor.java:308)
	at org.apache.maven.surefire.testng.TestNGXmlTestSuite.execute(TestNGXmlTestSuite.java:71)
	at org.apache.maven.surefire.testng.TestNGProvider.invoke(TestNGProvider.java:113)
	at org.apache.maven.surefire.booter.ForkedBooter.runSuitesInProcess(ForkedBooter.java:385)
	at org.apache.maven.surefire.booter.ForkedBooter.execute(ForkedBooter.java:162)
	at org.apache.maven.surefire.booter.ForkedBooter.run(ForkedBooter.java:507)
	at org.apache.maven.surefire.booter.ForkedBooter.main(ForkedBooter.java:495)

com.JiviewsAutomation.SystemDefination_Test.EmpAdmRosterGroupAssignmentTest.verifyCreateRosterGroupAssignment -- Time elapsed: 10.17 s <<< FAILURE!
org.openqa.selenium.NoSuchElementException: 
no such element: Unable to locate element: {"method":"xpath","selector":"//button[@id='btnAddRosterGroup']"}
  (Session info: chrome=119.0.6045.200)
For documentation on this error, please visit: https://www.selenium.dev/documentation/webdriver/troubleshooting/errors#no-such-element-exception
Build info: version: '4.10.0', revision: 'c14d967899'
System info: os.name: 'Windows 11', os.arch: 'amd64', os.version: '10.0', java.version: '17.0.8.1'
Driver info: org.openqa.selenium.chrome.ChromeDriver
Command: [1694cd4284e928cf74e4333dcd9a491d, findElement {using=xpath, value=//button[@id='btnAddRosterGroup']}]
Capabilities {acceptInsecureCerts: false, browserName: chrome, browserVersion: 119.0.6045.200, chrome: {chromedriverVersion: 119.0.6045.105 (38c72552c5e..., userDataDir: C:\Users\kumar\AppData\Loca...}, fedcm:accounts: true, goog:chromeOptions: {debuggerAddress: localhost:54083}, networkConnectionEnabled: false, pageLoadStrategy: normal, platformName: windows, proxy: Proxy(), se:cdp: ws://localhost:54083/devtoo..., se:cdpVersion: 119.0.6045.200, setWindowRect: true, strictFileInteractability: false, timeouts: {implicit: 0, pageLoad: 300000, script: 30000}, unhandledPromptBehavior: dismiss and notify, webauthn:extension:credBlob: true, webauthn:extension:largeBlob: true, webauthn:extension:minPinLength: true, webauthn:extension:prf: true, webauthn:virtualAuthenticators: true}
Session ID: 1694cd4284e928cf74e4333dcd9a491d
	at jdk.internal.reflect.GeneratedConstructorAccessor60.newInstance(Unknown Source)
	at java.base/jdk.internal.reflect.DelegatingConstructorAccessorImpl.newInstance(DelegatingConstructorAccessorImpl.java:45)
	at java.base/java.lang.reflect.Constructor.newInstanceWithCaller(Constructor.java:499)
	at java.base/java.lang.reflect.Constructor.newInstance(Constructor.java:480)
	at org.openqa.selenium.remote.codec.w3c.W3CHttpResponseCodec.createException(W3CHttpResponseCodec.java:199)
	at org.openqa.selenium.remote.codec.w3c.W3CHttpResponseCodec.decode(W3CHttpResponseCodec.java:132)
	at org.openqa.selenium.remote.codec.w3c.W3CHttpResponseCodec.decode(W3CHttpResponseCodec.java:51)
	at org.openqa.selenium.remote.HttpCommandExecutor.execute(HttpCommandExecutor.java:191)
	at org.openqa.selenium.remote.service.DriverCommandExecutor.invokeExecute(DriverCommandExecutor.java:196)
	at org.openqa.selenium.remote.service.DriverCommandExecutor.execute(DriverCommandExecutor.java:171)
	at org.openqa.selenium.remote.RemoteWebDriver.execute(RemoteWebDriver.java:531)
	at org.openqa.selenium.remote.ElementLocation$ElementFinder$2.findElement(ElementLocation.java:165)
	at org.openqa.selenium.remote.ElementLocation.findElement(ElementLocation.java:59)
	at org.openqa.selenium.remote.RemoteWebDriver.findElement(RemoteWebDriver.java:350)
	at org.openqa.selenium.remote.RemoteWebDriver.findElement(RemoteWebDriver.java:344)
	at org.openqa.selenium.support.pagefactory.DefaultElementLocator.findElement(DefaultElementLocator.java:68)
	at org.openqa.selenium.support.pagefactory.internal.LocatingElementHandler.invoke(LocatingElementHandler.java:38)
	at jdk.proxy2/jdk.proxy2.$Proxy31.click(Unknown Source)
	at com.AutomationJiviewsPOM.EmpAdmRosterGroupAssignmentPage.clickBtnAddRosterGroup(EmpAdmRosterGroupAssignmentPage.java:103)
	at com.AutomationJiviewsPOM.EmpAdmRosterGroupAssignmentPage.createRosterGroupAssignment(EmpAdmRosterGroupAssignmentPage.java:269)
	at com.JiviewsAutomation.SystemDefination_Test.EmpAdmRosterGroupAssignmentTest.verifyCreateRosterGroupAssignment(EmpAdmRosterGroupAssignmentTest.java:45)
	at java.base/jdk.internal.reflect.NativeMethodAccessorImpl.invoke0(Native Method)
	at java.base/jdk.internal.reflect.NativeMethodAccessorImpl.invoke(NativeMethodAccessorImpl.java:77)
	at java.base/jdk.internal.reflect.DelegatingMethodAccessorImpl.invoke(DelegatingMethodAccessorImpl.java:43)
	at java.base/java.lang.reflect.Method.invoke(Method.java:568)
	at org.testng.internal.MethodInvocationHelper.invokeMethod(MethodInvocationHelper.java:124)
	at org.testng.internal.Invoker.invokeMethod(Invoker.java:583)
	at org.testng.internal.Invoker.invokeTestMethod(Invoker.java:719)
	at org.testng.internal.Invoker.invokeTestMethods(Invoker.java:989)
	at org.testng.internal.TestMethodWorker.invokeTestMethods(TestMethodWorker.java:125)
	at org.testng.internal.TestMethodWorker.run(TestMethodWorker.java:109)
	at org.testng.TestRunner.privateRun(TestRunner.java:648)
	at org.testng.TestRunner.run(TestRunner.java:505)
	at org.testng.SuiteRunner.runTest(SuiteRunner.java:455)
	at org.testng.SuiteRunner.runSequentially(SuiteRunner.java:450)
	at org.testng.SuiteRunner.privateRun(SuiteRunner.java:415)
	at org.testng.SuiteRunner.run(SuiteRunner.java:364)
	at org.testng.SuiteRunnerWorker.runSuite(SuiteRunnerWorker.java:52)
	at org.testng.SuiteRunnerWorker.run(SuiteRunnerWorker.java:84)
	at org.testng.TestNG.runSuitesSequentially(TestNG.java:1208)
	at org.testng.TestNG.runSuitesLocally(TestNG.java:1137)
	at org.testng.TestNG.runSuites(TestNG.java:1049)
	at org.testng.TestNG.run(TestNG.java:1017)
	at org.apache.maven.surefire.testng.TestNGExecutor.run(TestNGExecutor.java:308)
	at org.apache.maven.surefire.testng.TestNGXmlTestSuite.execute(TestNGXmlTestSuite.java:71)
	at org.apache.maven.surefire.testng.TestNGProvider.invoke(TestNGProvider.java:113)
	at org.apache.maven.surefire.booter.ForkedBooter.runSuitesInProcess(ForkedBooter.java:385)
	at org.apache.maven.surefire.booter.ForkedBooter.execute(ForkedBooter.java:162)
	at org.apache.maven.surefire.booter.ForkedBooter.run(ForkedBooter.java:507)
	at org.apache.maven.surefire.booter.ForkedBooter.main(ForkedBooter.java:495)

com.JiviewsAutomation.SystemDefination_Test.EmpAdmRosterGroupAssignmentTest.verifyUpdateRosterGroupAssignment -- Time elapsed: 11.89 s <<< FAILURE!
org.openqa.selenium.NoSuchElementException: 
no such element: Unable to locate element: {"method":"xpath","selector":"//input[@id='txtRosterGroupname']"}
  (Session info: chrome=119.0.6045.200)
For documentation on this error, please visit: https://www.selenium.dev/documentation/webdriver/troubleshooting/errors#no-such-element-exception
Build info: version: '4.10.0', revision: 'c14d967899'
System info: os.name: 'Windows 11', os.arch: 'amd64', os.version: '10.0', java.version: '17.0.8.1'
Driver info: org.openqa.selenium.chrome.ChromeDriver
Command: [1694cd4284e928cf74e4333dcd9a491d, findElement {using=xpath, value=//input[@id='txtRosterGroupname']}]
Capabilities {acceptInsecureCerts: false, browserName: chrome, browserVersion: 119.0.6045.200, chrome: {chromedriverVersion: 119.0.6045.105 (38c72552c5e..., userDataDir: C:\Users\kumar\AppData\Loca...}, fedcm:accounts: true, goog:chromeOptions: {debuggerAddress: localhost:54083}, networkConnectionEnabled: false, pageLoadStrategy: normal, platformName: windows, proxy: Proxy(), se:cdp: ws://localhost:54083/devtoo..., se:cdpVersion: 119.0.6045.200, setWindowRect: true, strictFileInteractability: false, timeouts: {implicit: 0, pageLoad: 300000, script: 30000}, unhandledPromptBehavior: dismiss and notify, webauthn:extension:credBlob: true, webauthn:extension:largeBlob: true, webauthn:extension:minPinLength: true, webauthn:extension:prf: true, webauthn:virtualAuthenticators: true}
Session ID: 1694cd4284e928cf74e4333dcd9a491d
	at jdk.internal.reflect.GeneratedConstructorAccessor60.newInstance(Unknown Source)
	at java.base/jdk.internal.reflect.DelegatingConstructorAccessorImpl.newInstance(DelegatingConstructorAccessorImpl.java:45)
	at java.base/java.lang.reflect.Constructor.newInstanceWithCaller(Constructor.java:499)
	at java.base/java.lang.reflect.Constructor.newInstance(Constructor.java:480)
	at org.openqa.selenium.remote.codec.w3c.W3CHttpResponseCodec.createException(W3CHttpResponseCodec.java:199)
	at org.openqa.selenium.remote.codec.w3c.W3CHttpResponseCodec.decode(W3CHttpResponseCodec.java:132)
	at org.openqa.selenium.remote.codec.w3c.W3CHttpResponseCodec.decode(W3CHttpResponseCodec.java:51)
	at org.openqa.selenium.remote.HttpCommandExecutor.execute(HttpCommandExecutor.java:191)
	at org.openqa.selenium.remote.service.DriverCommandExecutor.invokeExecute(DriverCommandExecutor.java:196)
	at org.openqa.selenium.remote.service.DriverCommandExecutor.execute(DriverCommandExecutor.java:171)
	at org.openqa.selenium.remote.RemoteWebDriver.execute(RemoteWebDriver.java:531)
	at org.openqa.selenium.remote.ElementLocation$ElementFinder$2.findElement(ElementLocation.java:165)
	at org.openqa.selenium.remote.ElementLocation.findElement(ElementLocation.java:59)
	at org.openqa.selenium.remote.RemoteWebDriver.findElement(RemoteWebDriver.java:350)
	at org.openqa.selenium.remote.RemoteWebDriver.findElement(RemoteWebDriver.java:344)
	at org.openqa.selenium.support.pagefactory.DefaultElementLocator.findElement(DefaultElementLocator.java:68)
	at org.openqa.selenium.support.pagefactory.internal.LocatingElementHandler.invoke(LocatingElementHandler.java:38)
	at jdk.proxy2/jdk.proxy2.$Proxy31.clear(Unknown Source)
	at com.AutomationJiviewsPOM.EmpAdmRosterGroupAssignmentPage.enterTxtRosterGroupname(EmpAdmRosterGroupAssignmentPage.java:106)
	at com.AutomationJiviewsPOM.EmpAdmRosterGroupAssignmentPage.updateRosterGroupAssignment(EmpAdmRosterGroupAssignmentPage.java:289)
	at com.JiviewsAutomation.SystemDefination_Test.EmpAdmRosterGroupAssignmentTest.verifyUpdateRosterGroupAssignment(EmpAdmRosterGroupAssignmentTest.java:53)
	at java.base/jdk.internal.reflect.NativeMethodAccessorImpl.invoke0(Native Method)
	at java.base/jdk.internal.reflect.NativeMethodAccessorImpl.invoke(NativeMethodAccessorImpl.java:77)
	at java.base/jdk.internal.reflect.DelegatingMethodAccessorImpl.invoke(DelegatingMethodAccessorImpl.java:43)
	at java.base/java.lang.reflect.Method.invoke(Method.java:568)
	at org.testng.internal.MethodInvocationHelper.invokeMethod(MethodInvocationHelper.java:124)
	at org.testng.internal.Invoker.invokeMethod(Invoker.java:583)
	at org.testng.internal.Invoker.invokeTestMethod(Invoker.java:719)
	at org.testng.internal.Invoker.invokeTestMethods(Invoker.java:989)
	at org.testng.internal.TestMethodWorker.invokeTestMethods(TestMethodWorker.java:125)
	at org.testng.internal.TestMethodWorker.run(TestMethodWorker.java:109)
	at org.testng.TestRunner.privateRun(TestRunner.java:648)
	at org.testng.TestRunner.run(TestRunner.java:505)
	at org.testng.SuiteRunner.runTest(SuiteRunner.java:455)
	at org.testng.SuiteRunner.runSequentially(SuiteRunner.java:450)
	at org.testng.SuiteRunner.privateRun(SuiteRunner.java:415)
	at org.testng.SuiteRunner.run(SuiteRunner.java:364)
	at org.testng.SuiteRunnerWorker.runSuite(SuiteRunnerWorker.java:52)
	at org.testng.SuiteRunnerWorker.run(SuiteRunnerWorker.java:84)
	at org.testng.TestNG.runSuitesSequentially(TestNG.java:1208)
	at org.testng.TestNG.runSuitesLocally(TestNG.java:1137)
	at org.testng.TestNG.runSuites(TestNG.java:1049)
	at org.testng.TestNG.run(TestNG.java:1017)
	at org.apache.maven.surefire.testng.TestNGExecutor.run(TestNGExecutor.java:308)
	at org.apache.maven.surefire.testng.TestNGXmlTestSuite.execute(TestNGXmlTestSuite.java:71)
	at org.apache.maven.surefire.testng.TestNGProvider.invoke(TestNGProvider.java:113)
	at org.apache.maven.surefire.booter.ForkedBooter.runSuitesInProcess(ForkedBooter.java:385)
	at org.apache.maven.surefire.booter.ForkedBooter.execute(ForkedBooter.java:162)
	at org.apache.maven.surefire.booter.ForkedBooter.run(ForkedBooter.java:507)
	at org.apache.maven.surefire.booter.ForkedBooter.main(ForkedBooter.java:495)

com.JiviewsAutomation.SystemDefination_Test.EmpAdmRosterGroupAssignmentTest.verifyAddEmployeesNonMembersToMembersAndRemoveFromMembersToNonMember -- Time elapsed: 90.93 s <<< FAILURE!
org.openqa.selenium.NoSuchElementException: 
no such element: Unable to locate element: {"method":"xpath","selector":"//div[text()='Roster Group Updated SuccessFully.']"}
  (Session info: chrome=119.0.6045.200)
For documentation on this error, please visit: https://www.selenium.dev/documentation/webdriver/troubleshooting/errors#no-such-element-exception
Build info: version: '4.10.0', revision: 'c14d967899'
System info: os.name: 'Windows 11', os.arch: 'amd64', os.version: '10.0', java.version: '17.0.8.1'
Driver info: org.openqa.selenium.chrome.ChromeDriver
Command: [1694cd4284e928cf74e4333dcd9a491d, findElement {using=xpath, value=//div[text()='Roster Group Updated SuccessFully.']}]
Capabilities {acceptInsecureCerts: false, browserName: chrome, browserVersion: 119.0.6045.200, chrome: {chromedriverVersion: 119.0.6045.105 (38c72552c5e..., userDataDir: C:\Users\kumar\AppData\Loca...}, fedcm:accounts: true, goog:chromeOptions: {debuggerAddress: localhost:54083}, networkConnectionEnabled: false, pageLoadStrategy: normal, platformName: windows, proxy: Proxy(), se:cdp: ws://localhost:54083/devtoo..., se:cdpVersion: 119.0.6045.200, setWindowRect: true, strictFileInteractability: false, timeouts: {implicit: 0, pageLoad: 300000, script: 30000}, unhandledPromptBehavior: dismiss and notify, webauthn:extension:credBlob: true, webauthn:extension:largeBlob: true, webauthn:extension:minPinLength: true, webauthn:extension:prf: true, webauthn:virtualAuthenticators: true}
Session ID: 1694cd4284e928cf74e4333dcd9a491d
	at jdk.internal.reflect.GeneratedConstructorAccessor60.newInstance(Unknown Source)
	at java.base/jdk.internal.reflect.DelegatingConstructorAccessorImpl.newInstance(DelegatingConstructorAccessorImpl.java:45)
	at java.base/java.lang.reflect.Constructor.newInstanceWithCaller(Constructor.java:499)
	at java.base/java.lang.reflect.Constructor.newInstance(Constructor.java:480)
	at org.openqa.selenium.remote.codec.w3c.W3CHttpResponseCodec.createException(W3CHttpResponseCodec.java:199)
	at org.openqa.selenium.remote.codec.w3c.W3CHttpResponseCodec.decode(W3CHttpResponseCodec.java:132)
	at org.openqa.selenium.remote.codec.w3c.W3CHttpResponseCodec.decode(W3CHttpResponseCodec.java:51)
	at org.openqa.selenium.remote.HttpCommandExecutor.execute(HttpCommandExecutor.java:191)
	at org.openqa.selenium.remote.service.DriverCommandExecutor.invokeExecute(DriverCommandExecutor.java:196)
	at org.openqa.selenium.remote.service.DriverCommandExecutor.execute(DriverCommandExecutor.java:171)
	at org.openqa.selenium.remote.RemoteWebDriver.execute(RemoteWebDriver.java:531)
	at org.openqa.selenium.remote.ElementLocation$ElementFinder$2.findElement(ElementLocation.java:165)
	at org.openqa.selenium.remote.ElementLocation.findElement(ElementLocation.java:59)
	at org.openqa.selenium.remote.RemoteWebDriver.findElement(RemoteWebDriver.java:350)
	at org.openqa.selenium.remote.RemoteWebDriver.findElement(RemoteWebDriver.java:344)
	at org.openqa.selenium.support.pagefactory.DefaultElementLocator.findElement(DefaultElementLocator.java:68)
	at org.openqa.selenium.support.pagefactory.internal.LocatingElementHandler.invoke(LocatingElementHandler.java:38)
	at jdk.proxy2/jdk.proxy2.$Proxy31.getText(Unknown Source)
	at com.AutomationJiviewsPOM.EmpAdmRosterGroupAssignmentPage.checkRosterGroupUpdatedSuccessFullyMsg(EmpAdmRosterGroupAssignmentPage.java:260)
	at com.AutomationJiviewsPOM.EmpAdmRosterGroupAssignmentPage.AddEmployeesNonMembersToMembersAndRemoveFromMembersToNonMember(EmpAdmRosterGroupAssignmentPage.java:359)
	at com.JiviewsAutomation.SystemDefination_Test.EmpAdmRosterGroupAssignmentTest.verifyAddEmployeesNonMembersToMembersAndRemoveFromMembersToNonMember(EmpAdmRosterGroupAssignmentTest.java:78)
	at java.base/jdk.internal.reflect.NativeMethodAccessorImpl.invoke0(Native Method)
	at java.base/jdk.internal.reflect.NativeMethodAccessorImpl.invoke(NativeMethodAccessorImpl.java:77)
	at java.base/jdk.internal.reflect.DelegatingMethodAccessorImpl.invoke(DelegatingMethodAccessorImpl.java:43)
	at java.base/java.lang.reflect.Method.invoke(Method.java:568)
	at org.testng.internal.MethodInvocationHelper.invokeMethod(MethodInvocationHelper.java:124)
	at org.testng.internal.Invoker.invokeMethod(Invoker.java:583)
	at org.testng.internal.Invoker.invokeTestMethod(Invoker.java:719)
	at org.testng.internal.Invoker.invokeTestMethods(Invoker.java:989)
	at org.testng.internal.TestMethodWorker.invokeTestMethods(TestMethodWorker.java:125)
	at org.testng.internal.TestMethodWorker.run(TestMethodWorker.java:109)
	at org.testng.TestRunner.privateRun(TestRunner.java:648)
	at org.testng.TestRunner.run(TestRunner.java:505)
	at org.testng.SuiteRunner.runTest(SuiteRunner.java:455)
	at org.testng.SuiteRunner.runSequentially(SuiteRunner.java:450)
	at org.testng.SuiteRunner.privateRun(SuiteRunner.java:415)
	at org.testng.SuiteRunner.run(SuiteRunner.java:364)
	at org.testng.SuiteRunnerWorker.runSuite(SuiteRunnerWorker.java:52)
	at org.testng.SuiteRunnerWorker.run(SuiteRunnerWorker.java:84)
	at org.testng.TestNG.runSuitesSequentially(TestNG.java:1208)
	at org.testng.TestNG.runSuitesLocally(TestNG.java:1137)
	at org.testng.TestNG.runSuites(TestNG.java:1049)
	at org.testng.TestNG.run(TestNG.java:1017)
	at org.apache.maven.surefire.testng.TestNGExecutor.run(TestNGExecutor.java:308)
	at org.apache.maven.surefire.testng.TestNGXmlTestSuite.execute(TestNGXmlTestSuite.java:71)
	at org.apache.maven.surefire.testng.TestNGProvider.invoke(TestNGProvider.java:113)
	at org.apache.maven.surefire.booter.ForkedBooter.runSuitesInProcess(ForkedBooter.java:385)
	at org.apache.maven.surefire.booter.ForkedBooter.execute(ForkedBooter.java:162)
	at org.apache.maven.surefire.booter.ForkedBooter.run(ForkedBooter.java:507)
	at org.apache.maven.surefire.booter.ForkedBooter.main(ForkedBooter.java:495)

