<?xml version="1.0" encoding="UTF-8"?>
<testsuite xmlns:xsi="http://www.w3.org/2001/XMLSchema-instance" xsi:noNamespaceSchemaLocation="https://maven.apache.org/surefire/maven-surefire-plugin/xsd/surefire-test-report-3.0.xsd" version="3.0" name="TestSuite" time="1408.689" tests="20" errors="0" skipped="0" failures="5">
  <properties>
[...]
</properties>
  <testcase name="E10_2938_VerifySearchEmpRosterByDate" classname="com.JiviewsAutomation.SystemDefination_Test.E10_2910_WorkforceEmployeeRosterV2Test" time="36.203">
    <system-out><![CDATA[[TestNGContentHandler] [WARN] It is strongly recommended to add "<!DOCTYPE suite SYSTEM "http://testng.org/testng-1.0.dtd" >" at the top of your file, otherwise TestNG may fail or not work as expected.
15:02:49.628 [main] INFO  com.AutomationJiviewsGeneric.ListenerImplimentation - Extent Report Output Path: null
15:02:49.817 [main] INFO  com.AutomationJiviewsGeneric.BaseClass - Open Browser
15:02:51.856 [main] INFO  com.AutomationJiviewsGeneric.BaseClass - Browser launched successfully
Login
15:02:52.013 [main] INFO  com.AutomationJiviewsGeneric.BaseClass - Login to the Jivi application
15:03:31.291 [main] INFO  com.JiviewsAutomation.SystemDefination_Test.E10_2910_WorkforceEmployeeRosterV2Test - Searching Employee Roster By Date...
15:04:07.340 [main] INFO  com.JiviewsAutomation.SystemDefination_Test.E10_2910_WorkforceEmployeeRosterV2Test - Search Employee Roster By Date is successful
]]></system-out>
    <system-err><![CDATA[SLF4J: No SLF4J providers were found.
SLF4J: Defaulting to no-operation (NOP) logger implementation
SLF4J: See https://www.slf4j.org/codes.html#noProviders for further details.
Jan 24, 2024 3:02:50 PM org.openqa.selenium.remote.service.DriverService$Builder getLogOutput
INFO: Driver logs no longer sent to console by default; https://www.selenium.dev/documentation/webdriver/drivers/service/#setting-log-output
Jan 24, 2024 3:02:51 PM org.openqa.selenium.devtools.CdpVersionFinder findNearestMatch
WARNING: Unable to find CDP implementation matching 120
Jan 24, 2024 3:02:51 PM org.openqa.selenium.chromium.ChromiumDriver lambda$new$4
WARNING: Unable to find version of CDP to use for . You may need to include a dependency on a specific version of the CDP using something similar to `org.seleniumhq.selenium:selenium-devtools-v86:4.10.0` where the version ("v86") matches the version of the chromium-based browser you're using and the version number of the artifact is the same as Selenium's.
]]></system-err>
  </testcase>
  <testcase name="E10_2939_VerifySearchByFilters" classname="com.JiviewsAutomation.SystemDefination_Test.E10_2910_WorkforceEmployeeRosterV2Test" time="16.11">
    <system-out><![CDATA[15:04:34.553 [main] INFO  com.JiviewsAutomation.SystemDefination_Test.E10_2910_WorkforceEmployeeRosterV2Test - Searching Employee Roster By Filters...
15:04:50.530 [main] INFO  com.JiviewsAutomation.SystemDefination_Test.E10_2910_WorkforceEmployeeRosterV2Test - Search Employee Roster By Filters is successful
]]></system-out>
  </testcase>
  <testcase name="E10_2940_VerifyExpandAndCollapseRows" classname="com.JiviewsAutomation.SystemDefination_Test.E10_2910_WorkforceEmployeeRosterV2Test" time="41.294">
    <system-out><![CDATA[15:05:14.573 [main] INFO  com.JiviewsAutomation.SystemDefination_Test.E10_2910_WorkforceEmployeeRosterV2Test - Expanding And Collapsing Rows...
15:05:55.729 [main] INFO  com.JiviewsAutomation.SystemDefination_Test.E10_2910_WorkforceEmployeeRosterV2Test - Expand And Collapse Rows is successful
]]></system-out>
  </testcase>
  <testcase name="E10_2941_VerifyFilterAndResetColumns" classname="com.JiviewsAutomation.SystemDefination_Test.E10_2910_WorkforceEmployeeRosterV2Test" time="46.121">
    <system-out><![CDATA[15:06:15.636 [main] INFO  com.JiviewsAutomation.SystemDefination_Test.E10_2910_WorkforceEmployeeRosterV2Test - Filtering And Resetting Columns...
15:07:01.593 [main] INFO  com.JiviewsAutomation.SystemDefination_Test.E10_2910_WorkforceEmployeeRosterV2Test - Filter And Reset Columns is successful
]]></system-out>
  </testcase>
  <testcase name="E10_2942_VerifyPerformFullScreen" classname="com.JiviewsAutomation.SystemDefination_Test.E10_2910_WorkforceEmployeeRosterV2Test" time="48.342">
    <system-out><![CDATA[15:07:22.881 [main] INFO  com.JiviewsAutomation.SystemDefination_Test.E10_2910_WorkforceEmployeeRosterV2Test - Performing Expand and minimize full screen...
15:08:11.091 [main] INFO  com.JiviewsAutomation.SystemDefination_Test.E10_2910_WorkforceEmployeeRosterV2Test - Perform Expand and minimize full screen is successful
]]></system-out>
  </testcase>
  <testcase name="E10_2943_VerifyPerformCreateShift" classname="com.JiviewsAutomation.SystemDefination_Test.E10_2910_WorkforceEmployeeRosterV2Test" time="49.863">
    <system-out><![CDATA[15:08:32.490 [main] INFO  com.JiviewsAutomation.SystemDefination_Test.E10_2910_WorkforceEmployeeRosterV2Test - Performing Double click on tab or right click and select create shift in an Empty Cell...
15:09:22.218 [main] INFO  com.JiviewsAutomation.SystemDefination_Test.E10_2910_WorkforceEmployeeRosterV2Test - Perform Double click on tab or right click and select create shift in an Empty Cell is successful
]]></system-out>
  </testcase>
  <testcase name="E10_2944_verifyCopySingleCellAndPasteInNewCell" classname="com.JiviewsAutomation.SystemDefination_Test.E10_2910_WorkforceEmployeeRosterV2Test" time="54.219">
    <system-out><![CDATA[15:09:49.180 [main] INFO  com.JiviewsAutomation.SystemDefination_Test.E10_2910_WorkforceEmployeeRosterV2Test - Performing Double click on tab or right click and select create shift in an Empty Cell...
15:10:43.243 [main] INFO  com.JiviewsAutomation.SystemDefination_Test.E10_2910_WorkforceEmployeeRosterV2Test - Perform Double click on tab or right click and select create shift in an Empty Cell is successful
]]></system-out>
  </testcase>
  <testcase name="E10_2945_VerifyCopyWithOncallShift" classname="com.JiviewsAutomation.SystemDefination_Test.E10_2910_WorkforceEmployeeRosterV2Test" time="55.706">
    <system-out><![CDATA[15:11:07.136 [main] INFO  com.JiviewsAutomation.SystemDefination_Test.E10_2910_WorkforceEmployeeRosterV2Test - Performing Copy with Oncall Shift...
15:12:02.717 [main] INFO  com.JiviewsAutomation.SystemDefination_Test.E10_2910_WorkforceEmployeeRosterV2Test - Copy with Oncall Shift is successful
]]></system-out>
  </testcase>
  <testcase name="E10_2946_VerifyExportToTextAndExcel" classname="com.JiviewsAutomation.SystemDefination_Test.E10_2910_WorkforceEmployeeRosterV2Test" time="49.146">
    <system-out><![CDATA[15:12:25.808 [main] INFO  com.JiviewsAutomation.SystemDefination_Test.E10_2910_WorkforceEmployeeRosterV2Test - Performing Export to Text and Excel...
15:13:14.701 [main] INFO  com.JiviewsAutomation.SystemDefination_Test.E10_2910_WorkforceEmployeeRosterV2Test - Export to Text and Excel is successful
]]></system-out>
  </testcase>
  <testcase name="E10_2947_VerifyExpandAndCollapseGroup" classname="com.JiviewsAutomation.SystemDefination_Test.E10_2910_WorkforceEmployeeRosterV2Test" time="34.323">
    <system-out><![CDATA[15:13:36.513 [main] INFO  com.JiviewsAutomation.SystemDefination_Test.E10_2910_WorkforceEmployeeRosterV2Test - Performing Expand and Collapse Group...
15:14:10.578 [main] INFO  com.JiviewsAutomation.SystemDefination_Test.E10_2910_WorkforceEmployeeRosterV2Test - Expand and Collapse Group is successful
]]></system-out>
  </testcase>
  <testcase name="E10_2948_VerifyApplyOnBehalfApplyLeave" classname="com.JiviewsAutomation.SystemDefination_Test.E10_2910_WorkforceEmployeeRosterV2Test" time="46.17">
    <system-out><![CDATA[15:14:31.799 [main] INFO  com.JiviewsAutomation.SystemDefination_Test.E10_2910_WorkforceEmployeeRosterV2Test - Performing Apply On Behalf Apply leave...
15:15:17.834 [main] INFO  com.JiviewsAutomation.SystemDefination_Test.E10_2910_WorkforceEmployeeRosterV2Test - Apply On Behalf Apply leave is successful
]]></system-out>
  </testcase>
  <testcase name="E10_2949_VerifyTestCopyAndPasteToExcel" classname="com.JiviewsAutomation.SystemDefination_Test.E10_2910_WorkforceEmployeeRosterV2Test" time="43.378">
    <failure message="Data doesn&apos;t match. Expected: [ROLE GROUP : null, 32426530 - Russel Bergstrom&#10;ROLE : QCO 1706083928031, 89212114 - Mohammed Turner&#10;ROLE : RTGO100 2023-11-08T12:47:56.947450800, 32695715 - Odell Carter&#10;ROLE : QCO 1706021777804, 92457737 - Lilliana Williamson&#10;ROLE : RTGO100 1701844270281, 90317880 - Lewis Mosciski&#10;ROLE : RTGO100 1701844270281, 90833312 - Angelo Mueller&#10;ROLE : RTGO100 1701844270281, 92970163 - Glenna Lynch&#10;ROLE : RTGO100 1701853905917, ] expected [true] but found [false]" type="java.lang.AssertionError"><![CDATA[java.lang.AssertionError: 
Data doesn't match. Expected: [ROLE GROUP : null, 32426530 - Russel Bergstrom
ROLE : QCO 1706083928031, 89212114 - Mohammed Turner
ROLE : RTGO100 2023-11-08T12:47:56.947450800, 32695715 - Odell Carter
ROLE : QCO 1706021777804, 92457737 - Lilliana Williamson
ROLE : RTGO100 1701844270281, 90317880 - Lewis Mosciski
ROLE : RTGO100 1701844270281, 90833312 - Angelo Mueller
ROLE : RTGO100 1701844270281, 92970163 - Glenna Lynch
ROLE : RTGO100 1701853905917, ] expected [true] but found [false]
	at org.testng.Assert.fail(Assert.java:96)
	at org.testng.Assert.failNotEquals(Assert.java:776)
	at org.testng.Assert.assertTrue(Assert.java:44)
	at com.AutomationJiviewsPOM.E10_2910_EmployeeRosterV2Page.testCopyAndPasteToExcel(E10_2910_EmployeeRosterV2Page.java:934)
	at com.JiviewsAutomation.SystemDefination_Test.E10_2910_WorkforceEmployeeRosterV2Test.E10_2949_VerifyTestCopyAndPasteToExcel(E10_2910_WorkforceEmployeeRosterV2Test.java:170)
	at java.base/jdk.internal.reflect.NativeMethodAccessorImpl.invoke0(Native Method)
	at java.base/jdk.internal.reflect.NativeMethodAccessorImpl.invoke(NativeMethodAccessorImpl.java:77)
	at java.base/jdk.internal.reflect.DelegatingMethodAccessorImpl.invoke(DelegatingMethodAccessorImpl.java:43)
	at java.base/java.lang.reflect.Method.invoke(Method.java:568)
	at org.testng.internal.MethodInvocationHelper.invokeMethod(MethodInvocationHelper.java:124)
	at org.testng.internal.Invoker.invokeMethod(Invoker.java:583)
	at org.testng.internal.Invoker.invokeTestMethod(Invoker.java:719)
	at org.testng.internal.Invoker.invokeTestMethods(Invoker.java:989)
	at org.testng.internal.TestMethodWorker.invokeTestMethods(TestMethodWorker.java:125)
	at org.testng.internal.TestMethodWorker.run(TestMethodWorker.java:109)
	at org.testng.TestRunner.privateRun(TestRunner.java:648)
	at org.testng.TestRunner.run(TestRunner.java:505)
	at org.testng.SuiteRunner.runTest(SuiteRunner.java:455)
	at org.testng.SuiteRunner.runSequentially(SuiteRunner.java:450)
	at org.testng.SuiteRunner.privateRun(SuiteRunner.java:415)
	at org.testng.SuiteRunner.run(SuiteRunner.java:364)
	at org.testng.SuiteRunnerWorker.runSuite(SuiteRunnerWorker.java:52)
	at org.testng.SuiteRunnerWorker.run(SuiteRunnerWorker.java:84)
	at org.testng.TestNG.runSuitesSequentially(TestNG.java:1208)
	at org.testng.TestNG.runSuitesLocally(TestNG.java:1137)
	at org.testng.TestNG.runSuites(TestNG.java:1049)
	at org.testng.TestNG.run(TestNG.java:1017)
	at org.apache.maven.surefire.testng.TestNGExecutor.run(TestNGExecutor.java:308)
	at org.apache.maven.surefire.testng.TestNGXmlTestSuite.execute(TestNGXmlTestSuite.java:71)
	at org.apache.maven.surefire.testng.TestNGProvider.invoke(TestNGProvider.java:113)
	at org.apache.maven.surefire.booter.ForkedBooter.runSuitesInProcess(ForkedBooter.java:385)
	at org.apache.maven.surefire.booter.ForkedBooter.execute(ForkedBooter.java:162)
	at org.apache.maven.surefire.booter.ForkedBooter.run(ForkedBooter.java:507)
	at org.apache.maven.surefire.booter.ForkedBooter.main(ForkedBooter.java:495)
]]></failure>
    <system-out><![CDATA[15:15:38.916 [main] INFO  com.JiviewsAutomation.SystemDefination_Test.E10_2910_WorkforceEmployeeRosterV2Test - Right click on Employee and click copy and paste in Excel sheet...
]]></system-out>
  </testcase>
  <testcase name="E10_2950_VerifyOpenNewTabEmployeeProfile" classname="com.JiviewsAutomation.SystemDefination_Test.E10_2910_WorkforceEmployeeRosterV2Test" time="72.533">
    <failure message="unexpected alert open: {Alert text : Failure occured:  Status: error}&#10;  (Session info: chrome=120.0.6099.225): Failure occured:  Status: error&#10;Build info: version: &apos;4.10.0&apos;, revision: &apos;c14d967899&apos;&#10;System info: os.name: &apos;Windows 11&apos;, os.arch: &apos;amd64&apos;, os.version: &apos;10.0&apos;, java.version: &apos;17.0.8.1&apos;&#10;Driver info: org.openqa.selenium.chrome.ChromeDriver&#10;Command: [d07b9838391da0637bffe9ab3c813dc6, getTitle {}]&#10;Capabilities {acceptInsecureCerts: false, browserName: chrome, browserVersion: 120.0.6099.225, chrome: {chromedriverVersion: 120.0.6099.109 (3419140ab66..., userDataDir: C:\Users\kumar\AppData\Loca...}, fedcm:accounts: true, goog:chromeOptions: {debuggerAddress: localhost:53874}, networkConnectionEnabled: false, pageLoadStrategy: normal, platformName: windows, proxy: Proxy(), se:cdp: ws://localhost:53874/devtoo..., se:cdpVersion: 120.0.6099.225, setWindowRect: true, strictFileInteractability: false, timeouts: {implicit: 0, pageLoad: 300000, script: 30000}, unhandledPromptBehavior: dismiss and notify, webauthn:extension:credBlob: true, webauthn:extension:largeBlob: true, webauthn:extension:minPinLength: true, webauthn:extension:prf: true, webauthn:virtualAuthenticators: true}&#10;Session ID: d07b9838391da0637bffe9ab3c813dc6" type="org.openqa.selenium.UnhandledAlertException"><![CDATA[org.openqa.selenium.UnhandledAlertException: 
unexpected alert open: {Alert text : Failure occured:  Status: error}
  (Session info: chrome=120.0.6099.225): Failure occured:  Status: error
Build info: version: '4.10.0', revision: 'c14d967899'
System info: os.name: 'Windows 11', os.arch: 'amd64', os.version: '10.0', java.version: '17.0.8.1'
Driver info: org.openqa.selenium.chrome.ChromeDriver
Command: [d07b9838391da0637bffe9ab3c813dc6, getTitle {}]
Capabilities {acceptInsecureCerts: false, browserName: chrome, browserVersion: 120.0.6099.225, chrome: {chromedriverVersion: 120.0.6099.109 (3419140ab66..., userDataDir: C:\Users\kumar\AppData\Loca...}, fedcm:accounts: true, goog:chromeOptions: {debuggerAddress: localhost:53874}, networkConnectionEnabled: false, pageLoadStrategy: normal, platformName: windows, proxy: Proxy(), se:cdp: ws://localhost:53874/devtoo..., se:cdpVersion: 120.0.6099.225, setWindowRect: true, strictFileInteractability: false, timeouts: {implicit: 0, pageLoad: 300000, script: 30000}, unhandledPromptBehavior: dismiss and notify, webauthn:extension:credBlob: true, webauthn:extension:largeBlob: true, webauthn:extension:minPinLength: true, webauthn:extension:prf: true, webauthn:virtualAuthenticators: true}
Session ID: d07b9838391da0637bffe9ab3c813dc6
	at org.openqa.selenium.remote.codec.w3c.W3CHttpResponseCodec.decode(W3CHttpResponseCodec.java:130)
	at org.openqa.selenium.remote.codec.w3c.W3CHttpResponseCodec.decode(W3CHttpResponseCodec.java:51)
	at org.openqa.selenium.remote.HttpCommandExecutor.execute(HttpCommandExecutor.java:191)
	at org.openqa.selenium.remote.service.DriverCommandExecutor.invokeExecute(DriverCommandExecutor.java:196)
	at org.openqa.selenium.remote.service.DriverCommandExecutor.execute(DriverCommandExecutor.java:171)
	at org.openqa.selenium.remote.RemoteWebDriver.execute(RemoteWebDriver.java:531)
	at org.openqa.selenium.remote.RemoteWebDriver.execute(RemoteWebDriver.java:590)
	at org.openqa.selenium.remote.RemoteWebDriver.execute(RemoteWebDriver.java:594)
	at org.openqa.selenium.remote.RemoteWebDriver.getTitle(RemoteWebDriver.java:300)
	at com.AutomationJiviewsPOM.E10_2910_EmployeeRosterV2Page.getTitleOfNewTab(E10_2910_EmployeeRosterV2Page.java:548)
	at com.AutomationJiviewsPOM.E10_2910_EmployeeRosterV2Page.clickonEmployeeProfile(E10_2910_EmployeeRosterV2Page.java:959)
	at com.JiviewsAutomation.SystemDefination_Test.E10_2910_WorkforceEmployeeRosterV2Test.E10_2950_VerifyOpenNewTabEmployeeProfile(E10_2910_WorkforceEmployeeRosterV2Test.java:181)
	at java.base/jdk.internal.reflect.NativeMethodAccessorImpl.invoke0(Native Method)
	at java.base/jdk.internal.reflect.NativeMethodAccessorImpl.invoke(NativeMethodAccessorImpl.java:77)
	at java.base/jdk.internal.reflect.DelegatingMethodAccessorImpl.invoke(DelegatingMethodAccessorImpl.java:43)
	at java.base/java.lang.reflect.Method.invoke(Method.java:568)
	at org.testng.internal.MethodInvocationHelper.invokeMethod(MethodInvocationHelper.java:124)
	at org.testng.internal.Invoker.invokeMethod(Invoker.java:583)
	at org.testng.internal.Invoker.invokeTestMethod(Invoker.java:719)
	at org.testng.internal.Invoker.invokeTestMethods(Invoker.java:989)
	at org.testng.internal.TestMethodWorker.invokeTestMethods(TestMethodWorker.java:125)
	at org.testng.internal.TestMethodWorker.run(TestMethodWorker.java:109)
	at org.testng.TestRunner.privateRun(TestRunner.java:648)
	at org.testng.TestRunner.run(TestRunner.java:505)
	at org.testng.SuiteRunner.runTest(SuiteRunner.java:455)
	at org.testng.SuiteRunner.runSequentially(SuiteRunner.java:450)
	at org.testng.SuiteRunner.privateRun(SuiteRunner.java:415)
	at org.testng.SuiteRunner.run(SuiteRunner.java:364)
	at org.testng.SuiteRunnerWorker.runSuite(SuiteRunnerWorker.java:52)
	at org.testng.SuiteRunnerWorker.run(SuiteRunnerWorker.java:84)
	at org.testng.TestNG.runSuitesSequentially(TestNG.java:1208)
	at org.testng.TestNG.runSuitesLocally(TestNG.java:1137)
	at org.testng.TestNG.runSuites(TestNG.java:1049)
	at org.testng.TestNG.run(TestNG.java:1017)
	at org.apache.maven.surefire.testng.TestNGExecutor.run(TestNGExecutor.java:308)
	at org.apache.maven.surefire.testng.TestNGXmlTestSuite.execute(TestNGXmlTestSuite.java:71)
	at org.apache.maven.surefire.testng.TestNGProvider.invoke(TestNGProvider.java:113)
	at org.apache.maven.surefire.booter.ForkedBooter.runSuitesInProcess(ForkedBooter.java:385)
	at org.apache.maven.surefire.booter.ForkedBooter.execute(ForkedBooter.java:162)
	at org.apache.maven.surefire.booter.ForkedBooter.run(ForkedBooter.java:507)
	at org.apache.maven.surefire.booter.ForkedBooter.main(ForkedBooter.java:495)
]]></failure>
    <system-out><![CDATA[15:16:22.322 [main] INFO  com.AutomationJiviewsGeneric.ListenerImplimentation - Screenshot destination path: C:\Development\Automation\Jiviewsrpav2\ScreenShot\E10_2949_VerifyTestCopyAndPasteToExcel_20240124_151622.png
15:16:22.327 [main] INFO  com.AutomationJiviewsGeneric.ListenerImplimentation - Screenshot captured and saved to: C:\Development\Automation\Jiviewsrpav2\ScreenShot\E10_2949_VerifyTestCopyAndPasteToExcel_20240124_151622.png
15:16:22.327 [main] INFO  com.AutomationJiviewsGeneric.ListenerImplimentation - Working Directory: C:\Development\Automation\Jiviewsrpav2
15:16:22.327 [main] INFO  com.AutomationJiviewsGeneric.ListenerImplimentation - Screenshot Path: C:\Development\Automation\Jiviewsrpav2\ScreenShot\E10_2949_VerifyTestCopyAndPasteToExcel_20240124_151622.png
15:16:22.327 [main] ERROR com.AutomationJiviewsGeneric.ListenerImplimentation - Exception Stack Trace:
java.lang.AssertionError: Data doesn't match. Expected: [ROLE GROUP : null, 32426530 - Russel Bergstrom
ROLE : QCO 1706083928031, 89212114 - Mohammed Turner
ROLE : RTGO100 2023-11-08T12:47:56.947450800, 32695715 - Odell Carter
ROLE : QCO 1706021777804, 92457737 - Lilliana Williamson
ROLE : RTGO100 1701844270281, 90317880 - Lewis Mosciski
ROLE : RTGO100 1701844270281, 90833312 - Angelo Mueller
ROLE : RTGO100 1701844270281, 92970163 - Glenna Lynch
ROLE : RTGO100 1701853905917, ] expected [true] but found [false]
	at org.testng.Assert.fail(Assert.java:96) ~[testng-6.14.3.jar:?]
	at org.testng.Assert.failNotEquals(Assert.java:776) ~[testng-6.14.3.jar:?]
	at org.testng.Assert.assertTrue(Assert.java:44) ~[testng-6.14.3.jar:?]
	at com.AutomationJiviewsPOM.E10_2910_EmployeeRosterV2Page.testCopyAndPasteToExcel(E10_2910_EmployeeRosterV2Page.java:934) ~[classes/:?]
	at com.JiviewsAutomation.SystemDefination_Test.E10_2910_WorkforceEmployeeRosterV2Test.E10_2949_VerifyTestCopyAndPasteToExcel(E10_2910_WorkforceEmployeeRosterV2Test.java:170) ~[test-classes/:?]
	at jdk.internal.reflect.NativeMethodAccessorImpl.invoke0(Native Method) ~[?:?]
	at jdk.internal.reflect.NativeMethodAccessorImpl.invoke(NativeMethodAccessorImpl.java:77) ~[?:?]
	at jdk.internal.reflect.DelegatingMethodAccessorImpl.invoke(DelegatingMethodAccessorImpl.java:43) ~[?:?]
	at java.lang.reflect.Method.invoke(Method.java:568) ~[?:?]
	at org.testng.internal.MethodInvocationHelper.invokeMethod(MethodInvocationHelper.java:124) ~[testng-6.14.3.jar:?]
	at org.testng.internal.Invoker.invokeMethod(Invoker.java:583) [testng-6.14.3.jar:?]
	at org.testng.internal.Invoker.invokeTestMethod(Invoker.java:719) [testng-6.14.3.jar:?]
	at org.testng.internal.Invoker.invokeTestMethods(Invoker.java:989) [testng-6.14.3.jar:?]
	at org.testng.internal.TestMethodWorker.invokeTestMethods(TestMethodWorker.java:125) [testng-6.14.3.jar:?]
	at org.testng.internal.TestMethodWorker.run(TestMethodWorker.java:109) [testng-6.14.3.jar:?]
	at org.testng.TestRunner.privateRun(TestRunner.java:648) [testng-6.14.3.jar:?]
	at org.testng.TestRunner.run(TestRunner.java:505) [testng-6.14.3.jar:?]
	at org.testng.SuiteRunner.runTest(SuiteRunner.java:455) [testng-6.14.3.jar:?]
	at org.testng.SuiteRunner.runSequentially(SuiteRunner.java:450) [testng-6.14.3.jar:?]
	at org.testng.SuiteRunner.privateRun(SuiteRunner.java:415) [testng-6.14.3.jar:?]
	at org.testng.SuiteRunner.run(SuiteRunner.java:364) [testng-6.14.3.jar:?]
	at org.testng.SuiteRunnerWorker.runSuite(SuiteRunnerWorker.java:52) [testng-6.14.3.jar:?]
	at org.testng.SuiteRunnerWorker.run(SuiteRunnerWorker.java:84) [testng-6.14.3.jar:?]
	at org.testng.TestNG.runSuitesSequentially(TestNG.java:1208) [testng-6.14.3.jar:?]
	at org.testng.TestNG.runSuitesLocally(TestNG.java:1137) [testng-6.14.3.jar:?]
	at org.testng.TestNG.runSuites(TestNG.java:1049) [testng-6.14.3.jar:?]
	at org.testng.TestNG.run(TestNG.java:1017) [testng-6.14.3.jar:?]
	at org.apache.maven.surefire.testng.TestNGExecutor.run(TestNGExecutor.java:308) [surefire-testng-3.1.2.jar:3.1.2]
	at org.apache.maven.surefire.testng.TestNGXmlTestSuite.execute(TestNGXmlTestSuite.java:71) [surefire-testng-3.1.2.jar:3.1.2]
	at org.apache.maven.surefire.testng.TestNGProvider.invoke(TestNGProvider.java:113) [surefire-testng-3.1.2.jar:3.1.2]
	at org.apache.maven.surefire.booter.ForkedBooter.runSuitesInProcess(ForkedBooter.java:385) [surefire-booter-3.1.2.jar:3.1.2]
	at org.apache.maven.surefire.booter.ForkedBooter.execute(ForkedBooter.java:162) [surefire-booter-3.1.2.jar:3.1.2]
	at org.apache.maven.surefire.booter.ForkedBooter.run(ForkedBooter.java:507) [surefire-booter-3.1.2.jar:3.1.2]
	at org.apache.maven.surefire.booter.ForkedBooter.main(ForkedBooter.java:495) [surefire-booter-3.1.2.jar:3.1.2]
15:16:22.542 [main] ERROR com.AutomationJiviewsGeneric.ListenerImplimentation - Exception Stack Trace:
java.lang.AssertionError: Data doesn't match. Expected: [ROLE GROUP : null, 32426530 - Russel Bergstrom
ROLE : QCO 1706083928031, 89212114 - Mohammed Turner
ROLE : RTGO100 2023-11-08T12:47:56.947450800, 32695715 - Odell Carter
ROLE : QCO 1706021777804, 92457737 - Lilliana Williamson
ROLE : RTGO100 1701844270281, 90317880 - Lewis Mosciski
ROLE : RTGO100 1701844270281, 90833312 - Angelo Mueller
ROLE : RTGO100 1701844270281, 92970163 - Glenna Lynch
ROLE : RTGO100 1701853905917, ] expected [true] but found [false]
	at org.testng.Assert.fail(Assert.java:96) ~[testng-6.14.3.jar:?]
	at org.testng.Assert.failNotEquals(Assert.java:776) ~[testng-6.14.3.jar:?]
	at org.testng.Assert.assertTrue(Assert.java:44) ~[testng-6.14.3.jar:?]
	at com.AutomationJiviewsPOM.E10_2910_EmployeeRosterV2Page.testCopyAndPasteToExcel(E10_2910_EmployeeRosterV2Page.java:934) ~[classes/:?]
	at com.JiviewsAutomation.SystemDefination_Test.E10_2910_WorkforceEmployeeRosterV2Test.E10_2949_VerifyTestCopyAndPasteToExcel(E10_2910_WorkforceEmployeeRosterV2Test.java:170) ~[test-classes/:?]
	at jdk.internal.reflect.NativeMethodAccessorImpl.invoke0(Native Method) ~[?:?]
	at jdk.internal.reflect.NativeMethodAccessorImpl.invoke(NativeMethodAccessorImpl.java:77) ~[?:?]
	at jdk.internal.reflect.DelegatingMethodAccessorImpl.invoke(DelegatingMethodAccessorImpl.java:43) ~[?:?]
	at java.lang.reflect.Method.invoke(Method.java:568) ~[?:?]
	at org.testng.internal.MethodInvocationHelper.invokeMethod(MethodInvocationHelper.java:124) ~[testng-6.14.3.jar:?]
	at org.testng.internal.Invoker.invokeMethod(Invoker.java:583) [testng-6.14.3.jar:?]
	at org.testng.internal.Invoker.invokeTestMethod(Invoker.java:719) [testng-6.14.3.jar:?]
	at org.testng.internal.Invoker.invokeTestMethods(Invoker.java:989) [testng-6.14.3.jar:?]
	at org.testng.internal.TestMethodWorker.invokeTestMethods(TestMethodWorker.java:125) [testng-6.14.3.jar:?]
	at org.testng.internal.TestMethodWorker.run(TestMethodWorker.java:109) [testng-6.14.3.jar:?]
	at org.testng.TestRunner.privateRun(TestRunner.java:648) [testng-6.14.3.jar:?]
	at org.testng.TestRunner.run(TestRunner.java:505) [testng-6.14.3.jar:?]
	at org.testng.SuiteRunner.runTest(SuiteRunner.java:455) [testng-6.14.3.jar:?]
	at org.testng.SuiteRunner.runSequentially(SuiteRunner.java:450) [testng-6.14.3.jar:?]
	at org.testng.SuiteRunner.privateRun(SuiteRunner.java:415) [testng-6.14.3.jar:?]
	at org.testng.SuiteRunner.run(SuiteRunner.java:364) [testng-6.14.3.jar:?]
	at org.testng.SuiteRunnerWorker.runSuite(SuiteRunnerWorker.java:52) [testng-6.14.3.jar:?]
	at org.testng.SuiteRunnerWorker.run(SuiteRunnerWorker.java:84) [testng-6.14.3.jar:?]
	at org.testng.TestNG.runSuitesSequentially(TestNG.java:1208) [testng-6.14.3.jar:?]
	at org.testng.TestNG.runSuitesLocally(TestNG.java:1137) [testng-6.14.3.jar:?]
	at org.testng.TestNG.runSuites(TestNG.java:1049) [testng-6.14.3.jar:?]
	at org.testng.TestNG.run(TestNG.java:1017) [testng-6.14.3.jar:?]
	at org.apache.maven.surefire.testng.TestNGExecutor.run(TestNGExecutor.java:308) [surefire-testng-3.1.2.jar:3.1.2]
	at org.apache.maven.surefire.testng.TestNGXmlTestSuite.execute(TestNGXmlTestSuite.java:71) [surefire-testng-3.1.2.jar:3.1.2]
	at org.apache.maven.surefire.testng.TestNGProvider.invoke(TestNGProvider.java:113) [surefire-testng-3.1.2.jar:3.1.2]
	at org.apache.maven.surefire.booter.ForkedBooter.runSuitesInProcess(ForkedBooter.java:385) [surefire-booter-3.1.2.jar:3.1.2]
	at org.apache.maven.surefire.booter.ForkedBooter.execute(ForkedBooter.java:162) [surefire-booter-3.1.2.jar:3.1.2]
	at org.apache.maven.surefire.booter.ForkedBooter.run(ForkedBooter.java:507) [surefire-booter-3.1.2.jar:3.1.2]
	at org.apache.maven.surefire.booter.ForkedBooter.main(ForkedBooter.java:495) [surefire-booter-3.1.2.jar:3.1.2]
15:16:46.389 [main] INFO  com.JiviewsAutomation.SystemDefination_Test.E10_2910_WorkforceEmployeeRosterV2Test - Performing Employee Profile...
15:17:58.777 [main] ERROR com.JiviewsAutomation.SystemDefination_Test.E10_2910_WorkforceEmployeeRosterV2Test - Error occurred during Performing Employee Profile: unexpected alert open: {Alert text : Failure occured:  Status: error}
  (Session info: chrome=120.0.6099.225): Failure occured:  Status: error
Build info: version: '4.10.0', revision: 'c14d967899'
System info: os.name: 'Windows 11', os.arch: 'amd64', os.version: '10.0', java.version: '17.0.8.1'
Driver info: org.openqa.selenium.chrome.ChromeDriver
Command: [d07b9838391da0637bffe9ab3c813dc6, getTitle {}]
Capabilities {acceptInsecureCerts: false, browserName: chrome, browserVersion: 120.0.6099.225, chrome: {chromedriverVersion: 120.0.6099.109 (3419140ab66..., userDataDir: C:\Users\kumar\AppData\Loca...}, fedcm:accounts: true, goog:chromeOptions: {debuggerAddress: localhost:53874}, networkConnectionEnabled: false, pageLoadStrategy: normal, platformName: windows, proxy: Proxy(), se:cdp: ws://localhost:53874/devtoo..., se:cdpVersion: 120.0.6099.225, setWindowRect: true, strictFileInteractability: false, timeouts: {implicit: 0, pageLoad: 300000, script: 30000}, unhandledPromptBehavior: dismiss and notify, webauthn:extension:credBlob: true, webauthn:extension:largeBlob: true, webauthn:extension:minPinLength: true, webauthn:extension:prf: true, webauthn:virtualAuthenticators: true}
Session ID: d07b9838391da0637bffe9ab3c813dc6
]]></system-out>
  </testcase>
  <testcase name="E10_2951_VerifyOpenNewTabLeaveProfile" classname="com.JiviewsAutomation.SystemDefination_Test.E10_2910_WorkforceEmployeeRosterV2Test" time="27.851">
    <failure message="element click intercepted: Element &lt;span class=&quot;px-1 mr-lg-0 ml-0 ml-lg-0 mr-0&quot; style=&quot;font-weight: 300; color: darkcyan; font-size:15px&quot; id=&quot;btnExpandText&quot;&gt;...&lt;/span&gt; is not clickable at point (969, 195). Other element would receive the click: &lt;div class=&quot;blockUI blockOverlay&quot; style=&quot;z-index: 1000; border: none; margin: 0px; padding: 0px; width: 100%; height: 100%; top: 0px; left: 0px; background-color: rgb(255, 255, 255); opacity: 0.8; cursor: wait; position: absolute;&quot;&gt;&lt;/div&gt;&#10;  (Session info: chrome=120.0.6099.225)&#10;Build info: version: &apos;4.10.0&apos;, revision: &apos;c14d967899&apos;&#10;System info: os.name: &apos;Windows 11&apos;, os.arch: &apos;amd64&apos;, os.version: &apos;10.0&apos;, java.version: &apos;17.0.8.1&apos;&#10;Driver info: org.openqa.selenium.chrome.ChromeDriver&#10;Command: [d07b9838391da0637bffe9ab3c813dc6, clickElement {id=FC4F73F211908FFA3D8661904D384AEB_element_3759}]&#10;Capabilities {acceptInsecureCerts: false, browserName: chrome, browserVersion: 120.0.6099.225, chrome: {chromedriverVersion: 120.0.6099.109 (3419140ab66..., userDataDir: C:\Users\kumar\AppData\Loca...}, fedcm:accounts: true, goog:chromeOptions: {debuggerAddress: localhost:53874}, networkConnectionEnabled: false, pageLoadStrategy: normal, platformName: windows, proxy: Proxy(), se:cdp: ws://localhost:53874/devtoo..., se:cdpVersion: 120.0.6099.225, setWindowRect: true, strictFileInteractability: false, timeouts: {implicit: 0, pageLoad: 300000, script: 30000}, unhandledPromptBehavior: dismiss and notify, webauthn:extension:credBlob: true, webauthn:extension:largeBlob: true, webauthn:extension:minPinLength: true, webauthn:extension:prf: true, webauthn:virtualAuthenticators: true}&#10;Element: [[ChromeDriver: chrome on windows (d07b9838391da0637bffe9ab3c813dc6)] -&gt; xpath: //span[@id=&apos;btnExpandText&apos;]]&#10;Session ID: d07b9838391da0637bffe9ab3c813dc6" type="org.openqa.selenium.ElementClickInterceptedException"><![CDATA[org.openqa.selenium.ElementClickInterceptedException: 
element click intercepted: Element <span class="px-1 mr-lg-0 ml-0 ml-lg-0 mr-0" style="font-weight: 300; color: darkcyan; font-size:15px" id="btnExpandText">...</span> is not clickable at point (969, 195). Other element would receive the click: <div class="blockUI blockOverlay" style="z-index: 1000; border: none; margin: 0px; padding: 0px; width: 100%; height: 100%; top: 0px; left: 0px; background-color: rgb(255, 255, 255); opacity: 0.8; cursor: wait; position: absolute;"></div>
  (Session info: chrome=120.0.6099.225)
Build info: version: '4.10.0', revision: 'c14d967899'
System info: os.name: 'Windows 11', os.arch: 'amd64', os.version: '10.0', java.version: '17.0.8.1'
Driver info: org.openqa.selenium.chrome.ChromeDriver
Command: [d07b9838391da0637bffe9ab3c813dc6, clickElement {id=FC4F73F211908FFA3D8661904D384AEB_element_3759}]
Capabilities {acceptInsecureCerts: false, browserName: chrome, browserVersion: 120.0.6099.225, chrome: {chromedriverVersion: 120.0.6099.109 (3419140ab66..., userDataDir: C:\Users\kumar\AppData\Loca...}, fedcm:accounts: true, goog:chromeOptions: {debuggerAddress: localhost:53874}, networkConnectionEnabled: false, pageLoadStrategy: normal, platformName: windows, proxy: Proxy(), se:cdp: ws://localhost:53874/devtoo..., se:cdpVersion: 120.0.6099.225, setWindowRect: true, strictFileInteractability: false, timeouts: {implicit: 0, pageLoad: 300000, script: 30000}, unhandledPromptBehavior: dismiss and notify, webauthn:extension:credBlob: true, webauthn:extension:largeBlob: true, webauthn:extension:minPinLength: true, webauthn:extension:prf: true, webauthn:virtualAuthenticators: true}
Element: [[ChromeDriver: chrome on windows (d07b9838391da0637bffe9ab3c813dc6)] -> xpath: //span[@id='btnExpandText']]
Session ID: d07b9838391da0637bffe9ab3c813dc6
	at java.base/jdk.internal.reflect.NativeConstructorAccessorImpl.newInstance0(Native Method)
	at java.base/jdk.internal.reflect.NativeConstructorAccessorImpl.newInstance(NativeConstructorAccessorImpl.java:77)
	at java.base/jdk.internal.reflect.DelegatingConstructorAccessorImpl.newInstance(DelegatingConstructorAccessorImpl.java:45)
	at java.base/java.lang.reflect.Constructor.newInstanceWithCaller(Constructor.java:499)
	at java.base/java.lang.reflect.Constructor.newInstance(Constructor.java:480)
	at org.openqa.selenium.remote.codec.w3c.W3CHttpResponseCodec.createException(W3CHttpResponseCodec.java:199)
	at org.openqa.selenium.remote.codec.w3c.W3CHttpResponseCodec.decode(W3CHttpResponseCodec.java:132)
	at org.openqa.selenium.remote.codec.w3c.W3CHttpResponseCodec.decode(W3CHttpResponseCodec.java:51)
	at org.openqa.selenium.remote.HttpCommandExecutor.execute(HttpCommandExecutor.java:191)
	at org.openqa.selenium.remote.service.DriverCommandExecutor.invokeExecute(DriverCommandExecutor.java:196)
	at org.openqa.selenium.remote.service.DriverCommandExecutor.execute(DriverCommandExecutor.java:171)
	at org.openqa.selenium.remote.RemoteWebDriver.execute(RemoteWebDriver.java:531)
	at org.openqa.selenium.remote.RemoteWebElement.execute(RemoteWebElement.java:242)
	at org.openqa.selenium.remote.RemoteWebElement.click(RemoteWebElement.java:77)
	at jdk.internal.reflect.GeneratedMethodAccessor2.invoke(Unknown Source)
	at java.base/jdk.internal.reflect.DelegatingMethodAccessorImpl.invoke(DelegatingMethodAccessorImpl.java:43)
	at java.base/java.lang.reflect.Method.invoke(Method.java:568)
	at org.openqa.selenium.support.pagefactory.internal.LocatingElementHandler.invoke(LocatingElementHandler.java:51)
	at jdk.proxy2/jdk.proxy2.$Proxy32.click(Unknown Source)
	at com.AutomationJiviewsPOM.E10_2910_EmployeeRosterV2Page.clickBtnExpand(E10_2910_EmployeeRosterV2Page.java:353)
	at com.AutomationJiviewsPOM.E10_2910_EmployeeRosterV2Page.clickonLeaveProfile(E10_2910_EmployeeRosterV2Page.java:973)
	at com.JiviewsAutomation.SystemDefination_Test.E10_2910_WorkforceEmployeeRosterV2Test.E10_2951_VerifyOpenNewTabLeaveProfile(E10_2910_WorkforceEmployeeRosterV2Test.java:196)
	at java.base/jdk.internal.reflect.NativeMethodAccessorImpl.invoke0(Native Method)
	at java.base/jdk.internal.reflect.NativeMethodAccessorImpl.invoke(NativeMethodAccessorImpl.java:77)
	at java.base/jdk.internal.reflect.DelegatingMethodAccessorImpl.invoke(DelegatingMethodAccessorImpl.java:43)
	at java.base/java.lang.reflect.Method.invoke(Method.java:568)
	at org.testng.internal.MethodInvocationHelper.invokeMethod(MethodInvocationHelper.java:124)
	at org.testng.internal.Invoker.invokeMethod(Invoker.java:583)
	at org.testng.internal.Invoker.invokeTestMethod(Invoker.java:719)
	at org.testng.internal.Invoker.invokeTestMethods(Invoker.java:989)
	at org.testng.internal.TestMethodWorker.invokeTestMethods(TestMethodWorker.java:125)
	at org.testng.internal.TestMethodWorker.run(TestMethodWorker.java:109)
	at org.testng.TestRunner.privateRun(TestRunner.java:648)
	at org.testng.TestRunner.run(TestRunner.java:505)
	at org.testng.SuiteRunner.runTest(SuiteRunner.java:455)
	at org.testng.SuiteRunner.runSequentially(SuiteRunner.java:450)
	at org.testng.SuiteRunner.privateRun(SuiteRunner.java:415)
	at org.testng.SuiteRunner.run(SuiteRunner.java:364)
	at org.testng.SuiteRunnerWorker.runSuite(SuiteRunnerWorker.java:52)
	at org.testng.SuiteRunnerWorker.run(SuiteRunnerWorker.java:84)
	at org.testng.TestNG.runSuitesSequentially(TestNG.java:1208)
	at org.testng.TestNG.runSuitesLocally(TestNG.java:1137)
	at org.testng.TestNG.runSuites(TestNG.java:1049)
	at org.testng.TestNG.run(TestNG.java:1017)
	at org.apache.maven.surefire.testng.TestNGExecutor.run(TestNGExecutor.java:308)
	at org.apache.maven.surefire.testng.TestNGXmlTestSuite.execute(TestNGXmlTestSuite.java:71)
	at org.apache.maven.surefire.testng.TestNGProvider.invoke(TestNGProvider.java:113)
	at org.apache.maven.surefire.booter.ForkedBooter.runSuitesInProcess(ForkedBooter.java:385)
	at org.apache.maven.surefire.booter.ForkedBooter.execute(ForkedBooter.java:162)
	at org.apache.maven.surefire.booter.ForkedBooter.run(ForkedBooter.java:507)
	at org.apache.maven.surefire.booter.ForkedBooter.main(ForkedBooter.java:495)
]]></failure>
    <system-out><![CDATA[15:17:58.944 [main] INFO  com.AutomationJiviewsGeneric.ListenerImplimentation - Screenshot destination path: C:\Development\Automation\Jiviewsrpav2\ScreenShot\E10_2950_VerifyOpenNewTabEmployeeProfile_20240124_151758.png
15:17:58.951 [main] INFO  com.AutomationJiviewsGeneric.ListenerImplimentation - Screenshot captured and saved to: C:\Development\Automation\Jiviewsrpav2\ScreenShot\E10_2950_VerifyOpenNewTabEmployeeProfile_20240124_151758.png
15:17:58.951 [main] INFO  com.AutomationJiviewsGeneric.ListenerImplimentation - Working Directory: C:\Development\Automation\Jiviewsrpav2
15:17:58.951 [main] INFO  com.AutomationJiviewsGeneric.ListenerImplimentation - Screenshot Path: C:\Development\Automation\Jiviewsrpav2\ScreenShot\E10_2950_VerifyOpenNewTabEmployeeProfile_20240124_151758.png
15:17:58.951 [main] ERROR com.AutomationJiviewsGeneric.ListenerImplimentation - Exception Stack Trace:
org.openqa.selenium.UnhandledAlertException: unexpected alert open: {Alert text : Failure occured:  Status: error}
  (Session info: chrome=120.0.6099.225): Failure occured:  Status: error
Build info: version: '4.10.0', revision: 'c14d967899'
System info: os.name: 'Windows 11', os.arch: 'amd64', os.version: '10.0', java.version: '17.0.8.1'
Driver info: org.openqa.selenium.chrome.ChromeDriver
Command: [d07b9838391da0637bffe9ab3c813dc6, getTitle {}]
Capabilities {acceptInsecureCerts: false, browserName: chrome, browserVersion: 120.0.6099.225, chrome: {chromedriverVersion: 120.0.6099.109 (3419140ab66..., userDataDir: C:\Users\kumar\AppData\Loca...}, fedcm:accounts: true, goog:chromeOptions: {debuggerAddress: localhost:53874}, networkConnectionEnabled: false, pageLoadStrategy: normal, platformName: windows, proxy: Proxy(), se:cdp: ws://localhost:53874/devtoo..., se:cdpVersion: 120.0.6099.225, setWindowRect: true, strictFileInteractability: false, timeouts: {implicit: 0, pageLoad: 300000, script: 30000}, unhandledPromptBehavior: dismiss and notify, webauthn:extension:credBlob: true, webauthn:extension:largeBlob: true, webauthn:extension:minPinLength: true, webauthn:extension:prf: true, webauthn:virtualAuthenticators: true}
Session ID: d07b9838391da0637bffe9ab3c813dc6
	at org.openqa.selenium.remote.codec.w3c.W3CHttpResponseCodec.decode(W3CHttpResponseCodec.java:130) ~[selenium-remote-driver-4.10.0.jar:?]
	at org.openqa.selenium.remote.codec.w3c.W3CHttpResponseCodec.decode(W3CHttpResponseCodec.java:51) ~[selenium-remote-driver-4.10.0.jar:?]
	at org.openqa.selenium.remote.HttpCommandExecutor.execute(HttpCommandExecutor.java:191) ~[selenium-remote-driver-4.10.0.jar:?]
	at org.openqa.selenium.remote.service.DriverCommandExecutor.invokeExecute(DriverCommandExecutor.java:196) ~[selenium-remote-driver-4.10.0.jar:?]
	at org.openqa.selenium.remote.service.DriverCommandExecutor.execute(DriverCommandExecutor.java:171) ~[selenium-remote-driver-4.10.0.jar:?]
	at org.openqa.selenium.remote.RemoteWebDriver.execute(RemoteWebDriver.java:531) ~[selenium-remote-driver-4.10.0.jar:?]
	at org.openqa.selenium.remote.RemoteWebDriver.execute(RemoteWebDriver.java:590) ~[selenium-remote-driver-4.10.0.jar:?]
	at org.openqa.selenium.remote.RemoteWebDriver.execute(RemoteWebDriver.java:594) ~[selenium-remote-driver-4.10.0.jar:?]
	at org.openqa.selenium.remote.RemoteWebDriver.getTitle(RemoteWebDriver.java:300) ~[selenium-remote-driver-4.10.0.jar:?]
	at com.AutomationJiviewsPOM.E10_2910_EmployeeRosterV2Page.getTitleOfNewTab(E10_2910_EmployeeRosterV2Page.java:548) ~[classes/:?]
	at com.AutomationJiviewsPOM.E10_2910_EmployeeRosterV2Page.clickonEmployeeProfile(E10_2910_EmployeeRosterV2Page.java:959) ~[classes/:?]
	at com.JiviewsAutomation.SystemDefination_Test.E10_2910_WorkforceEmployeeRosterV2Test.E10_2950_VerifyOpenNewTabEmployeeProfile(E10_2910_WorkforceEmployeeRosterV2Test.java:181) ~[test-classes/:?]
	at jdk.internal.reflect.NativeMethodAccessorImpl.invoke0(Native Method) ~[?:?]
	at jdk.internal.reflect.NativeMethodAccessorImpl.invoke(NativeMethodAccessorImpl.java:77) ~[?:?]
	at jdk.internal.reflect.DelegatingMethodAccessorImpl.invoke(DelegatingMethodAccessorImpl.java:43) ~[?:?]
	at java.lang.reflect.Method.invoke(Method.java:568) ~[?:?]
	at org.testng.internal.MethodInvocationHelper.invokeMethod(MethodInvocationHelper.java:124) ~[testng-6.14.3.jar:?]
	at org.testng.internal.Invoker.invokeMethod(Invoker.java:583) [testng-6.14.3.jar:?]
	at org.testng.internal.Invoker.invokeTestMethod(Invoker.java:719) [testng-6.14.3.jar:?]
	at org.testng.internal.Invoker.invokeTestMethods(Invoker.java:989) [testng-6.14.3.jar:?]
	at org.testng.internal.TestMethodWorker.invokeTestMethods(TestMethodWorker.java:125) [testng-6.14.3.jar:?]
	at org.testng.internal.TestMethodWorker.run(TestMethodWorker.java:109) [testng-6.14.3.jar:?]
	at org.testng.TestRunner.privateRun(TestRunner.java:648) [testng-6.14.3.jar:?]
	at org.testng.TestRunner.run(TestRunner.java:505) [testng-6.14.3.jar:?]
	at org.testng.SuiteRunner.runTest(SuiteRunner.java:455) [testng-6.14.3.jar:?]
	at org.testng.SuiteRunner.runSequentially(SuiteRunner.java:450) [testng-6.14.3.jar:?]
	at org.testng.SuiteRunner.privateRun(SuiteRunner.java:415) [testng-6.14.3.jar:?]
	at org.testng.SuiteRunner.run(SuiteRunner.java:364) [testng-6.14.3.jar:?]
	at org.testng.SuiteRunnerWorker.runSuite(SuiteRunnerWorker.java:52) [testng-6.14.3.jar:?]
	at org.testng.SuiteRunnerWorker.run(SuiteRunnerWorker.java:84) [testng-6.14.3.jar:?]
	at org.testng.TestNG.runSuitesSequentially(TestNG.java:1208) [testng-6.14.3.jar:?]
	at org.testng.TestNG.runSuitesLocally(TestNG.java:1137) [testng-6.14.3.jar:?]
	at org.testng.TestNG.runSuites(TestNG.java:1049) [testng-6.14.3.jar:?]
	at org.testng.TestNG.run(TestNG.java:1017) [testng-6.14.3.jar:?]
	at org.apache.maven.surefire.testng.TestNGExecutor.run(TestNGExecutor.java:308) [surefire-testng-3.1.2.jar:3.1.2]
	at org.apache.maven.surefire.testng.TestNGXmlTestSuite.execute(TestNGXmlTestSuite.java:71) [surefire-testng-3.1.2.jar:3.1.2]
	at org.apache.maven.surefire.testng.TestNGProvider.invoke(TestNGProvider.java:113) [surefire-testng-3.1.2.jar:3.1.2]
	at org.apache.maven.surefire.booter.ForkedBooter.runSuitesInProcess(ForkedBooter.java:385) [surefire-booter-3.1.2.jar:3.1.2]
	at org.apache.maven.surefire.booter.ForkedBooter.execute(ForkedBooter.java:162) [surefire-booter-3.1.2.jar:3.1.2]
	at org.apache.maven.surefire.booter.ForkedBooter.run(ForkedBooter.java:507) [surefire-booter-3.1.2.jar:3.1.2]
	at org.apache.maven.surefire.booter.ForkedBooter.main(ForkedBooter.java:495) [surefire-booter-3.1.2.jar:3.1.2]
15:17:58.952 [main] ERROR com.AutomationJiviewsGeneric.ListenerImplimentation - Exception Stack Trace:
org.openqa.selenium.UnhandledAlertException: unexpected alert open: {Alert text : Failure occured:  Status: error}
  (Session info: chrome=120.0.6099.225): Failure occured:  Status: error
Build info: version: '4.10.0', revision: 'c14d967899'
System info: os.name: 'Windows 11', os.arch: 'amd64', os.version: '10.0', java.version: '17.0.8.1'
Driver info: org.openqa.selenium.chrome.ChromeDriver
Command: [d07b9838391da0637bffe9ab3c813dc6, getTitle {}]
Capabilities {acceptInsecureCerts: false, browserName: chrome, browserVersion: 120.0.6099.225, chrome: {chromedriverVersion: 120.0.6099.109 (3419140ab66..., userDataDir: C:\Users\kumar\AppData\Loca...}, fedcm:accounts: true, goog:chromeOptions: {debuggerAddress: localhost:53874}, networkConnectionEnabled: false, pageLoadStrategy: normal, platformName: windows, proxy: Proxy(), se:cdp: ws://localhost:53874/devtoo..., se:cdpVersion: 120.0.6099.225, setWindowRect: true, strictFileInteractability: false, timeouts: {implicit: 0, pageLoad: 300000, script: 30000}, unhandledPromptBehavior: dismiss and notify, webauthn:extension:credBlob: true, webauthn:extension:largeBlob: true, webauthn:extension:minPinLength: true, webauthn:extension:prf: true, webauthn:virtualAuthenticators: true}
Session ID: d07b9838391da0637bffe9ab3c813dc6
	at org.openqa.selenium.remote.codec.w3c.W3CHttpResponseCodec.decode(W3CHttpResponseCodec.java:130) ~[selenium-remote-driver-4.10.0.jar:?]
	at org.openqa.selenium.remote.codec.w3c.W3CHttpResponseCodec.decode(W3CHttpResponseCodec.java:51) ~[selenium-remote-driver-4.10.0.jar:?]
	at org.openqa.selenium.remote.HttpCommandExecutor.execute(HttpCommandExecutor.java:191) ~[selenium-remote-driver-4.10.0.jar:?]
	at org.openqa.selenium.remote.service.DriverCommandExecutor.invokeExecute(DriverCommandExecutor.java:196) ~[selenium-remote-driver-4.10.0.jar:?]
	at org.openqa.selenium.remote.service.DriverCommandExecutor.execute(DriverCommandExecutor.java:171) ~[selenium-remote-driver-4.10.0.jar:?]
	at org.openqa.selenium.remote.RemoteWebDriver.execute(RemoteWebDriver.java:531) ~[selenium-remote-driver-4.10.0.jar:?]
	at org.openqa.selenium.remote.RemoteWebDriver.execute(RemoteWebDriver.java:590) ~[selenium-remote-driver-4.10.0.jar:?]
	at org.openqa.selenium.remote.RemoteWebDriver.execute(RemoteWebDriver.java:594) ~[selenium-remote-driver-4.10.0.jar:?]
	at org.openqa.selenium.remote.RemoteWebDriver.getTitle(RemoteWebDriver.java:300) ~[selenium-remote-driver-4.10.0.jar:?]
	at com.AutomationJiviewsPOM.E10_2910_EmployeeRosterV2Page.getTitleOfNewTab(E10_2910_EmployeeRosterV2Page.java:548) ~[classes/:?]
	at com.AutomationJiviewsPOM.E10_2910_EmployeeRosterV2Page.clickonEmployeeProfile(E10_2910_EmployeeRosterV2Page.java:959) ~[classes/:?]
	at com.JiviewsAutomation.SystemDefination_Test.E10_2910_WorkforceEmployeeRosterV2Test.E10_2950_VerifyOpenNewTabEmployeeProfile(E10_2910_WorkforceEmployeeRosterV2Test.java:181) ~[test-classes/:?]
	at jdk.internal.reflect.NativeMethodAccessorImpl.invoke0(Native Method) ~[?:?]
	at jdk.internal.reflect.NativeMethodAccessorImpl.invoke(NativeMethodAccessorImpl.java:77) ~[?:?]
	at jdk.internal.reflect.DelegatingMethodAccessorImpl.invoke(DelegatingMethodAccessorImpl.java:43) ~[?:?]
	at java.lang.reflect.Method.invoke(Method.java:568) ~[?:?]
	at org.testng.internal.MethodInvocationHelper.invokeMethod(MethodInvocationHelper.java:124) ~[testng-6.14.3.jar:?]
	at org.testng.internal.Invoker.invokeMethod(Invoker.java:583) [testng-6.14.3.jar:?]
	at org.testng.internal.Invoker.invokeTestMethod(Invoker.java:719) [testng-6.14.3.jar:?]
	at org.testng.internal.Invoker.invokeTestMethods(Invoker.java:989) [testng-6.14.3.jar:?]
	at org.testng.internal.TestMethodWorker.invokeTestMethods(TestMethodWorker.java:125) [testng-6.14.3.jar:?]
	at org.testng.internal.TestMethodWorker.run(TestMethodWorker.java:109) [testng-6.14.3.jar:?]
	at org.testng.TestRunner.privateRun(TestRunner.java:648) [testng-6.14.3.jar:?]
	at org.testng.TestRunner.run(TestRunner.java:505) [testng-6.14.3.jar:?]
	at org.testng.SuiteRunner.runTest(SuiteRunner.java:455) [testng-6.14.3.jar:?]
	at org.testng.SuiteRunner.runSequentially(SuiteRunner.java:450) [testng-6.14.3.jar:?]
	at org.testng.SuiteRunner.privateRun(SuiteRunner.java:415) [testng-6.14.3.jar:?]
	at org.testng.SuiteRunner.run(SuiteRunner.java:364) [testng-6.14.3.jar:?]
	at org.testng.SuiteRunnerWorker.runSuite(SuiteRunnerWorker.java:52) [testng-6.14.3.jar:?]
	at org.testng.SuiteRunnerWorker.run(SuiteRunnerWorker.java:84) [testng-6.14.3.jar:?]
	at org.testng.TestNG.runSuitesSequentially(TestNG.java:1208) [testng-6.14.3.jar:?]
	at org.testng.TestNG.runSuitesLocally(TestNG.java:1137) [testng-6.14.3.jar:?]
	at org.testng.TestNG.runSuites(TestNG.java:1049) [testng-6.14.3.jar:?]
	at org.testng.TestNG.run(TestNG.java:1017) [testng-6.14.3.jar:?]
	at org.apache.maven.surefire.testng.TestNGExecutor.run(TestNGExecutor.java:308) [surefire-testng-3.1.2.jar:3.1.2]
	at org.apache.maven.surefire.testng.TestNGXmlTestSuite.execute(TestNGXmlTestSuite.java:71) [surefire-testng-3.1.2.jar:3.1.2]
	at org.apache.maven.surefire.testng.TestNGProvider.invoke(TestNGProvider.java:113) [surefire-testng-3.1.2.jar:3.1.2]
	at org.apache.maven.surefire.booter.ForkedBooter.runSuitesInProcess(ForkedBooter.java:385) [surefire-booter-3.1.2.jar:3.1.2]
	at org.apache.maven.surefire.booter.ForkedBooter.execute(ForkedBooter.java:162) [surefire-booter-3.1.2.jar:3.1.2]
	at org.apache.maven.surefire.booter.ForkedBooter.run(ForkedBooter.java:507) [surefire-booter-3.1.2.jar:3.1.2]
	at org.apache.maven.surefire.booter.ForkedBooter.main(ForkedBooter.java:495) [surefire-booter-3.1.2.jar:3.1.2]
15:18:30.935 [main] INFO  com.JiviewsAutomation.SystemDefination_Test.E10_2910_WorkforceEmployeeRosterV2Test - Performing Leave Profile...
15:18:58.651 [main] ERROR com.JiviewsAutomation.SystemDefination_Test.E10_2910_WorkforceEmployeeRosterV2Test - Error occurred during Performing Employee Leave: element click intercepted: Element <span class="px-1 mr-lg-0 ml-0 ml-lg-0 mr-0" style="font-weight: 300; color: darkcyan; font-size:15px" id="btnExpandText">...</span> is not clickable at point (969, 195). Other element would receive the click: <div class="blockUI blockOverlay" style="z-index: 1000; border: none; margin: 0px; padding: 0px; width: 100%; height: 100%; top: 0px; left: 0px; background-color: rgb(255, 255, 255); opacity: 0.8; cursor: wait; position: absolute;"></div>
  (Session info: chrome=120.0.6099.225)
Build info: version: '4.10.0', revision: 'c14d967899'
System info: os.name: 'Windows 11', os.arch: 'amd64', os.version: '10.0', java.version: '17.0.8.1'
Driver info: org.openqa.selenium.chrome.ChromeDriver
Command: [d07b9838391da0637bffe9ab3c813dc6, clickElement {id=FC4F73F211908FFA3D8661904D384AEB_element_3759}]
Capabilities {acceptInsecureCerts: false, browserName: chrome, browserVersion: 120.0.6099.225, chrome: {chromedriverVersion: 120.0.6099.109 (3419140ab66..., userDataDir: C:\Users\kumar\AppData\Loca...}, fedcm:accounts: true, goog:chromeOptions: {debuggerAddress: localhost:53874}, networkConnectionEnabled: false, pageLoadStrategy: normal, platformName: windows, proxy: Proxy(), se:cdp: ws://localhost:53874/devtoo..., se:cdpVersion: 120.0.6099.225, setWindowRect: true, strictFileInteractability: false, timeouts: {implicit: 0, pageLoad: 300000, script: 30000}, unhandledPromptBehavior: dismiss and notify, webauthn:extension:credBlob: true, webauthn:extension:largeBlob: true, webauthn:extension:minPinLength: true, webauthn:extension:prf: true, webauthn:virtualAuthenticators: true}
Element: [[ChromeDriver: chrome on windows (d07b9838391da0637bffe9ab3c813dc6)] -> xpath: //span[@id='btnExpandText']]
Session ID: d07b9838391da0637bffe9ab3c813dc6
]]></system-out>
  </testcase>
  <testcase name="E10_2952_VerifyOpenNewTabApprovalRoute" classname="com.JiviewsAutomation.SystemDefination_Test.E10_2910_WorkforceEmployeeRosterV2Test" time="52.518">
    <failure message="Expected condition failed: waiting for number of open windows to be 2 (tried for 10 second(s) with 500 milliseconds interval)&#10;Build info: version: &apos;4.10.0&apos;, revision: &apos;c14d967899&apos;&#10;System info: os.name: &apos;Windows 11&apos;, os.arch: &apos;amd64&apos;, os.version: &apos;10.0&apos;, java.version: &apos;17.0.8.1&apos;&#10;Driver info: org.openqa.selenium.chrome.ChromeDriver&#10;Capabilities {acceptInsecureCerts: false, browserName: chrome, browserVersion: 120.0.6099.225, chrome: {chromedriverVersion: 120.0.6099.109 (3419140ab66..., userDataDir: C:\Users\kumar\AppData\Loca...}, fedcm:accounts: true, goog:chromeOptions: {debuggerAddress: localhost:53874}, networkConnectionEnabled: false, pageLoadStrategy: normal, platformName: windows, proxy: Proxy(), se:cdp: ws://localhost:53874/devtoo..., se:cdpVersion: 120.0.6099.225, setWindowRect: true, strictFileInteractability: false, timeouts: {implicit: 0, pageLoad: 300000, script: 30000}, unhandledPromptBehavior: dismiss and notify, webauthn:extension:credBlob: true, webauthn:extension:largeBlob: true, webauthn:extension:minPinLength: true, webauthn:extension:prf: true, webauthn:virtualAuthenticators: true}&#10;Session ID: d07b9838391da0637bffe9ab3c813dc6" type="org.openqa.selenium.TimeoutException"><![CDATA[org.openqa.selenium.TimeoutException: 
Expected condition failed: waiting for number of open windows to be 2 (tried for 10 second(s) with 500 milliseconds interval)
Build info: version: '4.10.0', revision: 'c14d967899'
System info: os.name: 'Windows 11', os.arch: 'amd64', os.version: '10.0', java.version: '17.0.8.1'
Driver info: org.openqa.selenium.chrome.ChromeDriver
Capabilities {acceptInsecureCerts: false, browserName: chrome, browserVersion: 120.0.6099.225, chrome: {chromedriverVersion: 120.0.6099.109 (3419140ab66..., userDataDir: C:\Users\kumar\AppData\Loca...}, fedcm:accounts: true, goog:chromeOptions: {debuggerAddress: localhost:53874}, networkConnectionEnabled: false, pageLoadStrategy: normal, platformName: windows, proxy: Proxy(), se:cdp: ws://localhost:53874/devtoo..., se:cdpVersion: 120.0.6099.225, setWindowRect: true, strictFileInteractability: false, timeouts: {implicit: 0, pageLoad: 300000, script: 30000}, unhandledPromptBehavior: dismiss and notify, webauthn:extension:credBlob: true, webauthn:extension:largeBlob: true, webauthn:extension:minPinLength: true, webauthn:extension:prf: true, webauthn:virtualAuthenticators: true}
Session ID: d07b9838391da0637bffe9ab3c813dc6
	at org.openqa.selenium.support.ui.WebDriverWait.timeoutException(WebDriverWait.java:84)
	at org.openqa.selenium.support.ui.FluentWait.until(FluentWait.java:230)
	at com.AutomationJiviewsPOM.E10_2910_EmployeeRosterV2Page.getTitleOfNewTab(E10_2910_EmployeeRosterV2Page.java:530)
	at com.AutomationJiviewsPOM.E10_2910_EmployeeRosterV2Page.clickonApprovalRoute(E10_2910_EmployeeRosterV2Page.java:995)
	at com.JiviewsAutomation.SystemDefination_Test.E10_2910_WorkforceEmployeeRosterV2Test.E10_2952_VerifyOpenNewTabApprovalRoute(E10_2910_WorkforceEmployeeRosterV2Test.java:211)
	at java.base/jdk.internal.reflect.NativeMethodAccessorImpl.invoke0(Native Method)
	at java.base/jdk.internal.reflect.NativeMethodAccessorImpl.invoke(NativeMethodAccessorImpl.java:77)
	at java.base/jdk.internal.reflect.DelegatingMethodAccessorImpl.invoke(DelegatingMethodAccessorImpl.java:43)
	at java.base/java.lang.reflect.Method.invoke(Method.java:568)
	at org.testng.internal.MethodInvocationHelper.invokeMethod(MethodInvocationHelper.java:124)
	at org.testng.internal.Invoker.invokeMethod(Invoker.java:583)
	at org.testng.internal.Invoker.invokeTestMethod(Invoker.java:719)
	at org.testng.internal.Invoker.invokeTestMethods(Invoker.java:989)
	at org.testng.internal.TestMethodWorker.invokeTestMethods(TestMethodWorker.java:125)
	at org.testng.internal.TestMethodWorker.run(TestMethodWorker.java:109)
	at org.testng.TestRunner.privateRun(TestRunner.java:648)
	at org.testng.TestRunner.run(TestRunner.java:505)
	at org.testng.SuiteRunner.runTest(SuiteRunner.java:455)
	at org.testng.SuiteRunner.runSequentially(SuiteRunner.java:450)
	at org.testng.SuiteRunner.privateRun(SuiteRunner.java:415)
	at org.testng.SuiteRunner.run(SuiteRunner.java:364)
	at org.testng.SuiteRunnerWorker.runSuite(SuiteRunnerWorker.java:52)
	at org.testng.SuiteRunnerWorker.run(SuiteRunnerWorker.java:84)
	at org.testng.TestNG.runSuitesSequentially(TestNG.java:1208)
	at org.testng.TestNG.runSuitesLocally(TestNG.java:1137)
	at org.testng.TestNG.runSuites(TestNG.java:1049)
	at org.testng.TestNG.run(TestNG.java:1017)
	at org.apache.maven.surefire.testng.TestNGExecutor.run(TestNGExecutor.java:308)
	at org.apache.maven.surefire.testng.TestNGXmlTestSuite.execute(TestNGXmlTestSuite.java:71)
	at org.apache.maven.surefire.testng.TestNGProvider.invoke(TestNGProvider.java:113)
	at org.apache.maven.surefire.booter.ForkedBooter.runSuitesInProcess(ForkedBooter.java:385)
	at org.apache.maven.surefire.booter.ForkedBooter.execute(ForkedBooter.java:162)
	at org.apache.maven.surefire.booter.ForkedBooter.run(ForkedBooter.java:507)
	at org.apache.maven.surefire.booter.ForkedBooter.main(ForkedBooter.java:495)
]]></failure>
    <system-out><![CDATA[15:18:58.859 [main] INFO  com.AutomationJiviewsGeneric.ListenerImplimentation - Screenshot destination path: C:\Development\Automation\Jiviewsrpav2\ScreenShot\E10_2951_VerifyOpenNewTabLeaveProfile_20240124_151858.png
15:18:58.866 [main] INFO  com.AutomationJiviewsGeneric.ListenerImplimentation - Screenshot captured and saved to: C:\Development\Automation\Jiviewsrpav2\ScreenShot\E10_2951_VerifyOpenNewTabLeaveProfile_20240124_151858.png
15:18:58.866 [main] INFO  com.AutomationJiviewsGeneric.ListenerImplimentation - Working Directory: C:\Development\Automation\Jiviewsrpav2
15:18:58.866 [main] INFO  com.AutomationJiviewsGeneric.ListenerImplimentation - Screenshot Path: C:\Development\Automation\Jiviewsrpav2\ScreenShot\E10_2951_VerifyOpenNewTabLeaveProfile_20240124_151858.png
15:18:58.867 [main] ERROR com.AutomationJiviewsGeneric.ListenerImplimentation - Exception Stack Trace:
org.openqa.selenium.ElementClickInterceptedException: element click intercepted: Element <span class="px-1 mr-lg-0 ml-0 ml-lg-0 mr-0" style="font-weight: 300; color: darkcyan; font-size:15px" id="btnExpandText">...</span> is not clickable at point (969, 195). Other element would receive the click: <div class="blockUI blockOverlay" style="z-index: 1000; border: none; margin: 0px; padding: 0px; width: 100%; height: 100%; top: 0px; left: 0px; background-color: rgb(255, 255, 255); opacity: 0.8; cursor: wait; position: absolute;"></div>
  (Session info: chrome=120.0.6099.225)
Build info: version: '4.10.0', revision: 'c14d967899'
System info: os.name: 'Windows 11', os.arch: 'amd64', os.version: '10.0', java.version: '17.0.8.1'
Driver info: org.openqa.selenium.chrome.ChromeDriver
Command: [d07b9838391da0637bffe9ab3c813dc6, clickElement {id=FC4F73F211908FFA3D8661904D384AEB_element_3759}]
Capabilities {acceptInsecureCerts: false, browserName: chrome, browserVersion: 120.0.6099.225, chrome: {chromedriverVersion: 120.0.6099.109 (3419140ab66..., userDataDir: C:\Users\kumar\AppData\Loca...}, fedcm:accounts: true, goog:chromeOptions: {debuggerAddress: localhost:53874}, networkConnectionEnabled: false, pageLoadStrategy: normal, platformName: windows, proxy: Proxy(), se:cdp: ws://localhost:53874/devtoo..., se:cdpVersion: 120.0.6099.225, setWindowRect: true, strictFileInteractability: false, timeouts: {implicit: 0, pageLoad: 300000, script: 30000}, unhandledPromptBehavior: dismiss and notify, webauthn:extension:credBlob: true, webauthn:extension:largeBlob: true, webauthn:extension:minPinLength: true, webauthn:extension:prf: true, webauthn:virtualAuthenticators: true}
Element: [[ChromeDriver: chrome on windows (d07b9838391da0637bffe9ab3c813dc6)] -> xpath: //span[@id='btnExpandText']]
Session ID: d07b9838391da0637bffe9ab3c813dc6
	at jdk.internal.reflect.NativeConstructorAccessorImpl.newInstance0(Native Method) ~[?:?]
	at jdk.internal.reflect.NativeConstructorAccessorImpl.newInstance(NativeConstructorAccessorImpl.java:77) ~[?:?]
	at jdk.internal.reflect.DelegatingConstructorAccessorImpl.newInstance(DelegatingConstructorAccessorImpl.java:45) ~[?:?]
	at java.lang.reflect.Constructor.newInstanceWithCaller(Constructor.java:499) ~[?:?]
	at java.lang.reflect.Constructor.newInstance(Constructor.java:480) ~[?:?]
	at org.openqa.selenium.remote.codec.w3c.W3CHttpResponseCodec.createException(W3CHttpResponseCodec.java:199) ~[selenium-remote-driver-4.10.0.jar:?]
	at org.openqa.selenium.remote.codec.w3c.W3CHttpResponseCodec.decode(W3CHttpResponseCodec.java:132) ~[selenium-remote-driver-4.10.0.jar:?]
	at org.openqa.selenium.remote.codec.w3c.W3CHttpResponseCodec.decode(W3CHttpResponseCodec.java:51) ~[selenium-remote-driver-4.10.0.jar:?]
	at org.openqa.selenium.remote.HttpCommandExecutor.execute(HttpCommandExecutor.java:191) ~[selenium-remote-driver-4.10.0.jar:?]
	at org.openqa.selenium.remote.service.DriverCommandExecutor.invokeExecute(DriverCommandExecutor.java:196) ~[selenium-remote-driver-4.10.0.jar:?]
	at org.openqa.selenium.remote.service.DriverCommandExecutor.execute(DriverCommandExecutor.java:171) ~[selenium-remote-driver-4.10.0.jar:?]
	at org.openqa.selenium.remote.RemoteWebDriver.execute(RemoteWebDriver.java:531) ~[selenium-remote-driver-4.10.0.jar:?]
	at org.openqa.selenium.remote.RemoteWebElement.execute(RemoteWebElement.java:242) ~[selenium-remote-driver-4.10.0.jar:?]
	at org.openqa.selenium.remote.RemoteWebElement.click(RemoteWebElement.java:77) ~[selenium-remote-driver-4.10.0.jar:?]
	at jdk.internal.reflect.GeneratedMethodAccessor2.invoke(Unknown Source) ~[?:?]
	at jdk.internal.reflect.DelegatingMethodAccessorImpl.invoke(DelegatingMethodAccessorImpl.java:43) ~[?:?]
	at java.lang.reflect.Method.invoke(Method.java:568) ~[?:?]
	at org.openqa.selenium.support.pagefactory.internal.LocatingElementHandler.invoke(LocatingElementHandler.java:51) ~[selenium-support-4.10.0.jar:?]
	at jdk.proxy2.$Proxy32.click(Unknown Source) ~[?:?]
	at com.AutomationJiviewsPOM.E10_2910_EmployeeRosterV2Page.clickBtnExpand(E10_2910_EmployeeRosterV2Page.java:353) ~[classes/:?]
	at com.AutomationJiviewsPOM.E10_2910_EmployeeRosterV2Page.clickonLeaveProfile(E10_2910_EmployeeRosterV2Page.java:973) ~[classes/:?]
	at com.JiviewsAutomation.SystemDefination_Test.E10_2910_WorkforceEmployeeRosterV2Test.E10_2951_VerifyOpenNewTabLeaveProfile(E10_2910_WorkforceEmployeeRosterV2Test.java:196) ~[test-classes/:?]
	at jdk.internal.reflect.NativeMethodAccessorImpl.invoke0(Native Method) ~[?:?]
	at jdk.internal.reflect.NativeMethodAccessorImpl.invoke(NativeMethodAccessorImpl.java:77) ~[?:?]
	at jdk.internal.reflect.DelegatingMethodAccessorImpl.invoke(DelegatingMethodAccessorImpl.java:43) ~[?:?]
	at java.lang.reflect.Method.invoke(Method.java:568) ~[?:?]
	at org.testng.internal.MethodInvocationHelper.invokeMethod(MethodInvocationHelper.java:124) ~[testng-6.14.3.jar:?]
	at org.testng.internal.Invoker.invokeMethod(Invoker.java:583) [testng-6.14.3.jar:?]
	at org.testng.internal.Invoker.invokeTestMethod(Invoker.java:719) [testng-6.14.3.jar:?]
	at org.testng.internal.Invoker.invokeTestMethods(Invoker.java:989) [testng-6.14.3.jar:?]
	at org.testng.internal.TestMethodWorker.invokeTestMethods(TestMethodWorker.java:125) [testng-6.14.3.jar:?]
	at org.testng.internal.TestMethodWorker.run(TestMethodWorker.java:109) [testng-6.14.3.jar:?]
	at org.testng.TestRunner.privateRun(TestRunner.java:648) [testng-6.14.3.jar:?]
	at org.testng.TestRunner.run(TestRunner.java:505) [testng-6.14.3.jar:?]
	at org.testng.SuiteRunner.runTest(SuiteRunner.java:455) [testng-6.14.3.jar:?]
	at org.testng.SuiteRunner.runSequentially(SuiteRunner.java:450) [testng-6.14.3.jar:?]
	at org.testng.SuiteRunner.privateRun(SuiteRunner.java:415) [testng-6.14.3.jar:?]
	at org.testng.SuiteRunner.run(SuiteRunner.java:364) [testng-6.14.3.jar:?]
	at org.testng.SuiteRunnerWorker.runSuite(SuiteRunnerWorker.java:52) [testng-6.14.3.jar:?]
	at org.testng.SuiteRunnerWorker.run(SuiteRunnerWorker.java:84) [testng-6.14.3.jar:?]
	at org.testng.TestNG.runSuitesSequentially(TestNG.java:1208) [testng-6.14.3.jar:?]
	at org.testng.TestNG.runSuitesLocally(TestNG.java:1137) [testng-6.14.3.jar:?]
	at org.testng.TestNG.runSuites(TestNG.java:1049) [testng-6.14.3.jar:?]
	at org.testng.TestNG.run(TestNG.java:1017) [testng-6.14.3.jar:?]
	at org.apache.maven.surefire.testng.TestNGExecutor.run(TestNGExecutor.java:308) [surefire-testng-3.1.2.jar:3.1.2]
	at org.apache.maven.surefire.testng.TestNGXmlTestSuite.execute(TestNGXmlTestSuite.java:71) [surefire-testng-3.1.2.jar:3.1.2]
	at org.apache.maven.surefire.testng.TestNGProvider.invoke(TestNGProvider.java:113) [surefire-testng-3.1.2.jar:3.1.2]
	at org.apache.maven.surefire.booter.ForkedBooter.runSuitesInProcess(ForkedBooter.java:385) [surefire-booter-3.1.2.jar:3.1.2]
	at org.apache.maven.surefire.booter.ForkedBooter.execute(ForkedBooter.java:162) [surefire-booter-3.1.2.jar:3.1.2]
	at org.apache.maven.surefire.booter.ForkedBooter.run(ForkedBooter.java:507) [surefire-booter-3.1.2.jar:3.1.2]
	at org.apache.maven.surefire.booter.ForkedBooter.main(ForkedBooter.java:495) [surefire-booter-3.1.2.jar:3.1.2]
15:18:58.869 [main] ERROR com.AutomationJiviewsGeneric.ListenerImplimentation - Exception Stack Trace:
org.openqa.selenium.ElementClickInterceptedException: element click intercepted: Element <span class="px-1 mr-lg-0 ml-0 ml-lg-0 mr-0" style="font-weight: 300; color: darkcyan; font-size:15px" id="btnExpandText">...</span> is not clickable at point (969, 195). Other element would receive the click: <div class="blockUI blockOverlay" style="z-index: 1000; border: none; margin: 0px; padding: 0px; width: 100%; height: 100%; top: 0px; left: 0px; background-color: rgb(255, 255, 255); opacity: 0.8; cursor: wait; position: absolute;"></div>
  (Session info: chrome=120.0.6099.225)
Build info: version: '4.10.0', revision: 'c14d967899'
System info: os.name: 'Windows 11', os.arch: 'amd64', os.version: '10.0', java.version: '17.0.8.1'
Driver info: org.openqa.selenium.chrome.ChromeDriver
Command: [d07b9838391da0637bffe9ab3c813dc6, clickElement {id=FC4F73F211908FFA3D8661904D384AEB_element_3759}]
Capabilities {acceptInsecureCerts: false, browserName: chrome, browserVersion: 120.0.6099.225, chrome: {chromedriverVersion: 120.0.6099.109 (3419140ab66..., userDataDir: C:\Users\kumar\AppData\Loca...}, fedcm:accounts: true, goog:chromeOptions: {debuggerAddress: localhost:53874}, networkConnectionEnabled: false, pageLoadStrategy: normal, platformName: windows, proxy: Proxy(), se:cdp: ws://localhost:53874/devtoo..., se:cdpVersion: 120.0.6099.225, setWindowRect: true, strictFileInteractability: false, timeouts: {implicit: 0, pageLoad: 300000, script: 30000}, unhandledPromptBehavior: dismiss and notify, webauthn:extension:credBlob: true, webauthn:extension:largeBlob: true, webauthn:extension:minPinLength: true, webauthn:extension:prf: true, webauthn:virtualAuthenticators: true}
Element: [[ChromeDriver: chrome on windows (d07b9838391da0637bffe9ab3c813dc6)] -> xpath: //span[@id='btnExpandText']]
Session ID: d07b9838391da0637bffe9ab3c813dc6
	at jdk.internal.reflect.NativeConstructorAccessorImpl.newInstance0(Native Method) ~[?:?]
	at jdk.internal.reflect.NativeConstructorAccessorImpl.newInstance(NativeConstructorAccessorImpl.java:77) ~[?:?]
	at jdk.internal.reflect.DelegatingConstructorAccessorImpl.newInstance(DelegatingConstructorAccessorImpl.java:45) ~[?:?]
	at java.lang.reflect.Constructor.newInstanceWithCaller(Constructor.java:499) ~[?:?]
	at java.lang.reflect.Constructor.newInstance(Constructor.java:480) ~[?:?]
	at org.openqa.selenium.remote.codec.w3c.W3CHttpResponseCodec.createException(W3CHttpResponseCodec.java:199) ~[selenium-remote-driver-4.10.0.jar:?]
	at org.openqa.selenium.remote.codec.w3c.W3CHttpResponseCodec.decode(W3CHttpResponseCodec.java:132) ~[selenium-remote-driver-4.10.0.jar:?]
	at org.openqa.selenium.remote.codec.w3c.W3CHttpResponseCodec.decode(W3CHttpResponseCodec.java:51) ~[selenium-remote-driver-4.10.0.jar:?]
	at org.openqa.selenium.remote.HttpCommandExecutor.execute(HttpCommandExecutor.java:191) ~[selenium-remote-driver-4.10.0.jar:?]
	at org.openqa.selenium.remote.service.DriverCommandExecutor.invokeExecute(DriverCommandExecutor.java:196) ~[selenium-remote-driver-4.10.0.jar:?]
	at org.openqa.selenium.remote.service.DriverCommandExecutor.execute(DriverCommandExecutor.java:171) ~[selenium-remote-driver-4.10.0.jar:?]
	at org.openqa.selenium.remote.RemoteWebDriver.execute(RemoteWebDriver.java:531) ~[selenium-remote-driver-4.10.0.jar:?]
	at org.openqa.selenium.remote.RemoteWebElement.execute(RemoteWebElement.java:242) ~[selenium-remote-driver-4.10.0.jar:?]
	at org.openqa.selenium.remote.RemoteWebElement.click(RemoteWebElement.java:77) ~[selenium-remote-driver-4.10.0.jar:?]
	at jdk.internal.reflect.GeneratedMethodAccessor2.invoke(Unknown Source) ~[?:?]
	at jdk.internal.reflect.DelegatingMethodAccessorImpl.invoke(DelegatingMethodAccessorImpl.java:43) ~[?:?]
	at java.lang.reflect.Method.invoke(Method.java:568) ~[?:?]
	at org.openqa.selenium.support.pagefactory.internal.LocatingElementHandler.invoke(LocatingElementHandler.java:51) ~[selenium-support-4.10.0.jar:?]
	at jdk.proxy2.$Proxy32.click(Unknown Source) ~[?:?]
	at com.AutomationJiviewsPOM.E10_2910_EmployeeRosterV2Page.clickBtnExpand(E10_2910_EmployeeRosterV2Page.java:353) ~[classes/:?]
	at com.AutomationJiviewsPOM.E10_2910_EmployeeRosterV2Page.clickonLeaveProfile(E10_2910_EmployeeRosterV2Page.java:973) ~[classes/:?]
	at com.JiviewsAutomation.SystemDefination_Test.E10_2910_WorkforceEmployeeRosterV2Test.E10_2951_VerifyOpenNewTabLeaveProfile(E10_2910_WorkforceEmployeeRosterV2Test.java:196) ~[test-classes/:?]
	at jdk.internal.reflect.NativeMethodAccessorImpl.invoke0(Native Method) ~[?:?]
	at jdk.internal.reflect.NativeMethodAccessorImpl.invoke(NativeMethodAccessorImpl.java:77) ~[?:?]
	at jdk.internal.reflect.DelegatingMethodAccessorImpl.invoke(DelegatingMethodAccessorImpl.java:43) ~[?:?]
	at java.lang.reflect.Method.invoke(Method.java:568) ~[?:?]
	at org.testng.internal.MethodInvocationHelper.invokeMethod(MethodInvocationHelper.java:124) ~[testng-6.14.3.jar:?]
	at org.testng.internal.Invoker.invokeMethod(Invoker.java:583) [testng-6.14.3.jar:?]
	at org.testng.internal.Invoker.invokeTestMethod(Invoker.java:719) [testng-6.14.3.jar:?]
	at org.testng.internal.Invoker.invokeTestMethods(Invoker.java:989) [testng-6.14.3.jar:?]
	at org.testng.internal.TestMethodWorker.invokeTestMethods(TestMethodWorker.java:125) [testng-6.14.3.jar:?]
	at org.testng.internal.TestMethodWorker.run(TestMethodWorker.java:109) [testng-6.14.3.jar:?]
	at org.testng.TestRunner.privateRun(TestRunner.java:648) [testng-6.14.3.jar:?]
	at org.testng.TestRunner.run(TestRunner.java:505) [testng-6.14.3.jar:?]
	at org.testng.SuiteRunner.runTest(SuiteRunner.java:455) [testng-6.14.3.jar:?]
	at org.testng.SuiteRunner.runSequentially(SuiteRunner.java:450) [testng-6.14.3.jar:?]
	at org.testng.SuiteRunner.privateRun(SuiteRunner.java:415) [testng-6.14.3.jar:?]
	at org.testng.SuiteRunner.run(SuiteRunner.java:364) [testng-6.14.3.jar:?]
	at org.testng.SuiteRunnerWorker.runSuite(SuiteRunnerWorker.java:52) [testng-6.14.3.jar:?]
	at org.testng.SuiteRunnerWorker.run(SuiteRunnerWorker.java:84) [testng-6.14.3.jar:?]
	at org.testng.TestNG.runSuitesSequentially(TestNG.java:1208) [testng-6.14.3.jar:?]
	at org.testng.TestNG.runSuitesLocally(TestNG.java:1137) [testng-6.14.3.jar:?]
	at org.testng.TestNG.runSuites(TestNG.java:1049) [testng-6.14.3.jar:?]
	at org.testng.TestNG.run(TestNG.java:1017) [testng-6.14.3.jar:?]
	at org.apache.maven.surefire.testng.TestNGExecutor.run(TestNGExecutor.java:308) [surefire-testng-3.1.2.jar:3.1.2]
	at org.apache.maven.surefire.testng.TestNGXmlTestSuite.execute(TestNGXmlTestSuite.java:71) [surefire-testng-3.1.2.jar:3.1.2]
	at org.apache.maven.surefire.testng.TestNGProvider.invoke(TestNGProvider.java:113) [surefire-testng-3.1.2.jar:3.1.2]
	at org.apache.maven.surefire.booter.ForkedBooter.runSuitesInProcess(ForkedBooter.java:385) [surefire-booter-3.1.2.jar:3.1.2]
	at org.apache.maven.surefire.booter.ForkedBooter.execute(ForkedBooter.java:162) [surefire-booter-3.1.2.jar:3.1.2]
	at org.apache.maven.surefire.booter.ForkedBooter.run(ForkedBooter.java:507) [surefire-booter-3.1.2.jar:3.1.2]
	at org.apache.maven.surefire.booter.ForkedBooter.main(ForkedBooter.java:495) [surefire-booter-3.1.2.jar:3.1.2]
15:19:28.628 [main] INFO  com.JiviewsAutomation.SystemDefination_Test.E10_2910_WorkforceEmployeeRosterV2Test - Performing Approval Route...
15:20:20.852 [main] ERROR com.JiviewsAutomation.SystemDefination_Test.E10_2910_WorkforceEmployeeRosterV2Test - Error occurred during Performing Approval Route: Expected condition failed: waiting for number of open windows to be 2 (tried for 10 second(s) with 500 milliseconds interval)
Build info: version: '4.10.0', revision: 'c14d967899'
System info: os.name: 'Windows 11', os.arch: 'amd64', os.version: '10.0', java.version: '17.0.8.1'
Driver info: org.openqa.selenium.chrome.ChromeDriver
Capabilities {acceptInsecureCerts: false, browserName: chrome, browserVersion: 120.0.6099.225, chrome: {chromedriverVersion: 120.0.6099.109 (3419140ab66..., userDataDir: C:\Users\kumar\AppData\Loca...}, fedcm:accounts: true, goog:chromeOptions: {debuggerAddress: localhost:53874}, networkConnectionEnabled: false, pageLoadStrategy: normal, platformName: windows, proxy: Proxy(), se:cdp: ws://localhost:53874/devtoo..., se:cdpVersion: 120.0.6099.225, setWindowRect: true, strictFileInteractability: false, timeouts: {implicit: 0, pageLoad: 300000, script: 30000}, unhandledPromptBehavior: dismiss and notify, webauthn:extension:credBlob: true, webauthn:extension:largeBlob: true, webauthn:extension:minPinLength: true, webauthn:extension:prf: true, webauthn:virtualAuthenticators: true}
Session ID: d07b9838391da0637bffe9ab3c813dc6
]]></system-out>
  </testcase>
  <testcase name="E10_2954_VerifyClickDifferentTabinSummary" classname="com.JiviewsAutomation.SystemDefination_Test.E10_2910_WorkforceEmployeeRosterV2Test" time="41.646">
    <system-out><![CDATA[15:20:21.098 [main] INFO  com.AutomationJiviewsGeneric.ListenerImplimentation - Screenshot destination path: C:\Development\Automation\Jiviewsrpav2\ScreenShot\E10_2952_VerifyOpenNewTabApprovalRoute_20240124_152020.png
15:20:21.101 [main] INFO  com.AutomationJiviewsGeneric.ListenerImplimentation - Screenshot captured and saved to: C:\Development\Automation\Jiviewsrpav2\ScreenShot\E10_2952_VerifyOpenNewTabApprovalRoute_20240124_152020.png
15:20:21.101 [main] INFO  com.AutomationJiviewsGeneric.ListenerImplimentation - Working Directory: C:\Development\Automation\Jiviewsrpav2
15:20:21.101 [main] INFO  com.AutomationJiviewsGeneric.ListenerImplimentation - Screenshot Path: C:\Development\Automation\Jiviewsrpav2\ScreenShot\E10_2952_VerifyOpenNewTabApprovalRoute_20240124_152020.png
15:20:21.101 [main] ERROR com.AutomationJiviewsGeneric.ListenerImplimentation - Exception Stack Trace:
org.openqa.selenium.TimeoutException: Expected condition failed: waiting for number of open windows to be 2 (tried for 10 second(s) with 500 milliseconds interval)
Build info: version: '4.10.0', revision: 'c14d967899'
System info: os.name: 'Windows 11', os.arch: 'amd64', os.version: '10.0', java.version: '17.0.8.1'
Driver info: org.openqa.selenium.chrome.ChromeDriver
Capabilities {acceptInsecureCerts: false, browserName: chrome, browserVersion: 120.0.6099.225, chrome: {chromedriverVersion: 120.0.6099.109 (3419140ab66..., userDataDir: C:\Users\kumar\AppData\Loca...}, fedcm:accounts: true, goog:chromeOptions: {debuggerAddress: localhost:53874}, networkConnectionEnabled: false, pageLoadStrategy: normal, platformName: windows, proxy: Proxy(), se:cdp: ws://localhost:53874/devtoo..., se:cdpVersion: 120.0.6099.225, setWindowRect: true, strictFileInteractability: false, timeouts: {implicit: 0, pageLoad: 300000, script: 30000}, unhandledPromptBehavior: dismiss and notify, webauthn:extension:credBlob: true, webauthn:extension:largeBlob: true, webauthn:extension:minPinLength: true, webauthn:extension:prf: true, webauthn:virtualAuthenticators: true}
Session ID: d07b9838391da0637bffe9ab3c813dc6
	at org.openqa.selenium.support.ui.WebDriverWait.timeoutException(WebDriverWait.java:84) ~[selenium-support-4.10.0.jar:?]
	at org.openqa.selenium.support.ui.FluentWait.until(FluentWait.java:230) ~[selenium-support-4.10.0.jar:?]
	at com.AutomationJiviewsPOM.E10_2910_EmployeeRosterV2Page.getTitleOfNewTab(E10_2910_EmployeeRosterV2Page.java:530) ~[classes/:?]
	at com.AutomationJiviewsPOM.E10_2910_EmployeeRosterV2Page.clickonApprovalRoute(E10_2910_EmployeeRosterV2Page.java:995) ~[classes/:?]
	at com.JiviewsAutomation.SystemDefination_Test.E10_2910_WorkforceEmployeeRosterV2Test.E10_2952_VerifyOpenNewTabApprovalRoute(E10_2910_WorkforceEmployeeRosterV2Test.java:211) ~[test-classes/:?]
	at jdk.internal.reflect.NativeMethodAccessorImpl.invoke0(Native Method) ~[?:?]
	at jdk.internal.reflect.NativeMethodAccessorImpl.invoke(NativeMethodAccessorImpl.java:77) ~[?:?]
	at jdk.internal.reflect.DelegatingMethodAccessorImpl.invoke(DelegatingMethodAccessorImpl.java:43) ~[?:?]
	at java.lang.reflect.Method.invoke(Method.java:568) ~[?:?]
	at org.testng.internal.MethodInvocationHelper.invokeMethod(MethodInvocationHelper.java:124) ~[testng-6.14.3.jar:?]
	at org.testng.internal.Invoker.invokeMethod(Invoker.java:583) [testng-6.14.3.jar:?]
	at org.testng.internal.Invoker.invokeTestMethod(Invoker.java:719) [testng-6.14.3.jar:?]
	at org.testng.internal.Invoker.invokeTestMethods(Invoker.java:989) [testng-6.14.3.jar:?]
	at org.testng.internal.TestMethodWorker.invokeTestMethods(TestMethodWorker.java:125) [testng-6.14.3.jar:?]
	at org.testng.internal.TestMethodWorker.run(TestMethodWorker.java:109) [testng-6.14.3.jar:?]
	at org.testng.TestRunner.privateRun(TestRunner.java:648) [testng-6.14.3.jar:?]
	at org.testng.TestRunner.run(TestRunner.java:505) [testng-6.14.3.jar:?]
	at org.testng.SuiteRunner.runTest(SuiteRunner.java:455) [testng-6.14.3.jar:?]
	at org.testng.SuiteRunner.runSequentially(SuiteRunner.java:450) [testng-6.14.3.jar:?]
	at org.testng.SuiteRunner.privateRun(SuiteRunner.java:415) [testng-6.14.3.jar:?]
	at org.testng.SuiteRunner.run(SuiteRunner.java:364) [testng-6.14.3.jar:?]
	at org.testng.SuiteRunnerWorker.runSuite(SuiteRunnerWorker.java:52) [testng-6.14.3.jar:?]
	at org.testng.SuiteRunnerWorker.run(SuiteRunnerWorker.java:84) [testng-6.14.3.jar:?]
	at org.testng.TestNG.runSuitesSequentially(TestNG.java:1208) [testng-6.14.3.jar:?]
	at org.testng.TestNG.runSuitesLocally(TestNG.java:1137) [testng-6.14.3.jar:?]
	at org.testng.TestNG.runSuites(TestNG.java:1049) [testng-6.14.3.jar:?]
	at org.testng.TestNG.run(TestNG.java:1017) [testng-6.14.3.jar:?]
	at org.apache.maven.surefire.testng.TestNGExecutor.run(TestNGExecutor.java:308) [surefire-testng-3.1.2.jar:3.1.2]
	at org.apache.maven.surefire.testng.TestNGXmlTestSuite.execute(TestNGXmlTestSuite.java:71) [surefire-testng-3.1.2.jar:3.1.2]
	at org.apache.maven.surefire.testng.TestNGProvider.invoke(TestNGProvider.java:113) [surefire-testng-3.1.2.jar:3.1.2]
	at org.apache.maven.surefire.booter.ForkedBooter.runSuitesInProcess(ForkedBooter.java:385) [surefire-booter-3.1.2.jar:3.1.2]
	at org.apache.maven.surefire.booter.ForkedBooter.execute(ForkedBooter.java:162) [surefire-booter-3.1.2.jar:3.1.2]
	at org.apache.maven.surefire.booter.ForkedBooter.run(ForkedBooter.java:507) [surefire-booter-3.1.2.jar:3.1.2]
	at org.apache.maven.surefire.booter.ForkedBooter.main(ForkedBooter.java:495) [surefire-booter-3.1.2.jar:3.1.2]
15:20:21.102 [main] ERROR com.AutomationJiviewsGeneric.ListenerImplimentation - Exception Stack Trace:
org.openqa.selenium.TimeoutException: Expected condition failed: waiting for number of open windows to be 2 (tried for 10 second(s) with 500 milliseconds interval)
Build info: version: '4.10.0', revision: 'c14d967899'
System info: os.name: 'Windows 11', os.arch: 'amd64', os.version: '10.0', java.version: '17.0.8.1'
Driver info: org.openqa.selenium.chrome.ChromeDriver
[...]
	at org.openqa.selenium.support.pagefactory.DefaultElementLocator.findElement(DefaultElementLocator.java:68) ~[selenium-support-4.10.0.jar:?]
	at org.openqa.selenium.support.pagefactory.internal.LocatingElementHandler.invoke(LocatingElementHandler.java:38) ~[selenium-support-4.10.0.jar:?]
	at jdk.proxy2.$Proxy32.getWrappedElement(Unknown Source) ~[?:?]
	at org.openqa.selenium.interactions.PointerInput$Origin.asArg(PointerInput.java:275) ~[selenium-api-4.10.0.jar:?]
	at org.openqa.selenium.interactions.PointerInput$Move.encode(PointerInput.java:224) ~[selenium-api-4.10.0.jar:?]
	at org.openqa.selenium.interactions.Sequence.encode(Sequence.java:72) ~[selenium-api-4.10.0.jar:?]
	at org.openqa.selenium.interactions.Sequence.toJson(Sequence.java:81) ~[selenium-api-4.10.0.jar:?]
	at jdk.internal.reflect.GeneratedMethodAccessor6.invoke(Unknown Source) ~[?:?]
	at jdk.internal.reflect.DelegatingMethodAccessorImpl.invoke(DelegatingMethodAccessorImpl.java:43) ~[?:?]
	at java.lang.reflect.Method.invoke(Method.java:568) ~[?:?]
	at org.openqa.selenium.json.JsonOutput.convertUsingMethod(JsonOutput.java:391) ~[selenium-json-4.10.0.jar:?]
	... 63 more
15:23:43.570 [main] ERROR com.AutomationJiviewsGeneric.ListenerImplimentation - Exception Stack Trace:
org.openqa.selenium.json.JsonException: java.lang.reflect.InvocationTargetException
Build info: version: '4.10.0', revision: 'c14d967899'
System info: os.name: 'Windows 11', os.arch: 'amd64', os.version: '10.0', java.version: '17.0.8.1'
Driver info: org.openqa.selenium.chrome.ChromeDriver
Command: [d07b9838391da0637bffe9ab3c813dc6, actions {actions=[org.openqa.selenium.interactions.Sequence@6b6a60f4]}]
Capabilities {acceptInsecureCerts: false, browserName: chrome, browserVersion: 120.0.6099.225, chrome: {chromedriverVersion: 120.0.6099.109 (3419140ab66..., userDataDir: C:\Users\kumar\AppData\Loca...}, fedcm:accounts: true, goog:chromeOptions: {debuggerAddress: localhost:53874}, networkConnectionEnabled: false, pageLoadStrategy: normal, platformName: windows, proxy: Proxy(), se:cdp: ws://localhost:53874/devtoo..., se:cdpVersion: 120.0.6099.225, setWindowRect: true, strictFileInteractability: false, timeouts: {implicit: 0, pageLoad: 300000, script: 30000}, unhandledPromptBehavior: dismiss and notify, webauthn:extension:credBlob: true, webauthn:extension:largeBlob: true, webauthn:extension:minPinLength: true, webauthn:extension:prf: true, webauthn:virtualAuthenticators: true}
Session ID: d07b9838391da0637bffe9ab3c813dc6
	at org.openqa.selenium.json.JsonOutput.convertUsingMethod(JsonOutput.java:395) ~[selenium-json-4.10.0.jar:?]
	at org.openqa.selenium.json.JsonOutput.lambda$new$16(JsonOutput.java:165) ~[selenium-json-4.10.0.jar:?]
	at org.openqa.selenium.json.JsonOutput.write(JsonOutput.java:322) ~[selenium-json-4.10.0.jar:?]
	at org.openqa.selenium.json.JsonOutput.lambda$new$22(JsonOutput.java:185) ~[selenium-json-4.10.0.jar:?]
	at java.util.stream.ForEachOps$ForEachOp$OfRef.accept(ForEachOps.java:183) ~[?:?]
	at java.util.stream.ReferencePipeline$2$1.accept(ReferencePipeline.java:179) ~[?:?]
	at java.util.Iterator.forEachRemaining(Iterator.java:133) ~[?:?]
	at java.util.Spliterators$IteratorSpliterator.forEachRemaining(Spliterators.java:1845) ~[?:?]
	at java.util.stream.AbstractPipeline.copyInto(AbstractPipeline.java:509) ~[?:?]
	at java.util.stream.AbstractPipeline.wrapAndCopyInto(AbstractPipeline.java:499) ~[?:?]
	at java.util.stream.ForEachOps$ForEachOp.evaluateSequential(ForEachOps.java:150) ~[?:?]
	at java.util.stream.ForEachOps$ForEachOp$OfRef.evaluateSequential(ForEachOps.java:173) ~[?:?]
	at java.util.stream.AbstractPipeline.evaluate(AbstractPipeline.java:234) ~[?:?]
	at java.util.stream.ReferencePipeline.forEach(ReferencePipeline.java:596) ~[?:?]
	at org.openqa.selenium.json.JsonOutput.lambda$new$23(JsonOutput.java:185) ~[selenium-json-4.10.0.jar:?]
	at org.openqa.selenium.json.JsonOutput.write(JsonOutput.java:322) ~[selenium-json-4.10.0.jar:?]
	at org.openqa.selenium.json.JsonOutput.lambda$new$24(JsonOutput.java:203) ~[selenium-json-4.10.0.jar:?]
	at com.google.common.collect.SingletonImmutableBiMap.forEach(SingletonImmutableBiMap.java:68) ~[guava-31.1-jre.jar:?]
	at org.openqa.selenium.json.JsonOutput.lambda$new$25(JsonOutput.java:198) ~[selenium-json-4.10.0.jar:?]
	at org.openqa.selenium.json.JsonOutput.write(JsonOutput.java:322) ~[selenium-json-4.10.0.jar:?]
	at org.openqa.selenium.json.JsonOutput.write(JsonOutput.java:313) ~[selenium-json-4.10.0.jar:?]
	at org.openqa.selenium.json.Json.toJson(Json.java:43) ~[selenium-json-4.10.0.jar:?]
	at org.openqa.selenium.remote.codec.AbstractHttpCommandCodec.encode(AbstractHttpCommandCodec.java:256) ~[selenium-remote-driver-4.10.0.jar:?]
	at org.openqa.selenium.remote.codec.AbstractHttpCommandCodec.encode(AbstractHttpCommandCodec.java:120) ~[selenium-remote-driver-4.10.0.jar:?]
	at org.openqa.selenium.remote.HttpCommandExecutor.execute(HttpCommandExecutor.java:179) ~[selenium-remote-driver-4.10.0.jar:?]
	at org.openqa.selenium.remote.service.DriverCommandExecutor.invokeExecute(DriverCommandExecutor.java:196) ~[selenium-remote-driver-4.10.0.jar:?]
	at org.openqa.selenium.remote.service.DriverCommandExecutor.execute(DriverCommandExecutor.java:171) ~[selenium-remote-driver-4.10.0.jar:?]
	at org.openqa.selenium.remote.RemoteWebDriver.execute(RemoteWebDriver.java:531) ~[selenium-remote-driver-4.10.0.jar:?]
	at org.openqa.selenium.remote.RemoteWebDriver.perform(RemoteWebDriver.java:603) ~[selenium-remote-driver-4.10.0.jar:?]
	at org.openqa.selenium.interactions.Actions$BuiltAction.perform(Actions.java:585) ~[selenium-api-4.10.0.jar:?]
	at org.openqa.selenium.interactions.Actions.perform(Actions.java:554) ~[selenium-api-4.10.0.jar:?]
	at com.AutomationJiviewsGeneric.WebUtilities.moveToElement(WebUtilities.java:105) ~[classes/:?]
	at com.AutomationJiviewsPOM.E10_2910_EmployeeRosterV2Page.mouseHoverApplyOnBehalfOption(E10_2910_EmployeeRosterV2Page.java:556) ~[classes/:?]
	at com.AutomationJiviewsPOM.E10_2910_EmployeeRosterV2Page.ApplyUncontrolledLeave(E10_2910_EmployeeRosterV2Page.java:1121) ~[classes/:?]
	at com.JiviewsAutomation.SystemDefination_Test.E10_2910_WorkforceEmployeeRosterV2Test.E10_3039_VerifyApplyUncontrolledLeave(E10_2910_WorkforceEmployeeRosterV2Test.java:244) ~[test-classes/:?]
	at jdk.internal.reflect.NativeMethodAccessorImpl.invoke0(Native Method) ~[?:?]
	at jdk.internal.reflect.NativeMethodAccessorImpl.invoke(NativeMethodAccessorImpl.java:77) ~[?:?]
	at jdk.internal.reflect.DelegatingMethodAccessorImpl.invoke(DelegatingMethodAccessorImpl.java:43) ~[?:?]
	at java.lang.reflect.Method.invoke(Method.java:568) ~[?:?]
	at org.testng.internal.MethodInvocationHelper.invokeMethod(MethodInvocationHelper.java:124) ~[testng-6.14.3.jar:?]
	at org.testng.internal.Invoker.invokeMethod(Invoker.java:583) [testng-6.14.3.jar:?]
	at org.testng.internal.Invoker.invokeTestMethod(Invoker.java:719) [testng-6.14.3.jar:?]
	at org.testng.internal.Invoker.invokeTestMethods(Invoker.java:989) [testng-6.14.3.jar:?]
	at org.testng.internal.TestMethodWorker.invokeTestMethods(TestMethodWorker.java:125) [testng-6.14.3.jar:?]
	at org.testng.internal.TestMethodWorker.run(TestMethodWorker.java:109) [testng-6.14.3.jar:?]
	at org.testng.TestRunner.privateRun(TestRunner.java:648) [testng-6.14.3.jar:?]
	at org.testng.TestRunner.run(TestRunner.java:505) [testng-6.14.3.jar:?]
	at org.testng.SuiteRunner.runTest(SuiteRunner.java:455) [testng-6.14.3.jar:?]
	at org.testng.SuiteRunner.runSequentially(SuiteRunner.java:450) [testng-6.14.3.jar:?]
	at org.testng.SuiteRunner.privateRun(SuiteRunner.java:415) [testng-6.14.3.jar:?]
	at org.testng.SuiteRunner.run(SuiteRunner.java:364) [testng-6.14.3.jar:?]
	at org.testng.SuiteRunnerWorker.runSuite(SuiteRunnerWorker.java:52) [testng-6.14.3.jar:?]
	at org.testng.SuiteRunnerWorker.run(SuiteRunnerWorker.java:84) [testng-6.14.3.jar:?]
	at org.testng.TestNG.runSuitesSequentially(TestNG.java:1208) [testng-6.14.3.jar:?]
	at org.testng.TestNG.runSuitesLocally(TestNG.java:1137) [testng-6.14.3.jar:?]
	at org.testng.TestNG.runSuites(TestNG.java:1049) [testng-6.14.3.jar:?]
	at org.testng.TestNG.run(TestNG.java:1017) [testng-6.14.3.jar:?]
	at org.apache.maven.surefire.testng.TestNGExecutor.run(TestNGExecutor.java:308) [surefire-testng-3.1.2.jar:3.1.2]
	at org.apache.maven.surefire.testng.TestNGXmlTestSuite.execute(TestNGXmlTestSuite.java:71) [surefire-testng-3.1.2.jar:3.1.2]
	at org.apache.maven.surefire.testng.TestNGProvider.invoke(TestNGProvider.java:113) [surefire-testng-3.1.2.jar:3.1.2]
	at org.apache.maven.surefire.booter.ForkedBooter.runSuitesInProcess(ForkedBooter.java:385) [surefire-booter-3.1.2.jar:3.1.2]
	at org.apache.maven.surefire.booter.ForkedBooter.execute(ForkedBooter.java:162) [surefire-booter-3.1.2.jar:3.1.2]
	at org.apache.maven.surefire.booter.ForkedBooter.run(ForkedBooter.java:507) [surefire-booter-3.1.2.jar:3.1.2]
	at org.apache.maven.surefire.booter.ForkedBooter.main(ForkedBooter.java:495) [surefire-booter-3.1.2.jar:3.1.2]
	Suppressed: org.openqa.selenium.json.JsonException: Attempting to close incomplete json stream
Build info: version: '4.10.0', revision: 'c14d967899'
System info: os.name: 'Windows 11', os.arch: 'amd64', os.version: '10.0', java.version: '17.0.8.1'
Driver info: driver.version: RemoteWebDriver
		at org.openqa.selenium.json.JsonOutput.close(JsonOutput.java:338) ~[selenium-json-4.10.0.jar:?]
		at org.openqa.selenium.json.Json.toJson(Json.java:41) ~[selenium-json-4.10.0.jar:?]
		at org.openqa.selenium.remote.codec.AbstractHttpCommandCodec.encode(AbstractHttpCommandCodec.java:256) ~[selenium-remote-driver-4.10.0.jar:?]
		at org.openqa.selenium.remote.codec.AbstractHttpCommandCodec.encode(AbstractHttpCommandCodec.java:120) ~[selenium-remote-driver-4.10.0.jar:?]
		at org.openqa.selenium.remote.HttpCommandExecutor.execute(HttpCommandExecutor.java:179) ~[selenium-remote-driver-4.10.0.jar:?]
		at org.openqa.selenium.remote.service.DriverCommandExecutor.invokeExecute(DriverCommandExecutor.java:196) ~[selenium-remote-driver-4.10.0.jar:?]
		at org.openqa.selenium.remote.service.DriverCommandExecutor.execute(DriverCommandExecutor.java:171) ~[selenium-remote-driver-4.10.0.jar:?]
		at org.openqa.selenium.remote.RemoteWebDriver.execute(RemoteWebDriver.java:531) ~[selenium-remote-driver-4.10.0.jar:?]
		at org.openqa.selenium.remote.RemoteWebDriver.perform(RemoteWebDriver.java:603) ~[selenium-remote-driver-4.10.0.jar:?]
		at org.openqa.selenium.interactions.Actions$BuiltAction.perform(Actions.java:585) ~[selenium-api-4.10.0.jar:?]
		at org.openqa.selenium.interactions.Actions.perform(Actions.java:554) ~[selenium-api-4.10.0.jar:?]
		at com.AutomationJiviewsGeneric.WebUtilities.moveToElement(WebUtilities.java:105) ~[classes/:?]
		at com.AutomationJiviewsPOM.E10_2910_EmployeeRosterV2Page.mouseHoverApplyOnBehalfOption(E10_2910_EmployeeRosterV2Page.java:556) ~[classes/:?]
		at com.AutomationJiviewsPOM.E10_2910_EmployeeRosterV2Page.ApplyUncontrolledLeave(E10_2910_EmployeeRosterV2Page.java:1121) ~[classes/:?]
		at com.JiviewsAutomation.SystemDefination_Test.E10_2910_WorkforceEmployeeRosterV2Test.E10_3039_VerifyApplyUncontrolledLeave(E10_2910_WorkforceEmployeeRosterV2Test.java:244) ~[test-classes/:?]
		at jdk.internal.reflect.NativeMethodAccessorImpl.invoke0(Native Method) ~[?:?]
		at jdk.internal.reflect.NativeMethodAccessorImpl.invoke(NativeMethodAccessorImpl.java:77) ~[?:?]
		at jdk.internal.reflect.DelegatingMethodAccessorImpl.invoke(DelegatingMethodAccessorImpl.java:43) ~[?:?]
		at java.lang.reflect.Method.invoke(Method.java:568) ~[?:?]
		at org.testng.internal.MethodInvocationHelper.invokeMethod(MethodInvocationHelper.java:124) ~[testng-6.14.3.jar:?]
		at org.testng.internal.Invoker.invokeMethod(Invoker.java:583) [testng-6.14.3.jar:?]
		at org.testng.internal.Invoker.invokeTestMethod(Invoker.java:719) [testng-6.14.3.jar:?]
		at org.testng.internal.Invoker.invokeTestMethods(Invoker.java:989) [testng-6.14.3.jar:?]
		at org.testng.internal.TestMethodWorker.invokeTestMethods(TestMethodWorker.java:125) [testng-6.14.3.jar:?]
		at org.testng.internal.TestMethodWorker.run(TestMethodWorker.java:109) [testng-6.14.3.jar:?]
		at org.testng.TestRunner.privateRun(TestRunner.java:648) [testng-6.14.3.jar:?]
		at org.testng.TestRunner.run(TestRunner.java:505) [testng-6.14.3.jar:?]
		at org.testng.SuiteRunner.runTest(SuiteRunner.java:455) [testng-6.14.3.jar:?]
		at org.testng.SuiteRunner.runSequentially(SuiteRunner.java:450) [testng-6.14.3.jar:?]
		at org.testng.SuiteRunner.privateRun(SuiteRunner.java:415) [testng-6.14.3.jar:?]
		at org.testng.SuiteRunner.run(SuiteRunner.java:364) [testng-6.14.3.jar:?]
		at org.testng.SuiteRunnerWorker.runSuite(SuiteRunnerWorker.java:52) [testng-6.14.3.jar:?]
		at org.testng.SuiteRunnerWorker.run(SuiteRunnerWorker.java:84) [testng-6.14.3.jar:?]
		at org.testng.TestNG.runSuitesSequentially(TestNG.java:1208) [testng-6.14.3.jar:?]
		at org.testng.TestNG.runSuitesLocally(TestNG.java:1137) [testng-6.14.3.jar:?]
		at org.testng.TestNG.runSuites(TestNG.java:1049) [testng-6.14.3.jar:?]
		at org.testng.TestNG.run(TestNG.java:1017) [testng-6.14.3.jar:?]
		at org.apache.maven.surefire.testng.TestNGExecutor.run(TestNGExecutor.java:308) [surefire-testng-3.1.2.jar:3.1.2]
		at org.apache.maven.surefire.testng.TestNGXmlTestSuite.execute(TestNGXmlTestSuite.java:71) [surefire-testng-3.1.2.jar:3.1.2]
		at org.apache.maven.surefire.testng.TestNGProvider.invoke(TestNGProvider.java:113) [surefire-testng-3.1.2.jar:3.1.2]
		at org.apache.maven.surefire.booter.ForkedBooter.runSuitesInProcess(ForkedBooter.java:385) [surefire-booter-3.1.2.jar:3.1.2]
		at org.apache.maven.surefire.booter.ForkedBooter.execute(ForkedBooter.java:162) [surefire-booter-3.1.2.jar:3.1.2]
		at org.apache.maven.surefire.booter.ForkedBooter.run(ForkedBooter.java:507) [surefire-booter-3.1.2.jar:3.1.2]
		at org.apache.maven.surefire.booter.ForkedBooter.main(ForkedBooter.java:495) [surefire-booter-3.1.2.jar:3.1.2]
Caused by: java.lang.reflect.InvocationTargetException
	at jdk.internal.reflect.GeneratedMethodAccessor6.invoke(Unknown Source) ~[?:?]
	at jdk.internal.reflect.DelegatingMethodAccessorImpl.invoke(DelegatingMethodAccessorImpl.java:43) ~[?:?]
	at java.lang.reflect.Method.invoke(Method.java:568) ~[?:?]
	at org.openqa.selenium.json.JsonOutput.convertUsingMethod(JsonOutput.java:391) ~[selenium-json-4.10.0.jar:?]
	... 63 more
Caused by: org.openqa.selenium.NoSuchElementException: no such element: Unable to locate element: {"method":"xpath","selector":"//span[text()='Apply On Behalf']/.."}
  (Session info: chrome=120.0.6099.225)
For documentation on this error, please visit: https://www.selenium.dev/documentation/webdriver/troubleshooting/errors#no-such-element-exception
Build info: version: '4.10.0', revision: 'c14d967899'
System info: os.name: 'Windows 11', os.arch: 'amd64', os.version: '10.0', java.version: '17.0.8.1'
Driver info: org.openqa.selenium.chrome.ChromeDriver
Command: [d07b9838391da0637bffe9ab3c813dc6, findElement {using=xpath, value=//span[text()='Apply On Behalf']/..}]
Capabilities {acceptInsecureCerts: false, browserName: chrome, browserVersion: 120.0.6099.225, chrome: {chromedriverVersion: 120.0.6099.109 (3419140ab66..., userDataDir: C:\Users\kumar\AppData\Loca...}, fedcm:accounts: true, goog:chromeOptions: {debuggerAddress: localhost:53874}, networkConnectionEnabled: false, pageLoadStrategy: normal, platformName: windows, proxy: Proxy(), se:cdp: ws://localhost:53874/devtoo..., se:cdpVersion: 120.0.6099.225, setWindowRect: true, strictFileInteractability: false, timeouts: {implicit: 0, pageLoad: 300000, script: 30000}, unhandledPromptBehavior: dismiss and notify, webauthn:extension:credBlob: true, webauthn:extension:largeBlob: true, webauthn:extension:minPinLength: true, webauthn:extension:prf: true, webauthn:virtualAuthenticators: true}
Session ID: d07b9838391da0637bffe9ab3c813dc6
	at jdk.internal.reflect.NativeConstructorAccessorImpl.newInstance0(Native Method) ~[?:?]
	at jdk.internal.reflect.NativeConstructorAccessorImpl.newInstance(NativeConstructorAccessorImpl.java:77) ~[?:?]
	at jdk.internal.reflect.DelegatingConstructorAccessorImpl.newInstance(DelegatingConstructorAccessorImpl.java:45) ~[?:?]
	at java.lang.reflect.Constructor.newInstanceWithCaller(Constructor.java:499) ~[?:?]
	at java.lang.reflect.Constructor.newInstance(Constructor.java:480) ~[?:?]
	at org.openqa.selenium.remote.codec.w3c.W3CHttpResponseCodec.createException(W3CHttpResponseCodec.java:199) ~[selenium-remote-driver-4.10.0.jar:?]
	at org.openqa.selenium.remote.codec.w3c.W3CHttpResponseCodec.decode(W3CHttpResponseCodec.java:132) ~[selenium-remote-driver-4.10.0.jar:?]
	at org.openqa.selenium.remote.codec.w3c.W3CHttpResponseCodec.decode(W3CHttpResponseCodec.java:51) ~[selenium-remote-driver-4.10.0.jar:?]
	at org.openqa.selenium.remote.HttpCommandExecutor.execute(HttpCommandExecutor.java:191) ~[selenium-remote-driver-4.10.0.jar:?]
	at org.openqa.selenium.remote.service.DriverCommandExecutor.invokeExecute(DriverCommandExecutor.java:196) ~[selenium-remote-driver-4.10.0.jar:?]
	at org.openqa.selenium.remote.service.DriverCommandExecutor.execute(DriverCommandExecutor.java:171) ~[selenium-remote-driver-4.10.0.jar:?]
	at org.openqa.selenium.remote.RemoteWebDriver.execute(RemoteWebDriver.java:531) ~[selenium-remote-driver-4.10.0.jar:?]
	at org.openqa.selenium.remote.ElementLocation$ElementFinder$2.findElement(ElementLocation.java:165) ~[selenium-remote-driver-4.10.0.jar:?]
	at org.openqa.selenium.remote.ElementLocation.findElement(ElementLocation.java:59) ~[selenium-remote-driver-4.10.0.jar:?]
	at org.openqa.selenium.remote.RemoteWebDriver.findElement(RemoteWebDriver.java:350) ~[selenium-remote-driver-4.10.0.jar:?]
	at org.openqa.selenium.remote.RemoteWebDriver.findElement(RemoteWebDriver.java:344) ~[selenium-remote-driver-4.10.0.jar:?]
	at org.openqa.selenium.support.pagefactory.DefaultElementLocator.findElement(DefaultElementLocator.java:68) ~[selenium-support-4.10.0.jar:?]
	at org.openqa.selenium.support.pagefactory.internal.LocatingElementHandler.invoke(LocatingElementHandler.java:38) ~[selenium-support-4.10.0.jar:?]
	at jdk.proxy2.$Proxy32.getWrappedElement(Unknown Source) ~[?:?]
	at org.openqa.selenium.interactions.PointerInput$Origin.asArg(PointerInput.java:275) ~[selenium-api-4.10.0.jar:?]
	at org.openqa.selenium.interactions.PointerInput$Move.encode(PointerInput.java:224) ~[selenium-api-4.10.0.jar:?]
	at org.openqa.selenium.interactions.Sequence.encode(Sequence.java:72) ~[selenium-api-4.10.0.jar:?]
	at org.openqa.selenium.interactions.Sequence.toJson(Sequence.java:81) ~[selenium-api-4.10.0.jar:?]
	at jdk.internal.reflect.GeneratedMethodAccessor6.invoke(Unknown Source) ~[?:?]
	at jdk.internal.reflect.DelegatingMethodAccessorImpl.invoke(DelegatingMethodAccessorImpl.java:43) ~[?:?]
	at java.lang.reflect.Method.invoke(Method.java:568) ~[?:?]
	at org.openqa.selenium.json.JsonOutput.convertUsingMethod(JsonOutput.java:391) ~[selenium-json-4.10.0.jar:?]
	... 63 more
15:24:05.966 [main] INFO  com.JiviewsAutomation.SystemDefination_Test.E10_2910_WorkforceEmployeeRosterV2Test - Performing Apply On Behalf Apply Uncontrolled Leave ...
15:24:59.847 [main] INFO  com.JiviewsAutomation.SystemDefination_Test.E10_2910_WorkforceEmployeeRosterV2Test - Apply On Behalf Apply Uncontrolled Leave is successful
]]></system-out>
  </testcase>
  <testcase name="E10_3038_VerifyApplyOnBehalApplyTimeOff" classname="com.JiviewsAutomation.SystemDefination_Test.E10_2910_WorkforceEmployeeRosterV2Test" time="53.569">
    <system-out><![CDATA[15:25:23.931 [main] INFO  com.JiviewsAutomation.SystemDefination_Test.E10_2910_WorkforceEmployeeRosterV2Test - Performing Apply On Behalf Apply Time off ...
15:26:17.347 [main] INFO  com.JiviewsAutomation.SystemDefination_Test.E10_2910_WorkforceEmployeeRosterV2Test - Apply On Behalf Apply Time off  is successful
]]></system-out>
  </testcase>
</testsuite>