<?xml version="1.0" encoding="UTF-8"?>
<testng-results ignored="0" total="14" passed="6" failed="8" skipped="0">
  <reporter-output>
    <line>
      <![CDATA[Login]]>
    </line>
    <line>
      <![CDATA[Logout]]>
    </line>
  </reporter-output>
  <suite started-at="2024-02-01T10:42:02Z" name="Suite" finished-at="2024-02-01T10:59:13Z" duration-ms="1030393">
    <groups>
    </groups>
    <test started-at="2024-02-01T10:42:02Z" name="E10_3216_ESSApplyLeaveTest" finished-at="2024-02-01T10:59:13Z" duration-ms="1030393">
      <class name="com.JiviewsAutomation.SystemDefination_Test.E10_3216_ESSApplyLeaveTest">
        <test-method is-config="true" signature="launchBrowser()[pri:0, instance:com.JiviewsAutomation.SystemDefination_Test.E10_3216_ESSApplyLeaveTest@7db82169]" started-at="2024-02-01T10:42:02Z" name="launchBrowser" finished-at="2024-02-01T10:42:04Z" duration-ms="1769" status="PASS">
          <reporter-output>
          </reporter-output>
        </test-method> <!-- launchBrowser -->
        <test-method is-config="true" signature="beforeTestMethod()[pri:0, instance:com.JiviewsAutomation.SystemDefination_Test.E10_3216_ESSApplyLeaveTest@7db82169]" started-at="2024-02-01T10:42:04Z" name="beforeTestMethod" finished-at="2024-02-01T10:42:07Z" duration-ms="2420" status="PASS">
          <reporter-output>
            <line>
              <![CDATA[Login]]>
            </line>
          </reporter-output>
        </test-method> <!-- beforeTestMethod -->
        <test-method is-config="true" signature="setup()[pri:0, instance:com.JiviewsAutomation.SystemDefination_Test.E10_3216_ESSApplyLeaveTest@7db82169]" started-at="2024-02-01T10:42:07Z" name="setup" finished-at="2024-02-01T10:42:13Z" duration-ms="6506" status="PASS">
          <reporter-output>
          </reporter-output>
        </test-method> <!-- setup -->
        <test-method signature="E10_3226_Verify_EmployeeKiosk_ViewCalendarCheckShiftDetails()[pri:1, instance:com.JiviewsAutomation.SystemDefination_Test.E10_3216_ESSApplyLeaveTest@7db82169]" started-at="2024-02-01T10:42:13Z" name="E10_3226_Verify_EmployeeKiosk_ViewCalendarCheckShiftDetails" finished-at="2024-02-01T10:42:23Z" duration-ms="10132" status="PASS">
          <reporter-output>
          </reporter-output>
        </test-method> <!-- E10_3226_Verify_EmployeeKiosk_ViewCalendarCheckShiftDetails -->
        <test-method is-config="true" signature="logoutAfterTestMethod()[pri:0, instance:com.JiviewsAutomation.SystemDefination_Test.E10_3216_ESSApplyLeaveTest@7db82169]" started-at="2024-02-01T10:42:23Z" name="logoutAfterTestMethod" finished-at="2024-02-01T10:42:31Z" duration-ms="7873" status="PASS">
          <reporter-output>
          </reporter-output>
        </test-method> <!-- logoutAfterTestMethod -->
        <test-method is-config="true" signature="setup()[pri:0, instance:com.JiviewsAutomation.SystemDefination_Test.E10_3216_ESSApplyLeaveTest@7db82169]" started-at="2024-02-01T10:42:31Z" name="setup" finished-at="2024-02-01T10:42:36Z" duration-ms="4947" status="PASS">
          <reporter-output>
          </reporter-output>
        </test-method> <!-- setup -->
        <test-method signature="E10_3227_Verify_EmployeeKiosk_LeaveRecords()[pri:2, instance:com.JiviewsAutomation.SystemDefination_Test.E10_3216_ESSApplyLeaveTest@7db82169]" started-at="2024-02-01T10:42:36Z" name="E10_3227_Verify_EmployeeKiosk_LeaveRecords" finished-at="2024-02-01T10:42:55Z" duration-ms="18917" status="PASS">
          <reporter-output>
          </reporter-output>
        </test-method> <!-- E10_3227_Verify_EmployeeKiosk_LeaveRecords -->
        <test-method is-config="true" signature="logoutAfterTestMethod()[pri:0, instance:com.JiviewsAutomation.SystemDefination_Test.E10_3216_ESSApplyLeaveTest@7db82169]" started-at="2024-02-01T10:42:55Z" name="logoutAfterTestMethod" finished-at="2024-02-01T10:43:03Z" duration-ms="7871" status="PASS">
          <reporter-output>
          </reporter-output>
        </test-method> <!-- logoutAfterTestMethod -->
        <test-method is-config="true" signature="setup()[pri:0, instance:com.JiviewsAutomation.SystemDefination_Test.E10_3216_ESSApplyLeaveTest@7db82169]" started-at="2024-02-01T10:43:03Z" name="setup" finished-at="2024-02-01T10:43:08Z" duration-ms="4751" status="PASS">
          <reporter-output>
          </reporter-output>
        </test-method> <!-- setup -->
        <test-method signature="E10_3228_Verify_EmployeeKiosk_MyleaveProfile()[pri:3, instance:com.JiviewsAutomation.SystemDefination_Test.E10_3216_ESSApplyLeaveTest@7db82169]" started-at="2024-02-01T10:43:08Z" name="E10_3228_Verify_EmployeeKiosk_MyleaveProfile" finished-at="2024-02-01T10:44:55Z" duration-ms="107547" status="FAIL">
          <exception class="org.openqa.selenium.TimeoutException">
            <message>
              <![CDATA[Expected condition failed: waiting for element to be clickable: Proxy element for: DefaultElementLocator 'By.className: toast-close-button' (tried for 80 second(s) with 500 milliseconds interval)]]>
            </message>
            <full-stacktrace>
              <![CDATA[org.openqa.selenium.TimeoutException: Expected condition failed: waiting for element to be clickable: Proxy element for: DefaultElementLocator 'By.className: toast-close-button' (tried for 80 second(s) with 500 milliseconds interval)
at org.openqa.selenium.support.ui.WebDriverWait.timeoutException(WebDriverWait.java:84)
at org.openqa.selenium.support.ui.FluentWait.until(FluentWait.java:230)
at com.AutomationJiviewsGeneric.WebUtilities.ElementClickable(WebUtilities.java:58)
at com.AutomationJiviewsPOM.E10_3216_ESSApplyLeavePage.clickNotificationPopup(E10_3216_ESSApplyLeavePage.java:534)
at com.AutomationJiviewsPOM.E10_3216_ESSApplyLeavePage.E10_3228_EmployeeKiosk_MyleaveProfile(E10_3216_ESSApplyLeavePage.java:930)
at com.JiviewsAutomation.SystemDefination_Test.E10_3216_ESSApplyLeaveTest.E10_3228_Verify_EmployeeKiosk_MyleaveProfile(E10_3216_ESSApplyLeaveTest.java:80)
at java.base/jdk.internal.reflect.NativeMethodAccessorImpl.invoke0(Native Method)
at java.base/jdk.internal.reflect.NativeMethodAccessorImpl.invoke(NativeMethodAccessorImpl.java:77)
at java.base/jdk.internal.reflect.DelegatingMethodAccessorImpl.invoke(DelegatingMethodAccessorImpl.java:43)
at java.base/java.lang.reflect.Method.invoke(Method.java:568)
at org.testng.internal.MethodInvocationHelper.invokeMethod(MethodInvocationHelper.java:124)
at org.testng.internal.Invoker.invokeMethod(Invoker.java:583)
at org.testng.internal.Invoker.invokeTestMethod(Invoker.java:719)
at org.testng.internal.Invoker.invokeTestMethods(Invoker.java:989)
at org.testng.internal.TestMethodWorker.invokeTestMethods(TestMethodWorker.java:125)
at org.testng.internal.TestMethodWorker.run(TestMethodWorker.java:109)
at org.testng.TestRunner.privateRun(TestRunner.java:648)
at org.testng.TestRunner.run(TestRunner.java:505)
at org.testng.SuiteRunner.runTest(SuiteRunner.java:455)
at org.testng.SuiteRunner.runSequentially(SuiteRunner.java:450)
at org.testng.SuiteRunner.privateRun(SuiteRunner.java:415)
at org.testng.SuiteRunner.run(SuiteRunner.java:364)
at org.testng.SuiteRunnerWorker.runSuite(SuiteRunnerWorker.java:52)
at org.testng.SuiteRunnerWorker.run(SuiteRunnerWorker.java:84)
at org.testng.TestNG.runSuitesSequentially(TestNG.java:1208)
at org.testng.TestNG.runSuitesLocally(TestNG.java:1137)
at org.testng.TestNG.runSuites(TestNG.java:1049)
at org.testng.TestNG.run(TestNG.java:1017)
at org.apache.maven.surefire.testng.TestNGExecutor.run(TestNGExecutor.java:308)
at org.apache.maven.surefire.testng.TestNGXmlTestSuite.execute(TestNGXmlTestSuite.java:71)
at org.apache.maven.surefire.testng.TestNGProvider.invoke(TestNGProvider.java:113)
at org.apache.maven.surefire.booter.ForkedBooter.runSuitesInProcess(ForkedBooter.java:385)
at org.apache.maven.surefire.booter.ForkedBooter.execute(ForkedBooter.java:162)
at org.apache.maven.surefire.booter.ForkedBooter.run(ForkedBooter.java:507)
at org.apache.maven.surefire.booter.ForkedBooter.main(ForkedBooter.java:495)
Caused by: org.openqa.selenium.NoSuchElementException: no such element: Unable to locate element: {"method":"css selector","selector":".toast\-close\-button"}
  (Session info: chrome=121.0.6167.139)
For documentation on this error, please visit: https://www.selenium.dev/documentation/webdriver/troubleshooting/errors#no-such-element-exception
Build info: version: '4.10.0', revision: 'c14d967899'
System info: os.name: 'Windows 11', os.arch: 'amd64', os.version: '10.0', java.version: '17.0.8.1'
Driver info: org.openqa.selenium.chrome.ChromeDriver
Command: [9d98174ddfe1d13f0bfa08724e4efc89, findElement {using=class name, value=toast-close-button}]
Capabilities {acceptInsecureCerts: false, browserName: chrome, browserVersion: 121.0.6167.139, chrome: {chromedriverVersion: 121.0.6167.85 (3f98d690ad7e..., userDataDir: C:\Users\kumar\AppData\Loca...}, fedcm:accounts: true, goog:chromeOptions: {debuggerAddress: localhost:60800}, networkConnectionEnabled: false, pageLoadStrategy: normal, platformName: windows, proxy: Proxy(), se:cdp: ws://localhost:60800/devtoo..., se:cdpVersion: 121.0.6167.139, setWindowRect: true, strictFileInteractability: false, timeouts: {implicit: 0, pageLoad: 300000, script: 30000}, unhandledPromptBehavior: dismiss and notify, webauthn:extension:credBlob: true, webauthn:extension:largeBlob: true, webauthn:extension:minPinLength: true, webauthn:extension:prf: true, webauthn:virtualAuthenticators: true}
Session ID: 9d98174ddfe1d13f0bfa08724e4efc89
at java.base/jdk.internal.reflect.NativeConstructorAccessorImpl.newInstance0(Native Method)
at java.base/jdk.internal.reflect.NativeConstructorAccessorImpl.newInstance(NativeConstructorAccessorImpl.java:77)
at java.base/jdk.internal.reflect.DelegatingConstructorAccessorImpl.newInstance(DelegatingConstructorAccessorImpl.java:45)
at java.base/java.lang.reflect.Constructor.newInstanceWithCaller(Constructor.java:499)
at java.base/java.lang.reflect.Constructor.newInstance(Constructor.java:480)
at org.openqa.selenium.remote.codec.w3c.W3CHttpResponseCodec.createException(W3CHttpResponseCodec.java:199)
at org.openqa.selenium.remote.codec.w3c.W3CHttpResponseCodec.decode(W3CHttpResponseCodec.java:132)
at org.openqa.selenium.remote.codec.w3c.W3CHttpResponseCodec.decode(W3CHttpResponseCodec.java:51)
at org.openqa.selenium.remote.HttpCommandExecutor.execute(HttpCommandExecutor.java:191)
at org.openqa.selenium.remote.service.DriverCommandExecutor.invokeExecute(DriverCommandExecutor.java:196)
at org.openqa.selenium.remote.service.DriverCommandExecutor.execute(DriverCommandExecutor.java:171)
at org.openqa.selenium.remote.RemoteWebDriver.execute(RemoteWebDriver.java:531)
at org.openqa.selenium.remote.ElementLocation$ElementFinder$2.findElement(ElementLocation.java:165)
at org.openqa.selenium.remote.ElementLocation.findElement(ElementLocation.java:59)
at org.openqa.selenium.remote.RemoteWebDriver.findElement(RemoteWebDriver.java:350)
at org.openqa.selenium.remote.RemoteWebDriver.findElement(RemoteWebDriver.java:344)
at org.openqa.selenium.support.pagefactory.DefaultElementLocator.findElement(DefaultElementLocator.java:68)
at org.openqa.selenium.support.pagefactory.internal.LocatingElementHandler.invoke(LocatingElementHandler.java:38)
at jdk.proxy2/jdk.proxy2.$Proxy33.isDisplayed(Unknown Source)
at org.openqa.selenium.support.ui.ExpectedConditions.elementIfVisible(ExpectedConditions.java:304)
at org.openqa.selenium.support.ui.ExpectedConditions.access$000(ExpectedConditions.java:37)
at org.openqa.selenium.support.ui.ExpectedConditions$10.apply(ExpectedConditions.java:290)
at org.openqa.selenium.support.ui.ExpectedConditions$10.apply(ExpectedConditions.java:287)
at org.openqa.selenium.support.ui.ExpectedConditions$23.apply(ExpectedConditions.java:656)
at org.openqa.selenium.support.ui.ExpectedConditions$23.apply(ExpectedConditions.java:652)
at org.openqa.selenium.support.ui.FluentWait.until(FluentWait.java:205)
... 33 more
]]>
            </full-stacktrace>
          </exception> <!-- org.openqa.selenium.TimeoutException -->
          <reporter-output>
          </reporter-output>
        </test-method> <!-- E10_3228_Verify_EmployeeKiosk_MyleaveProfile -->
        <test-method is-config="true" signature="logoutAfterTestMethod()[pri:0, instance:com.JiviewsAutomation.SystemDefination_Test.E10_3216_ESSApplyLeaveTest@7db82169]" started-at="2024-02-01T10:44:55Z" name="logoutAfterTestMethod" finished-at="2024-02-01T10:45:04Z" duration-ms="8752" status="PASS">
          <reporter-output>
          </reporter-output>
        </test-method> <!-- logoutAfterTestMethod -->
        <test-method is-config="true" signature="setup()[pri:0, instance:com.JiviewsAutomation.SystemDefination_Test.E10_3216_ESSApplyLeaveTest@7db82169]" started-at="2024-02-01T10:45:04Z" name="setup" finished-at="2024-02-01T10:45:09Z" duration-ms="4920" status="PASS">
          <reporter-output>
          </reporter-output>
        </test-method> <!-- setup -->
        <test-method signature="E10_3225_Verify_EmployeeKiosk_ApplyForLeave()[pri:4, instance:com.JiviewsAutomation.SystemDefination_Test.E10_3216_ESSApplyLeaveTest@7db82169]" started-at="2024-02-01T10:45:09Z" name="E10_3225_Verify_EmployeeKiosk_ApplyForLeave" finished-at="2024-02-01T10:46:51Z" duration-ms="102337" status="FAIL">
          <exception class="org.openqa.selenium.TimeoutException">
            <message>
              <![CDATA[Expected condition failed: waiting for element to be clickable: Proxy element for: DefaultElementLocator 'By.xpath: //span[@id='select2-cmbExceptionType-container']' (tried for 80 second(s) with 500 milliseconds interval)]]>
            </message>
            <full-stacktrace>
              <![CDATA[org.openqa.selenium.TimeoutException: Expected condition failed: waiting for element to be clickable: Proxy element for: DefaultElementLocator 'By.xpath: //span[@id='select2-cmbExceptionType-container']' (tried for 80 second(s) with 500 milliseconds interval)
at org.openqa.selenium.support.ui.WebDriverWait.timeoutException(WebDriverWait.java:84)
at org.openqa.selenium.support.ui.FluentWait.until(FluentWait.java:230)
at com.AutomationJiviewsGeneric.WebUtilities.ElementClickable(WebUtilities.java:58)
at com.AutomationJiviewsPOM.E10_3216_ESSApplyLeavePage.enterLeaveType(E10_3216_ESSApplyLeavePage.java:341)
at com.AutomationJiviewsPOM.E10_3216_ESSApplyLeavePage.E10_3225_EmployeeKiosk_ApplyForLeave(E10_3216_ESSApplyLeavePage.java:851)
at com.JiviewsAutomation.SystemDefination_Test.E10_3216_ESSApplyLeaveTest.E10_3225_Verify_EmployeeKiosk_ApplyForLeave(E10_3216_ESSApplyLeaveTest.java:88)
at java.base/jdk.internal.reflect.NativeMethodAccessorImpl.invoke0(Native Method)
at java.base/jdk.internal.reflect.NativeMethodAccessorImpl.invoke(NativeMethodAccessorImpl.java:77)
at java.base/jdk.internal.reflect.DelegatingMethodAccessorImpl.invoke(DelegatingMethodAccessorImpl.java:43)
at java.base/java.lang.reflect.Method.invoke(Method.java:568)
at org.testng.internal.MethodInvocationHelper.invokeMethod(MethodInvocationHelper.java:124)
at org.testng.internal.Invoker.invokeMethod(Invoker.java:583)
at org.testng.internal.Invoker.invokeTestMethod(Invoker.java:719)
at org.testng.internal.Invoker.invokeTestMethods(Invoker.java:989)
at org.testng.internal.TestMethodWorker.invokeTestMethods(TestMethodWorker.java:125)
at org.testng.internal.TestMethodWorker.run(TestMethodWorker.java:109)
at org.testng.TestRunner.privateRun(TestRunner.java:648)
at org.testng.TestRunner.run(TestRunner.java:505)
at org.testng.SuiteRunner.runTest(SuiteRunner.java:455)
at org.testng.SuiteRunner.runSequentially(SuiteRunner.java:450)
at org.testng.SuiteRunner.privateRun(SuiteRunner.java:415)
at org.testng.SuiteRunner.run(SuiteRunner.java:364)
at org.testng.SuiteRunnerWorker.runSuite(SuiteRunnerWorker.java:52)
at org.testng.SuiteRunnerWorker.run(SuiteRunnerWorker.java:84)
at org.testng.TestNG.runSuitesSequentially(TestNG.java:1208)
at org.testng.TestNG.runSuitesLocally(TestNG.java:1137)
at org.testng.TestNG.runSuites(TestNG.java:1049)
at org.testng.TestNG.run(TestNG.java:1017)
at org.apache.maven.surefire.testng.TestNGExecutor.run(TestNGExecutor.java:308)
at org.apache.maven.surefire.testng.TestNGXmlTestSuite.execute(TestNGXmlTestSuite.java:71)
at org.apache.maven.surefire.testng.TestNGProvider.invoke(TestNGProvider.java:113)
at org.apache.maven.surefire.booter.ForkedBooter.runSuitesInProcess(ForkedBooter.java:385)
at org.apache.maven.surefire.booter.ForkedBooter.execute(ForkedBooter.java:162)
at org.apache.maven.surefire.booter.ForkedBooter.run(ForkedBooter.java:507)
at org.apache.maven.surefire.booter.ForkedBooter.main(ForkedBooter.java:495)
Caused by: org.openqa.selenium.NoSuchElementException: no such element: Unable to locate element: {"method":"xpath","selector":"//span[@id='select2-cmbExceptionType-container']"}
  (Session info: chrome=121.0.6167.139)
For documentation on this error, please visit: https://www.selenium.dev/documentation/webdriver/troubleshooting/errors#no-such-element-exception
Build info: version: '4.10.0', revision: 'c14d967899'
System info: os.name: 'Windows 11', os.arch: 'amd64', os.version: '10.0', java.version: '17.0.8.1'
Driver info: org.openqa.selenium.chrome.ChromeDriver
Command: [9d98174ddfe1d13f0bfa08724e4efc89, findElement {using=xpath, value=//span[@id='select2-cmbExceptionType-container']}]
Capabilities {acceptInsecureCerts: false, browserName: chrome, browserVersion: 121.0.6167.139, chrome: {chromedriverVersion: 121.0.6167.85 (3f98d690ad7e..., userDataDir: C:\Users\kumar\AppData\Loca...}, fedcm:accounts: true, goog:chromeOptions: {debuggerAddress: localhost:60800}, networkConnectionEnabled: false, pageLoadStrategy: normal, platformName: windows, proxy: Proxy(), se:cdp: ws://localhost:60800/devtoo..., se:cdpVersion: 121.0.6167.139, setWindowRect: true, strictFileInteractability: false, timeouts: {implicit: 0, pageLoad: 300000, script: 30000}, unhandledPromptBehavior: dismiss and notify, webauthn:extension:credBlob: true, webauthn:extension:largeBlob: true, webauthn:extension:minPinLength: true, webauthn:extension:prf: true, webauthn:virtualAuthenticators: true}
Session ID: 9d98174ddfe1d13f0bfa08724e4efc89
at jdk.internal.reflect.GeneratedConstructorAccessor22.newInstance(Unknown Source)
at java.base/jdk.internal.reflect.DelegatingConstructorAccessorImpl.newInstance(DelegatingConstructorAccessorImpl.java:45)
at java.base/java.lang.reflect.Constructor.newInstanceWithCaller(Constructor.java:499)
at java.base/java.lang.reflect.Constructor.newInstance(Constructor.java:480)
at org.openqa.selenium.remote.codec.w3c.W3CHttpResponseCodec.createException(W3CHttpResponseCodec.java:199)
at org.openqa.selenium.remote.codec.w3c.W3CHttpResponseCodec.decode(W3CHttpResponseCodec.java:132)
at org.openqa.selenium.remote.codec.w3c.W3CHttpResponseCodec.decode(W3CHttpResponseCodec.java:51)
at org.openqa.selenium.remote.HttpCommandExecutor.execute(HttpCommandExecutor.java:191)
at org.openqa.selenium.remote.service.DriverCommandExecutor.invokeExecute(DriverCommandExecutor.java:196)
at org.openqa.selenium.remote.service.DriverCommandExecutor.execute(DriverCommandExecutor.java:171)
at org.openqa.selenium.remote.RemoteWebDriver.execute(RemoteWebDriver.java:531)
at org.openqa.selenium.remote.ElementLocation$ElementFinder$2.findElement(ElementLocation.java:165)
at org.openqa.selenium.remote.ElementLocation.findElement(ElementLocation.java:59)
at org.openqa.selenium.remote.RemoteWebDriver.findElement(RemoteWebDriver.java:350)
at org.openqa.selenium.remote.RemoteWebDriver.findElement(RemoteWebDriver.java:344)
at org.openqa.selenium.support.pagefactory.DefaultElementLocator.findElement(DefaultElementLocator.java:68)
at org.openqa.selenium.support.pagefactory.internal.LocatingElementHandler.invoke(LocatingElementHandler.java:38)
at jdk.proxy2/jdk.proxy2.$Proxy33.isDisplayed(Unknown Source)
at org.openqa.selenium.support.ui.ExpectedConditions.elementIfVisible(ExpectedConditions.java:304)
at org.openqa.selenium.support.ui.ExpectedConditions.access$000(ExpectedConditions.java:37)
at org.openqa.selenium.support.ui.ExpectedConditions$10.apply(ExpectedConditions.java:290)
at org.openqa.selenium.support.ui.ExpectedConditions$10.apply(ExpectedConditions.java:287)
at org.openqa.selenium.support.ui.ExpectedConditions$23.apply(ExpectedConditions.java:656)
at org.openqa.selenium.support.ui.ExpectedConditions$23.apply(ExpectedConditions.java:652)
at org.openqa.selenium.support.ui.FluentWait.until(FluentWait.java:205)
... 33 more
]]>
            </full-stacktrace>
          </exception> <!-- org.openqa.selenium.TimeoutException -->
          <reporter-output>
          </reporter-output>
        </test-method> <!-- E10_3225_Verify_EmployeeKiosk_ApplyForLeave -->
        <test-method is-config="true" signature="logoutAfterTestMethod()[pri:0, instance:com.JiviewsAutomation.SystemDefination_Test.E10_3216_ESSApplyLeaveTest@7db82169]" started-at="2024-02-01T10:46:52Z" name="logoutAfterTestMethod" finished-at="2024-02-01T10:47:01Z" duration-ms="9592" status="PASS">
          <reporter-output>
          </reporter-output>
        </test-method> <!-- logoutAfterTestMethod -->
        <test-method is-config="true" signature="setup()[pri:0, instance:com.JiviewsAutomation.SystemDefination_Test.E10_3216_ESSApplyLeaveTest@7db82169]" started-at="2024-02-01T10:47:01Z" name="setup" finished-at="2024-02-01T10:47:06Z" duration-ms="4920" status="PASS">
          <reporter-output>
          </reporter-output>
        </test-method> <!-- setup -->
        <test-method signature="E10_3229_Verify_ApproverKiosk_ApproveLeave()[pri:5, instance:com.JiviewsAutomation.SystemDefination_Test.E10_3216_ESSApplyLeaveTest@7db82169]" started-at="2024-02-01T10:47:06Z" name="E10_3229_Verify_ApproverKiosk_ApproveLeave" finished-at="2024-02-01T10:47:42Z" duration-ms="36131" status="FAIL">
          <exception class="java.lang.IndexOutOfBoundsException">
            <message>
              <![CDATA[Index 0 out of bounds for length 0]]>
            </message>
            <full-stacktrace>
              <![CDATA[java.lang.IndexOutOfBoundsException: Index 0 out of bounds for length 0
at java.base/jdk.internal.util.Preconditions.outOfBounds(Preconditions.java:64)
at java.base/jdk.internal.util.Preconditions.outOfBoundsCheckIndex(Preconditions.java:70)
at java.base/jdk.internal.util.Preconditions.checkIndex(Preconditions.java:266)
at java.base/java.util.Objects.checkIndex(Objects.java:361)
at java.base/java.util.ArrayList.get(ArrayList.java:427)
at java.base/jdk.internal.reflect.NativeMethodAccessorImpl.invoke0(Native Method)
at java.base/jdk.internal.reflect.NativeMethodAccessorImpl.invoke(NativeMethodAccessorImpl.java:77)
at java.base/jdk.internal.reflect.DelegatingMethodAccessorImpl.invoke(DelegatingMethodAccessorImpl.java:43)
at java.base/java.lang.reflect.Method.invoke(Method.java:568)
at org.openqa.selenium.support.pagefactory.internal.LocatingElementListHandler.invoke(LocatingElementListHandler.java:39)
at jdk.proxy2/jdk.proxy2.$Proxy34.get(Unknown Source)
at com.AutomationJiviewsPOM.E10_3216_ESSApplyLeavePage.pendingForApprovalRowsWithEnabledCheckbox(E10_3216_ESSApplyLeavePage.java:553)
at com.AutomationJiviewsPOM.E10_3216_ESSApplyLeavePage.E10_3229_ApproverKiosk_ApproveLeave(E10_3216_ESSApplyLeavePage.java:952)
at com.JiviewsAutomation.SystemDefination_Test.E10_3216_ESSApplyLeaveTest.E10_3229_Verify_ApproverKiosk_ApproveLeave(E10_3216_ESSApplyLeaveTest.java:97)
at java.base/jdk.internal.reflect.NativeMethodAccessorImpl.invoke0(Native Method)
at java.base/jdk.internal.reflect.NativeMethodAccessorImpl.invoke(NativeMethodAccessorImpl.java:77)
at java.base/jdk.internal.reflect.DelegatingMethodAccessorImpl.invoke(DelegatingMethodAccessorImpl.java:43)
at java.base/java.lang.reflect.Method.invoke(Method.java:568)
at org.testng.internal.MethodInvocationHelper.invokeMethod(MethodInvocationHelper.java:124)
at org.testng.internal.Invoker.invokeMethod(Invoker.java:583)
at org.testng.internal.Invoker.invokeTestMethod(Invoker.java:719)
at org.testng.internal.Invoker.invokeTestMethods(Invoker.java:989)
at org.testng.internal.TestMethodWorker.invokeTestMethods(TestMethodWorker.java:125)
at org.testng.internal.TestMethodWorker.run(TestMethodWorker.java:109)
at org.testng.TestRunner.privateRun(TestRunner.java:648)
at org.testng.TestRunner.run(TestRunner.java:505)
at org.testng.SuiteRunner.runTest(SuiteRunner.java:455)
at org.testng.SuiteRunner.runSequentially(SuiteRunner.java:450)
at org.testng.SuiteRunner.privateRun(SuiteRunner.java:415)
at org.testng.SuiteRunner.run(SuiteRunner.java:364)
at org.testng.SuiteRunnerWorker.runSuite(SuiteRunnerWorker.java:52)
at org.testng.SuiteRunnerWorker.run(SuiteRunnerWorker.java:84)
at org.testng.TestNG.runSuitesSequentially(TestNG.java:1208)
at org.testng.TestNG.runSuitesLocally(TestNG.java:1137)
at org.testng.TestNG.runSuites(TestNG.java:1049)
at org.testng.TestNG.run(TestNG.java:1017)
at org.apache.maven.surefire.testng.TestNGExecutor.run(TestNGExecutor.java:308)
at org.apache.maven.surefire.testng.TestNGXmlTestSuite.execute(TestNGXmlTestSuite.java:71)
at org.apache.maven.surefire.testng.TestNGProvider.invoke(TestNGProvider.java:113)
at org.apache.maven.surefire.booter.ForkedBooter.runSuitesInProcess(ForkedBooter.java:385)
at org.apache.maven.surefire.booter.ForkedBooter.execute(ForkedBooter.java:162)
at org.apache.maven.surefire.booter.ForkedBooter.run(ForkedBooter.java:507)
at org.apache.maven.surefire.booter.ForkedBooter.main(ForkedBooter.java:495)
]]>
            </full-stacktrace>
          </exception> <!-- java.lang.IndexOutOfBoundsException -->
          <reporter-output>
          </reporter-output>
        </test-method> <!-- E10_3229_Verify_ApproverKiosk_ApproveLeave -->
        <test-method is-config="true" signature="logoutAfterTestMethod()[pri:0, instance:com.JiviewsAutomation.SystemDefination_Test.E10_3216_ESSApplyLeaveTest@7db82169]" started-at="2024-02-01T10:47:42Z" name="logoutAfterTestMethod" finished-at="2024-02-01T10:47:51Z" duration-ms="8916" status="PASS">
          <reporter-output>
          </reporter-output>
        </test-method> <!-- logoutAfterTestMethod -->
        <test-method is-config="true" signature="setup()[pri:0, instance:com.JiviewsAutomation.SystemDefination_Test.E10_3216_ESSApplyLeaveTest@7db82169]" started-at="2024-02-01T10:47:51Z" name="setup" finished-at="2024-02-01T10:47:56Z" duration-ms="5130" status="PASS">
          <reporter-output>
          </reporter-output>
        </test-method> <!-- setup -->
        <test-method signature="E10_3230_Verify_ApproverKiosk_CancelApproveleave()[pri:6, instance:com.JiviewsAutomation.SystemDefination_Test.E10_3216_ESSApplyLeaveTest@7db82169]" started-at="2024-02-01T10:47:56Z" name="E10_3230_Verify_ApproverKiosk_CancelApproveleave" finished-at="2024-02-01T10:48:20Z" duration-ms="23227" status="FAIL">
          <exception class="org.openqa.selenium.ElementClickInterceptedException">
            <message>
              <![CDATA[element click intercepted: Element <span class="select2-selection__rendered" id="select2-cmbCancelLeaveEmpNumber-container" role="textbox" aria-readonly="true">...</span> is not clickable at point (533, 182). Other element would receive the click: <div class="blockUI blockOverlay" style="z-index: 1000; border: none; margin: 0px; padding: 0px; width: 100%; height: 100%; top: 0px; left: 0px; background-color: rgb(255, 255, 255); opacity: 0.193686; cursor: default; position: absolute;"></div>
  (Session info: chrome=121.0.6167.139)
Build info: version: '4.10.0', revision: 'c14d967899'
System info: os.name: 'Windows 11', os.arch: 'amd64', os.version: '10.0', java.version: '17.0.8.1'
Driver info: org.openqa.selenium.chrome.ChromeDriver
Command: [9d98174ddfe1d13f0bfa08724e4efc89, clickElement {id=261BD8E2F386A34E6314B9E2FC81142E_element_2739}]
Capabilities {acceptInsecureCerts: false, browserName: chrome, browserVersion: 121.0.6167.139, chrome: {chromedriverVersion: 121.0.6167.85 (3f98d690ad7e..., userDataDir: C:\Users\kumar\AppData\Loca...}, fedcm:accounts: true, goog:chromeOptions: {debuggerAddress: localhost:60800}, networkConnectionEnabled: false, pageLoadStrategy: normal, platformName: windows, proxy: Proxy(), se:cdp: ws://localhost:60800/devtoo..., se:cdpVersion: 121.0.6167.139, setWindowRect: true, strictFileInteractability: false, timeouts: {implicit: 0, pageLoad: 300000, script: 30000}, unhandledPromptBehavior: dismiss and notify, webauthn:extension:credBlob: true, webauthn:extension:largeBlob: true, webauthn:extension:minPinLength: true, webauthn:extension:prf: true, webauthn:virtualAuthenticators: true}
Element: [[ChromeDriver: chrome on windows (9d98174ddfe1d13f0bfa08724e4efc89)] -> xpath: //span[@id='select2-cmbCancelLeaveEmpNumber-container']]
Session ID: 9d98174ddfe1d13f0bfa08724e4efc89]]>
            </message>
            <full-stacktrace>
              <![CDATA[org.openqa.selenium.ElementClickInterceptedException: element click intercepted: Element <span class="select2-selection__rendered" id="select2-cmbCancelLeaveEmpNumber-container" role="textbox" aria-readonly="true">...</span> is not clickable at point (533, 182). Other element would receive the click: <div class="blockUI blockOverlay" style="z-index: 1000; border: none; margin: 0px; padding: 0px; width: 100%; height: 100%; top: 0px; left: 0px; background-color: rgb(255, 255, 255); opacity: 0.193686; cursor: default; position: absolute;"></div>
  (Session info: chrome=121.0.6167.139)
Build info: version: '4.10.0', revision: 'c14d967899'
System info: os.name: 'Windows 11', os.arch: 'amd64', os.version: '10.0', java.version: '17.0.8.1'
Driver info: org.openqa.selenium.chrome.ChromeDriver
Command: [9d98174ddfe1d13f0bfa08724e4efc89, clickElement {id=261BD8E2F386A34E6314B9E2FC81142E_element_2739}]
Capabilities {acceptInsecureCerts: false, browserName: chrome, browserVersion: 121.0.6167.139, chrome: {chromedriverVersion: 121.0.6167.85 (3f98d690ad7e..., userDataDir: C:\Users\kumar\AppData\Loca...}, fedcm:accounts: true, goog:chromeOptions: {debuggerAddress: localhost:60800}, networkConnectionEnabled: false, pageLoadStrategy: normal, platformName: windows, proxy: Proxy(), se:cdp: ws://localhost:60800/devtoo..., se:cdpVersion: 121.0.6167.139, setWindowRect: true, strictFileInteractability: false, timeouts: {implicit: 0, pageLoad: 300000, script: 30000}, unhandledPromptBehavior: dismiss and notify, webauthn:extension:credBlob: true, webauthn:extension:largeBlob: true, webauthn:extension:minPinLength: true, webauthn:extension:prf: true, webauthn:virtualAuthenticators: true}
Element: [[ChromeDriver: chrome on windows (9d98174ddfe1d13f0bfa08724e4efc89)] -> xpath: //span[@id='select2-cmbCancelLeaveEmpNumber-container']]
Session ID: 9d98174ddfe1d13f0bfa08724e4efc89
at java.base/jdk.internal.reflect.NativeConstructorAccessorImpl.newInstance0(Native Method)
at java.base/jdk.internal.reflect.NativeConstructorAccessorImpl.newInstance(NativeConstructorAccessorImpl.java:77)
at java.base/jdk.internal.reflect.DelegatingConstructorAccessorImpl.newInstance(DelegatingConstructorAccessorImpl.java:45)
at java.base/java.lang.reflect.Constructor.newInstanceWithCaller(Constructor.java:499)
at java.base/java.lang.reflect.Constructor.newInstance(Constructor.java:480)
at org.openqa.selenium.remote.codec.w3c.W3CHttpResponseCodec.createException(W3CHttpResponseCodec.java:199)
at org.openqa.selenium.remote.codec.w3c.W3CHttpResponseCodec.decode(W3CHttpResponseCodec.java:132)
at org.openqa.selenium.remote.codec.w3c.W3CHttpResponseCodec.decode(W3CHttpResponseCodec.java:51)
at org.openqa.selenium.remote.HttpCommandExecutor.execute(HttpCommandExecutor.java:191)
at org.openqa.selenium.remote.service.DriverCommandExecutor.invokeExecute(DriverCommandExecutor.java:196)
at org.openqa.selenium.remote.service.DriverCommandExecutor.execute(DriverCommandExecutor.java:171)
at org.openqa.selenium.remote.RemoteWebDriver.execute(RemoteWebDriver.java:531)
at org.openqa.selenium.remote.RemoteWebElement.execute(RemoteWebElement.java:242)
at org.openqa.selenium.remote.RemoteWebElement.click(RemoteWebElement.java:77)
at jdk.internal.reflect.GeneratedMethodAccessor1.invoke(Unknown Source)
at java.base/jdk.internal.reflect.DelegatingMethodAccessorImpl.invoke(DelegatingMethodAccessorImpl.java:43)
at java.base/java.lang.reflect.Method.invoke(Method.java:568)
at org.openqa.selenium.support.pagefactory.internal.LocatingElementHandler.invoke(LocatingElementHandler.java:51)
at jdk.proxy2/jdk.proxy2.$Proxy33.click(Unknown Source)
at com.AutomationJiviewsPOM.E10_3216_ESSApplyLeavePage.clickCancelLeaveEmpNumber(E10_3216_ESSApplyLeavePage.java:453)
at com.AutomationJiviewsPOM.E10_3216_ESSApplyLeavePage.E10_3230_ApproverKiosk_CancelApproveleave(E10_3216_ESSApplyLeavePage.java:978)
at com.JiviewsAutomation.SystemDefination_Test.E10_3216_ESSApplyLeaveTest.E10_3230_Verify_ApproverKiosk_CancelApproveleave(E10_3216_ESSApplyLeaveTest.java:105)
at java.base/jdk.internal.reflect.NativeMethodAccessorImpl.invoke0(Native Method)
at java.base/jdk.internal.reflect.NativeMethodAccessorImpl.invoke(NativeMethodAccessorImpl.java:77)
at java.base/jdk.internal.reflect.DelegatingMethodAccessorImpl.invoke(DelegatingMethodAccessorImpl.java:43)
at java.base/java.lang.reflect.Method.invoke(Method.java:568)
at org.testng.internal.MethodInvocationHelper.invokeMethod(MethodInvocationHelper.java:124)
at org.testng.internal.Invoker.invokeMethod(Invoker.java:583)
at org.testng.internal.Invoker.invokeTestMethod(Invoker.java:719)
at org.testng.internal.Invoker.invokeTestMethods(Invoker.java:989)
at org.testng.internal.TestMethodWorker.invokeTestMethods(TestMethodWorker.java:125)
at org.testng.internal.TestMethodWorker.run(TestMethodWorker.java:109)
at org.testng.TestRunner.privateRun(TestRunner.java:648)
at org.testng.TestRunner.run(TestRunner.java:505)
at org.testng.SuiteRunner.runTest(SuiteRunner.java:455)
at org.testng.SuiteRunner.runSequentially(SuiteRunner.java:450)
at org.testng.SuiteRunner.privateRun(SuiteRunner.java:415)
at org.testng.SuiteRunner.run(SuiteRunner.java:364)
at org.testng.SuiteRunnerWorker.runSuite(SuiteRunnerWorker.java:52)
at org.testng.SuiteRunnerWorker.run(SuiteRunnerWorker.java:84)
at org.testng.TestNG.runSuitesSequentially(TestNG.java:1208)
at org.testng.TestNG.runSuitesLocally(TestNG.java:1137)
at org.testng.TestNG.runSuites(TestNG.java:1049)
at org.testng.TestNG.run(TestNG.java:1017)
at org.apache.maven.surefire.testng.TestNGExecutor.run(TestNGExecutor.java:308)
at org.apache.maven.surefire.testng.TestNGXmlTestSuite.execute(TestNGXmlTestSuite.java:71)
at org.apache.maven.surefire.testng.TestNGProvider.invoke(TestNGProvider.java:113)
at org.apache.maven.surefire.booter.ForkedBooter.runSuitesInProcess(ForkedBooter.java:385)
at org.apache.maven.surefire.booter.ForkedBooter.execute(ForkedBooter.java:162)
at org.apache.maven.surefire.booter.ForkedBooter.run(ForkedBooter.java:507)
at org.apache.maven.surefire.booter.ForkedBooter.main(ForkedBooter.java:495)
]]>
            </full-stacktrace>
          </exception> <!-- org.openqa.selenium.ElementClickInterceptedException -->
          <reporter-output>
          </reporter-output>
        </test-method> <!-- E10_3230_Verify_ApproverKiosk_CancelApproveleave -->
        <test-method is-config="true" signature="logoutAfterTestMethod()[pri:0, instance:com.JiviewsAutomation.SystemDefination_Test.E10_3216_ESSApplyLeaveTest@7db82169]" started-at="2024-02-01T10:48:20Z" name="logoutAfterTestMethod" finished-at="2024-02-01T10:48:29Z" duration-ms="8699" status="PASS">
          <reporter-output>
          </reporter-output>
        </test-method> <!-- logoutAfterTestMethod -->
        <test-method is-config="true" signature="setup()[pri:0, instance:com.JiviewsAutomation.SystemDefination_Test.E10_3216_ESSApplyLeaveTest@7db82169]" started-at="2024-02-01T10:48:29Z" name="setup" finished-at="2024-02-01T10:48:33Z" duration-ms="4491" status="PASS">
          <reporter-output>
          </reporter-output>
        </test-method> <!-- setup -->
        <test-method signature="E10_3231_Verify_ApplyLeaveAndCancleTheLeaveBeforeApproval()[pri:7, instance:com.JiviewsAutomation.SystemDefination_Test.E10_3216_ESSApplyLeaveTest@7db82169]" started-at="2024-02-01T10:48:33Z" name="E10_3231_Verify_ApplyLeaveAndCancleTheLeaveBeforeApproval" finished-at="2024-02-01T10:49:24Z" duration-ms="51098" status="PASS">
          <reporter-output>
          </reporter-output>
        </test-method> <!-- E10_3231_Verify_ApplyLeaveAndCancleTheLeaveBeforeApproval -->
        <test-method is-config="true" signature="logoutAfterTestMethod()[pri:0, instance:com.JiviewsAutomation.SystemDefination_Test.E10_3216_ESSApplyLeaveTest@7db82169]" started-at="2024-02-01T10:49:24Z" name="logoutAfterTestMethod" finished-at="2024-02-01T10:49:33Z" duration-ms="8751" status="PASS">
          <reporter-output>
          </reporter-output>
        </test-method> <!-- logoutAfterTestMethod -->
        <test-method is-config="true" signature="setup()[pri:0, instance:com.JiviewsAutomation.SystemDefination_Test.E10_3216_ESSApplyLeaveTest@7db82169]" started-at="2024-02-01T10:49:33Z" name="setup" finished-at="2024-02-01T10:49:38Z" duration-ms="5203" status="PASS">
          <reporter-output>
          </reporter-output>
        </test-method> <!-- setup -->
        <test-method signature="E10_3232_Verify_CancelApprovedLeave_ApproverApprovedCancelLeave()[pri:8, instance:com.JiviewsAutomation.SystemDefination_Test.E10_3216_ESSApplyLeaveTest@7db82169]" started-at="2024-02-01T10:49:38Z" name="E10_3232_Verify_CancelApprovedLeave_ApproverApprovedCancelLeave" finished-at="2024-02-01T10:51:21Z" duration-ms="103309" status="FAIL">
          <exception class="org.openqa.selenium.TimeoutException">
            <message>
              <![CDATA[Expected condition failed: waiting for element to be clickable: [[ChromeDriver: chrome on windows (9d98174ddfe1d13f0bfa08724e4efc89)] -> xpath: //button[text()='Next']] (tried for 80 second(s) with 500 milliseconds interval)
Build info: version: '4.10.0', revision: 'c14d967899'
System info: os.name: 'Windows 11', os.arch: 'amd64', os.version: '10.0', java.version: '17.0.8.1'
Driver info: org.openqa.selenium.chrome.ChromeDriver
Capabilities {acceptInsecureCerts: false, browserName: chrome, browserVersion: 121.0.6167.139, chrome: {chromedriverVersion: 121.0.6167.85 (3f98d690ad7e..., userDataDir: C:\Users\kumar\AppData\Loca...}, fedcm:accounts: true, goog:chromeOptions: {debuggerAddress: localhost:60800}, networkConnectionEnabled: false, pageLoadStrategy: normal, platformName: windows, proxy: Proxy(), se:cdp: ws://localhost:60800/devtoo..., se:cdpVersion: 121.0.6167.139, setWindowRect: true, strictFileInteractability: false, timeouts: {implicit: 0, pageLoad: 300000, script: 30000}, unhandledPromptBehavior: dismiss and notify, webauthn:extension:credBlob: true, webauthn:extension:largeBlob: true, webauthn:extension:minPinLength: true, webauthn:extension:prf: true, webauthn:virtualAuthenticators: true}
Session ID: 9d98174ddfe1d13f0bfa08724e4efc89]]>
            </message>
            <full-stacktrace>
              <![CDATA[org.openqa.selenium.TimeoutException: Expected condition failed: waiting for element to be clickable: [[ChromeDriver: chrome on windows (9d98174ddfe1d13f0bfa08724e4efc89)] -> xpath: //button[text()='Next']] (tried for 80 second(s) with 500 milliseconds interval)
Build info: version: '4.10.0', revision: 'c14d967899'
System info: os.name: 'Windows 11', os.arch: 'amd64', os.version: '10.0', java.version: '17.0.8.1'
Driver info: org.openqa.selenium.chrome.ChromeDriver
Capabilities {acceptInsecureCerts: false, browserName: chrome, browserVersion: 121.0.6167.139, chrome: {chromedriverVersion: 121.0.6167.85 (3f98d690ad7e..., userDataDir: C:\Users\kumar\AppData\Loca...}, fedcm:accounts: true, goog:chromeOptions: {debuggerAddress: localhost:60800}, networkConnectionEnabled: false, pageLoadStrategy: normal, platformName: windows, proxy: Proxy(), se:cdp: ws://localhost:60800/devtoo..., se:cdpVersion: 121.0.6167.139, setWindowRect: true, strictFileInteractability: false, timeouts: {implicit: 0, pageLoad: 300000, script: 30000}, unhandledPromptBehavior: dismiss and notify, webauthn:extension:credBlob: true, webauthn:extension:largeBlob: true, webauthn:extension:minPinLength: true, webauthn:extension:prf: true, webauthn:virtualAuthenticators: true}
Session ID: 9d98174ddfe1d13f0bfa08724e4efc89
at org.openqa.selenium.support.ui.WebDriverWait.timeoutException(WebDriverWait.java:84)
at org.openqa.selenium.support.ui.FluentWait.until(FluentWait.java:230)
at com.AutomationJiviewsGeneric.WebUtilities.ElementClickable(WebUtilities.java:58)
at com.AutomationJiviewsPOM.E10_3216_ESSApplyLeavePage.pressBtnNext(E10_3216_ESSApplyLeavePage.java:385)
at com.AutomationJiviewsPOM.E10_3216_ESSApplyLeavePage.E10_3232_CancelApprovedLeave_ApproverApprovedCancelLeave(E10_3216_ESSApplyLeavePage.java:1064)
at com.JiviewsAutomation.SystemDefination_Test.E10_3216_ESSApplyLeaveTest.E10_3232_Verify_CancelApprovedLeave_ApproverApprovedCancelLeave(E10_3216_ESSApplyLeaveTest.java:122)
at java.base/jdk.internal.reflect.NativeMethodAccessorImpl.invoke0(Native Method)
at java.base/jdk.internal.reflect.NativeMethodAccessorImpl.invoke(NativeMethodAccessorImpl.java:77)
at java.base/jdk.internal.reflect.DelegatingMethodAccessorImpl.invoke(DelegatingMethodAccessorImpl.java:43)
at java.base/java.lang.reflect.Method.invoke(Method.java:568)
at org.testng.internal.MethodInvocationHelper.invokeMethod(MethodInvocationHelper.java:124)
at org.testng.internal.Invoker.invokeMethod(Invoker.java:583)
at org.testng.internal.Invoker.invokeTestMethod(Invoker.java:719)
at org.testng.internal.Invoker.invokeTestMethods(Invoker.java:989)
at org.testng.internal.TestMethodWorker.invokeTestMethods(TestMethodWorker.java:125)
at org.testng.internal.TestMethodWorker.run(TestMethodWorker.java:109)
at org.testng.TestRunner.privateRun(TestRunner.java:648)
at org.testng.TestRunner.run(TestRunner.java:505)
at org.testng.SuiteRunner.runTest(SuiteRunner.java:455)
at org.testng.SuiteRunner.runSequentially(SuiteRunner.java:450)
at org.testng.SuiteRunner.privateRun(SuiteRunner.java:415)
at org.testng.SuiteRunner.run(SuiteRunner.java:364)
at org.testng.SuiteRunnerWorker.runSuite(SuiteRunnerWorker.java:52)
at org.testng.SuiteRunnerWorker.run(SuiteRunnerWorker.java:84)
at org.testng.TestNG.runSuitesSequentially(TestNG.java:1208)
at org.testng.TestNG.runSuitesLocally(TestNG.java:1137)
at org.testng.TestNG.runSuites(TestNG.java:1049)
at org.testng.TestNG.run(TestNG.java:1017)
at org.apache.maven.surefire.testng.TestNGExecutor.run(TestNGExecutor.java:308)
at org.apache.maven.surefire.testng.TestNGXmlTestSuite.execute(TestNGXmlTestSuite.java:71)
at org.apache.maven.surefire.testng.TestNGProvider.invoke(TestNGProvider.java:113)
at org.apache.maven.surefire.booter.ForkedBooter.runSuitesInProcess(ForkedBooter.java:385)
at org.apache.maven.surefire.booter.ForkedBooter.execute(ForkedBooter.java:162)
at org.apache.maven.surefire.booter.ForkedBooter.run(ForkedBooter.java:507)
at org.apache.maven.surefire.booter.ForkedBooter.main(ForkedBooter.java:495)
]]>
            </full-stacktrace>
          </exception> <!-- org.openqa.selenium.TimeoutException -->
          <reporter-output>
          </reporter-output>
        </test-method> <!-- E10_3232_Verify_CancelApprovedLeave_ApproverApprovedCancelLeave -->
        <test-method is-config="true" signature="logoutAfterTestMethod()[pri:0, instance:com.JiviewsAutomation.SystemDefination_Test.E10_3216_ESSApplyLeaveTest@7db82169]" started-at="2024-02-01T10:51:21Z" name="logoutAfterTestMethod" finished-at="2024-02-01T10:51:37Z" duration-ms="15231" status="PASS">
          <reporter-output>
          </reporter-output>
        </test-method> <!-- logoutAfterTestMethod -->
        <test-method is-config="true" signature="setup()[pri:0, instance:com.JiviewsAutomation.SystemDefination_Test.E10_3216_ESSApplyLeaveTest@7db82169]" started-at="2024-02-01T10:51:37Z" name="setup" finished-at="2024-02-01T10:51:45Z" duration-ms="8033" status="PASS">
          <reporter-output>
          </reporter-output>
        </test-method> <!-- setup -->
        <test-method signature="E10_3218_Verify_ApplyTimeOff()[pri:10, instance:com.JiviewsAutomation.SystemDefination_Test.E10_3216_ESSApplyLeaveTest@7db82169]" started-at="2024-02-01T10:51:45Z" name="E10_3218_Verify_ApplyTimeOff" finished-at="2024-02-01T10:53:40Z" duration-ms="115720" status="FAIL">
          <exception class="org.openqa.selenium.TimeoutException">
            <message>
              <![CDATA[Expected condition failed: waiting for element to be clickable: Proxy element for: DefaultElementLocator 'By.className: toast-close-button' (tried for 80 second(s) with 500 milliseconds interval)]]>
            </message>
            <full-stacktrace>
              <![CDATA[org.openqa.selenium.TimeoutException: Expected condition failed: waiting for element to be clickable: Proxy element for: DefaultElementLocator 'By.className: toast-close-button' (tried for 80 second(s) with 500 milliseconds interval)
at org.openqa.selenium.support.ui.WebDriverWait.timeoutException(WebDriverWait.java:84)
at org.openqa.selenium.support.ui.FluentWait.until(FluentWait.java:230)
at com.AutomationJiviewsGeneric.WebUtilities.ElementClickable(WebUtilities.java:58)
at com.AutomationJiviewsPOM.E10_3216_ESSApplyLeavePage.clickNotificationPopup(E10_3216_ESSApplyLeavePage.java:534)
at com.AutomationJiviewsPOM.E10_3216_ESSApplyLeavePage.E10_3218_ApplyTimeOff(E10_3216_ESSApplyLeavePage.java:1387)
at com.JiviewsAutomation.SystemDefination_Test.E10_3216_ESSApplyLeaveTest.E10_3218_Verify_ApplyTimeOff(E10_3216_ESSApplyLeaveTest.java:172)
at java.base/jdk.internal.reflect.NativeMethodAccessorImpl.invoke0(Native Method)
at java.base/jdk.internal.reflect.NativeMethodAccessorImpl.invoke(NativeMethodAccessorImpl.java:77)
at java.base/jdk.internal.reflect.DelegatingMethodAccessorImpl.invoke(DelegatingMethodAccessorImpl.java:43)
at java.base/java.lang.reflect.Method.invoke(Method.java:568)
at org.testng.internal.MethodInvocationHelper.invokeMethod(MethodInvocationHelper.java:124)
at org.testng.internal.Invoker.invokeMethod(Invoker.java:583)
at org.testng.internal.Invoker.invokeTestMethod(Invoker.java:719)
at org.testng.internal.Invoker.invokeTestMethods(Invoker.java:989)
at org.testng.internal.TestMethodWorker.invokeTestMethods(TestMethodWorker.java:125)
at org.testng.internal.TestMethodWorker.run(TestMethodWorker.java:109)
at org.testng.TestRunner.privateRun(TestRunner.java:648)
at org.testng.TestRunner.run(TestRunner.java:505)
at org.testng.SuiteRunner.runTest(SuiteRunner.java:455)
at org.testng.SuiteRunner.runSequentially(SuiteRunner.java:450)
at org.testng.SuiteRunner.privateRun(SuiteRunner.java:415)
at org.testng.SuiteRunner.run(SuiteRunner.java:364)
at org.testng.SuiteRunnerWorker.runSuite(SuiteRunnerWorker.java:52)
at org.testng.SuiteRunnerWorker.run(SuiteRunnerWorker.java:84)
at org.testng.TestNG.runSuitesSequentially(TestNG.java:1208)
at org.testng.TestNG.runSuitesLocally(TestNG.java:1137)
at org.testng.TestNG.runSuites(TestNG.java:1049)
at org.testng.TestNG.run(TestNG.java:1017)
at org.apache.maven.surefire.testng.TestNGExecutor.run(TestNGExecutor.java:308)
at org.apache.maven.surefire.testng.TestNGXmlTestSuite.execute(TestNGXmlTestSuite.java:71)
at org.apache.maven.surefire.testng.TestNGProvider.invoke(TestNGProvider.java:113)
at org.apache.maven.surefire.booter.ForkedBooter.runSuitesInProcess(ForkedBooter.java:385)
at org.apache.maven.surefire.booter.ForkedBooter.execute(ForkedBooter.java:162)
at org.apache.maven.surefire.booter.ForkedBooter.run(ForkedBooter.java:507)
at org.apache.maven.surefire.booter.ForkedBooter.main(ForkedBooter.java:495)
Caused by: org.openqa.selenium.NoSuchElementException: no such element: Unable to locate element: {"method":"css selector","selector":".toast\-close\-button"}
  (Session info: chrome=121.0.6167.139)
For documentation on this error, please visit: https://www.selenium.dev/documentation/webdriver/troubleshooting/errors#no-such-element-exception
Build info: version: '4.10.0', revision: 'c14d967899'
System info: os.name: 'Windows 11', os.arch: 'amd64', os.version: '10.0', java.version: '17.0.8.1'
Driver info: org.openqa.selenium.chrome.ChromeDriver
Command: [9d98174ddfe1d13f0bfa08724e4efc89, findElement {using=class name, value=toast-close-button}]
Capabilities {acceptInsecureCerts: false, browserName: chrome, browserVersion: 121.0.6167.139, chrome: {chromedriverVersion: 121.0.6167.85 (3f98d690ad7e..., userDataDir: C:\Users\kumar\AppData\Loca...}, fedcm:accounts: true, goog:chromeOptions: {debuggerAddress: localhost:60800}, networkConnectionEnabled: false, pageLoadStrategy: normal, platformName: windows, proxy: Proxy(), se:cdp: ws://localhost:60800/devtoo..., se:cdpVersion: 121.0.6167.139, setWindowRect: true, strictFileInteractability: false, timeouts: {implicit: 0, pageLoad: 300000, script: 30000}, unhandledPromptBehavior: dismiss and notify, webauthn:extension:credBlob: true, webauthn:extension:largeBlob: true, webauthn:extension:minPinLength: true, webauthn:extension:prf: true, webauthn:virtualAuthenticators: true}
Session ID: 9d98174ddfe1d13f0bfa08724e4efc89
at jdk.internal.reflect.GeneratedConstructorAccessor22.newInstance(Unknown Source)
at java.base/jdk.internal.reflect.DelegatingConstructorAccessorImpl.newInstance(DelegatingConstructorAccessorImpl.java:45)
at java.base/java.lang.reflect.Constructor.newInstanceWithCaller(Constructor.java:499)
at java.base/java.lang.reflect.Constructor.newInstance(Constructor.java:480)
at org.openqa.selenium.remote.codec.w3c.W3CHttpResponseCodec.createException(W3CHttpResponseCodec.java:199)
at org.openqa.selenium.remote.codec.w3c.W3CHttpResponseCodec.decode(W3CHttpResponseCodec.java:132)
at org.openqa.selenium.remote.codec.w3c.W3CHttpResponseCodec.decode(W3CHttpResponseCodec.java:51)
at org.openqa.selenium.remote.HttpCommandExecutor.execute(HttpCommandExecutor.java:191)
at org.openqa.selenium.remote.service.DriverCommandExecutor.invokeExecute(DriverCommandExecutor.java:196)
at org.openqa.selenium.remote.service.DriverCommandExecutor.execute(DriverCommandExecutor.java:171)
at org.openqa.selenium.remote.RemoteWebDriver.execute(RemoteWebDriver.java:531)
at org.openqa.selenium.remote.ElementLocation$ElementFinder$2.findElement(ElementLocation.java:165)
at org.openqa.selenium.remote.ElementLocation.findElement(ElementLocation.java:59)
at org.openqa.selenium.remote.RemoteWebDriver.findElement(RemoteWebDriver.java:350)
at org.openqa.selenium.remote.RemoteWebDriver.findElement(RemoteWebDriver.java:344)
at org.openqa.selenium.support.pagefactory.DefaultElementLocator.findElement(DefaultElementLocator.java:68)
at org.openqa.selenium.support.pagefactory.internal.LocatingElementHandler.invoke(LocatingElementHandler.java:38)
at jdk.proxy2/jdk.proxy2.$Proxy33.isDisplayed(Unknown Source)
at org.openqa.selenium.support.ui.ExpectedConditions.elementIfVisible(ExpectedConditions.java:304)
at org.openqa.selenium.support.ui.ExpectedConditions.access$000(ExpectedConditions.java:37)
at org.openqa.selenium.support.ui.ExpectedConditions$10.apply(ExpectedConditions.java:290)
at org.openqa.selenium.support.ui.ExpectedConditions$10.apply(ExpectedConditions.java:287)
at org.openqa.selenium.support.ui.ExpectedConditions$23.apply(ExpectedConditions.java:656)
at org.openqa.selenium.support.ui.ExpectedConditions$23.apply(ExpectedConditions.java:652)
at org.openqa.selenium.support.ui.FluentWait.until(FluentWait.java:205)
... 33 more
]]>
            </full-stacktrace>
          </exception> <!-- org.openqa.selenium.TimeoutException -->
          <reporter-output>
          </reporter-output>
        </test-method> <!-- E10_3218_Verify_ApplyTimeOff -->
        <test-method is-config="true" signature="logoutAfterTestMethod()[pri:0, instance:com.JiviewsAutomation.SystemDefination_Test.E10_3216_ESSApplyLeaveTest@7db82169]" started-at="2024-02-01T10:53:41Z" name="logoutAfterTestMethod" finished-at="2024-02-01T10:53:52Z" duration-ms="11560" status="PASS">
          <reporter-output>
          </reporter-output>
        </test-method> <!-- logoutAfterTestMethod -->
        <test-method is-config="true" signature="setup()[pri:0, instance:com.JiviewsAutomation.SystemDefination_Test.E10_3216_ESSApplyLeaveTest@7db82169]" started-at="2024-02-01T10:53:52Z" name="setup" finished-at="2024-02-01T10:53:59Z" duration-ms="6644" status="PASS">
          <reporter-output>
          </reporter-output>
        </test-method> <!-- setup -->
        <test-method signature="E10_3219_Verify_ApplyForUncontrolledLeave()[pri:12, instance:com.JiviewsAutomation.SystemDefination_Test.E10_3216_ESSApplyLeaveTest@7db82169]" started-at="2024-02-01T10:53:59Z" name="E10_3219_Verify_ApplyForUncontrolledLeave" finished-at="2024-02-01T10:55:40Z" duration-ms="100834" status="FAIL">
          <exception class="org.openqa.selenium.TimeoutException">
            <message>
              <![CDATA[Expected condition failed: waiting for element to be clickable: [[ChromeDriver: chrome on windows (9d98174ddfe1d13f0bfa08724e4efc89)] -> xpath: //li[@data-menu-link='SelfService/UncontrolledLeave/UncontrolledLeaveIndex']] (tried for 80 second(s) with 500 milliseconds interval)
Build info: version: '4.10.0', revision: 'c14d967899'
System info: os.name: 'Windows 11', os.arch: 'amd64', os.version: '10.0', java.version: '17.0.8.1'
Driver info: org.openqa.selenium.chrome.ChromeDriver
Capabilities {acceptInsecureCerts: false, browserName: chrome, browserVersion: 121.0.6167.139, chrome: {chromedriverVersion: 121.0.6167.85 (3f98d690ad7e..., userDataDir: C:\Users\kumar\AppData\Loca...}, fedcm:accounts: true, goog:chromeOptions: {debuggerAddress: localhost:60800}, networkConnectionEnabled: false, pageLoadStrategy: normal, platformName: windows, proxy: Proxy(), se:cdp: ws://localhost:60800/devtoo..., se:cdpVersion: 121.0.6167.139, setWindowRect: true, strictFileInteractability: false, timeouts: {implicit: 0, pageLoad: 300000, script: 30000}, unhandledPromptBehavior: dismiss and notify, webauthn:extension:credBlob: true, webauthn:extension:largeBlob: true, webauthn:extension:minPinLength: true, webauthn:extension:prf: true, webauthn:virtualAuthenticators: true}
Session ID: 9d98174ddfe1d13f0bfa08724e4efc89]]>
            </message>
            <full-stacktrace>
              <![CDATA[org.openqa.selenium.TimeoutException: Expected condition failed: waiting for element to be clickable: [[ChromeDriver: chrome on windows (9d98174ddfe1d13f0bfa08724e4efc89)] -> xpath: //li[@data-menu-link='SelfService/UncontrolledLeave/UncontrolledLeaveIndex']] (tried for 80 second(s) with 500 milliseconds interval)
Build info: version: '4.10.0', revision: 'c14d967899'
System info: os.name: 'Windows 11', os.arch: 'amd64', os.version: '10.0', java.version: '17.0.8.1'
Driver info: org.openqa.selenium.chrome.ChromeDriver
Capabilities {acceptInsecureCerts: false, browserName: chrome, browserVersion: 121.0.6167.139, chrome: {chromedriverVersion: 121.0.6167.85 (3f98d690ad7e..., userDataDir: C:\Users\kumar\AppData\Loca...}, fedcm:accounts: true, goog:chromeOptions: {debuggerAddress: localhost:60800}, networkConnectionEnabled: false, pageLoadStrategy: normal, platformName: windows, proxy: Proxy(), se:cdp: ws://localhost:60800/devtoo..., se:cdpVersion: 121.0.6167.139, setWindowRect: true, strictFileInteractability: false, timeouts: {implicit: 0, pageLoad: 300000, script: 30000}, unhandledPromptBehavior: dismiss and notify, webauthn:extension:credBlob: true, webauthn:extension:largeBlob: true, webauthn:extension:minPinLength: true, webauthn:extension:prf: true, webauthn:virtualAuthenticators: true}
Session ID: 9d98174ddfe1d13f0bfa08724e4efc89
at org.openqa.selenium.support.ui.WebDriverWait.timeoutException(WebDriverWait.java:84)
at org.openqa.selenium.support.ui.FluentWait.until(FluentWait.java:230)
at com.AutomationJiviewsGeneric.WebUtilities.ElementClickable(WebUtilities.java:58)
at com.AutomationJiviewsPOM.E10_3216_ESSApplyLeavePage.clickUncontrolledLeave(E10_3216_ESSApplyLeavePage.java:718)
at com.AutomationJiviewsPOM.E10_3216_ESSApplyLeavePage.E10_3219_ApplyForUncontrolledLeave(E10_3216_ESSApplyLeavePage.java:1896)
at com.JiviewsAutomation.SystemDefination_Test.E10_3216_ESSApplyLeaveTest.E10_3219_Verify_ApplyForUncontrolledLeave(E10_3216_ESSApplyLeaveTest.java:189)
at java.base/jdk.internal.reflect.NativeMethodAccessorImpl.invoke0(Native Method)
at java.base/jdk.internal.reflect.NativeMethodAccessorImpl.invoke(NativeMethodAccessorImpl.java:77)
at java.base/jdk.internal.reflect.DelegatingMethodAccessorImpl.invoke(DelegatingMethodAccessorImpl.java:43)
at java.base/java.lang.reflect.Method.invoke(Method.java:568)
at org.testng.internal.MethodInvocationHelper.invokeMethod(MethodInvocationHelper.java:124)
at org.testng.internal.Invoker.invokeMethod(Invoker.java:583)
at org.testng.internal.Invoker.invokeTestMethod(Invoker.java:719)
at org.testng.internal.Invoker.invokeTestMethods(Invoker.java:989)
at org.testng.internal.TestMethodWorker.invokeTestMethods(TestMethodWorker.java:125)
at org.testng.internal.TestMethodWorker.run(TestMethodWorker.java:109)
at org.testng.TestRunner.privateRun(TestRunner.java:648)
at org.testng.TestRunner.run(TestRunner.java:505)
at org.testng.SuiteRunner.runTest(SuiteRunner.java:455)
at org.testng.SuiteRunner.runSequentially(SuiteRunner.java:450)
at org.testng.SuiteRunner.privateRun(SuiteRunner.java:415)
at org.testng.SuiteRunner.run(SuiteRunner.java:364)
at org.testng.SuiteRunnerWorker.runSuite(SuiteRunnerWorker.java:52)
at org.testng.SuiteRunnerWorker.run(SuiteRunnerWorker.java:84)
at org.testng.TestNG.runSuitesSequentially(TestNG.java:1208)
at org.testng.TestNG.runSuitesLocally(TestNG.java:1137)
at org.testng.TestNG.runSuites(TestNG.java:1049)
at org.testng.TestNG.run(TestNG.java:1017)
at org.apache.maven.surefire.testng.TestNGExecutor.run(TestNGExecutor.java:308)
at org.apache.maven.surefire.testng.TestNGXmlTestSuite.execute(TestNGXmlTestSuite.java:71)
at org.apache.maven.surefire.testng.TestNGProvider.invoke(TestNGProvider.java:113)
at org.apache.maven.surefire.booter.ForkedBooter.runSuitesInProcess(ForkedBooter.java:385)
at org.apache.maven.surefire.booter.ForkedBooter.execute(ForkedBooter.java:162)
at org.apache.maven.surefire.booter.ForkedBooter.run(ForkedBooter.java:507)
at org.apache.maven.surefire.booter.ForkedBooter.main(ForkedBooter.java:495)
]]>
            </full-stacktrace>
          </exception> <!-- org.openqa.selenium.TimeoutException -->
          <reporter-output>
          </reporter-output>
        </test-method> <!-- E10_3219_Verify_ApplyForUncontrolledLeave -->
        <test-method is-config="true" signature="logoutAfterTestMethod()[pri:0, instance:com.JiviewsAutomation.SystemDefination_Test.E10_3216_ESSApplyLeaveTest@7db82169]" started-at="2024-02-01T10:55:40Z" name="logoutAfterTestMethod" finished-at="2024-02-01T10:56:30Z" duration-ms="50394" status="PASS">
          <reporter-output>
          </reporter-output>
        </test-method> <!-- logoutAfterTestMethod -->
        <test-method is-config="true" signature="setup()[pri:0, instance:com.JiviewsAutomation.SystemDefination_Test.E10_3216_ESSApplyLeaveTest@7db82169]" started-at="2024-02-01T10:56:30Z" name="setup" finished-at="2024-02-01T10:56:37Z" duration-ms="6715" status="PASS">
          <reporter-output>
          </reporter-output>
        </test-method> <!-- setup -->
        <test-method signature="E10_3442_Verify_ApplyLeaveOnPublicHoliday()[pri:15, instance:com.JiviewsAutomation.SystemDefination_Test.E10_3216_ESSApplyLeaveTest@7db82169]" started-at="2024-02-01T10:56:37Z" name="E10_3442_Verify_ApplyLeaveOnPublicHoliday" finished-at="2024-02-01T10:57:05Z" duration-ms="27900" status="PASS">
          <reporter-output>
          </reporter-output>
        </test-method> <!-- E10_3442_Verify_ApplyLeaveOnPublicHoliday -->
        <test-method is-config="true" signature="logoutAfterTestMethod()[pri:0, instance:com.JiviewsAutomation.SystemDefination_Test.E10_3216_ESSApplyLeaveTest@7db82169]" started-at="2024-02-01T10:57:05Z" name="logoutAfterTestMethod" finished-at="2024-02-01T10:57:15Z" duration-ms="9740" status="PASS">
          <reporter-output>
          </reporter-output>
        </test-method> <!-- logoutAfterTestMethod -->
        <test-method is-config="true" signature="setup()[pri:0, instance:com.JiviewsAutomation.SystemDefination_Test.E10_3216_ESSApplyLeaveTest@7db82169]" started-at="2024-02-01T10:57:15Z" name="setup" finished-at="2024-02-01T10:57:21Z" duration-ms="6130" status="PASS">
          <reporter-output>
          </reporter-output>
        </test-method> <!-- setup -->
        <test-method signature="E10_3443_Verify_ShiftlessEmployeeApplyPublicHolidayLeave()[pri:16, instance:com.JiviewsAutomation.SystemDefination_Test.E10_3216_ESSApplyLeaveTest@7db82169]" started-at="2024-02-01T10:57:21Z" name="E10_3443_Verify_ShiftlessEmployeeApplyPublicHolidayLeave" finished-at="2024-02-01T10:57:46Z" duration-ms="25301" status="PASS">
          <reporter-output>
          </reporter-output>
        </test-method> <!-- E10_3443_Verify_ShiftlessEmployeeApplyPublicHolidayLeave -->
        <test-method is-config="true" signature="logoutAfterTestMethod()[pri:0, instance:com.JiviewsAutomation.SystemDefination_Test.E10_3216_ESSApplyLeaveTest@7db82169]" started-at="2024-02-01T10:57:46Z" name="logoutAfterTestMethod" finished-at="2024-02-01T10:57:56Z" duration-ms="9685" status="PASS">
          <reporter-output>
          </reporter-output>
        </test-method> <!-- logoutAfterTestMethod -->
        <test-method is-config="true" signature="setup()[pri:0, instance:com.JiviewsAutomation.SystemDefination_Test.E10_3216_ESSApplyLeaveTest@7db82169]" started-at="2024-02-01T10:57:56Z" name="setup" finished-at="2024-02-01T10:58:01Z" duration-ms="5819" status="PASS">
          <reporter-output>
          </reporter-output>
        </test-method> <!-- setup -->
        <test-method signature="E10_3444_Verify_NoPublicHolidayLeaveOnTheFollowingDayWithAssignedShift()[pri:17, instance:com.JiviewsAutomation.SystemDefination_Test.E10_3216_ESSApplyLeaveTest@7db82169]" started-at="2024-02-01T10:58:01Z" name="E10_3444_Verify_NoPublicHolidayLeaveOnTheFollowingDayWithAssignedShift" finished-at="2024-02-01T10:58:29Z" duration-ms="27275" status="PASS">
          <reporter-output>
          </reporter-output>
        </test-method> <!-- E10_3444_Verify_NoPublicHolidayLeaveOnTheFollowingDayWithAssignedShift -->
        <test-method is-config="true" signature="logoutAfterTestMethod()[pri:0, instance:com.JiviewsAutomation.SystemDefination_Test.E10_3216_ESSApplyLeaveTest@7db82169]" started-at="2024-02-01T10:58:29Z" name="logoutAfterTestMethod" finished-at="2024-02-01T10:58:38Z" duration-ms="9664" status="PASS">
          <reporter-output>
          </reporter-output>
        </test-method> <!-- logoutAfterTestMethod -->
        <test-method is-config="true" signature="setup()[pri:0, instance:com.JiviewsAutomation.SystemDefination_Test.E10_3216_ESSApplyLeaveTest@7db82169]" started-at="2024-02-01T10:58:38Z" name="setup" finished-at="2024-02-01T10:58:45Z" duration-ms="6149" status="PASS">
          <reporter-output>
          </reporter-output>
        </test-method> <!-- setup -->
        <test-method signature="E10_3470_Verify_UnrecordLeave()[pri:26, instance:com.JiviewsAutomation.SystemDefination_Test.E10_3216_ESSApplyLeaveTest@7db82169]" started-at="2024-02-01T10:58:45Z" name="E10_3470_Verify_UnrecordLeave" finished-at="2024-02-01T10:59:03Z" duration-ms="18105" status="FAIL">
          <exception class="org.openqa.selenium.ElementClickInterceptedException">
            <message>
              <![CDATA[element click intercepted: Element <span class="select2-selection__rendered" id="select2-cmbUCLExceptionType-container" role="textbox" aria-readonly="true">...</span> is not clickable at point (529, 217). Other element would receive the click: <div class="blockUI blockOverlay" style="z-index: 1000; border: none; margin: 0px; padding: 0px; width: 100%; height: 100%; top: 0px; left: 0px; background-color: rgb(255, 255, 255); opacity: 0.0292574; cursor: default; position: absolute;"></div>
  (Session info: chrome=121.0.6167.139)
Build info: version: '4.10.0', revision: 'c14d967899'
System info: os.name: 'Windows 11', os.arch: 'amd64', os.version: '10.0', java.version: '17.0.8.1'
Driver info: org.openqa.selenium.chrome.ChromeDriver
Command: [9d98174ddfe1d13f0bfa08724e4efc89, clickElement {id=938696297ACD9540E36B9A529DB0BBC6_element_6597}]
Capabilities {acceptInsecureCerts: false, browserName: chrome, browserVersion: 121.0.6167.139, chrome: {chromedriverVersion: 121.0.6167.85 (3f98d690ad7e..., userDataDir: C:\Users\kumar\AppData\Loca...}, fedcm:accounts: true, goog:chromeOptions: {debuggerAddress: localhost:60800}, networkConnectionEnabled: false, pageLoadStrategy: normal, platformName: windows, proxy: Proxy(), se:cdp: ws://localhost:60800/devtoo..., se:cdpVersion: 121.0.6167.139, setWindowRect: true, strictFileInteractability: false, timeouts: {implicit: 0, pageLoad: 300000, script: 30000}, unhandledPromptBehavior: dismiss and notify, webauthn:extension:credBlob: true, webauthn:extension:largeBlob: true, webauthn:extension:minPinLength: true, webauthn:extension:prf: true, webauthn:virtualAuthenticators: true}
Element: [[ChromeDriver: chrome on windows (9d98174ddfe1d13f0bfa08724e4efc89)] -> xpath: //span[@id='select2-cmbUCLExceptionType-container']]
Session ID: 9d98174ddfe1d13f0bfa08724e4efc89]]>
            </message>
            <full-stacktrace>
              <![CDATA[org.openqa.selenium.ElementClickInterceptedException: element click intercepted: Element <span class="select2-selection__rendered" id="select2-cmbUCLExceptionType-container" role="textbox" aria-readonly="true">...</span> is not clickable at point (529, 217). Other element would receive the click: <div class="blockUI blockOverlay" style="z-index: 1000; border: none; margin: 0px; padding: 0px; width: 100%; height: 100%; top: 0px; left: 0px; background-color: rgb(255, 255, 255); opacity: 0.0292574; cursor: default; position: absolute;"></div>
  (Session info: chrome=121.0.6167.139)
Build info: version: '4.10.0', revision: 'c14d967899'
System info: os.name: 'Windows 11', os.arch: 'amd64', os.version: '10.0', java.version: '17.0.8.1'
Driver info: org.openqa.selenium.chrome.ChromeDriver
Command: [9d98174ddfe1d13f0bfa08724e4efc89, clickElement {id=938696297ACD9540E36B9A529DB0BBC6_element_6597}]
Capabilities {acceptInsecureCerts: false, browserName: chrome, browserVersion: 121.0.6167.139, chrome: {chromedriverVersion: 121.0.6167.85 (3f98d690ad7e..., userDataDir: C:\Users\kumar\AppData\Loca...}, fedcm:accounts: true, goog:chromeOptions: {debuggerAddress: localhost:60800}, networkConnectionEnabled: false, pageLoadStrategy: normal, platformName: windows, proxy: Proxy(), se:cdp: ws://localhost:60800/devtoo..., se:cdpVersion: 121.0.6167.139, setWindowRect: true, strictFileInteractability: false, timeouts: {implicit: 0, pageLoad: 300000, script: 30000}, unhandledPromptBehavior: dismiss and notify, webauthn:extension:credBlob: true, webauthn:extension:largeBlob: true, webauthn:extension:minPinLength: true, webauthn:extension:prf: true, webauthn:virtualAuthenticators: true}
Element: [[ChromeDriver: chrome on windows (9d98174ddfe1d13f0bfa08724e4efc89)] -> xpath: //span[@id='select2-cmbUCLExceptionType-container']]
Session ID: 9d98174ddfe1d13f0bfa08724e4efc89
at java.base/jdk.internal.reflect.NativeConstructorAccessorImpl.newInstance0(Native Method)
at java.base/jdk.internal.reflect.NativeConstructorAccessorImpl.newInstance(NativeConstructorAccessorImpl.java:77)
at java.base/jdk.internal.reflect.DelegatingConstructorAccessorImpl.newInstance(DelegatingConstructorAccessorImpl.java:45)
at java.base/java.lang.reflect.Constructor.newInstanceWithCaller(Constructor.java:499)
at java.base/java.lang.reflect.Constructor.newInstance(Constructor.java:480)
at org.openqa.selenium.remote.codec.w3c.W3CHttpResponseCodec.createException(W3CHttpResponseCodec.java:199)
at org.openqa.selenium.remote.codec.w3c.W3CHttpResponseCodec.decode(W3CHttpResponseCodec.java:132)
at org.openqa.selenium.remote.codec.w3c.W3CHttpResponseCodec.decode(W3CHttpResponseCodec.java:51)
at org.openqa.selenium.remote.HttpCommandExecutor.execute(HttpCommandExecutor.java:191)
at org.openqa.selenium.remote.service.DriverCommandExecutor.invokeExecute(DriverCommandExecutor.java:196)
at org.openqa.selenium.remote.service.DriverCommandExecutor.execute(DriverCommandExecutor.java:171)
at org.openqa.selenium.remote.RemoteWebDriver.execute(RemoteWebDriver.java:531)
at org.openqa.selenium.remote.RemoteWebElement.execute(RemoteWebElement.java:242)
at org.openqa.selenium.remote.RemoteWebElement.click(RemoteWebElement.java:77)
at jdk.internal.reflect.GeneratedMethodAccessor1.invoke(Unknown Source)
at java.base/jdk.internal.reflect.DelegatingMethodAccessorImpl.invoke(DelegatingMethodAccessorImpl.java:43)
at java.base/java.lang.reflect.Method.invoke(Method.java:568)
at org.openqa.selenium.support.pagefactory.internal.LocatingElementHandler.invoke(LocatingElementHandler.java:51)
at jdk.proxy2/jdk.proxy2.$Proxy33.click(Unknown Source)
at com.AutomationJiviewsPOM.E10_3216_ESSApplyLeavePage.clickUCLExceptionType(E10_3216_ESSApplyLeavePage.java:723)
at com.AutomationJiviewsPOM.E10_3216_ESSApplyLeavePage.E10_3470_UnrecordLeave(E10_3216_ESSApplyLeavePage.java:2596)
at com.JiviewsAutomation.SystemDefination_Test.E10_3216_ESSApplyLeaveTest.E10_3470_Verify_UnrecordLeave(E10_3216_ESSApplyLeaveTest.java:318)
at java.base/jdk.internal.reflect.NativeMethodAccessorImpl.invoke0(Native Method)
at java.base/jdk.internal.reflect.NativeMethodAccessorImpl.invoke(NativeMethodAccessorImpl.java:77)
at java.base/jdk.internal.reflect.DelegatingMethodAccessorImpl.invoke(DelegatingMethodAccessorImpl.java:43)
at java.base/java.lang.reflect.Method.invoke(Method.java:568)
at org.testng.internal.MethodInvocationHelper.invokeMethod(MethodInvocationHelper.java:124)
at org.testng.internal.Invoker.invokeMethod(Invoker.java:583)
at org.testng.internal.Invoker.invokeTestMethod(Invoker.java:719)
at org.testng.internal.Invoker.invokeTestMethods(Invoker.java:989)
at org.testng.internal.TestMethodWorker.invokeTestMethods(TestMethodWorker.java:125)
at org.testng.internal.TestMethodWorker.run(TestMethodWorker.java:109)
at org.testng.TestRunner.privateRun(TestRunner.java:648)
at org.testng.TestRunner.run(TestRunner.java:505)
at org.testng.SuiteRunner.runTest(SuiteRunner.java:455)
at org.testng.SuiteRunner.runSequentially(SuiteRunner.java:450)
at org.testng.SuiteRunner.privateRun(SuiteRunner.java:415)
at org.testng.SuiteRunner.run(SuiteRunner.java:364)
at org.testng.SuiteRunnerWorker.runSuite(SuiteRunnerWorker.java:52)
at org.testng.SuiteRunnerWorker.run(SuiteRunnerWorker.java:84)
at org.testng.TestNG.runSuitesSequentially(TestNG.java:1208)
at org.testng.TestNG.runSuitesLocally(TestNG.java:1137)
at org.testng.TestNG.runSuites(TestNG.java:1049)
at org.testng.TestNG.run(TestNG.java:1017)
at org.apache.maven.surefire.testng.TestNGExecutor.run(TestNGExecutor.java:308)
at org.apache.maven.surefire.testng.TestNGXmlTestSuite.execute(TestNGXmlTestSuite.java:71)
at org.apache.maven.surefire.testng.TestNGProvider.invoke(TestNGProvider.java:113)
at org.apache.maven.surefire.booter.ForkedBooter.runSuitesInProcess(ForkedBooter.java:385)
at org.apache.maven.surefire.booter.ForkedBooter.execute(ForkedBooter.java:162)
at org.apache.maven.surefire.booter.ForkedBooter.run(ForkedBooter.java:507)
at org.apache.maven.surefire.booter.ForkedBooter.main(ForkedBooter.java:495)
]]>
            </full-stacktrace>
          </exception> <!-- org.openqa.selenium.ElementClickInterceptedException -->
          <reporter-output>
          </reporter-output>
        </test-method> <!-- E10_3470_Verify_UnrecordLeave -->
        <test-method is-config="true" signature="logoutAfterTestMethod()[pri:0, instance:com.JiviewsAutomation.SystemDefination_Test.E10_3216_ESSApplyLeaveTest@7db82169]" started-at="2024-02-01T10:59:03Z" name="logoutAfterTestMethod" finished-at="2024-02-01T10:59:12Z" duration-ms="9674" status="PASS">
          <reporter-output>
          </reporter-output>
        </test-method> <!-- logoutAfterTestMethod -->
        <test-method is-config="true" signature="afterTestMethod()[pri:0, instance:com.JiviewsAutomation.SystemDefination_Test.E10_3216_ESSApplyLeaveTest@7db82169]" started-at="2024-02-01T10:59:12Z" name="afterTestMethod" finished-at="2024-02-01T10:59:12Z" duration-ms="0" status="PASS">
          <reporter-output>
            <line>
              <![CDATA[Logout]]>
            </line>
          </reporter-output>
        </test-method> <!-- afterTestMethod -->
        <test-method is-config="true" signature="closeBrowser()[pri:0, instance:com.JiviewsAutomation.SystemDefination_Test.E10_3216_ESSApplyLeaveTest@7db82169]" started-at="2024-02-01T10:59:12Z" name="closeBrowser" finished-at="2024-02-01T10:59:13Z" duration-ms="190" status="PASS">
          <reporter-output>
          </reporter-output>
        </test-method> <!-- closeBrowser -->
      </class> <!-- com.JiviewsAutomation.SystemDefination_Test.E10_3216_ESSApplyLeaveTest -->
    </test> <!-- E10_3216_ESSApplyLeaveTest -->
  </suite> <!-- Suite -->
</testng-results>
