<?xml version="1.0" encoding="UTF-8"?>
<testng-results ignored="1" total="2" passed="1" failed="0" skipped="0">
  <reporter-output>
    <line>
      <![CDATA[Open Browser]]>
    </line>
    <line>
      <![CDATA[Login]]>
    </line>
    <line>
      <![CDATA[Logout]]>
    </line>
    <line>
      <![CDATA[Close Browser]]>
    </line>
  </reporter-output>
  <suite started-at="2023-10-15T16:26:59 IST" name="Default suite" finished-at="2023-10-15T16:27:52 IST" duration-ms="53322">
    <groups>
    </groups>
    <test started-at="2023-10-15T16:26:59 IST" name="Default test" finished-at="2023-10-15T16:27:52 IST" duration-ms="53322">
      <class name="com.JiviewsAutomation.SystemDefination_TestScript.skillSetUpTestScript">
        <test-method is-config="true" signature="launchBrowser()[pri:0, instance:com.JiviewsAutomation.SystemDefination_TestScript.skillSetUpTestScript@665e9289]" started-at="2023-10-15T16:26:59 IST" name="launchBrowser" finished-at="2023-10-15T16:27:01 IST" duration-ms="1832" status="PASS">
          <reporter-output>
            <line>
              <![CDATA[Open Browser]]>
            </line>
          </reporter-output>
        </test-method> <!-- launchBrowser -->
        <test-method is-config="true" signature="login()[pri:0, instance:com.JiviewsAutomation.SystemDefination_TestScript.skillSetUpTestScript@665e9289]" started-at="2023-10-15T16:27:01 IST" name="login" finished-at="2023-10-15T16:27:10 IST" duration-ms="9074" status="PASS">
          <reporter-output>
            <line>
              <![CDATA[Login]]>
            </line>
          </reporter-output>
        </test-method> <!-- login -->
        <test-method signature="createNewSkill()[pri:0, instance:com.JiviewsAutomation.SystemDefination_TestScript.skillSetUpTestScript@665e9289]" started-at="2023-10-15T16:27:10 IST" name="createNewSkill" finished-at="2023-10-15T16:27:46 IST" duration-ms="35837" status="PASS">
          <reporter-output>
          </reporter-output>
        </test-method> <!-- createNewSkill -->
        <test-method is-config="true" signature="logout()[pri:0, instance:com.JiviewsAutomation.SystemDefination_TestScript.skillSetUpTestScript@665e9289]" started-at="2023-10-15T16:27:46 IST" name="logout" finished-at="2023-10-15T16:27:52 IST" duration-ms="6379" status="PASS">
          <reporter-output>
            <line>
              <![CDATA[Logout]]>
            </line>
          </reporter-output>
        </test-method> <!-- logout -->
        <test-method is-config="true" signature="closeBrowser()[pri:0, instance:com.JiviewsAutomation.SystemDefination_TestScript.skillSetUpTestScript@665e9289]" started-at="2023-10-15T16:27:52 IST" name="closeBrowser" finished-at="2023-10-15T16:27:52 IST" duration-ms="169" status="PASS">
          <reporter-output>
            <line>
              <![CDATA[Close Browser]]>
            </line>
          </reporter-output>
        </test-method> <!-- closeBrowser -->
      </class> <!-- com.JiviewsAutomation.SystemDefination_TestScript.skillSetUpTestScript -->
    </test> <!-- Default test -->
  </suite> <!-- Default suite -->
</testng-results>
