<?xml version="1.0" encoding="UTF-8"?>
<testng-results ignored="4" total="5" passed="1" failed="0" skipped="0">
  <reporter-output>
    <line>
      <![CDATA[Login]]>
    </line>
    <line>
      <![CDATA[Logout]]>
    </line>
  </reporter-output>
  <suite started-at="2024-02-02T23:26:44Z" name="Default suite" finished-at="2024-02-02T23:27:33Z" duration-ms="49488">
    <groups>
    </groups>
    <test started-at="2024-02-02T23:26:44Z" name="Default test" finished-at="2024-02-02T23:27:33Z" duration-ms="49488">
      <class name="com.JiviewsAutomation.SystemDefination_Test.E10_3541_OPE_RTG_PlanningTest">
        <test-method is-config="true" signature="launchBrowser()[pri:0, instance:com.JiviewsAutomation.SystemDefination_Test.E10_3541_OPE_RTG_PlanningTest@6c44052e]" started-at="2024-02-02T23:26:44Z" name="launchBrowser" finished-at="2024-02-02T23:26:46Z" duration-ms="2015" status="PASS">
          <reporter-output>
          </reporter-output>
        </test-method> <!-- launchBrowser -->
        <test-method is-config="true" signature="beforeTestMethod()[pri:0, instance:com.JiviewsAutomation.SystemDefination_Test.E10_3541_OPE_RTG_PlanningTest@6c44052e]" started-at="2024-02-02T23:26:46Z" name="beforeTestMethod" finished-at="2024-02-02T23:26:49Z" duration-ms="3475" status="PASS">
          <reporter-output>
            <line>
              <![CDATA[Login]]>
            </line>
          </reporter-output>
        </test-method> <!-- beforeTestMethod -->
        <test-method is-config="true" signature="setup()[pri:0, instance:com.JiviewsAutomation.SystemDefination_Test.E10_3541_OPE_RTG_PlanningTest@6c44052e]" started-at="2024-02-02T23:26:49Z" name="setup" finished-at="2024-02-02T23:27:19Z" duration-ms="29511" status="PASS">
          <reporter-output>
          </reporter-output>
        </test-method> <!-- setup -->
        <test-method signature="E10_3544_Verify_EquipmentSummery()[pri:3, instance:com.JiviewsAutomation.SystemDefination_Test.E10_3541_OPE_RTG_PlanningTest@6c44052e]" started-at="2024-02-02T23:27:19Z" name="E10_3544_Verify_EquipmentSummery" finished-at="2024-02-02T23:27:33Z" duration-ms="14265" status="PASS">
          <reporter-output>
          </reporter-output>
        </test-method> <!-- E10_3544_Verify_EquipmentSummery -->
        <test-method is-config="true" signature="afterTestMethod()[pri:0, instance:com.JiviewsAutomation.SystemDefination_Test.E10_3541_OPE_RTG_PlanningTest@6c44052e]" started-at="2024-02-02T23:27:33Z" name="afterTestMethod" finished-at="2024-02-02T23:27:33Z" duration-ms="0" status="PASS">
          <reporter-output>
            <line>
              <![CDATA[Logout]]>
            </line>
          </reporter-output>
        </test-method> <!-- afterTestMethod -->
        <test-method is-config="true" signature="closeBrowser()[pri:0, instance:com.JiviewsAutomation.SystemDefination_Test.E10_3541_OPE_RTG_PlanningTest@6c44052e]" started-at="2024-02-02T23:27:33Z" name="closeBrowser" finished-at="2024-02-02T23:27:33Z" duration-ms="202" status="PASS">
          <reporter-output>
          </reporter-output>
        </test-method> <!-- closeBrowser -->
      </class> <!-- com.JiviewsAutomation.SystemDefination_Test.E10_3541_OPE_RTG_PlanningTest -->
    </test> <!-- Default test -->
  </suite> <!-- Default suite -->
</testng-results>
