<?xml version="1.0" encoding="UTF-8"?>
<testng-results ignored="7" total="8" passed="1" failed="0" skipped="0">
  <reporter-output>
    <line>
      <![CDATA[Login]]>
    </line>
    <line>
      <![CDATA[Logout]]>
    </line>
  </reporter-output>
  <suite started-at="2023-12-18T05:02:21Z" name="Default suite" finished-at="2023-12-18T05:03:26Z" duration-ms="65388">
    <groups>
    </groups>
    <test started-at="2023-12-18T05:02:21Z" name="Default test" finished-at="2023-12-18T05:03:26Z" duration-ms="65388">
      <class name="com.JiviewsAutomation.SystemDefination_Test.E10_3147_WorkloadPlannerTest">
        <test-method is-config="true" signature="launchBrowser()[pri:0, instance:com.JiviewsAutomation.SystemDefination_Test.E10_3147_WorkloadPlannerTest@1a1d3c1a]" started-at="2023-12-18T05:02:21Z" name="launchBrowser" finished-at="2023-12-18T05:02:23Z" duration-ms="1834" status="PASS">
          <reporter-output>
          </reporter-output>
        </test-method> <!-- launchBrowser -->
        <test-method is-config="true" signature="beforeTestMethod()[pri:0, instance:com.JiviewsAutomation.SystemDefination_Test.E10_3147_WorkloadPlannerTest@1a1d3c1a]" started-at="2023-12-18T05:02:23Z" name="beforeTestMethod" finished-at="2023-12-18T05:02:26Z" duration-ms="2584" status="PASS">
          <reporter-output>
            <line>
              <![CDATA[Login]]>
            </line>
          </reporter-output>
        </test-method> <!-- beforeTestMethod -->
        <test-method is-config="true" signature="setup()[pri:0, instance:com.JiviewsAutomation.SystemDefination_Test.E10_3147_WorkloadPlannerTest@1a1d3c1a]" started-at="2023-12-18T05:02:26Z" name="setup" finished-at="2023-12-18T05:02:33Z" duration-ms="7892" status="PASS">
          <reporter-output>
          </reporter-output>
        </test-method> <!-- setup -->
        <test-method signature="E10_31_VerifyCreateVesselScheduleTableView()[pri:0, instance:com.JiviewsAutomation.SystemDefination_Test.E10_3147_WorkloadPlannerTest@1a1d3c1a]" started-at="2023-12-18T05:02:33Z" name="E10_31_VerifyCreateVesselScheduleTableView" finished-at="2023-12-18T05:03:26Z" duration-ms="53061" status="PASS">
          <reporter-output>
          </reporter-output>
        </test-method> <!-- E10_31_VerifyCreateVesselScheduleTableView -->
        <test-method is-config="true" signature="afterTestMethod()[pri:0, instance:com.JiviewsAutomation.SystemDefination_Test.E10_3147_WorkloadPlannerTest@1a1d3c1a]" started-at="2023-12-18T05:03:26Z" name="afterTestMethod" finished-at="2023-12-18T05:03:26Z" duration-ms="1" status="PASS">
          <reporter-output>
            <line>
              <![CDATA[Logout]]>
            </line>
          </reporter-output>
        </test-method> <!-- afterTestMethod -->
        <test-method is-config="true" signature="closeBrowser()[pri:0, instance:com.JiviewsAutomation.SystemDefination_Test.E10_3147_WorkloadPlannerTest@1a1d3c1a]" started-at="2023-12-18T05:03:26Z" name="closeBrowser" finished-at="2023-12-18T05:03:26Z" duration-ms="0" status="PASS">
          <reporter-output>
          </reporter-output>
        </test-method> <!-- closeBrowser -->
      </class> <!-- com.JiviewsAutomation.SystemDefination_Test.E10_3147_WorkloadPlannerTest -->
    </test> <!-- Default test -->
  </suite> <!-- Default suite -->
</testng-results>
