<?xml version="1.0" encoding="UTF-8"?>
<testng-results ignored="0" total="11" passed="10" failed="1" skipped="0">
  <reporter-output>
    <line>
      <![CDATA[Login]]>
    </line>
    <line>
      <![CDATA[Logout]]>
    </line>
  </reporter-output>
  <suite started-at="2024-01-07T08:25:35Z" name="Default suite" finished-at="2024-01-07T08:30:05Z" duration-ms="270428">
    <groups>
    </groups>
    <test started-at="2024-01-07T08:25:35Z" name="Default test" finished-at="2024-01-07T08:30:05Z" duration-ms="270428">
      <class name="com.JiviewsAutomation.SystemDefination_Test.E10_2695_EmpAdmEmployeeProfileTest">
        <test-method is-config="true" signature="launchBrowser()[pri:0, instance:com.JiviewsAutomation.SystemDefination_Test.E10_2695_EmpAdmEmployeeProfileTest@530a8454]" started-at="2024-01-07T08:25:35Z" name="launchBrowser" finished-at="2024-01-07T08:25:37Z" duration-ms="1765" status="PASS">
          <reporter-output>
          </reporter-output>
        </test-method> <!-- launchBrowser -->
        <test-method is-config="true" signature="beforeTestMethod()[pri:0, instance:com.JiviewsAutomation.SystemDefination_Test.E10_2695_EmpAdmEmployeeProfileTest@530a8454]" started-at="2024-01-07T08:25:37Z" name="beforeTestMethod" finished-at="2024-01-07T08:25:51Z" duration-ms="14332" status="PASS">
          <reporter-output>
            <line>
              <![CDATA[Login]]>
            </line>
          </reporter-output>
        </test-method> <!-- beforeTestMethod -->
        <test-method is-config="true" signature="setup()[pri:0, instance:com.JiviewsAutomation.SystemDefination_Test.E10_2695_EmpAdmEmployeeProfileTest@530a8454]" started-at="2024-01-07T08:25:51Z" name="setup" finished-at="2024-01-07T08:26:04Z" duration-ms="12872" status="PASS">
          <reporter-output>
          </reporter-output>
        </test-method> <!-- setup -->
        <test-method signature="E10_3135_VerifyCreateEmpProfile()[pri:1, instance:com.JiviewsAutomation.SystemDefination_Test.E10_2695_EmpAdmEmployeeProfileTest@530a8454]" started-at="2024-01-07T08:26:04Z" name="E10_3135_VerifyCreateEmpProfile" finished-at="2024-01-07T08:26:29Z" duration-ms="24915" status="FAIL">
          <exception class="org.openqa.selenium.ElementNotInteractableException">
            <message>
              <![CDATA[element not interactable
  (Session info: chrome=120.0.6099.199)
Build info: version: '4.10.0', revision: 'c14d967899'
System info: os.name: 'Windows 11', os.arch: 'amd64', os.version: '10.0', java.version: '17.0.8.1'
Driver info: org.openqa.selenium.chrome.ChromeDriver
Command: [2f8d2bb545bbc845030244e3affbd5d3, sendKeysToElement {id=4FCEAB0AFC2905555CD32BC789A687AE_element_4479, value=[Ljava.lang.CharSequence;@2ffaa711}]
Capabilities {acceptInsecureCerts: false, browserName: chrome, browserVersion: 120.0.6099.199, chrome: {chromedriverVersion: 120.0.6099.109 (3419140ab66..., userDataDir: C:\Users\kumar\AppData\Loca...}, fedcm:accounts: true, goog:chromeOptions: {debuggerAddress: localhost:60299}, networkConnectionEnabled: false, pageLoadStrategy: normal, platformName: windows, proxy: Proxy(), se:cdp: ws://localhost:60299/devtoo..., se:cdpVersion: 120.0.6099.199, setWindowRect: true, strictFileInteractability: false, timeouts: {implicit: 0, pageLoad: 300000, script: 30000}, unhandledPromptBehavior: dismiss and notify, webauthn:extension:credBlob: true, webauthn:extension:largeBlob: true, webauthn:extension:minPinLength: true, webauthn:extension:prf: true, webauthn:virtualAuthenticators: true}
Element: [[ChromeDriver: chrome on windows (2f8d2bb545bbc845030244e3affbd5d3)] -> xpath: //input[@id='dtProbationExpiryDate']]
Session ID: 2f8d2bb545bbc845030244e3affbd5d3]]>
            </message>
            <full-stacktrace>
              <![CDATA[org.openqa.selenium.ElementNotInteractableException: element not interactable
  (Session info: chrome=120.0.6099.199)
Build info: version: '4.10.0', revision: 'c14d967899'
System info: os.name: 'Windows 11', os.arch: 'amd64', os.version: '10.0', java.version: '17.0.8.1'
Driver info: org.openqa.selenium.chrome.ChromeDriver
Command: [2f8d2bb545bbc845030244e3affbd5d3, sendKeysToElement {id=4FCEAB0AFC2905555CD32BC789A687AE_element_4479, value=[Ljava.lang.CharSequence;@2ffaa711}]
Capabilities {acceptInsecureCerts: false, browserName: chrome, browserVersion: 120.0.6099.199, chrome: {chromedriverVersion: 120.0.6099.109 (3419140ab66..., userDataDir: C:\Users\kumar\AppData\Loca...}, fedcm:accounts: true, goog:chromeOptions: {debuggerAddress: localhost:60299}, networkConnectionEnabled: false, pageLoadStrategy: normal, platformName: windows, proxy: Proxy(), se:cdp: ws://localhost:60299/devtoo..., se:cdpVersion: 120.0.6099.199, setWindowRect: true, strictFileInteractability: false, timeouts: {implicit: 0, pageLoad: 300000, script: 30000}, unhandledPromptBehavior: dismiss and notify, webauthn:extension:credBlob: true, webauthn:extension:largeBlob: true, webauthn:extension:minPinLength: true, webauthn:extension:prf: true, webauthn:virtualAuthenticators: true}
Element: [[ChromeDriver: chrome on windows (2f8d2bb545bbc845030244e3affbd5d3)] -> xpath: //input[@id='dtProbationExpiryDate']]
Session ID: 2f8d2bb545bbc845030244e3affbd5d3
at java.base/jdk.internal.reflect.NativeConstructorAccessorImpl.newInstance0(Native Method)
at java.base/jdk.internal.reflect.NativeConstructorAccessorImpl.newInstance(NativeConstructorAccessorImpl.java:77)
at java.base/jdk.internal.reflect.DelegatingConstructorAccessorImpl.newInstance(DelegatingConstructorAccessorImpl.java:45)
at java.base/java.lang.reflect.Constructor.newInstanceWithCaller(Constructor.java:499)
at java.base/java.lang.reflect.Constructor.newInstance(Constructor.java:480)
at org.openqa.selenium.remote.codec.w3c.W3CHttpResponseCodec.createException(W3CHttpResponseCodec.java:199)
at org.openqa.selenium.remote.codec.w3c.W3CHttpResponseCodec.decode(W3CHttpResponseCodec.java:132)
at org.openqa.selenium.remote.codec.w3c.W3CHttpResponseCodec.decode(W3CHttpResponseCodec.java:51)
at org.openqa.selenium.remote.HttpCommandExecutor.execute(HttpCommandExecutor.java:191)
at org.openqa.selenium.remote.service.DriverCommandExecutor.invokeExecute(DriverCommandExecutor.java:196)
at org.openqa.selenium.remote.service.DriverCommandExecutor.execute(DriverCommandExecutor.java:171)
at org.openqa.selenium.remote.RemoteWebDriver.execute(RemoteWebDriver.java:531)
at org.openqa.selenium.remote.RemoteWebElement.execute(RemoteWebElement.java:242)
at org.openqa.selenium.remote.RemoteWebElement.sendKeys(RemoteWebElement.java:111)
at jdk.internal.reflect.GeneratedMethodAccessor2.invoke(Unknown Source)
at java.base/jdk.internal.reflect.DelegatingMethodAccessorImpl.invoke(DelegatingMethodAccessorImpl.java:43)
at java.base/java.lang.reflect.Method.invoke(Method.java:568)
at org.openqa.selenium.support.pagefactory.internal.LocatingElementHandler.invoke(LocatingElementHandler.java:51)
at jdk.proxy2/jdk.proxy2.$Proxy34.sendKeys(Unknown Source)
at com.AutomationJiviewsPOM.E10_2695_EmpAdmEmployeeProfilePage.enterProbationExpiryDate(E10_2695_EmpAdmEmployeeProfilePage.java:621)
at com.AutomationJiviewsPOM.E10_2695_EmpAdmEmployeeProfilePage.createEmpProfile(E10_2695_EmpAdmEmployeeProfilePage.java:1249)
at com.JiviewsAutomation.SystemDefination_Test.E10_2695_EmpAdmEmployeeProfileTest.E10_3135_VerifyCreateEmpProfile(E10_2695_EmpAdmEmployeeProfileTest.java:48)
at java.base/jdk.internal.reflect.NativeMethodAccessorImpl.invoke0(Native Method)
at java.base/jdk.internal.reflect.NativeMethodAccessorImpl.invoke(NativeMethodAccessorImpl.java:77)
at java.base/jdk.internal.reflect.DelegatingMethodAccessorImpl.invoke(DelegatingMethodAccessorImpl.java:43)
at java.base/java.lang.reflect.Method.invoke(Method.java:568)
at org.testng.internal.MethodInvocationHelper.invokeMethod(MethodInvocationHelper.java:124)
at org.testng.internal.Invoker.invokeMethod(Invoker.java:583)
at org.testng.internal.Invoker.invokeTestMethod(Invoker.java:719)
at org.testng.internal.Invoker.invokeTestMethods(Invoker.java:989)
at org.testng.internal.TestMethodWorker.invokeTestMethods(TestMethodWorker.java:125)
at org.testng.internal.TestMethodWorker.run(TestMethodWorker.java:109)
at org.testng.TestRunner.privateRun(TestRunner.java:648)
at org.testng.TestRunner.run(TestRunner.java:505)
at org.testng.SuiteRunner.runTest(SuiteRunner.java:455)
at org.testng.SuiteRunner.runSequentially(SuiteRunner.java:450)
at org.testng.SuiteRunner.privateRun(SuiteRunner.java:415)
at org.testng.SuiteRunner.run(SuiteRunner.java:364)
at org.testng.SuiteRunnerWorker.runSuite(SuiteRunnerWorker.java:52)
at org.testng.SuiteRunnerWorker.run(SuiteRunnerWorker.java:84)
at org.testng.TestNG.runSuitesSequentially(TestNG.java:1208)
at org.testng.TestNG.runSuitesLocally(TestNG.java:1137)
at org.testng.TestNG.runSuites(TestNG.java:1049)
at org.testng.TestNG.run(TestNG.java:1017)
at org.testng.remote.AbstractRemoteTestNG.run(AbstractRemoteTestNG.java:115)
at org.testng.remote.RemoteTestNG.initAndRun(RemoteTestNG.java:251)
at org.testng.remote.RemoteTestNG.main(RemoteTestNG.java:77)
]]>
            </full-stacktrace>
          </exception> <!-- org.openqa.selenium.ElementNotInteractableException -->
          <reporter-output>
          </reporter-output>
        </test-method> <!-- E10_3135_VerifyCreateEmpProfile -->
        <test-method is-config="true" signature="setup()[pri:0, instance:com.JiviewsAutomation.SystemDefination_Test.E10_2695_EmpAdmEmployeeProfileTest@530a8454]" started-at="2024-01-07T08:26:29Z" name="setup" finished-at="2024-01-07T08:26:43Z" duration-ms="13987" status="PASS">
          <reporter-output>
          </reporter-output>
        </test-method> <!-- setup -->
        <test-method signature="E10_3136_VerifyUpdateEmpProfile()[pri:2, instance:com.JiviewsAutomation.SystemDefination_Test.E10_2695_EmpAdmEmployeeProfileTest@530a8454]" started-at="2024-01-07T08:26:43Z" name="E10_3136_VerifyUpdateEmpProfile" finished-at="2024-01-07T08:27:24Z" duration-ms="41581" status="PASS">
          <reporter-output>
          </reporter-output>
        </test-method> <!-- E10_3136_VerifyUpdateEmpProfile -->
        <test-method is-config="true" signature="setup()[pri:0, instance:com.JiviewsAutomation.SystemDefination_Test.E10_2695_EmpAdmEmployeeProfileTest@530a8454]" started-at="2024-01-07T08:27:24Z" name="setup" finished-at="2024-01-07T08:27:33Z" duration-ms="8292" status="PASS">
          <reporter-output>
          </reporter-output>
        </test-method> <!-- setup -->
        <test-method signature="E10_3137_VerifyDuplicateEmpProfile()[pri:3, instance:com.JiviewsAutomation.SystemDefination_Test.E10_2695_EmpAdmEmployeeProfileTest@530a8454]" started-at="2024-01-07T08:27:33Z" name="E10_3137_VerifyDuplicateEmpProfile" finished-at="2024-01-07T08:28:01Z" duration-ms="28072" status="PASS">
          <reporter-output>
          </reporter-output>
        </test-method> <!-- E10_3137_VerifyDuplicateEmpProfile -->
        <test-method is-config="true" signature="setup()[pri:0, instance:com.JiviewsAutomation.SystemDefination_Test.E10_2695_EmpAdmEmployeeProfileTest@530a8454]" started-at="2024-01-07T08:28:01Z" name="setup" finished-at="2024-01-07T08:28:08Z" duration-ms="7350" status="PASS">
          <reporter-output>
          </reporter-output>
        </test-method> <!-- setup -->
        <test-method signature="E10_3138_VerifyDeleteEmpProfile()[pri:4, instance:com.JiviewsAutomation.SystemDefination_Test.E10_2695_EmpAdmEmployeeProfileTest@530a8454]" started-at="2024-01-07T08:28:08Z" name="E10_3138_VerifyDeleteEmpProfile" finished-at="2024-01-07T08:28:16Z" duration-ms="7663" status="PASS">
          <reporter-output>
          </reporter-output>
        </test-method> <!-- E10_3138_VerifyDeleteEmpProfile -->
        <test-method is-config="true" signature="setup()[pri:0, instance:com.JiviewsAutomation.SystemDefination_Test.E10_2695_EmpAdmEmployeeProfileTest@530a8454]" started-at="2024-01-07T08:28:16Z" name="setup" finished-at="2024-01-07T08:28:23Z" duration-ms="6955" status="PASS">
          <reporter-output>
          </reporter-output>
        </test-method> <!-- setup -->
        <test-method signature="E10_3145_VerifyreactivateEmpProfile()[pri:5, instance:com.JiviewsAutomation.SystemDefination_Test.E10_2695_EmpAdmEmployeeProfileTest@530a8454]" started-at="2024-01-07T08:28:23Z" name="E10_3145_VerifyreactivateEmpProfile" finished-at="2024-01-07T08:28:45Z" duration-ms="21822" status="PASS">
          <reporter-output>
          </reporter-output>
        </test-method> <!-- E10_3145_VerifyreactivateEmpProfile -->
        <test-method is-config="true" signature="setup()[pri:0, instance:com.JiviewsAutomation.SystemDefination_Test.E10_2695_EmpAdmEmployeeProfileTest@530a8454]" started-at="2024-01-07T08:28:45Z" name="setup" finished-at="2024-01-07T08:28:52Z" duration-ms="7249" status="PASS">
          <reporter-output>
          </reporter-output>
        </test-method> <!-- setup -->
        <test-method signature="E10_3139_VerifySearchEmpProfile()[pri:6, instance:com.JiviewsAutomation.SystemDefination_Test.E10_2695_EmpAdmEmployeeProfileTest@530a8454]" started-at="2024-01-07T08:28:52Z" name="E10_3139_VerifySearchEmpProfile" finished-at="2024-01-07T08:28:55Z" duration-ms="2740" status="PASS">
          <reporter-output>
          </reporter-output>
        </test-method> <!-- E10_3139_VerifySearchEmpProfile -->
        <test-method is-config="true" signature="setup()[pri:0, instance:com.JiviewsAutomation.SystemDefination_Test.E10_2695_EmpAdmEmployeeProfileTest@530a8454]" started-at="2024-01-07T08:28:55Z" name="setup" finished-at="2024-01-07T08:29:01Z" duration-ms="6671" status="PASS">
          <reporter-output>
          </reporter-output>
        </test-method> <!-- setup -->
        <test-method signature="E10_3140_VerifysearchRosterGroup()[pri:7, instance:com.JiviewsAutomation.SystemDefination_Test.E10_2695_EmpAdmEmployeeProfileTest@530a8454]" started-at="2024-01-07T08:29:01Z" name="E10_3140_VerifysearchRosterGroup" finished-at="2024-01-07T08:29:04Z" duration-ms="2687" status="PASS">
          <reporter-output>
          </reporter-output>
        </test-method> <!-- E10_3140_VerifysearchRosterGroup -->
        <test-method is-config="true" signature="setup()[pri:0, instance:com.JiviewsAutomation.SystemDefination_Test.E10_2695_EmpAdmEmployeeProfileTest@530a8454]" started-at="2024-01-07T08:29:04Z" name="setup" finished-at="2024-01-07T08:29:10Z" duration-ms="6418" status="PASS">
          <reporter-output>
          </reporter-output>
        </test-method> <!-- setup -->
        <test-method signature="E10_3141_VerifysearchRoleGroup()[pri:8, instance:com.JiviewsAutomation.SystemDefination_Test.E10_2695_EmpAdmEmployeeProfileTest@530a8454]" started-at="2024-01-07T08:29:10Z" name="E10_3141_VerifysearchRoleGroup" finished-at="2024-01-07T08:29:14Z" duration-ms="3878" status="PASS">
          <reporter-output>
          </reporter-output>
        </test-method> <!-- E10_3141_VerifysearchRoleGroup -->
        <test-method is-config="true" signature="setup()[pri:0, instance:com.JiviewsAutomation.SystemDefination_Test.E10_2695_EmpAdmEmployeeProfileTest@530a8454]" started-at="2024-01-07T08:29:14Z" name="setup" finished-at="2024-01-07T08:29:22Z" duration-ms="7487" status="PASS">
          <reporter-output>
          </reporter-output>
        </test-method> <!-- setup -->
        <test-method signature="E10_3142_VerifysearchEmpStatus()[pri:9, instance:com.JiviewsAutomation.SystemDefination_Test.E10_2695_EmpAdmEmployeeProfileTest@530a8454]" started-at="2024-01-07T08:29:22Z" name="E10_3142_VerifysearchEmpStatus" finished-at="2024-01-07T08:29:26Z" duration-ms="3864" status="PASS">
          <reporter-output>
          </reporter-output>
        </test-method> <!-- E10_3142_VerifysearchEmpStatus -->
        <test-method is-config="true" signature="setup()[pri:0, instance:com.JiviewsAutomation.SystemDefination_Test.E10_2695_EmpAdmEmployeeProfileTest@530a8454]" started-at="2024-01-07T08:29:26Z" name="setup" finished-at="2024-01-07T08:29:34Z" duration-ms="8099" status="PASS">
          <reporter-output>
          </reporter-output>
        </test-method> <!-- setup -->
        <test-method signature="E10_3143_VerifyEmpNoInSearchBar()[pri:10, instance:com.JiviewsAutomation.SystemDefination_Test.E10_2695_EmpAdmEmployeeProfileTest@530a8454]" started-at="2024-01-07T08:29:34Z" name="E10_3143_VerifyEmpNoInSearchBar" finished-at="2024-01-07T08:29:35Z" duration-ms="1416" status="PASS">
          <reporter-output>
          </reporter-output>
        </test-method> <!-- E10_3143_VerifyEmpNoInSearchBar -->
        <test-method is-config="true" signature="setup()[pri:0, instance:com.JiviewsAutomation.SystemDefination_Test.E10_2695_EmpAdmEmployeeProfileTest@530a8454]" started-at="2024-01-07T08:29:35Z" name="setup" finished-at="2024-01-07T08:29:43Z" duration-ms="7600" status="PASS">
          <reporter-output>
          </reporter-output>
        </test-method> <!-- setup -->
        <test-method signature="E10_3144_VerifyTerminateEmpProfile()[pri:11, instance:com.JiviewsAutomation.SystemDefination_Test.E10_2695_EmpAdmEmployeeProfileTest@530a8454]" started-at="2024-01-07T08:29:43Z" name="E10_3144_VerifyTerminateEmpProfile" finished-at="2024-01-07T08:30:05Z" duration-ms="22183" status="PASS">
          <reporter-output>
          </reporter-output>
        </test-method> <!-- E10_3144_VerifyTerminateEmpProfile -->
        <test-method is-config="true" signature="afterTestMethod()[pri:0, instance:com.JiviewsAutomation.SystemDefination_Test.E10_2695_EmpAdmEmployeeProfileTest@530a8454]" started-at="2024-01-07T08:30:05Z" name="afterTestMethod" finished-at="2024-01-07T08:30:05Z" duration-ms="0" status="PASS">
          <reporter-output>
            <line>
              <![CDATA[Logout]]>
            </line>
          </reporter-output>
        </test-method> <!-- afterTestMethod -->
        <test-method is-config="true" signature="closeBrowser()[pri:0, instance:com.JiviewsAutomation.SystemDefination_Test.E10_2695_EmpAdmEmployeeProfileTest@530a8454]" started-at="2024-01-07T08:30:05Z" name="closeBrowser" finished-at="2024-01-07T08:30:05Z" duration-ms="489" status="PASS">
          <reporter-output>
          </reporter-output>
        </test-method> <!-- closeBrowser -->
      </class> <!-- com.JiviewsAutomation.SystemDefination_Test.E10_2695_EmpAdmEmployeeProfileTest -->
    </test> <!-- Default test -->
  </suite> <!-- Default suite -->
</testng-results>
