<?xml version="1.0" encoding="UTF-8"?>
<testng-results ignored="6" total="7" passed="1" failed="0" skipped="0">
  <reporter-output>
    <line>
      <![CDATA[Login]]>
    </line>
    <line>
      <![CDATA[Logout]]>
    </line>
  </reporter-output>
  <suite started-at="2024-02-01T03:33:49Z" name="Default suite" finished-at="2024-02-01T03:34:20Z" duration-ms="31396">
    <groups>
    </groups>
    <test started-at="2024-02-01T03:33:49Z" name="Default test" finished-at="2024-02-01T03:34:20Z" duration-ms="31396">
      <class name="com.JiviewsAutomation.SystemDefination_Test.E10_2606_ShiftBandTest">
        <test-method is-config="true" signature="launchBrowser()[pri:0, instance:com.JiviewsAutomation.SystemDefination_Test.E10_2606_ShiftBandTest@530a8454]" started-at="2024-02-01T03:33:49Z" name="launchBrowser" finished-at="2024-02-01T03:33:50Z" duration-ms="1730" status="PASS">
          <reporter-output>
          </reporter-output>
        </test-method> <!-- launchBrowser -->
        <test-method is-config="true" signature="beforeTestMethod()[pri:0, instance:com.JiviewsAutomation.SystemDefination_Test.E10_2606_ShiftBandTest@530a8454]" started-at="2024-02-01T03:33:50Z" name="beforeTestMethod" finished-at="2024-02-01T03:33:53Z" duration-ms="2686" status="PASS">
          <reporter-output>
            <line>
              <![CDATA[Login]]>
            </line>
          </reporter-output>
        </test-method> <!-- beforeTestMethod -->
        <test-method is-config="true" signature="setUp()[pri:0, instance:com.JiviewsAutomation.SystemDefination_Test.E10_2606_ShiftBandTest@530a8454]" started-at="2024-02-01T03:33:53Z" name="setUp" finished-at="2024-02-01T03:34:04Z" duration-ms="11084" status="PASS">
          <reporter-output>
          </reporter-output>
        </test-method> <!-- setUp -->
        <test-method signature="E10_3120_VerifyWithCombinationShift()[pri:6, instance:com.JiviewsAutomation.SystemDefination_Test.E10_2606_ShiftBandTest@530a8454]" started-at="2024-02-01T03:34:04Z" name="E10_3120_VerifyWithCombinationShift" finished-at="2024-02-01T03:34:20Z" duration-ms="15879" status="PASS">
          <reporter-output>
          </reporter-output>
        </test-method> <!-- E10_3120_VerifyWithCombinationShift -->
        <test-method is-config="true" signature="afterTestMethod()[pri:0, instance:com.JiviewsAutomation.SystemDefination_Test.E10_2606_ShiftBandTest@530a8454]" started-at="2024-02-01T03:34:20Z" name="afterTestMethod" finished-at="2024-02-01T03:34:20Z" duration-ms="0" status="PASS">
          <reporter-output>
            <line>
              <![CDATA[Logout]]>
            </line>
          </reporter-output>
        </test-method> <!-- afterTestMethod -->
        <test-method is-config="true" signature="closeBrowser()[pri:0, instance:com.JiviewsAutomation.SystemDefination_Test.E10_2606_ShiftBandTest@530a8454]" started-at="2024-02-01T03:34:20Z" name="closeBrowser" finished-at="2024-02-01T03:34:20Z" duration-ms="1" status="PASS">
          <reporter-output>
          </reporter-output>
        </test-method> <!-- closeBrowser -->
      </class> <!-- com.JiviewsAutomation.SystemDefination_Test.E10_2606_ShiftBandTest -->
    </test> <!-- Default test -->
  </suite> <!-- Default suite -->
</testng-results>
