<?xml version="1.0" encoding="UTF-8"?>
<testng-results ignored="0" total="7" passed="7" failed="0" skipped="0">
  <reporter-output>
    <line>
      <![CDATA[Login]]>
    </line>
    <line>
      <![CDATA[ShiftBand Name Is Required]]>
    </line>
    <line>
      <![CDATA[Logout]]>
    </line>
  </reporter-output>
  <suite started-at="2024-02-06T23:16:37Z" name="Default suite" finished-at="2024-02-06T23:18:48Z" duration-ms="131201">
    <groups>
    </groups>
    <test started-at="2024-02-06T23:16:37Z" name="Default test" finished-at="2024-02-06T23:18:48Z" duration-ms="131201">
      <class name="com.JiviewsAutomation.SystemDefination_Test.E10_2606_ShiftBandTest">
        <test-method is-config="true" signature="launchBrowser()[pri:0, instance:com.JiviewsAutomation.SystemDefination_Test.E10_2606_ShiftBandTest@3fcdcf]" started-at="2024-02-06T23:16:37Z" name="launchBrowser" finished-at="2024-02-06T23:16:38Z" duration-ms="1683" status="PASS">
          <reporter-output>
          </reporter-output>
        </test-method> <!-- launchBrowser -->
        <test-method is-config="true" signature="beforeTestMethod()[pri:0, instance:com.JiviewsAutomation.SystemDefination_Test.E10_2606_ShiftBandTest@3fcdcf]" started-at="2024-02-06T23:16:38Z" name="beforeTestMethod" finished-at="2024-02-06T23:16:41Z" duration-ms="2358" status="PASS">
          <reporter-output>
            <line>
              <![CDATA[Login]]>
            </line>
          </reporter-output>
        </test-method> <!-- beforeTestMethod -->
        <test-method is-config="true" signature="setUp()[pri:0, instance:com.JiviewsAutomation.SystemDefination_Test.E10_2606_ShiftBandTest@3fcdcf]" started-at="2024-02-06T23:16:41Z" name="setUp" finished-at="2024-02-06T23:16:55Z" duration-ms="14772" status="PASS">
          <reporter-output>
          </reporter-output>
        </test-method> <!-- setUp -->
        <test-method signature="E10_3115_VerifyCreateShiftBand()[pri:1, instance:com.JiviewsAutomation.SystemDefination_Test.E10_2606_ShiftBandTest@3fcdcf]" started-at="2024-02-06T23:16:55Z" name="E10_3115_VerifyCreateShiftBand" finished-at="2024-02-06T23:17:03Z" duration-ms="7472" status="PASS">
          <reporter-output>
          </reporter-output>
        </test-method> <!-- E10_3115_VerifyCreateShiftBand -->
        <test-method is-config="true" signature="setUp()[pri:0, instance:com.JiviewsAutomation.SystemDefination_Test.E10_2606_ShiftBandTest@3fcdcf]" started-at="2024-02-06T23:17:03Z" name="setUp" finished-at="2024-02-06T23:17:16Z" duration-ms="12858" status="PASS">
          <reporter-output>
          </reporter-output>
        </test-method> <!-- setUp -->
        <test-method signature="E10_3116_VerifyUpdateShiftBand()[pri:2, instance:com.JiviewsAutomation.SystemDefination_Test.E10_2606_ShiftBandTest@3fcdcf]" started-at="2024-02-06T23:17:16Z" name="E10_3116_VerifyUpdateShiftBand" finished-at="2024-02-06T23:17:20Z" duration-ms="4353" status="PASS">
          <reporter-output>
          </reporter-output>
        </test-method> <!-- E10_3116_VerifyUpdateShiftBand -->
        <test-method is-config="true" signature="setUp()[pri:0, instance:com.JiviewsAutomation.SystemDefination_Test.E10_2606_ShiftBandTest@3fcdcf]" started-at="2024-02-06T23:17:20Z" name="setUp" finished-at="2024-02-06T23:17:32Z" duration-ms="11924" status="PASS">
          <reporter-output>
          </reporter-output>
        </test-method> <!-- setUp -->
        <test-method signature="E10_3117_VerifyDeactivateShiftBand()[pri:3, instance:com.JiviewsAutomation.SystemDefination_Test.E10_2606_ShiftBandTest@3fcdcf]" started-at="2024-02-06T23:17:32Z" name="E10_3117_VerifyDeactivateShiftBand" finished-at="2024-02-06T23:17:34Z" duration-ms="1909" status="PASS">
          <reporter-output>
          </reporter-output>
        </test-method> <!-- E10_3117_VerifyDeactivateShiftBand -->
        <test-method is-config="true" signature="setUp()[pri:0, instance:com.JiviewsAutomation.SystemDefination_Test.E10_2606_ShiftBandTest@3fcdcf]" started-at="2024-02-06T23:17:34Z" name="setUp" finished-at="2024-02-06T23:17:45Z" duration-ms="10539" status="PASS">
          <reporter-output>
          </reporter-output>
        </test-method> <!-- setUp -->
        <test-method signature="E10_3118_VerifyReactivateShiftBand()[pri:4, instance:com.JiviewsAutomation.SystemDefination_Test.E10_2606_ShiftBandTest@3fcdcf]" started-at="2024-02-06T23:17:45Z" name="E10_3118_VerifyReactivateShiftBand" finished-at="2024-02-06T23:17:48Z" duration-ms="3618" status="PASS">
          <reporter-output>
          </reporter-output>
        </test-method> <!-- E10_3118_VerifyReactivateShiftBand -->
        <test-method is-config="true" signature="setUp()[pri:0, instance:com.JiviewsAutomation.SystemDefination_Test.E10_2606_ShiftBandTest@3fcdcf]" started-at="2024-02-06T23:17:48Z" name="setUp" finished-at="2024-02-06T23:17:59Z" duration-ms="11291" status="PASS">
          <reporter-output>
          </reporter-output>
        </test-method> <!-- setUp -->
        <test-method signature="E10_3119_VerifyWithoutShiftBandName()[pri:5, instance:com.JiviewsAutomation.SystemDefination_Test.E10_2606_ShiftBandTest@3fcdcf]" started-at="2024-02-06T23:17:59Z" name="E10_3119_VerifyWithoutShiftBandName" finished-at="2024-02-06T23:18:05Z" duration-ms="6018" status="PASS">
          <reporter-output>
            <line>
              <![CDATA[ShiftBand Name Is Required]]>
            </line>
          </reporter-output>
        </test-method> <!-- E10_3119_VerifyWithoutShiftBandName -->
        <test-method is-config="true" signature="setUp()[pri:0, instance:com.JiviewsAutomation.SystemDefination_Test.E10_2606_ShiftBandTest@3fcdcf]" started-at="2024-02-06T23:18:06Z" name="setUp" finished-at="2024-02-06T23:18:16Z" duration-ms="10408" status="PASS">
          <reporter-output>
          </reporter-output>
        </test-method> <!-- setUp -->
        <test-method signature="E10_3120_VerifyWithCombinationShift()[pri:6, instance:com.JiviewsAutomation.SystemDefination_Test.E10_2606_ShiftBandTest@3fcdcf]" started-at="2024-02-06T23:18:16Z" name="E10_3120_VerifyWithCombinationShift" finished-at="2024-02-06T23:18:32Z" duration-ms="15724" status="PASS">
          <reporter-output>
          </reporter-output>
        </test-method> <!-- E10_3120_VerifyWithCombinationShift -->
        <test-method is-config="true" signature="setUp()[pri:0, instance:com.JiviewsAutomation.SystemDefination_Test.E10_2606_ShiftBandTest@3fcdcf]" started-at="2024-02-06T23:18:32Z" name="setUp" finished-at="2024-02-06T23:18:42Z" duration-ms="10680" status="PASS">
          <reporter-output>
          </reporter-output>
        </test-method> <!-- setUp -->
        <test-method signature="E10_3121_VerifyWithOvertimeShift()[pri:7, instance:com.JiviewsAutomation.SystemDefination_Test.E10_2606_ShiftBandTest@3fcdcf]" started-at="2024-02-06T23:18:42Z" name="E10_3121_VerifyWithOvertimeShift" finished-at="2024-02-06T23:18:48Z" duration-ms="5246" status="PASS">
          <reporter-output>
          </reporter-output>
        </test-method> <!-- E10_3121_VerifyWithOvertimeShift -->
        <test-method is-config="true" signature="closeBrowser()[pri:0, instance:com.JiviewsAutomation.SystemDefination_Test.E10_2606_ShiftBandTest@3fcdcf]" started-at="2024-02-06T23:18:48Z" name="closeBrowser" finished-at="2024-02-06T23:18:48Z" duration-ms="270" status="PASS">
          <reporter-output>
          </reporter-output>
        </test-method> <!-- closeBrowser -->
        <test-method is-config="true" signature="afterTestMethod()[pri:0, instance:com.JiviewsAutomation.SystemDefination_Test.E10_2606_ShiftBandTest@3fcdcf]" started-at="2024-02-06T23:18:48Z" name="afterTestMethod" finished-at="2024-02-06T23:18:48Z" duration-ms="0" status="PASS">
          <reporter-output>
            <line>
              <![CDATA[Logout]]>
            </line>
          </reporter-output>
        </test-method> <!-- afterTestMethod -->
      </class> <!-- com.JiviewsAutomation.SystemDefination_Test.E10_2606_ShiftBandTest -->
    </test> <!-- Default test -->
  </suite> <!-- Default suite -->
</testng-results>
