<?xml version="1.0" encoding="UTF-8"?>
<testng-results ignored="0" total="1" passed="1" failed="0" skipped="0">
  <reporter-output>
    <line>
      <![CDATA[Open Browser]]>
    </line>
    <line>
      <![CDATA[Login]]>
    </line>
    <line>
      <![CDATA[Logout]]>
    </line>
    <line>
      <![CDATA[Close Browser]]>
    </line>
  </reporter-output>
  <suite started-at="2023-10-16T11:04:02 IST" name="Default suite" finished-at="2023-10-16T11:04:54 IST" duration-ms="52120">
    <groups>
    </groups>
    <test started-at="2023-10-16T11:04:02 IST" name="Default test" finished-at="2023-10-16T11:04:54 IST" duration-ms="52120">
      <class name="com.JiviewsAutomation.SystemDefination_TestScript.skillSetUpTestScript">
        <test-method is-config="true" signature="launchBrowser()[pri:0, instance:com.JiviewsAutomation.SystemDefination_TestScript.skillSetUpTestScript@426b6a74]" started-at="2023-10-16T11:04:02 IST" name="launchBrowser" finished-at="2023-10-16T11:04:07 IST" duration-ms="5304" status="PASS">
          <reporter-output>
            <line>
              <![CDATA[Open Browser]]>
            </line>
          </reporter-output>
        </test-method> <!-- launchBrowser -->
        <test-method is-config="true" signature="login()[pri:0, instance:com.JiviewsAutomation.SystemDefination_TestScript.skillSetUpTestScript@426b6a74]" started-at="2023-10-16T11:04:07 IST" name="login" finished-at="2023-10-16T11:04:20 IST" duration-ms="12701" status="PASS">
          <reporter-output>
            <line>
              <![CDATA[Login]]>
            </line>
          </reporter-output>
        </test-method> <!-- login -->
        <test-method signature="createNewSkill()[pri:0, instance:com.JiviewsAutomation.SystemDefination_TestScript.skillSetUpTestScript@426b6a74]" started-at="2023-10-16T11:04:20 IST" name="createNewSkill" finished-at="2023-10-16T11:04:47 IST" duration-ms="27453" status="PASS">
          <reporter-output>
          </reporter-output>
        </test-method> <!-- createNewSkill -->
        <test-method is-config="true" signature="logout()[pri:0, instance:com.JiviewsAutomation.SystemDefination_TestScript.skillSetUpTestScript@426b6a74]" started-at="2023-10-16T11:04:47 IST" name="logout" finished-at="2023-10-16T11:04:54 IST" duration-ms="6472" status="PASS">
          <reporter-output>
            <line>
              <![CDATA[Logout]]>
            </line>
          </reporter-output>
        </test-method> <!-- logout -->
        <test-method is-config="true" signature="closeBrowser()[pri:0, instance:com.JiviewsAutomation.SystemDefination_TestScript.skillSetUpTestScript@426b6a74]" started-at="2023-10-16T11:04:54 IST" name="closeBrowser" finished-at="2023-10-16T11:04:54 IST" duration-ms="158" status="PASS">
          <reporter-output>
            <line>
              <![CDATA[Close Browser]]>
            </line>
          </reporter-output>
        </test-method> <!-- closeBrowser -->
      </class> <!-- com.JiviewsAutomation.SystemDefination_TestScript.skillSetUpTestScript -->
    </test> <!-- Default test -->
  </suite> <!-- Default suite -->
</testng-results>
