<?xml version="1.0" encoding="UTF-8"?>
<testng-results ignored="0" total="1" passed="1" failed="0" skipped="0">
  <reporter-output>
    <line>
      <![CDATA[Open Browser]]>
    </line>
    <line>
      <![CDATA[Login]]>
    </line>
    <line>
      <![CDATA[Logout]]>
    </line>
    <line>
      <![CDATA[Close Browser]]>
    </line>
  </reporter-output>
  <suite started-at="2023-10-13T16:51:07 IST" name="Default suite" finished-at="2023-10-13T16:52:02 IST" duration-ms="55004">
    <groups>
    </groups>
    <test started-at="2023-10-13T16:51:07 IST" name="Default test" finished-at="2023-10-13T16:52:02 IST" duration-ms="55004">
      <class name="com.JiviewsAutomation.SystemDefination_TestScript.skillSetUpTestScript">
        <test-method is-config="true" signature="launchBrowser()[pri:0, instance:com.JiviewsAutomation.SystemDefination_TestScript.skillSetUpTestScript@4a83a74a]" started-at="2023-10-13T16:51:07 IST" name="launchBrowser" finished-at="2023-10-13T16:51:09 IST" duration-ms="2474" status="PASS">
          <reporter-output>
            <line>
              <![CDATA[Open Browser]]>
            </line>
          </reporter-output>
        </test-method> <!-- launchBrowser -->
        <test-method is-config="true" signature="login()[pri:0, instance:com.JiviewsAutomation.SystemDefination_TestScript.skillSetUpTestScript@4a83a74a]" started-at="2023-10-13T16:51:09 IST" name="login" finished-at="2023-10-13T16:51:28 IST" duration-ms="18468" status="PASS">
          <reporter-output>
            <line>
              <![CDATA[Login]]>
            </line>
          </reporter-output>
        </test-method> <!-- login -->
        <test-method signature="createNewSkill()[pri:0, instance:com.JiviewsAutomation.SystemDefination_TestScript.skillSetUpTestScript@4a83a74a]" started-at="2023-10-13T16:51:28 IST" name="createNewSkill" finished-at="2023-10-13T16:51:55 IST" duration-ms="27399" status="PASS">
          <reporter-output>
          </reporter-output>
        </test-method> <!-- createNewSkill -->
        <test-method is-config="true" signature="logout()[pri:0, instance:com.JiviewsAutomation.SystemDefination_TestScript.skillSetUpTestScript@4a83a74a]" started-at="2023-10-13T16:51:55 IST" name="logout" finished-at="2023-10-13T16:52:02 IST" duration-ms="6446" status="PASS">
          <reporter-output>
            <line>
              <![CDATA[Logout]]>
            </line>
          </reporter-output>
        </test-method> <!-- logout -->
        <test-method is-config="true" signature="closeBrowser()[pri:0, instance:com.JiviewsAutomation.SystemDefination_TestScript.skillSetUpTestScript@4a83a74a]" started-at="2023-10-13T16:52:02 IST" name="closeBrowser" finished-at="2023-10-13T16:52:02 IST" duration-ms="194" status="PASS">
          <reporter-output>
            <line>
              <![CDATA[Close Browser]]>
            </line>
          </reporter-output>
        </test-method> <!-- closeBrowser -->
      </class> <!-- com.JiviewsAutomation.SystemDefination_TestScript.skillSetUpTestScript -->
    </test> <!-- Default test -->
  </suite> <!-- Default suite -->
</testng-results>
