<?xml version="1.0" encoding="UTF-8"?>
<testng-results ignored="3" total="4" passed="1" failed="0" skipped="0">
  <reporter-output>
    <line>
      <![CDATA[Login]]>
    </line>
    <line>
      <![CDATA[Logout]]>
    </line>
  </reporter-output>
  <suite started-at="2024-01-04T05:44:21Z" name="Default suite" finished-at="2024-01-04T05:44:52Z" duration-ms="30436">
    <groups>
    </groups>
    <test started-at="2024-01-04T05:44:21Z" name="Default test" finished-at="2024-01-04T05:44:52Z" duration-ms="30436">
      <class name="com.JiviewsAutomation.SystemDefination_Test.E10_2639_SCRTest">
        <test-method is-config="true" signature="launchBrowser()[pri:0, instance:com.JiviewsAutomation.SystemDefination_Test.E10_2639_SCRTest@75201592]" started-at="2024-01-04T05:44:21Z" name="launchBrowser" finished-at="2024-01-04T05:44:23Z" duration-ms="1561" status="PASS">
          <reporter-output>
          </reporter-output>
        </test-method> <!-- launchBrowser -->
        <test-method is-config="true" signature="beforeTestMethod()[pri:0, instance:com.JiviewsAutomation.SystemDefination_Test.E10_2639_SCRTest@75201592]" started-at="2024-01-04T05:44:23Z" name="beforeTestMethod" finished-at="2024-01-04T05:44:26Z" duration-ms="2637" status="PASS">
          <reporter-output>
            <line>
              <![CDATA[Login]]>
            </line>
          </reporter-output>
        </test-method> <!-- beforeTestMethod -->
        <test-method is-config="true" signature="setup()[pri:0, instance:com.JiviewsAutomation.SystemDefination_Test.E10_2639_SCRTest@75201592]" started-at="2024-01-04T05:44:26Z" name="setup" finished-at="2024-01-04T05:44:38Z" duration-ms="12267" status="PASS">
          <reporter-output>
          </reporter-output>
        </test-method> <!-- setup -->
        <test-method signature="E10_3131_VerifyCreateSCR()[pri:1, instance:com.JiviewsAutomation.SystemDefination_Test.E10_2639_SCRTest@75201592]" started-at="2024-01-04T05:44:38Z" name="E10_3131_VerifyCreateSCR" finished-at="2024-01-04T05:44:52Z" duration-ms="13830" status="PASS">
          <reporter-output>
          </reporter-output>
        </test-method> <!-- E10_3131_VerifyCreateSCR -->
        <test-method is-config="true" signature="closeBrowser()[pri:0, instance:com.JiviewsAutomation.SystemDefination_Test.E10_2639_SCRTest@75201592]" started-at="2024-01-04T05:44:52Z" name="closeBrowser" finished-at="2024-01-04T05:44:52Z" duration-ms="126" status="PASS">
          <reporter-output>
          </reporter-output>
        </test-method> <!-- closeBrowser -->
        <test-method is-config="true" signature="afterTestMethod()[pri:0, instance:com.JiviewsAutomation.SystemDefination_Test.E10_2639_SCRTest@75201592]" started-at="2024-01-04T05:44:52Z" name="afterTestMethod" finished-at="2024-01-04T05:44:52Z" duration-ms="0" status="PASS">
          <reporter-output>
            <line>
              <![CDATA[Logout]]>
            </line>
          </reporter-output>
        </test-method> <!-- afterTestMethod -->
      </class> <!-- com.JiviewsAutomation.SystemDefination_Test.E10_2639_SCRTest -->
    </test> <!-- Default test -->
  </suite> <!-- Default suite -->
</testng-results>
