<?xml version="1.0" encoding="UTF-8"?>
<testng-results ignored="16" total="17" passed="1" failed="0" skipped="0">
  <reporter-output>
    <line>
      <![CDATA[Login]]>
    </line>
    <line>
      <![CDATA[Logout]]>
    </line>
  </reporter-output>
  <suite started-at="2024-01-30T04:53:48Z" name="Default suite" finished-at="2024-01-30T04:55:25Z" duration-ms="96584">
    <groups>
    </groups>
    <test started-at="2024-01-30T04:53:48Z" name="Default test" finished-at="2024-01-30T04:55:25Z" duration-ms="96584">
      <class name="com.JiviewsAutomation.SystemDefination_Test.E10_3216_ESSApplyLeaveTest">
        <test-method is-config="true" signature="launchBrowser()[pri:0, instance:com.JiviewsAutomation.SystemDefination_Test.E10_3216_ESSApplyLeaveTest@1af05b03]" started-at="2024-01-30T04:53:48Z" name="launchBrowser" finished-at="2024-01-30T04:53:51Z" duration-ms="2903" status="PASS">
          <reporter-output>
          </reporter-output>
        </test-method> <!-- launchBrowser -->
        <test-method is-config="true" signature="beforeTestMethod()[pri:0, instance:com.JiviewsAutomation.SystemDefination_Test.E10_3216_ESSApplyLeaveTest@1af05b03]" started-at="2024-01-30T04:53:51Z" name="beforeTestMethod" finished-at="2024-01-30T04:54:07Z" duration-ms="16246" status="PASS">
          <reporter-output>
            <line>
              <![CDATA[Login]]>
            </line>
          </reporter-output>
        </test-method> <!-- beforeTestMethod -->
        <test-method is-config="true" signature="setup()[pri:0, instance:com.JiviewsAutomation.SystemDefination_Test.E10_3216_ESSApplyLeaveTest@1af05b03]" started-at="2024-01-30T04:54:07Z" name="setup" finished-at="2024-01-30T04:54:45Z" duration-ms="38009" status="PASS">
          <reporter-output>
          </reporter-output>
        </test-method> <!-- setup -->
        <test-method signature="E10_3444_Verify_NoPublicHolidayLeaveOnTheFollowingDayWithAssignedShift()[pri:17, instance:com.JiviewsAutomation.SystemDefination_Test.E10_3216_ESSApplyLeaveTest@1af05b03]" started-at="2024-01-30T04:54:45Z" name="E10_3444_Verify_NoPublicHolidayLeaveOnTheFollowingDayWithAssignedShift" finished-at="2024-01-30T04:55:13Z" duration-ms="27702" status="PASS">
          <reporter-output>
          </reporter-output>
        </test-method> <!-- E10_3444_Verify_NoPublicHolidayLeaveOnTheFollowingDayWithAssignedShift -->
        <test-method is-config="true" signature="logoutAfterTestMethod()[pri:0, instance:com.JiviewsAutomation.SystemDefination_Test.E10_3216_ESSApplyLeaveTest@1af05b03]" started-at="2024-01-30T04:55:13Z" name="logoutAfterTestMethod" finished-at="2024-01-30T04:55:24Z" duration-ms="11511" status="PASS">
          <reporter-output>
          </reporter-output>
        </test-method> <!-- logoutAfterTestMethod -->
        <test-method is-config="true" signature="afterTestMethod()[pri:0, instance:com.JiviewsAutomation.SystemDefination_Test.E10_3216_ESSApplyLeaveTest@1af05b03]" started-at="2024-01-30T04:55:24Z" name="afterTestMethod" finished-at="2024-01-30T04:55:24Z" duration-ms="2" status="PASS">
          <reporter-output>
            <line>
              <![CDATA[Logout]]>
            </line>
          </reporter-output>
        </test-method> <!-- afterTestMethod -->
        <test-method is-config="true" signature="closeBrowser()[pri:0, instance:com.JiviewsAutomation.SystemDefination_Test.E10_3216_ESSApplyLeaveTest@1af05b03]" started-at="2024-01-30T04:55:24Z" name="closeBrowser" finished-at="2024-01-30T04:55:25Z" duration-ms="190" status="PASS">
          <reporter-output>
          </reporter-output>
        </test-method> <!-- closeBrowser -->
      </class> <!-- com.JiviewsAutomation.SystemDefination_Test.E10_3216_ESSApplyLeaveTest -->
    </test> <!-- Default test -->
  </suite> <!-- Default suite -->
</testng-results>
