<?xml version="1.0" encoding="UTF-8"?>
<testng-results ignored="0" total="6" passed="6" failed="0" skipped="0">
  <reporter-output>
    <line>
      <![CDATA[Login]]>
    </line>
    <line>
      <![CDATA[Logout]]>
    </line>
  </reporter-output>
  <suite started-at="2024-02-07T02:58:48Z" name="Default suite" finished-at="2024-02-07T03:02:58Z" duration-ms="250223">
    <groups>
    </groups>
    <test started-at="2024-02-07T02:58:48Z" name="Default test" finished-at="2024-02-07T03:02:58Z" duration-ms="250223">
      <class name="com.JiviewsAutomation.SystemDefination_Test.E10_3541_OPE_RTG_PlanningTest">
        <test-method is-config="true" signature="launchBrowser()[pri:0, instance:com.JiviewsAutomation.SystemDefination_Test.E10_3541_OPE_RTG_PlanningTest@6d2260db]" started-at="2024-02-07T02:58:48Z" name="launchBrowser" finished-at="2024-02-07T02:58:51Z" duration-ms="3046" status="PASS">
          <reporter-output>
          </reporter-output>
        </test-method> <!-- launchBrowser -->
        <test-method is-config="true" signature="beforeTestMethod()[pri:0, instance:com.JiviewsAutomation.SystemDefination_Test.E10_3541_OPE_RTG_PlanningTest@6d2260db]" started-at="2024-02-07T02:58:51Z" name="beforeTestMethod" finished-at="2024-02-07T02:58:58Z" duration-ms="7078" status="PASS">
          <reporter-output>
            <line>
              <![CDATA[Login]]>
            </line>
          </reporter-output>
        </test-method> <!-- beforeTestMethod -->
        <test-method signature="setup()[pri:0, instance:com.JiviewsAutomation.SystemDefination_Test.E10_3541_OPE_RTG_PlanningTest@6d2260db]" started-at="2024-02-07T02:58:58Z" name="setup" finished-at="2024-02-07T02:59:16Z" duration-ms="18348" status="PASS">
          <reporter-output>
          </reporter-output>
        </test-method> <!-- setup -->
        <test-method signature="E10_3542_Verify_SearchRecord()[pri:1, instance:com.JiviewsAutomation.SystemDefination_Test.E10_3541_OPE_RTG_PlanningTest@6d2260db]" started-at="2024-02-07T02:59:16Z" name="E10_3542_Verify_SearchRecord" finished-at="2024-02-07T02:59:51Z" duration-ms="34841" status="PASS">
          <reporter-output>
          </reporter-output>
        </test-method> <!-- E10_3542_Verify_SearchRecord -->
        <test-method signature="E10_3543_Verify_AddEqipment()[pri:2, instance:com.JiviewsAutomation.SystemDefination_Test.E10_3541_OPE_RTG_PlanningTest@6d2260db]" started-at="2024-02-07T02:59:51Z" name="E10_3543_Verify_AddEqipment" finished-at="2024-02-07T03:00:51Z" duration-ms="59784" status="PASS">
          <reporter-output>
          </reporter-output>
        </test-method> <!-- E10_3543_Verify_AddEqipment -->
        <test-method signature="E10_3544_Verify_EquipmentSummery()[pri:3, instance:com.JiviewsAutomation.SystemDefination_Test.E10_3541_OPE_RTG_PlanningTest@6d2260db]" started-at="2024-02-07T03:00:51Z" name="E10_3544_Verify_EquipmentSummery" finished-at="2024-02-07T03:01:34Z" duration-ms="42476" status="PASS">
          <reporter-output>
          </reporter-output>
        </test-method> <!-- E10_3544_Verify_EquipmentSummery -->
        <test-method signature="E10_3545_Verify_SkillSummery()[pri:4, instance:com.JiviewsAutomation.SystemDefination_Test.E10_3541_OPE_RTG_PlanningTest@6d2260db]" started-at="2024-02-07T03:01:34Z" name="E10_3545_Verify_SkillSummery" finished-at="2024-02-07T03:02:15Z" duration-ms="41107" status="PASS">
          <reporter-output>
          </reporter-output>
        </test-method> <!-- E10_3545_Verify_SkillSummery -->
        <test-method signature="E10_3546_Verify_RTGSignOff()[pri:5, instance:com.JiviewsAutomation.SystemDefination_Test.E10_3541_OPE_RTG_PlanningTest@6d2260db]" started-at="2024-02-07T03:02:15Z" name="E10_3546_Verify_RTGSignOff" finished-at="2024-02-07T03:02:58Z" duration-ms="43132" status="PASS">
          <reporter-output>
          </reporter-output>
        </test-method> <!-- E10_3546_Verify_RTGSignOff -->
        <test-method is-config="true" signature="afterTestMethod()[pri:0, instance:com.JiviewsAutomation.SystemDefination_Test.E10_3541_OPE_RTG_PlanningTest@6d2260db]" started-at="2024-02-07T03:02:58Z" name="afterTestMethod" finished-at="2024-02-07T03:02:58Z" duration-ms="2" status="PASS">
          <reporter-output>
            <line>
              <![CDATA[Logout]]>
            </line>
          </reporter-output>
        </test-method> <!-- afterTestMethod -->
        <test-method is-config="true" signature="closeBrowser()[pri:0, instance:com.JiviewsAutomation.SystemDefination_Test.E10_3541_OPE_RTG_PlanningTest@6d2260db]" started-at="2024-02-07T03:02:58Z" name="closeBrowser" finished-at="2024-02-07T03:02:58Z" duration-ms="337" status="PASS">
          <reporter-output>
          </reporter-output>
        </test-method> <!-- closeBrowser -->
      </class> <!-- com.JiviewsAutomation.SystemDefination_Test.E10_3541_OPE_RTG_PlanningTest -->
    </test> <!-- Default test -->
  </suite> <!-- Default suite -->
</testng-results>
