<?xml version="1.0" encoding="UTF-8"?>
<testng-results ignored="19" total="20" passed="1" failed="0" skipped="0">
  <reporter-output>
    <line>
      <![CDATA[Login]]>
    </line>
    <line>
      <![CDATA[Logout]]>
    </line>
  </reporter-output>
  <suite started-at="2024-01-03T09:26:56Z" name="Default suite" finished-at="2024-01-03T09:27:59Z" duration-ms="63046">
    <groups>
    </groups>
    <test started-at="2024-01-03T09:26:56Z" name="Default test" finished-at="2024-01-03T09:27:59Z" duration-ms="63046">
      <class name="com.JiviewsAutomation.SystemDefination_Test.E10_2910_WorkforceEmployeeRosterV2Test">
        <test-method is-config="true" signature="launchBrowser()[pri:0, instance:com.JiviewsAutomation.SystemDefination_Test.E10_2910_WorkforceEmployeeRosterV2Test@6979efad]" started-at="2024-01-03T09:26:56Z" name="launchBrowser" finished-at="2024-01-03T09:26:58Z" duration-ms="1614" status="PASS">
          <reporter-output>
          </reporter-output>
        </test-method> <!-- launchBrowser -->
        <test-method is-config="true" signature="beforeTestMethod()[pri:0, instance:com.JiviewsAutomation.SystemDefination_Test.E10_2910_WorkforceEmployeeRosterV2Test@6979efad]" started-at="2024-01-03T09:26:58Z" name="beforeTestMethod" finished-at="2024-01-03T09:27:02Z" duration-ms="4352" status="PASS">
          <reporter-output>
            <line>
              <![CDATA[Login]]>
            </line>
          </reporter-output>
        </test-method> <!-- beforeTestMethod -->
        <test-method is-config="true" signature="setup()[pri:0, instance:com.JiviewsAutomation.SystemDefination_Test.E10_2910_WorkforceEmployeeRosterV2Test@6979efad]" started-at="2024-01-03T09:27:02Z" name="setup" finished-at="2024-01-03T09:27:16Z" duration-ms="13723" status="PASS">
          <reporter-output>
          </reporter-output>
        </test-method> <!-- setup -->
        <test-method signature="E10_2946_VerifyExportToTextAndExcel()[pri:9, instance:com.JiviewsAutomation.SystemDefination_Test.E10_2910_WorkforceEmployeeRosterV2Test@6979efad]" started-at="2024-01-03T09:27:16Z" name="E10_2946_VerifyExportToTextAndExcel" finished-at="2024-01-03T09:27:59Z" duration-ms="43346" status="PASS">
          <reporter-output>
          </reporter-output>
        </test-method> <!-- E10_2946_VerifyExportToTextAndExcel -->
        <test-method is-config="true" signature="closeBrowser()[pri:0, instance:com.JiviewsAutomation.SystemDefination_Test.E10_2910_WorkforceEmployeeRosterV2Test@6979efad]" started-at="2024-01-03T09:27:59Z" name="closeBrowser" finished-at="2024-01-03T09:27:59Z" duration-ms="0" status="PASS">
          <reporter-output>
          </reporter-output>
        </test-method> <!-- closeBrowser -->
        <test-method is-config="true" signature="afterTestMethod()[pri:0, instance:com.JiviewsAutomation.SystemDefination_Test.E10_2910_WorkforceEmployeeRosterV2Test@6979efad]" started-at="2024-01-03T09:27:59Z" name="afterTestMethod" finished-at="2024-01-03T09:27:59Z" duration-ms="0" status="PASS">
          <reporter-output>
            <line>
              <![CDATA[Logout]]>
            </line>
          </reporter-output>
        </test-method> <!-- afterTestMethod -->
      </class> <!-- com.JiviewsAutomation.SystemDefination_Test.E10_2910_WorkforceEmployeeRosterV2Test -->
    </test> <!-- Default test -->
  </suite> <!-- Default suite -->
</testng-results>
