<?xml version="1.0" encoding="UTF-8"?>
<testng-results ignored="0" total="3" passed="3" failed="0" skipped="0">
  <reporter-output>
    <line>
      <![CDATA[Create Customer]]>
    </line>
    <line>
      <![CDATA[Delete Customer]]>
    </line>
    <line>
      <![CDATA[Modify Customer]]>
    </line>
  </reporter-output>
  <suite started-at="2023-10-14T12:13:18 IST" name="Default suite" finished-at="2023-10-14T12:13:18 IST" duration-ms="70">
    <groups>
    </groups>
    <test started-at="2023-10-14T12:13:18 IST" name="Default test" finished-at="2023-10-14T12:13:18 IST" duration-ms="70">
      <class name="com.practice.AzurePractice">
        <test-method signature="createCustomer()[pri:0, instance:com.practice.AzurePractice@368247b9]" started-at="2023-10-14T12:13:18 IST" name="createCustomer" finished-at="2023-10-14T12:13:18 IST" duration-ms="13" status="PASS">
          <reporter-output>
            <line>
              <![CDATA[Create Customer]]>
            </line>
          </reporter-output>
        </test-method> <!-- createCustomer -->
        <test-method signature="deleteCustomer()[pri:0, instance:com.practice.AzurePractice@368247b9]" started-at="2023-10-14T12:13:18 IST" name="deleteCustomer" finished-at="2023-10-14T12:13:18 IST" duration-ms="3" status="PASS">
          <reporter-output>
            <line>
              <![CDATA[Delete Customer]]>
            </line>
          </reporter-output>
        </test-method> <!-- deleteCustomer -->
        <test-method signature="modifyCustomer()[pri:0, instance:com.practice.AzurePractice@368247b9]" started-at="2023-10-14T12:13:18 IST" name="modifyCustomer" finished-at="2023-10-14T12:13:18 IST" duration-ms="1" status="PASS">
          <reporter-output>
            <line>
              <![CDATA[Modify Customer]]>
            </line>
          </reporter-output>
        </test-method> <!-- modifyCustomer -->
      </class> <!-- com.practice.AzurePractice -->
    </test> <!-- Default test -->
  </suite> <!-- Default suite -->
</testng-results>
