<?xml version="1.0" encoding="UTF-8"?>
<testng-results ignored="0" total="5" passed="5" failed="0" skipped="0">
  <reporter-output>
    <line>
      <![CDATA[Login]]>
    </line>
    <line>
      <![CDATA[ShiftBand Name Is Required]]>
    </line>
    <line>
      <![CDATA[Logout]]>
    </line>
  </reporter-output>
  <suite started-at="2023-11-21T16:05:42Z" name="Default suite" finished-at="2023-11-21T16:07:19Z" duration-ms="97167">
    <groups>
    </groups>
    <test started-at="2023-11-21T16:05:42Z" name="Default test" finished-at="2023-11-21T16:07:19Z" duration-ms="97167">
      <class name="com.JiviewsAutomation.SystemDefination_Test.ShiftBandTest">
        <test-method is-config="true" signature="launchBrowser()[pri:0, instance:com.JiviewsAutomation.SystemDefination_Test.ShiftBandTest@79ab3a71]" started-at="2023-11-21T16:05:42Z" name="launchBrowser" finished-at="2023-11-21T16:05:44Z" duration-ms="2147" status="PASS">
          <reporter-output>
          </reporter-output>
        </test-method> <!-- launchBrowser -->
        <test-method is-config="true" signature="beforeTestMethod()[pri:0, instance:com.JiviewsAutomation.SystemDefination_Test.ShiftBandTest@79ab3a71]" started-at="2023-11-21T16:05:44Z" name="beforeTestMethod" finished-at="2023-11-21T16:05:52Z" duration-ms="7334" status="PASS">
          <reporter-output>
            <line>
              <![CDATA[Login]]>
            </line>
          </reporter-output>
        </test-method> <!-- beforeTestMethod -->
        <test-method is-config="true" signature="setUp()[pri:0, instance:com.JiviewsAutomation.SystemDefination_Test.ShiftBandTest@79ab3a71]" started-at="2023-11-21T16:05:52Z" name="setUp" finished-at="2023-11-21T16:05:56Z" duration-ms="4383" status="PASS">
          <reporter-output>
          </reporter-output>
        </test-method> <!-- setUp -->
        <test-method signature="testCreateShiftBand()[pri:1, instance:com.JiviewsAutomation.SystemDefination_Test.ShiftBandTest@79ab3a71]" started-at="2023-11-21T16:05:56Z" name="testCreateShiftBand" finished-at="2023-11-21T16:06:13Z" duration-ms="16895" status="PASS">
          <reporter-output>
          </reporter-output>
        </test-method> <!-- testCreateShiftBand -->
        <test-method is-config="true" signature="setUp()[pri:0, instance:com.JiviewsAutomation.SystemDefination_Test.ShiftBandTest@79ab3a71]" started-at="2023-11-21T16:06:13Z" name="setUp" finished-at="2023-11-21T16:06:26Z" duration-ms="12957" status="PASS">
          <reporter-output>
          </reporter-output>
        </test-method> <!-- setUp -->
        <test-method signature="testUpdateShiftBand()[pri:2, instance:com.JiviewsAutomation.SystemDefination_Test.ShiftBandTest@79ab3a71]" started-at="2023-11-21T16:06:26Z" name="testUpdateShiftBand" finished-at="2023-11-21T16:06:35Z" duration-ms="8855" status="PASS">
          <reporter-output>
          </reporter-output>
        </test-method> <!-- testUpdateShiftBand -->
        <test-method is-config="true" signature="setUp()[pri:0, instance:com.JiviewsAutomation.SystemDefination_Test.ShiftBandTest@79ab3a71]" started-at="2023-11-21T16:06:35Z" name="setUp" finished-at="2023-11-21T16:06:40Z" duration-ms="4632" status="PASS">
          <reporter-output>
          </reporter-output>
        </test-method> <!-- setUp -->
        <test-method signature="testDeactivateShiftBand()[pri:3, instance:com.JiviewsAutomation.SystemDefination_Test.ShiftBandTest@79ab3a71]" started-at="2023-11-21T16:06:40Z" name="testDeactivateShiftBand" finished-at="2023-11-21T16:06:48Z" duration-ms="8673" status="PASS">
          <reporter-output>
          </reporter-output>
        </test-method> <!-- testDeactivateShiftBand -->
        <test-method is-config="true" signature="setUp()[pri:0, instance:com.JiviewsAutomation.SystemDefination_Test.ShiftBandTest@79ab3a71]" started-at="2023-11-21T16:06:48Z" name="setUp" finished-at="2023-11-21T16:06:53Z" duration-ms="4663" status="PASS">
          <reporter-output>
          </reporter-output>
        </test-method> <!-- setUp -->
        <test-method signature="testWithoutShiftBandName()[pri:4, instance:com.JiviewsAutomation.SystemDefination_Test.ShiftBandTest@79ab3a71]" started-at="2023-11-21T16:06:53Z" name="testWithoutShiftBandName" finished-at="2023-11-21T16:07:04Z" duration-ms="11332" status="PASS">
          <reporter-output>
            <line>
              <![CDATA[ShiftBand Name Is Required]]>
            </line>
          </reporter-output>
        </test-method> <!-- testWithoutShiftBandName -->
        <test-method is-config="true" signature="setUp()[pri:0, instance:com.JiviewsAutomation.SystemDefination_Test.ShiftBandTest@79ab3a71]" started-at="2023-11-21T16:07:04Z" name="setUp" finished-at="2023-11-21T16:07:08Z" duration-ms="4250" status="PASS">
          <reporter-output>
          </reporter-output>
        </test-method> <!-- setUp -->
        <test-method signature="testWithOvertimeShift()[pri:5, instance:com.JiviewsAutomation.SystemDefination_Test.ShiftBandTest@79ab3a71]" started-at="2023-11-21T16:07:08Z" name="testWithOvertimeShift" finished-at="2023-11-21T16:07:19Z" duration-ms="11017" status="PASS">
          <reporter-output>
          </reporter-output>
        </test-method> <!-- testWithOvertimeShift -->
        <test-method is-config="true" signature="afterTestMethod()[pri:0, instance:com.JiviewsAutomation.SystemDefination_Test.ShiftBandTest@79ab3a71]" started-at="2023-11-21T16:07:19Z" name="afterTestMethod" finished-at="2023-11-21T16:07:19Z" duration-ms="0" status="PASS">
          <reporter-output>
            <line>
              <![CDATA[Logout]]>
            </line>
          </reporter-output>
        </test-method> <!-- afterTestMethod -->
        <test-method is-config="true" signature="closeBrowser()[pri:0, instance:com.JiviewsAutomation.SystemDefination_Test.ShiftBandTest@79ab3a71]" started-at="2023-11-21T16:07:19Z" name="closeBrowser" finished-at="2023-11-21T16:07:19Z" duration-ms="0" status="PASS">
          <reporter-output>
          </reporter-output>
        </test-method> <!-- closeBrowser -->
      </class> <!-- com.JiviewsAutomation.SystemDefination_Test.ShiftBandTest -->
    </test> <!-- Default test -->
  </suite> <!-- Default suite -->
</testng-results>
