<?xml version="1.0" encoding="UTF-8"?>
<testng-results ignored="0" total="4" passed="3" failed="1" skipped="0">
  <reporter-output>
    <line>
      <![CDATA[Login]]>
    </line>
    <line>
      <![CDATA[Logout]]>
    </line>
  </reporter-output>
  <suite started-at="2024-02-06T07:54:51Z" name="Default suite" finished-at="2024-02-06T07:57:06Z" duration-ms="135342">
    <groups>
    </groups>
    <test started-at="2024-02-06T07:54:51Z" name="Default test" finished-at="2024-02-06T07:57:06Z" duration-ms="135342">
      <class name="com.JiviewsAutomation.SystemDefination_Test.E10_2639_SCRTest">
        <test-method is-config="true" signature="launchBrowser()[pri:0, instance:com.JiviewsAutomation.SystemDefination_Test.E10_2639_SCRTest@1f2d2181]" started-at="2024-02-06T07:54:51Z" name="launchBrowser" finished-at="2024-02-06T07:54:52Z" duration-ms="1585" status="PASS">
          <reporter-output>
          </reporter-output>
        </test-method> <!-- launchBrowser -->
        <test-method is-config="true" signature="beforeTestMethod()[pri:0, instance:com.JiviewsAutomation.SystemDefination_Test.E10_2639_SCRTest@1f2d2181]" started-at="2024-02-06T07:54:52Z" name="beforeTestMethod" finished-at="2024-02-06T07:54:55Z" duration-ms="2618" status="PASS">
          <reporter-output>
            <line>
              <![CDATA[Login]]>
            </line>
          </reporter-output>
        </test-method> <!-- beforeTestMethod -->
        <test-method is-config="true" signature="setup()[pri:0, instance:com.JiviewsAutomation.SystemDefination_Test.E10_2639_SCRTest@1f2d2181]" started-at="2024-02-06T07:54:55Z" name="setup" finished-at="2024-02-06T07:55:51Z" duration-ms="56011" status="PASS">
          <reporter-output>
          </reporter-output>
        </test-method> <!-- setup -->
        <test-method signature="E10_3131_VerifyCreateSCR()[pri:1, instance:com.JiviewsAutomation.SystemDefination_Test.E10_2639_SCRTest@1f2d2181]" started-at="2024-02-06T07:55:51Z" name="E10_3131_VerifyCreateSCR" finished-at="2024-02-06T07:56:10Z" duration-ms="19156" status="FAIL">
          <exception class="org.openqa.selenium.NoSuchElementException">
            <message>
              <![CDATA[Cannot locate option with index: 1
For documentation on this error, please visit: https://www.selenium.dev/documentation/webdriver/troubleshooting/errors#no-such-element-exception
Build info: version: '4.10.0', revision: 'c14d967899'
System info: os.name: 'Windows 11', os.arch: 'amd64', os.version: '10.0', java.version: '17.0.8.1'
Driver info: driver.version: unknown]]>
            </message>
            <full-stacktrace>
              <![CDATA[org.openqa.selenium.NoSuchElementException: Cannot locate option with index: 1
For documentation on this error, please visit: https://www.selenium.dev/documentation/webdriver/troubleshooting/errors#no-such-element-exception
Build info: version: '4.10.0', revision: 'c14d967899'
System info: os.name: 'Windows 11', os.arch: 'amd64', os.version: '10.0', java.version: '17.0.8.1'
Driver info: driver.version: unknown
at org.openqa.selenium.support.ui.Select.setSelectedByIndex(Select.java:303)
at org.openqa.selenium.support.ui.Select.selectByIndex(Select.java:179)
at com.AutomationJiviewsPOM.E10_2639_SystemDefinationSCRPage.setAvailableShiftBand(E10_2639_SystemDefinationSCRPage.java:287)
at com.AutomationJiviewsPOM.E10_2639_SystemDefinationSCRPage.setCreateSCR(E10_2639_SystemDefinationSCRPage.java:451)
at com.JiviewsAutomation.SystemDefination_Test.E10_2639_SCRTest.E10_3131_VerifyCreateSCR(E10_2639_SCRTest.java:52)
at java.base/jdk.internal.reflect.NativeMethodAccessorImpl.invoke0(Native Method)
at java.base/jdk.internal.reflect.NativeMethodAccessorImpl.invoke(NativeMethodAccessorImpl.java:77)
at java.base/jdk.internal.reflect.DelegatingMethodAccessorImpl.invoke(DelegatingMethodAccessorImpl.java:43)
at java.base/java.lang.reflect.Method.invoke(Method.java:568)
at org.testng.internal.MethodInvocationHelper.invokeMethod(MethodInvocationHelper.java:124)
at org.testng.internal.Invoker.invokeMethod(Invoker.java:583)
at org.testng.internal.Invoker.invokeTestMethod(Invoker.java:719)
at org.testng.internal.Invoker.invokeTestMethods(Invoker.java:989)
at org.testng.internal.TestMethodWorker.invokeTestMethods(TestMethodWorker.java:125)
at org.testng.internal.TestMethodWorker.run(TestMethodWorker.java:109)
at org.testng.TestRunner.privateRun(TestRunner.java:648)
at org.testng.TestRunner.run(TestRunner.java:505)
at org.testng.SuiteRunner.runTest(SuiteRunner.java:455)
at org.testng.SuiteRunner.runSequentially(SuiteRunner.java:450)
at org.testng.SuiteRunner.privateRun(SuiteRunner.java:415)
at org.testng.SuiteRunner.run(SuiteRunner.java:364)
at org.testng.SuiteRunnerWorker.runSuite(SuiteRunnerWorker.java:52)
at org.testng.SuiteRunnerWorker.run(SuiteRunnerWorker.java:84)
at org.testng.TestNG.runSuitesSequentially(TestNG.java:1208)
at org.testng.TestNG.runSuitesLocally(TestNG.java:1137)
at org.testng.TestNG.runSuites(TestNG.java:1049)
at org.testng.TestNG.run(TestNG.java:1017)
at org.testng.remote.AbstractRemoteTestNG.run(AbstractRemoteTestNG.java:115)
at org.testng.remote.RemoteTestNG.initAndRun(RemoteTestNG.java:251)
at org.testng.remote.RemoteTestNG.main(RemoteTestNG.java:77)
]]>
            </full-stacktrace>
          </exception> <!-- org.openqa.selenium.NoSuchElementException -->
          <reporter-output>
          </reporter-output>
        </test-method> <!-- E10_3131_VerifyCreateSCR -->
        <test-method is-config="true" signature="setup()[pri:0, instance:com.JiviewsAutomation.SystemDefination_Test.E10_2639_SCRTest@1f2d2181]" started-at="2024-02-06T07:56:10Z" name="setup" finished-at="2024-02-06T07:56:23Z" duration-ms="13197" status="PASS">
          <reporter-output>
          </reporter-output>
        </test-method> <!-- setup -->
        <test-method signature="E10_3132_VerifyUpdateSCR()[pri:2, instance:com.JiviewsAutomation.SystemDefination_Test.E10_2639_SCRTest@1f2d2181]" started-at="2024-02-06T07:56:23Z" name="E10_3132_VerifyUpdateSCR" finished-at="2024-02-06T07:56:30Z" duration-ms="7000" status="PASS">
          <reporter-output>
          </reporter-output>
        </test-method> <!-- E10_3132_VerifyUpdateSCR -->
        <test-method is-config="true" signature="setup()[pri:0, instance:com.JiviewsAutomation.SystemDefination_Test.E10_2639_SCRTest@1f2d2181]" started-at="2024-02-06T07:56:30Z" name="setup" finished-at="2024-02-06T07:56:43Z" duration-ms="13172" status="PASS">
          <reporter-output>
          </reporter-output>
        </test-method> <!-- setup -->
        <test-method signature="E10_3133_VerifyDeactivateSCR()[pri:3, instance:com.JiviewsAutomation.SystemDefination_Test.E10_2639_SCRTest@1f2d2181]" started-at="2024-02-06T07:56:43Z" name="E10_3133_VerifyDeactivateSCR" finished-at="2024-02-06T07:56:48Z" duration-ms="4036" status="PASS">
          <reporter-output>
          </reporter-output>
        </test-method> <!-- E10_3133_VerifyDeactivateSCR -->
        <test-method is-config="true" signature="setup()[pri:0, instance:com.JiviewsAutomation.SystemDefination_Test.E10_2639_SCRTest@1f2d2181]" started-at="2024-02-06T07:56:48Z" name="setup" finished-at="2024-02-06T07:57:00Z" duration-ms="12718" status="PASS">
          <reporter-output>
          </reporter-output>
        </test-method> <!-- setup -->
        <test-method signature="E10_3134_VerifyReactivateSCR()[pri:4, instance:com.JiviewsAutomation.SystemDefination_Test.E10_2639_SCRTest@1f2d2181]" started-at="2024-02-06T07:57:00Z" name="E10_3134_VerifyReactivateSCR" finished-at="2024-02-06T07:57:06Z" depends-on-methods="com.JiviewsAutomation.SystemDefination_Test.E10_2639_SCRTest.E10_3133_VerifyDeactivateSCR" duration-ms="5629" status="PASS">
          <reporter-output>
          </reporter-output>
        </test-method> <!-- E10_3134_VerifyReactivateSCR -->
        <test-method is-config="true" signature="afterTestMethod()[pri:0, instance:com.JiviewsAutomation.SystemDefination_Test.E10_2639_SCRTest@1f2d2181]" started-at="2024-02-06T07:57:06Z" name="afterTestMethod" finished-at="2024-02-06T07:57:06Z" duration-ms="1" status="PASS">
          <reporter-output>
            <line>
              <![CDATA[Logout]]>
            </line>
          </reporter-output>
        </test-method> <!-- afterTestMethod -->
        <test-method is-config="true" signature="closeBrowser()[pri:0, instance:com.JiviewsAutomation.SystemDefination_Test.E10_2639_SCRTest@1f2d2181]" started-at="2024-02-06T07:57:06Z" name="closeBrowser" finished-at="2024-02-06T07:57:06Z" duration-ms="194" status="PASS">
          <reporter-output>
          </reporter-output>
        </test-method> <!-- closeBrowser -->
      </class> <!-- com.JiviewsAutomation.SystemDefination_Test.E10_2639_SCRTest -->
    </test> <!-- Default test -->
  </suite> <!-- Default suite -->
</testng-results>
