<?xml version="1.0" encoding="UTF-8"?>
<testng-results ignored="5" total="6" passed="1" failed="0" skipped="0">
  <reporter-output>
    <line>
      <![CDATA[Open Browser]]>
    </line>
    <line>
      <![CDATA[Open Browser]]>
    </line>
    <line>
      <![CDATA[Login]]>
    </line>
    <line>
      <![CDATA[Close Browser]]>
    </line>
  </reporter-output>
  <suite started-at="2023-11-07T10:05:37Z" name="Default suite" finished-at="2023-11-07T10:06:08Z" duration-ms="31081">
    <groups>
    </groups>
    <test started-at="2023-11-07T10:05:37Z" name="Default test" finished-at="2023-11-07T10:06:08Z" duration-ms="31081">
      <class name="com.JiviewsAutomation.SystemDefination_Test.shiftBandTest">
        <test-method is-config="true" signature="launchBrowser()[pri:0, instance:com.JiviewsAutomation.SystemDefination_Test.shiftBandTest@eadb475]" started-at="2023-11-07T10:05:37Z" name="launchBrowser" finished-at="2023-11-07T10:05:38Z" duration-ms="1558" status="PASS">
          <reporter-output>
            <line>
              <![CDATA[Open Browser]]>
            </line>
            <line>
              <![CDATA[Open Browser]]>
            </line>
          </reporter-output>
        </test-method> <!-- launchBrowser -->
        <test-method is-config="true" signature="beforeTestMethod()[pri:0, instance:com.JiviewsAutomation.SystemDefination_Test.shiftBandTest@eadb475]" started-at="2023-11-07T10:05:38Z" name="beforeTestMethod" finished-at="2023-11-07T10:05:41Z" duration-ms="2779" status="PASS">
          <reporter-output>
            <line>
              <![CDATA[Login]]>
            </line>
          </reporter-output>
        </test-method> <!-- beforeTestMethod -->
        <test-method signature="verifyDeactiveShiftBand()[pri:0, instance:com.JiviewsAutomation.SystemDefination_Test.shiftBandTest@eadb475]" started-at="2023-11-07T10:05:41Z" name="verifyDeactiveShiftBand" finished-at="2023-11-07T10:06:08Z" duration-ms="26534" status="PASS">
          <reporter-output>
          </reporter-output>
        </test-method> <!-- verifyDeactiveShiftBand -->
        <test-method is-config="true" signature="afterTestMethod()[pri:0, instance:com.JiviewsAutomation.SystemDefination_Test.shiftBandTest@eadb475]" started-at="2023-11-07T10:06:08Z" name="afterTestMethod" finished-at="2023-11-07T10:06:08Z" duration-ms="0" status="PASS">
          <reporter-output>
          </reporter-output>
        </test-method> <!-- afterTestMethod -->
        <test-method is-config="true" signature="closeBrowser()[pri:0, instance:com.JiviewsAutomation.SystemDefination_Test.shiftBandTest@eadb475]" started-at="2023-11-07T10:06:08Z" name="closeBrowser" finished-at="2023-11-07T10:06:08Z" duration-ms="195" status="PASS">
          <reporter-output>
            <line>
              <![CDATA[Close Browser]]>
            </line>
          </reporter-output>
        </test-method> <!-- closeBrowser -->
      </class> <!-- com.JiviewsAutomation.SystemDefination_Test.shiftBandTest -->
    </test> <!-- Default test -->
  </suite> <!-- Default suite -->
</testng-results>
