<?xml version="1.0" encoding="UTF-8"?>
<testng-results ignored="0" total="1" passed="1" failed="0" skipped="0">
  <reporter-output>
    <line>
      <![CDATA[Open Browser]]>
    </line>
    <line>
      <![CDATA[Open Browser]]>
    </line>
    <line>
      <![CDATA[Login]]>
    </line>
    <line>
      <![CDATA[Screenshot captured for test failure. View it at: C:\Development\Automation\Jiviewsrpav2\.\ScreenShot\skillSetUpTest.png]]>
    </line>
    <line>
      <![CDATA[Logout]]>
    </line>
    <line>
      <![CDATA[Close Browser]]>
    </line>
  </reporter-output>
  <suite started-at="2023-10-18T07:29:29Z" name="Default suite" finished-at="2023-10-18T07:30:13Z" duration-ms="43449">
    <groups>
    </groups>
    <test started-at="2023-10-18T07:29:29Z" name="Default test" finished-at="2023-10-18T07:30:13Z" duration-ms="43449">
      <class name="com.JiviewsAutomation.SystemDefination_Test.skillSetUpTest">
        <test-method is-config="true" signature="launchBrowser()[pri:0, instance:com.JiviewsAutomation.SystemDefination_Test.skillSetUpTest@437e951d]" started-at="2023-10-18T07:29:29Z" name="launchBrowser" finished-at="2023-10-18T07:29:31Z" duration-ms="1844" status="PASS">
          <reporter-output>
            <line>
              <![CDATA[Open Browser]]>
            </line>
            <line>
              <![CDATA[Open Browser]]>
            </line>
          </reporter-output>
        </test-method> <!-- launchBrowser -->
        <test-method is-config="true" signature="login()[pri:0, instance:com.JiviewsAutomation.SystemDefination_Test.skillSetUpTest@437e951d]" started-at="2023-10-18T07:29:31Z" name="login" finished-at="2023-10-18T07:29:35Z" duration-ms="3849" status="PASS">
          <reporter-output>
            <line>
              <![CDATA[Login]]>
            </line>
          </reporter-output>
        </test-method> <!-- login -->
        <test-method signature="searchColumns()[pri:0, instance:com.JiviewsAutomation.SystemDefination_Test.skillSetUpTest@437e951d]" started-at="2023-10-18T07:29:35Z" name="searchColumns" finished-at="2023-10-18T07:30:06Z" duration-ms="31102" status="PASS">
          <reporter-output>
            <line>
              <![CDATA[Screenshot captured for test failure. View it at: C:\Development\Automation\Jiviewsrpav2\.\ScreenShot\skillSetUpTest.png]]>
            </line>
          </reporter-output>
        </test-method> <!-- searchColumns -->
        <test-method is-config="true" signature="logout()[pri:0, instance:com.JiviewsAutomation.SystemDefination_Test.skillSetUpTest@437e951d]" started-at="2023-10-18T07:30:06Z" name="logout" finished-at="2023-10-18T07:30:13Z" duration-ms="6466" status="PASS">
          <reporter-output>
            <line>
              <![CDATA[Logout]]>
            </line>
          </reporter-output>
        </test-method> <!-- logout -->
        <test-method is-config="true" signature="closeBrowser()[pri:0, instance:com.JiviewsAutomation.SystemDefination_Test.skillSetUpTest@437e951d]" started-at="2023-10-18T07:30:13Z" name="closeBrowser" finished-at="2023-10-18T07:30:13Z" duration-ms="177" status="PASS">
          <reporter-output>
            <line>
              <![CDATA[Close Browser]]>
            </line>
          </reporter-output>
        </test-method> <!-- closeBrowser -->
      </class> <!-- com.JiviewsAutomation.SystemDefination_Test.skillSetUpTest -->
    </test> <!-- Default test -->
  </suite> <!-- Default suite -->
</testng-results>
