<?xml version="1.0" encoding="UTF-8"?>
<testng-results ignored="1" total="2" passed="1" failed="0" skipped="0">
  <reporter-output>
    <line>
      <![CDATA[Login]]>
    </line>
    <line>
      <![CDATA[Logout]]>
    </line>
  </reporter-output>
  <suite started-at="2024-01-24T13:36:59Z" name="Default suite" finished-at="2024-01-24T13:37:37Z" duration-ms="38106">
    <groups>
    </groups>
    <test started-at="2024-01-24T13:36:59Z" name="Default test" finished-at="2024-01-24T13:37:37Z" duration-ms="38106">
      <class name="com.JiviewsAutomation.SystemDefination_Test.E10_2910_WorkforceEmployeeRosterV2Test">
        <test-method is-config="true" signature="launchBrowser()[pri:0, instance:com.JiviewsAutomation.SystemDefination_Test.E10_2910_WorkforceEmployeeRosterV2Test@7668d560]" started-at="2024-01-24T13:36:59Z" name="launchBrowser" finished-at="2024-01-24T13:37:01Z" duration-ms="2169" status="PASS">
          <reporter-output>
          </reporter-output>
        </test-method> <!-- launchBrowser -->
        <test-method is-config="true" signature="beforeTestMethod()[pri:0, instance:com.JiviewsAutomation.SystemDefination_Test.E10_2910_WorkforceEmployeeRosterV2Test@7668d560]" started-at="2024-01-24T13:37:01Z" name="beforeTestMethod" finished-at="2024-01-24T13:37:04Z" duration-ms="2688" status="PASS">
          <reporter-output>
            <line>
              <![CDATA[Login]]>
            </line>
          </reporter-output>
        </test-method> <!-- beforeTestMethod -->
        <test-method is-config="true" signature="setup()[pri:0, instance:com.JiviewsAutomation.SystemDefination_Test.E10_2910_WorkforceEmployeeRosterV2Test@7668d560]" started-at="2024-01-24T13:37:04Z" name="setup" finished-at="2024-01-24T13:37:17Z" duration-ms="12856" status="PASS">
          <reporter-output>
          </reporter-output>
        </test-method> <!-- setup -->
        <test-method signature="E10_2939_VerifySearchByFilters()[pri:2, instance:com.JiviewsAutomation.SystemDefination_Test.E10_2910_WorkforceEmployeeRosterV2Test@7668d560]" started-at="2024-01-24T13:37:17Z" name="E10_2939_VerifySearchByFilters" finished-at="2024-01-24T13:37:37Z" duration-ms="20382" status="PASS">
          <reporter-output>
          </reporter-output>
        </test-method> <!-- E10_2939_VerifySearchByFilters -->
        <test-method is-config="true" signature="afterTestMethod()[pri:0, instance:com.JiviewsAutomation.SystemDefination_Test.E10_2910_WorkforceEmployeeRosterV2Test@7668d560]" started-at="2024-01-24T13:37:37Z" name="afterTestMethod" finished-at="2024-01-24T13:37:37Z" duration-ms="0" status="PASS">
          <reporter-output>
            <line>
              <![CDATA[Logout]]>
            </line>
          </reporter-output>
        </test-method> <!-- afterTestMethod -->
        <test-method is-config="true" signature="closeBrowser()[pri:0, instance:com.JiviewsAutomation.SystemDefination_Test.E10_2910_WorkforceEmployeeRosterV2Test@7668d560]" started-at="2024-01-24T13:37:37Z" name="closeBrowser" finished-at="2024-01-24T13:37:37Z" duration-ms="0" status="PASS">
          <reporter-output>
          </reporter-output>
        </test-method> <!-- closeBrowser -->
      </class> <!-- com.JiviewsAutomation.SystemDefination_Test.E10_2910_WorkforceEmployeeRosterV2Test -->
    </test> <!-- Default test -->
  </suite> <!-- Default suite -->
</testng-results>
