<?xml version="1.0" encoding="UTF-8"?>
<testng-results ignored="0" total="5" passed="5" failed="0" skipped="0">
  <reporter-output>
    <line>
      <![CDATA[Login]]>
    </line>
    <line>
      <![CDATA[Logout]]>
    </line>
  </reporter-output>
  <suite started-at="2024-02-04T05:54:52Z" name="Default suite" finished-at="2024-02-04T05:57:46Z" duration-ms="173279">
    <groups>
    </groups>
    <test started-at="2024-02-04T05:54:52Z" name="Default test" finished-at="2024-02-04T05:57:46Z" duration-ms="173279">
      <class name="com.JiviewsAutomation.SystemDefination_Test.E10_3541_OPE_RTG_PlanningTest">
        <test-method is-config="true" signature="launchBrowser()[pri:0, instance:com.JiviewsAutomation.SystemDefination_Test.E10_3541_OPE_RTG_PlanningTest@49bf29c6]" started-at="2024-02-04T05:54:52Z" name="launchBrowser" finished-at="2024-02-04T05:54:54Z" duration-ms="1640" status="PASS">
          <reporter-output>
          </reporter-output>
        </test-method> <!-- launchBrowser -->
        <test-method is-config="true" signature="beforeTestMethod()[pri:0, instance:com.JiviewsAutomation.SystemDefination_Test.E10_3541_OPE_RTG_PlanningTest@49bf29c6]" started-at="2024-02-04T05:54:54Z" name="beforeTestMethod" finished-at="2024-02-04T05:54:56Z" duration-ms="2290" status="PASS">
          <reporter-output>
            <line>
              <![CDATA[Login]]>
            </line>
          </reporter-output>
        </test-method> <!-- beforeTestMethod -->
        <test-method is-config="true" signature="setup()[pri:0, instance:com.JiviewsAutomation.SystemDefination_Test.E10_3541_OPE_RTG_PlanningTest@49bf29c6]" started-at="2024-02-04T05:54:56Z" name="setup" finished-at="2024-02-04T05:55:23Z" duration-ms="26454" status="PASS">
          <reporter-output>
          </reporter-output>
        </test-method> <!-- setup -->
        <test-method signature="E10_3542_Verify_SearchRecord()[pri:1, instance:com.JiviewsAutomation.SystemDefination_Test.E10_3541_OPE_RTG_PlanningTest@49bf29c6]" started-at="2024-02-04T05:55:23Z" name="E10_3542_Verify_SearchRecord" finished-at="2024-02-04T05:55:36Z" duration-ms="13339" status="PASS">
          <reporter-output>
          </reporter-output>
        </test-method> <!-- E10_3542_Verify_SearchRecord -->
        <test-method is-config="true" signature="setup()[pri:0, instance:com.JiviewsAutomation.SystemDefination_Test.E10_3541_OPE_RTG_PlanningTest@49bf29c6]" started-at="2024-02-04T05:55:36Z" name="setup" finished-at="2024-02-04T05:55:51Z" duration-ms="15021" status="PASS">
          <reporter-output>
          </reporter-output>
        </test-method> <!-- setup -->
        <test-method signature="E10_3543_Verify_AddEqipment()[pri:2, instance:com.JiviewsAutomation.SystemDefination_Test.E10_3541_OPE_RTG_PlanningTest@49bf29c6]" started-at="2024-02-04T05:55:51Z" name="E10_3543_Verify_AddEqipment" finished-at="2024-02-04T05:56:23Z" duration-ms="32153" status="PASS">
          <reporter-output>
          </reporter-output>
        </test-method> <!-- E10_3543_Verify_AddEqipment -->
        <test-method is-config="true" signature="setup()[pri:0, instance:com.JiviewsAutomation.SystemDefination_Test.E10_3541_OPE_RTG_PlanningTest@49bf29c6]" started-at="2024-02-04T05:56:23Z" name="setup" finished-at="2024-02-04T05:56:37Z" duration-ms="13962" status="PASS">
          <reporter-output>
          </reporter-output>
        </test-method> <!-- setup -->
        <test-method signature="E10_3544_Verify_EquipmentSummery()[pri:3, instance:com.JiviewsAutomation.SystemDefination_Test.E10_3541_OPE_RTG_PlanningTest@49bf29c6]" started-at="2024-02-04T05:56:37Z" name="E10_3544_Verify_EquipmentSummery" finished-at="2024-02-04T05:56:55Z" duration-ms="17479" status="PASS">
          <reporter-output>
          </reporter-output>
        </test-method> <!-- E10_3544_Verify_EquipmentSummery -->
        <test-method is-config="true" signature="setup()[pri:0, instance:com.JiviewsAutomation.SystemDefination_Test.E10_3541_OPE_RTG_PlanningTest@49bf29c6]" started-at="2024-02-04T05:56:55Z" name="setup" finished-at="2024-02-04T05:57:07Z" duration-ms="12632" status="PASS">
          <reporter-output>
          </reporter-output>
        </test-method> <!-- setup -->
        <test-method signature="E10_3545_Verify_SkillSummery()[pri:4, instance:com.JiviewsAutomation.SystemDefination_Test.E10_3541_OPE_RTG_PlanningTest@49bf29c6]" started-at="2024-02-04T05:57:07Z" name="E10_3545_Verify_SkillSummery" finished-at="2024-02-04T05:57:25Z" duration-ms="17407" status="PASS">
          <reporter-output>
          </reporter-output>
        </test-method> <!-- E10_3545_Verify_SkillSummery -->
        <test-method is-config="true" signature="setup()[pri:0, instance:com.JiviewsAutomation.SystemDefination_Test.E10_3541_OPE_RTG_PlanningTest@49bf29c6]" started-at="2024-02-04T05:57:25Z" name="setup" finished-at="2024-02-04T05:57:37Z" duration-ms="12028" status="PASS">
          <reporter-output>
          </reporter-output>
        </test-method> <!-- setup -->
        <test-method signature="E10_3546_Verify_RTGSignOff()[pri:5, instance:com.JiviewsAutomation.SystemDefination_Test.E10_3541_OPE_RTG_PlanningTest@49bf29c6]" started-at="2024-02-04T05:57:37Z" name="E10_3546_Verify_RTGSignOff" finished-at="2024-02-04T05:57:45Z" duration-ms="8664" status="PASS">
          <reporter-output>
          </reporter-output>
        </test-method> <!-- E10_3546_Verify_RTGSignOff -->
        <test-method is-config="true" signature="closeBrowser()[pri:0, instance:com.JiviewsAutomation.SystemDefination_Test.E10_3541_OPE_RTG_PlanningTest@49bf29c6]" started-at="2024-02-04T05:57:45Z" name="closeBrowser" finished-at="2024-02-04T05:57:46Z" duration-ms="192" status="PASS">
          <reporter-output>
          </reporter-output>
        </test-method> <!-- closeBrowser -->
        <test-method is-config="true" signature="afterTestMethod()[pri:0, instance:com.JiviewsAutomation.SystemDefination_Test.E10_3541_OPE_RTG_PlanningTest@49bf29c6]" started-at="2024-02-04T05:57:45Z" name="afterTestMethod" finished-at="2024-02-04T05:57:45Z" duration-ms="0" status="PASS">
          <reporter-output>
            <line>
              <![CDATA[Logout]]>
            </line>
          </reporter-output>
        </test-method> <!-- afterTestMethod -->
      </class> <!-- com.JiviewsAutomation.SystemDefination_Test.E10_3541_OPE_RTG_PlanningTest -->
    </test> <!-- Default test -->
  </suite> <!-- Default suite -->
</testng-results>
