<?xml version="1.0" encoding="UTF-8"?>
<testng-results ignored="0" total="5" passed="1" failed="1" skipped="3">
  <reporter-output>
    <line>
      <![CDATA[Open Browser]]>
    </line>
    <line>
      <![CDATA[Login]]>
    </line>
    <line>
      <![CDATA[Logout]]>
    </line>
    <line>
      <![CDATA[Login]]>
    </line>
    <line>
      <![CDATA[Logout]]>
    </line>
    <line>
      <![CDATA[Close Browser]]>
    </line>
  </reporter-output>
  <suite started-at="2023-10-12T16:48:51 IST" name="Default suite" finished-at="2023-10-12T16:49:44 IST" duration-ms="52656">
    <groups>
    </groups>
    <test started-at="2023-10-12T16:48:51 IST" name="Default test" finished-at="2023-10-12T16:49:44 IST" duration-ms="52656">
      <class name="com.JiviewsAutomation.SystemDefination_TestScript.skillSetUpTestScript">
        <test-method is-config="true" signature="launchBrowser()[pri:0, instance:com.JiviewsAutomation.SystemDefination_TestScript.skillSetUpTestScript@15043a2f]" started-at="2023-10-12T16:48:51 IST" name="launchBrowser" finished-at="2023-10-12T16:48:53 IST" duration-ms="2123" status="PASS">
          <reporter-output>
            <line>
              <![CDATA[Open Browser]]>
            </line>
          </reporter-output>
        </test-method> <!-- launchBrowser -->
        <test-method is-config="true" signature="login()[pri:0, instance:com.JiviewsAutomation.SystemDefination_TestScript.skillSetUpTestScript@15043a2f]" started-at="2023-10-12T16:48:53 IST" name="login" finished-at="2023-10-12T16:48:55 IST" duration-ms="1557" status="PASS">
          <reporter-output>
            <line>
              <![CDATA[Login]]>
            </line>
          </reporter-output>
        </test-method> <!-- login -->
        <test-method signature="createNewSkill()[pri:1, instance:com.JiviewsAutomation.SystemDefination_TestScript.skillSetUpTestScript@15043a2f]" started-at="2023-10-12T16:48:55 IST" name="createNewSkill" finished-at="2023-10-12T16:49:15 IST" duration-ms="20045" status="PASS">
          <reporter-output>
          </reporter-output>
        </test-method> <!-- createNewSkill -->
        <test-method is-config="true" signature="logout()[pri:0, instance:com.JiviewsAutomation.SystemDefination_TestScript.skillSetUpTestScript@15043a2f]" started-at="2023-10-12T16:49:15 IST" name="logout" finished-at="2023-10-12T16:49:21 IST" duration-ms="6438" status="PASS">
          <reporter-output>
            <line>
              <![CDATA[Logout]]>
            </line>
          </reporter-output>
        </test-method> <!-- logout -->
        <test-method is-config="true" signature="login()[pri:0, instance:com.JiviewsAutomation.SystemDefination_TestScript.skillSetUpTestScript@15043a2f]" started-at="2023-10-12T16:49:21 IST" name="login" finished-at="2023-10-12T16:49:22 IST" duration-ms="1169" status="PASS">
          <reporter-output>
            <line>
              <![CDATA[Login]]>
            </line>
          </reporter-output>
        </test-method> <!-- login -->
        <test-method signature="updateSkill()[pri:2, instance:com.JiviewsAutomation.SystemDefination_TestScript.skillSetUpTestScript@15043a2f]" started-at="2023-10-12T16:49:22 IST" name="updateSkill" finished-at="2023-10-12T16:49:37 IST" depends-on-methods="com.JiviewsAutomation.SystemDefination_TestScript.skillSetUpTestScript.createNewSkill" duration-ms="14570" status="FAIL">
          <exception class="org.openqa.selenium.ElementNotInteractableException">
            <message>
              <![CDATA[element not interactable
  (Session info: chrome=117.0.5938.150)
Build info: version: '4.10.0', revision: 'c14d967899'
System info: os.name: 'Windows 11', os.arch: 'amd64', os.version: '10.0', java.version: '17.0.8.1'
Driver info: org.openqa.selenium.chrome.ChromeDriver
Command: [f76b050b27b838f1f2c290f16a964ccc, clickElement {id=82883E77CD65AAB5BDC02BA02373219C_element_211}]
Capabilities {acceptInsecureCerts: false, browserName: chrome, browserVersion: 117.0.5938.150, chrome: {chromedriverVersion: 117.0.5938.149 (e3344ddefa1..., userDataDir: C:\Users\kumar\AppData\Loca...}, fedcm:accounts: true, goog:chromeOptions: {debuggerAddress: localhost:50109}, networkConnectionEnabled: false, pageLoadStrategy: normal, platformName: windows, proxy: Proxy(), se:cdp: ws://localhost:50109/devtoo..., se:cdpVersion: 117.0.5938.150, setWindowRect: true, strictFileInteractability: false, timeouts: {implicit: 0, pageLoad: 300000, script: 30000}, unhandledPromptBehavior: dismiss and notify, webauthn:extension:credBlob: true, webauthn:extension:largeBlob: true, webauthn:extension:minPinLength: true, webauthn:extension:prf: true, webauthn:virtualAuthenticators: true}
Element: [[ChromeDriver: chrome on windows (f76b050b27b838f1f2c290f16a964ccc)] -> xpath: (//div[@id='dvGlobalOrganizationUnitTreeView']/ul/li)[4]]
Session ID: f76b050b27b838f1f2c290f16a964ccc]]>
            </message>
            <full-stacktrace>
              <![CDATA[org.openqa.selenium.ElementNotInteractableException: element not interactable
  (Session info: chrome=117.0.5938.150)
Build info: version: '4.10.0', revision: 'c14d967899'
System info: os.name: 'Windows 11', os.arch: 'amd64', os.version: '10.0', java.version: '17.0.8.1'
Driver info: org.openqa.selenium.chrome.ChromeDriver
Command: [f76b050b27b838f1f2c290f16a964ccc, clickElement {id=82883E77CD65AAB5BDC02BA02373219C_element_211}]
Capabilities {acceptInsecureCerts: false, browserName: chrome, browserVersion: 117.0.5938.150, chrome: {chromedriverVersion: 117.0.5938.149 (e3344ddefa1..., userDataDir: C:\Users\kumar\AppData\Loca...}, fedcm:accounts: true, goog:chromeOptions: {debuggerAddress: localhost:50109}, networkConnectionEnabled: false, pageLoadStrategy: normal, platformName: windows, proxy: Proxy(), se:cdp: ws://localhost:50109/devtoo..., se:cdpVersion: 117.0.5938.150, setWindowRect: true, strictFileInteractability: false, timeouts: {implicit: 0, pageLoad: 300000, script: 30000}, unhandledPromptBehavior: dismiss and notify, webauthn:extension:credBlob: true, webauthn:extension:largeBlob: true, webauthn:extension:minPinLength: true, webauthn:extension:prf: true, webauthn:virtualAuthenticators: true}
Element: [[ChromeDriver: chrome on windows (f76b050b27b838f1f2c290f16a964ccc)] -> xpath: (//div[@id='dvGlobalOrganizationUnitTreeView']/ul/li)[4]]
Session ID: f76b050b27b838f1f2c290f16a964ccc
at java.base/jdk.internal.reflect.NativeConstructorAccessorImpl.newInstance0(Native Method)
at java.base/jdk.internal.reflect.NativeConstructorAccessorImpl.newInstance(NativeConstructorAccessorImpl.java:77)
at java.base/jdk.internal.reflect.DelegatingConstructorAccessorImpl.newInstance(DelegatingConstructorAccessorImpl.java:45)
at java.base/java.lang.reflect.Constructor.newInstanceWithCaller(Constructor.java:499)
at java.base/java.lang.reflect.Constructor.newInstance(Constructor.java:480)
at org.openqa.selenium.remote.codec.w3c.W3CHttpResponseCodec.createException(W3CHttpResponseCodec.java:199)
at org.openqa.selenium.remote.codec.w3c.W3CHttpResponseCodec.decode(W3CHttpResponseCodec.java:132)
at org.openqa.selenium.remote.codec.w3c.W3CHttpResponseCodec.decode(W3CHttpResponseCodec.java:51)
at org.openqa.selenium.remote.HttpCommandExecutor.execute(HttpCommandExecutor.java:191)
at org.openqa.selenium.remote.service.DriverCommandExecutor.invokeExecute(DriverCommandExecutor.java:196)
at org.openqa.selenium.remote.service.DriverCommandExecutor.execute(DriverCommandExecutor.java:171)
at org.openqa.selenium.remote.RemoteWebDriver.execute(RemoteWebDriver.java:531)
at org.openqa.selenium.remote.RemoteWebElement.execute(RemoteWebElement.java:242)
at org.openqa.selenium.remote.RemoteWebElement.click(RemoteWebElement.java:77)
at java.base/jdk.internal.reflect.NativeMethodAccessorImpl.invoke0(Native Method)
at java.base/jdk.internal.reflect.NativeMethodAccessorImpl.invoke(NativeMethodAccessorImpl.java:77)
at java.base/jdk.internal.reflect.DelegatingMethodAccessorImpl.invoke(DelegatingMethodAccessorImpl.java:43)
at java.base/java.lang.reflect.Method.invoke(Method.java:568)
at org.openqa.selenium.support.pagefactory.internal.LocatingElementHandler.invoke(LocatingElementHandler.java:51)
at jdk.proxy2/jdk.proxy2.$Proxy21.click(Unknown Source)
at com.AutomationJiviewsPOM.OrganizationUnitDropDown.setOLMop(OrganizationUnitDropDown.java:58)
at com.JiviewsAutomation.SystemDefination_TestScript.skillSetUpTestScript.updateSkill(skillSetUpTestScript.java:49)
at java.base/jdk.internal.reflect.NativeMethodAccessorImpl.invoke0(Native Method)
at java.base/jdk.internal.reflect.NativeMethodAccessorImpl.invoke(NativeMethodAccessorImpl.java:77)
at java.base/jdk.internal.reflect.DelegatingMethodAccessorImpl.invoke(DelegatingMethodAccessorImpl.java:43)
at java.base/java.lang.reflect.Method.invoke(Method.java:568)
at org.testng.internal.invokers.MethodInvocationHelper.invokeMethod(MethodInvocationHelper.java:139)
at org.testng.internal.invokers.TestInvoker.invokeMethod(TestInvoker.java:677)
at org.testng.internal.invokers.TestInvoker.invokeTestMethod(TestInvoker.java:221)
at org.testng.internal.invokers.MethodRunner.runInSequence(MethodRunner.java:50)
at org.testng.internal.invokers.TestInvoker$MethodInvocationAgent.invoke(TestInvoker.java:969)
at org.testng.internal.invokers.TestInvoker.invokeTestMethods(TestInvoker.java:194)
at org.testng.internal.invokers.TestMethodWorker.invokeTestMethods(TestMethodWorker.java:148)
at org.testng.internal.invokers.TestMethodWorker.run(TestMethodWorker.java:128)
at java.base/java.util.ArrayList.forEach(ArrayList.java:1511)
at org.testng.TestRunner.privateRun(TestRunner.java:829)
at org.testng.TestRunner.run(TestRunner.java:602)
at org.testng.SuiteRunner.runTest(SuiteRunner.java:437)
at org.testng.SuiteRunner.runSequentially(SuiteRunner.java:431)
at org.testng.SuiteRunner.privateRun(SuiteRunner.java:391)
at org.testng.SuiteRunner.run(SuiteRunner.java:330)
at org.testng.SuiteRunnerWorker.runSuite(SuiteRunnerWorker.java:52)
at org.testng.SuiteRunnerWorker.run(SuiteRunnerWorker.java:95)
at org.testng.TestNG.runSuitesSequentially(TestNG.java:1256)
at org.testng.TestNG.runSuitesLocally(TestNG.java:1176)
at org.testng.TestNG.runSuites(TestNG.java:1099)
at org.testng.TestNG.run(TestNG.java:1067)
at org.testng.remote.AbstractRemoteTestNG.run(AbstractRemoteTestNG.java:115)
at org.testng.remote.RemoteTestNG.initAndRun(RemoteTestNG.java:251)
at org.testng.remote.RemoteTestNG.main(RemoteTestNG.java:77)
]]>
            </full-stacktrace>
          </exception> <!-- org.openqa.selenium.ElementNotInteractableException -->
          <reporter-output>
          </reporter-output>
        </test-method> <!-- updateSkill -->
        <test-method is-config="true" signature="logout()[pri:0, instance:com.JiviewsAutomation.SystemDefination_TestScript.skillSetUpTestScript@15043a2f]" started-at="2023-10-12T16:49:37 IST" name="logout" finished-at="2023-10-12T16:49:43 IST" duration-ms="6483" status="PASS">
          <reporter-output>
            <line>
              <![CDATA[Logout]]>
            </line>
          </reporter-output>
        </test-method> <!-- logout -->
        <test-method signature="deActiveSkill()[pri:3, instance:com.JiviewsAutomation.SystemDefination_TestScript.skillSetUpTestScript@15043a2f]" started-at="2023-10-12T16:49:43 IST" name="deActiveSkill" finished-at="2023-10-12T16:49:43 IST" depends-on-methods="com.JiviewsAutomation.SystemDefination_TestScript.skillSetUpTestScript.createNewSkill, com.JiviewsAutomation.SystemDefination_TestScript.skillSetUpTestScript.updateSkill" duration-ms="0" status="SKIP">
          <exception class="java.lang.Throwable">
            <message>
              <![CDATA[Method com.JiviewsAutomation.SystemDefination_TestScript.skillSetUpTestScript.deActiveSkill() on instance com.JiviewsAutomation.SystemDefination_TestScript.skillSetUpTestScript@15043a2f depends on not successfully finished methods 
[com.JiviewsAutomation.SystemDefination_TestScript.skillSetUpTestScript.createNewSkill() on instance com.JiviewsAutomation.SystemDefination_TestScript.skillSetUpTestScript@15043a2f
com.JiviewsAutomation.SystemDefination_TestScript.skillSetUpTestScript.updateSkill() on instance com.JiviewsAutomation.SystemDefination_TestScript.skillSetUpTestScript@15043a2f]]]>
            </message>
            <full-stacktrace>
              <![CDATA[java.lang.Throwable: Method com.JiviewsAutomation.SystemDefination_TestScript.skillSetUpTestScript.deActiveSkill() on instance com.JiviewsAutomation.SystemDefination_TestScript.skillSetUpTestScript@15043a2f depends on not successfully finished methods 
[com.JiviewsAutomation.SystemDefination_TestScript.skillSetUpTestScript.createNewSkill() on instance com.JiviewsAutomation.SystemDefination_TestScript.skillSetUpTestScript@15043a2f
com.JiviewsAutomation.SystemDefination_TestScript.skillSetUpTestScript.updateSkill() on instance com.JiviewsAutomation.SystemDefination_TestScript.skillSetUpTestScript@15043a2f]
at org.testng.internal.invokers.TestInvoker.invokeTestMethods(TestInvoker.java:150)
at org.testng.internal.invokers.TestMethodWorker.invokeTestMethods(TestMethodWorker.java:148)
at org.testng.internal.invokers.TestMethodWorker.run(TestMethodWorker.java:128)
at java.base/java.util.ArrayList.forEach(ArrayList.java:1511)
at org.testng.TestRunner.privateRun(TestRunner.java:829)
at org.testng.TestRunner.run(TestRunner.java:602)
at org.testng.SuiteRunner.runTest(SuiteRunner.java:437)
at org.testng.SuiteRunner.runSequentially(SuiteRunner.java:431)
at org.testng.SuiteRunner.privateRun(SuiteRunner.java:391)
at org.testng.SuiteRunner.run(SuiteRunner.java:330)
at org.testng.SuiteRunnerWorker.runSuite(SuiteRunnerWorker.java:52)
at org.testng.SuiteRunnerWorker.run(SuiteRunnerWorker.java:95)
at org.testng.TestNG.runSuitesSequentially(TestNG.java:1256)
at org.testng.TestNG.runSuitesLocally(TestNG.java:1176)
at org.testng.TestNG.runSuites(TestNG.java:1099)
at org.testng.TestNG.run(TestNG.java:1067)
at org.testng.remote.AbstractRemoteTestNG.run(AbstractRemoteTestNG.java:115)
at org.testng.remote.RemoteTestNG.initAndRun(RemoteTestNG.java:251)
at org.testng.remote.RemoteTestNG.main(RemoteTestNG.java:77)
]]>
            </full-stacktrace>
          </exception> <!-- java.lang.Throwable -->
          <reporter-output>
          </reporter-output>
        </test-method> <!-- deActiveSkill -->
        <test-method signature="searchColumns()[pri:5, instance:com.JiviewsAutomation.SystemDefination_TestScript.skillSetUpTestScript@15043a2f]" started-at="2023-10-12T16:49:43 IST" name="searchColumns" finished-at="2023-10-12T16:49:43 IST" depends-on-methods="com.JiviewsAutomation.SystemDefination_TestScript.skillSetUpTestScript.setReActiveSkill, com.JiviewsAutomation.SystemDefination_TestScript.skillSetUpTestScript.createNewSkill, com.JiviewsAutomation.SystemDefination_TestScript.skillSetUpTestScript.updateSkill, com.JiviewsAutomation.SystemDefination_TestScript.skillSetUpTestScript.deActiveSkill" duration-ms="0" status="SKIP">
          <exception class="java.lang.Throwable">
            <message>
              <![CDATA[Method com.JiviewsAutomation.SystemDefination_TestScript.skillSetUpTestScript.searchColumns() on instance com.JiviewsAutomation.SystemDefination_TestScript.skillSetUpTestScript@15043a2f depends on not successfully finished methods 
[com.JiviewsAutomation.SystemDefination_TestScript.skillSetUpTestScript.setReActiveSkill() on instance com.JiviewsAutomation.SystemDefination_TestScript.skillSetUpTestScript@15043a2f
com.JiviewsAutomation.SystemDefination_TestScript.skillSetUpTestScript.createNewSkill() on instance com.JiviewsAutomation.SystemDefination_TestScript.skillSetUpTestScript@15043a2f
com.JiviewsAutomation.SystemDefination_TestScript.skillSetUpTestScript.updateSkill() on instance com.JiviewsAutomation.SystemDefination_TestScript.skillSetUpTestScript@15043a2f
com.JiviewsAutomation.SystemDefination_TestScript.skillSetUpTestScript.deActiveSkill() on instance com.JiviewsAutomation.SystemDefination_TestScript.skillSetUpTestScript@15043a2f]]]>
            </message>
            <full-stacktrace>
              <![CDATA[java.lang.Throwable: Method com.JiviewsAutomation.SystemDefination_TestScript.skillSetUpTestScript.searchColumns() on instance com.JiviewsAutomation.SystemDefination_TestScript.skillSetUpTestScript@15043a2f depends on not successfully finished methods 
[com.JiviewsAutomation.SystemDefination_TestScript.skillSetUpTestScript.setReActiveSkill() on instance com.JiviewsAutomation.SystemDefination_TestScript.skillSetUpTestScript@15043a2f
com.JiviewsAutomation.SystemDefination_TestScript.skillSetUpTestScript.createNewSkill() on instance com.JiviewsAutomation.SystemDefination_TestScript.skillSetUpTestScript@15043a2f
com.JiviewsAutomation.SystemDefination_TestScript.skillSetUpTestScript.updateSkill() on instance com.JiviewsAutomation.SystemDefination_TestScript.skillSetUpTestScript@15043a2f
com.JiviewsAutomation.SystemDefination_TestScript.skillSetUpTestScript.deActiveSkill() on instance com.JiviewsAutomation.SystemDefination_TestScript.skillSetUpTestScript@15043a2f]
at org.testng.internal.invokers.TestInvoker.invokeTestMethods(TestInvoker.java:150)
at org.testng.internal.invokers.TestMethodWorker.invokeTestMethods(TestMethodWorker.java:148)
at org.testng.internal.invokers.TestMethodWorker.run(TestMethodWorker.java:128)
at java.base/java.util.ArrayList.forEach(ArrayList.java:1511)
at org.testng.TestRunner.privateRun(TestRunner.java:829)
at org.testng.TestRunner.run(TestRunner.java:602)
at org.testng.SuiteRunner.runTest(SuiteRunner.java:437)
at org.testng.SuiteRunner.runSequentially(SuiteRunner.java:431)
at org.testng.SuiteRunner.privateRun(SuiteRunner.java:391)
at org.testng.SuiteRunner.run(SuiteRunner.java:330)
at org.testng.SuiteRunnerWorker.runSuite(SuiteRunnerWorker.java:52)
at org.testng.SuiteRunnerWorker.run(SuiteRunnerWorker.java:95)
at org.testng.TestNG.runSuitesSequentially(TestNG.java:1256)
at org.testng.TestNG.runSuitesLocally(TestNG.java:1176)
at org.testng.TestNG.runSuites(TestNG.java:1099)
at org.testng.TestNG.run(TestNG.java:1067)
at org.testng.remote.AbstractRemoteTestNG.run(AbstractRemoteTestNG.java:115)
at org.testng.remote.RemoteTestNG.initAndRun(RemoteTestNG.java:251)
at org.testng.remote.RemoteTestNG.main(RemoteTestNG.java:77)
]]>
            </full-stacktrace>
          </exception> <!-- java.lang.Throwable -->
          <reporter-output>
          </reporter-output>
        </test-method> <!-- searchColumns -->
        <test-method signature="setReActiveSkill()[pri:4, instance:com.JiviewsAutomation.SystemDefination_TestScript.skillSetUpTestScript@15043a2f]" started-at="2023-10-12T16:49:43 IST" name="setReActiveSkill" finished-at="2023-10-12T16:49:43 IST" depends-on-methods="com.JiviewsAutomation.SystemDefination_TestScript.skillSetUpTestScript.createNewSkill, com.JiviewsAutomation.SystemDefination_TestScript.skillSetUpTestScript.updateSkill, com.JiviewsAutomation.SystemDefination_TestScript.skillSetUpTestScript.deActiveSkill" duration-ms="0" status="SKIP">
          <exception class="java.lang.Throwable">
            <message>
              <![CDATA[Method com.JiviewsAutomation.SystemDefination_TestScript.skillSetUpTestScript.setReActiveSkill() on instance com.JiviewsAutomation.SystemDefination_TestScript.skillSetUpTestScript@15043a2f depends on not successfully finished methods 
[com.JiviewsAutomation.SystemDefination_TestScript.skillSetUpTestScript.createNewSkill() on instance com.JiviewsAutomation.SystemDefination_TestScript.skillSetUpTestScript@15043a2f
com.JiviewsAutomation.SystemDefination_TestScript.skillSetUpTestScript.updateSkill() on instance com.JiviewsAutomation.SystemDefination_TestScript.skillSetUpTestScript@15043a2f
com.JiviewsAutomation.SystemDefination_TestScript.skillSetUpTestScript.deActiveSkill() on instance com.JiviewsAutomation.SystemDefination_TestScript.skillSetUpTestScript@15043a2f]]]>
            </message>
            <full-stacktrace>
              <![CDATA[java.lang.Throwable: Method com.JiviewsAutomation.SystemDefination_TestScript.skillSetUpTestScript.setReActiveSkill() on instance com.JiviewsAutomation.SystemDefination_TestScript.skillSetUpTestScript@15043a2f depends on not successfully finished methods 
[com.JiviewsAutomation.SystemDefination_TestScript.skillSetUpTestScript.createNewSkill() on instance com.JiviewsAutomation.SystemDefination_TestScript.skillSetUpTestScript@15043a2f
com.JiviewsAutomation.SystemDefination_TestScript.skillSetUpTestScript.updateSkill() on instance com.JiviewsAutomation.SystemDefination_TestScript.skillSetUpTestScript@15043a2f
com.JiviewsAutomation.SystemDefination_TestScript.skillSetUpTestScript.deActiveSkill() on instance com.JiviewsAutomation.SystemDefination_TestScript.skillSetUpTestScript@15043a2f]
at org.testng.internal.invokers.TestInvoker.invokeTestMethods(TestInvoker.java:150)
at org.testng.internal.invokers.TestMethodWorker.invokeTestMethods(TestMethodWorker.java:148)
at org.testng.internal.invokers.TestMethodWorker.run(TestMethodWorker.java:128)
at java.base/java.util.ArrayList.forEach(ArrayList.java:1511)
at org.testng.TestRunner.privateRun(TestRunner.java:829)
at org.testng.TestRunner.run(TestRunner.java:602)
at org.testng.SuiteRunner.runTest(SuiteRunner.java:437)
at org.testng.SuiteRunner.runSequentially(SuiteRunner.java:431)
at org.testng.SuiteRunner.privateRun(SuiteRunner.java:391)
at org.testng.SuiteRunner.run(SuiteRunner.java:330)
at org.testng.SuiteRunnerWorker.runSuite(SuiteRunnerWorker.java:52)
at org.testng.SuiteRunnerWorker.run(SuiteRunnerWorker.java:95)
at org.testng.TestNG.runSuitesSequentially(TestNG.java:1256)
at org.testng.TestNG.runSuitesLocally(TestNG.java:1176)
at org.testng.TestNG.runSuites(TestNG.java:1099)
at org.testng.TestNG.run(TestNG.java:1067)
at org.testng.remote.AbstractRemoteTestNG.run(AbstractRemoteTestNG.java:115)
at org.testng.remote.RemoteTestNG.initAndRun(RemoteTestNG.java:251)
at org.testng.remote.RemoteTestNG.main(RemoteTestNG.java:77)
]]>
            </full-stacktrace>
          </exception> <!-- java.lang.Throwable -->
          <reporter-output>
          </reporter-output>
        </test-method> <!-- setReActiveSkill -->
        <test-method is-config="true" signature="closeBrowser()[pri:0, instance:com.JiviewsAutomation.SystemDefination_TestScript.skillSetUpTestScript@15043a2f]" started-at="2023-10-12T16:49:43 IST" name="closeBrowser" finished-at="2023-10-12T16:49:44 IST" duration-ms="207" status="PASS">
          <reporter-output>
            <line>
              <![CDATA[Close Browser]]>
            </line>
          </reporter-output>
        </test-method> <!-- closeBrowser -->
      </class> <!-- com.JiviewsAutomation.SystemDefination_TestScript.skillSetUpTestScript -->
    </test> <!-- Default test -->
  </suite> <!-- Default suite -->
</testng-results>
