<?xml version="1.0" encoding="UTF-8"?>
<testng-results ignored="0" total="4" passed="4" failed="0" skipped="0">
  <reporter-output>
    <line>
      <![CDATA[Open Browser]]>
    </line>
    <line>
      <![CDATA[Open Browser]]>
    </line>
    <line>
      <![CDATA[Login]]>
    </line>
    <line>
      <![CDATA[Close Browser]]>
    </line>
  </reporter-output>
  <suite started-at="2023-11-07T02:53:13Z" name="Default suite" finished-at="2023-11-07T02:54:31Z" duration-ms="77604">
    <groups>
    </groups>
    <test started-at="2023-11-07T02:53:13Z" name="Default test" finished-at="2023-11-07T02:54:31Z" duration-ms="77604">
      <class name="com.JiviewsAutomation.SystemDefination_Test.SCRTest">
        <test-method is-config="true" signature="launchBrowser()[pri:0, instance:com.JiviewsAutomation.SystemDefination_Test.SCRTest@77b325b3]" started-at="2023-11-07T02:53:13Z" name="launchBrowser" finished-at="2023-11-07T02:53:15Z" duration-ms="1643" status="PASS">
          <reporter-output>
            <line>
              <![CDATA[Open Browser]]>
            </line>
            <line>
              <![CDATA[Open Browser]]>
            </line>
          </reporter-output>
        </test-method> <!-- launchBrowser -->
        <test-method is-config="true" signature="beforeTestMethod()[pri:0, instance:com.JiviewsAutomation.SystemDefination_Test.SCRTest@77b325b3]" started-at="2023-11-07T02:53:15Z" name="beforeTestMethod" finished-at="2023-11-07T02:53:17Z" duration-ms="2403" status="PASS">
          <reporter-output>
            <line>
              <![CDATA[Login]]>
            </line>
          </reporter-output>
        </test-method> <!-- beforeTestMethod -->
        <test-method signature="verifyCreateSCR()[pri:0, instance:com.JiviewsAutomation.SystemDefination_Test.SCRTest@77b325b3]" started-at="2023-11-07T02:53:17Z" name="verifyCreateSCR" finished-at="2023-11-07T02:53:43Z" duration-ms="26112" status="PASS">
          <reporter-output>
          </reporter-output>
        </test-method> <!-- verifyCreateSCR -->
        <test-method signature="verifyDereactivateSCR()[pri:0, instance:com.JiviewsAutomation.SystemDefination_Test.SCRTest@77b325b3]" started-at="2023-11-07T02:53:43Z" name="verifyDereactivateSCR" finished-at="2023-11-07T02:54:00Z" duration-ms="16496" status="PASS">
          <reporter-output>
          </reporter-output>
        </test-method> <!-- verifyDereactivateSCR -->
        <test-method signature="verifyUpdateSCR()[pri:0, instance:com.JiviewsAutomation.SystemDefination_Test.SCRTest@77b325b3]" started-at="2023-11-07T02:54:00Z" name="verifyUpdateSCR" finished-at="2023-11-07T02:54:16Z" depends-on-methods="com.JiviewsAutomation.SystemDefination_Test.SCRTest.verifyCreateSCR" duration-ms="15995" status="PASS">
          <reporter-output>
          </reporter-output>
        </test-method> <!-- verifyUpdateSCR -->
        <test-method signature="verifyDeactivateSCR()[pri:0, instance:com.JiviewsAutomation.SystemDefination_Test.SCRTest@77b325b3]" started-at="2023-11-07T02:54:16Z" name="verifyDeactivateSCR" finished-at="2023-11-07T02:54:31Z" depends-on-methods="com.JiviewsAutomation.SystemDefination_Test.SCRTest.verifyUpdateSCR" duration-ms="14678" status="PASS">
          <reporter-output>
          </reporter-output>
        </test-method> <!-- verifyDeactivateSCR -->
        <test-method is-config="true" signature="closeBrowser()[pri:0, instance:com.JiviewsAutomation.SystemDefination_Test.SCRTest@77b325b3]" started-at="2023-11-07T02:54:31Z" name="closeBrowser" finished-at="2023-11-07T02:54:31Z" duration-ms="210" status="PASS">
          <reporter-output>
            <line>
              <![CDATA[Close Browser]]>
            </line>
          </reporter-output>
        </test-method> <!-- closeBrowser -->
        <test-method is-config="true" signature="afterTestMethod()[pri:0, instance:com.JiviewsAutomation.SystemDefination_Test.SCRTest@77b325b3]" started-at="2023-11-07T02:54:31Z" name="afterTestMethod" finished-at="2023-11-07T02:54:31Z" duration-ms="0" status="PASS">
          <reporter-output>
          </reporter-output>
        </test-method> <!-- afterTestMethod -->
      </class> <!-- com.JiviewsAutomation.SystemDefination_Test.SCRTest -->
    </test> <!-- Default test -->
  </suite> <!-- Default suite -->
</testng-results>
