<?xml version="1.0" encoding="UTF-8"?>
<testng-results ignored="10" total="11" passed="1" failed="0" skipped="0">
  <reporter-output>
    <line>
      <![CDATA[Login]]>
    </line>
    <line>
      <![CDATA[Logout]]>
    </line>
  </reporter-output>
  <suite started-at="2023-11-24T01:45:47Z" name="Default suite" finished-at="2023-11-24T01:46:26Z" duration-ms="38301">
    <groups>
    </groups>
    <test started-at="2023-11-24T01:45:47Z" name="Default test" finished-at="2023-11-24T01:46:26Z" duration-ms="38301">
      <class name="com.JiviewsAutomation.SystemDefination_Test.EmpAdmEmployeeProfileTest">
        <test-method is-config="true" signature="launchBrowser()[pri:0, instance:com.JiviewsAutomation.SystemDefination_Test.EmpAdmEmployeeProfileTest@57dc9128]" started-at="2023-11-24T01:45:47Z" name="launchBrowser" finished-at="2023-11-24T01:45:49Z" duration-ms="1930" status="PASS">
          <reporter-output>
          </reporter-output>
        </test-method> <!-- launchBrowser -->
        <test-method is-config="true" signature="beforeTestMethod()[pri:0, instance:com.JiviewsAutomation.SystemDefination_Test.EmpAdmEmployeeProfileTest@57dc9128]" started-at="2023-11-24T01:45:49Z" name="beforeTestMethod" finished-at="2023-11-24T01:45:52Z" duration-ms="2436" status="PASS">
          <reporter-output>
            <line>
              <![CDATA[Login]]>
            </line>
          </reporter-output>
        </test-method> <!-- beforeTestMethod -->
        <test-method is-config="true" signature="setup()[pri:0, instance:com.JiviewsAutomation.SystemDefination_Test.EmpAdmEmployeeProfileTest@57dc9128]" started-at="2023-11-24T01:45:52Z" name="setup" finished-at="2023-11-24T01:45:59Z" duration-ms="7418" status="PASS">
          <reporter-output>
          </reporter-output>
        </test-method> <!-- setup -->
        <test-method signature="verifyTerminateEmpProfile()[pri:10, instance:com.JiviewsAutomation.SystemDefination_Test.EmpAdmEmployeeProfileTest@57dc9128]" started-at="2023-11-24T01:45:59Z" name="verifyTerminateEmpProfile" finished-at="2023-11-24T01:46:25Z" duration-ms="26151" status="PASS">
          <reporter-output>
          </reporter-output>
        </test-method> <!-- verifyTerminateEmpProfile -->
        <test-method is-config="true" signature="afterTestMethod()[pri:0, instance:com.JiviewsAutomation.SystemDefination_Test.EmpAdmEmployeeProfileTest@57dc9128]" started-at="2023-11-24T01:46:25Z" name="afterTestMethod" finished-at="2023-11-24T01:46:25Z" duration-ms="1" status="PASS">
          <reporter-output>
            <line>
              <![CDATA[Logout]]>
            </line>
          </reporter-output>
        </test-method> <!-- afterTestMethod -->
        <test-method is-config="true" signature="closeBrowser()[pri:0, instance:com.JiviewsAutomation.SystemDefination_Test.EmpAdmEmployeeProfileTest@57dc9128]" started-at="2023-11-24T01:46:25Z" name="closeBrowser" finished-at="2023-11-24T01:46:26Z" duration-ms="325" status="PASS">
          <reporter-output>
          </reporter-output>
        </test-method> <!-- closeBrowser -->
      </class> <!-- com.JiviewsAutomation.SystemDefination_Test.EmpAdmEmployeeProfileTest -->
    </test> <!-- Default test -->
  </suite> <!-- Default suite -->
</testng-results>
