<?xml version="1.0" encoding="UTF-8"?>
<testng-results ignored="0" total="3" passed="3" failed="0" skipped="0">
  <reporter-output>
  </reporter-output>
  <suite started-at="2023-11-09T19:36:00Z" name="Default suite" finished-at="2023-11-09T19:36:51Z" duration-ms="50546">
    <groups>
    </groups>
    <test started-at="2023-11-09T19:36:00Z" name="Default test" finished-at="2023-11-09T19:36:51Z" duration-ms="50546">
      <class name="com.JiviewsAutomation.SystemDefination_Test.PublicHolidayTest">
        <test-method is-config="true" signature="launchBrowser()[pri:0, instance:com.JiviewsAutomation.SystemDefination_Test.PublicHolidayTest@7b02e036]" started-at="2023-11-09T19:36:00Z" name="launchBrowser" finished-at="2023-11-09T19:36:02Z" duration-ms="1575" status="PASS">
          <reporter-output>
          </reporter-output>
        </test-method> <!-- launchBrowser -->
        <test-method is-config="true" signature="login()[pri:0, instance:com.JiviewsAutomation.SystemDefination_Test.PublicHolidayTest@7b02e036]" started-at="2023-11-09T19:36:02Z" name="login" finished-at="2023-11-09T19:36:05Z" duration-ms="2559" status="PASS">
          <reporter-output>
          </reporter-output>
        </test-method> <!-- login -->
        <test-method is-config="true" signature="setup()[pri:0, instance:com.JiviewsAutomation.SystemDefination_Test.PublicHolidayTest@7b02e036]" started-at="2023-11-09T19:36:05Z" name="setup" finished-at="2023-11-09T19:36:14Z" duration-ms="9474" status="PASS">
          <reporter-output>
          </reporter-output>
        </test-method> <!-- setup -->
        <test-method signature="verifyCreatePublicHoliday()[pri:1, instance:com.JiviewsAutomation.SystemDefination_Test.PublicHolidayTest@7b02e036]" started-at="2023-11-09T19:36:14Z" name="verifyCreatePublicHoliday" finished-at="2023-11-09T19:36:18Z" duration-ms="4384" status="PASS">
          <reporter-output>
          </reporter-output>
        </test-method> <!-- verifyCreatePublicHoliday -->
        <test-method is-config="true" signature="login()[pri:0, instance:com.JiviewsAutomation.SystemDefination_Test.PublicHolidayTest@7b02e036]" started-at="2023-11-09T19:36:18Z" name="login" finished-at="2023-11-09T19:36:20Z" duration-ms="1726" status="PASS">
          <reporter-output>
          </reporter-output>
        </test-method> <!-- login -->
        <test-method is-config="true" signature="logout()[pri:0, instance:com.JiviewsAutomation.SystemDefination_Test.PublicHolidayTest@7b02e036]" started-at="2023-11-09T19:36:18Z" name="logout" finished-at="2023-11-09T19:36:18Z" duration-ms="0" status="PASS">
          <reporter-output>
          </reporter-output>
        </test-method> <!-- logout -->
        <test-method is-config="true" signature="setup()[pri:0, instance:com.JiviewsAutomation.SystemDefination_Test.PublicHolidayTest@7b02e036]" started-at="2023-11-09T19:36:20Z" name="setup" finished-at="2023-11-09T19:36:28Z" duration-ms="7380" status="PASS">
          <reporter-output>
          </reporter-output>
        </test-method> <!-- setup -->
        <test-method signature="verifyUpdatePublicHoliday()[pri:2, instance:com.JiviewsAutomation.SystemDefination_Test.PublicHolidayTest@7b02e036]" started-at="2023-11-09T19:36:28Z" name="verifyUpdatePublicHoliday" finished-at="2023-11-09T19:36:32Z" depends-on-methods="com.JiviewsAutomation.SystemDefination_Test.PublicHolidayTest.verifyCreatePublicHoliday" duration-ms="4865" status="PASS">
          <reporter-output>
          </reporter-output>
        </test-method> <!-- verifyUpdatePublicHoliday -->
        <test-method is-config="true" signature="login()[pri:0, instance:com.JiviewsAutomation.SystemDefination_Test.PublicHolidayTest@7b02e036]" started-at="2023-11-09T19:36:32Z" name="login" finished-at="2023-11-09T19:36:36Z" duration-ms="3657" status="PASS">
          <reporter-output>
          </reporter-output>
        </test-method> <!-- login -->
        <test-method is-config="true" signature="logout()[pri:0, instance:com.JiviewsAutomation.SystemDefination_Test.PublicHolidayTest@7b02e036]" started-at="2023-11-09T19:36:32Z" name="logout" finished-at="2023-11-09T19:36:32Z" duration-ms="0" status="PASS">
          <reporter-output>
          </reporter-output>
        </test-method> <!-- logout -->
        <test-method is-config="true" signature="setup()[pri:0, instance:com.JiviewsAutomation.SystemDefination_Test.PublicHolidayTest@7b02e036]" started-at="2023-11-09T19:36:36Z" name="setup" finished-at="2023-11-09T19:36:44Z" duration-ms="7928" status="PASS">
          <reporter-output>
          </reporter-output>
        </test-method> <!-- setup -->
        <test-method signature="verifyDeletePublicHoliday()[pri:3, instance:com.JiviewsAutomation.SystemDefination_Test.PublicHolidayTest@7b02e036]" started-at="2023-11-09T19:36:44Z" name="verifyDeletePublicHoliday" finished-at="2023-11-09T19:36:51Z" depends-on-methods="com.JiviewsAutomation.SystemDefination_Test.PublicHolidayTest.verifyUpdatePublicHoliday" duration-ms="6765" status="PASS">
          <reporter-output>
          </reporter-output>
        </test-method> <!-- verifyDeletePublicHoliday -->
        <test-method is-config="true" signature="closeBrowser()[pri:0, instance:com.JiviewsAutomation.SystemDefination_Test.PublicHolidayTest@7b02e036]" started-at="2023-11-09T19:36:51Z" name="closeBrowser" finished-at="2023-11-09T19:36:51Z" duration-ms="220" status="PASS">
          <reporter-output>
          </reporter-output>
        </test-method> <!-- closeBrowser -->
        <test-method is-config="true" signature="logout()[pri:0, instance:com.JiviewsAutomation.SystemDefination_Test.PublicHolidayTest@7b02e036]" started-at="2023-11-09T19:36:51Z" name="logout" finished-at="2023-11-09T19:36:51Z" duration-ms="0" status="PASS">
          <reporter-output>
          </reporter-output>
        </test-method> <!-- logout -->
      </class> <!-- com.JiviewsAutomation.SystemDefination_Test.PublicHolidayTest -->
    </test> <!-- Default test -->
  </suite> <!-- Default suite -->
</testng-results>
