<?xml version="1.0" encoding="UTF-8"?>
<testng-results ignored="0" total="1" passed="1" failed="0" skipped="0">
  <reporter-output>
  </reporter-output>
  <suite started-at="2023-11-17T03:41:58Z" name="Default suite" finished-at="2023-11-17T03:42:26Z" duration-ms="27897">
    <groups>
    </groups>
    <test started-at="2023-11-17T03:41:58Z" name="Default test" finished-at="2023-11-17T03:42:26Z" duration-ms="27897">
      <class name="com.JiviewsAutomation.SystemDefination_Test.EmpAdmEmployeeProfileTest">
        <test-method is-config="true" signature="launchBrowser()[pri:0, instance:com.JiviewsAutomation.SystemDefination_Test.EmpAdmEmployeeProfileTest@772485dd]" started-at="2023-11-17T03:41:58Z" name="launchBrowser" finished-at="2023-11-17T03:42:00Z" duration-ms="1786" status="PASS">
          <reporter-output>
          </reporter-output>
        </test-method> <!-- launchBrowser -->
        <test-method is-config="true" signature="login()[pri:0, instance:com.JiviewsAutomation.SystemDefination_Test.EmpAdmEmployeeProfileTest@772485dd]" started-at="2023-11-17T03:42:00Z" name="login" finished-at="2023-11-17T03:42:02Z" duration-ms="2306" status="PASS">
          <reporter-output>
          </reporter-output>
        </test-method> <!-- login -->
        <test-method signature="verifyCreateEmpProfile()[pri:1, instance:com.JiviewsAutomation.SystemDefination_Test.EmpAdmEmployeeProfileTest@772485dd]" started-at="2023-11-17T03:42:02Z" name="verifyCreateEmpProfile" finished-at="2023-11-17T03:42:26Z" duration-ms="23773" status="PASS">
          <reporter-output>
          </reporter-output>
        </test-method> <!-- verifyCreateEmpProfile -->
        <test-method is-config="true" signature="logout()[pri:0, instance:com.JiviewsAutomation.SystemDefination_Test.EmpAdmEmployeeProfileTest@772485dd]" started-at="2023-11-17T03:42:26Z" name="logout" finished-at="2023-11-17T03:42:26Z" duration-ms="0" status="PASS">
          <reporter-output>
          </reporter-output>
        </test-method> <!-- logout -->
        <test-method is-config="true" signature="closeBrowser()[pri:0, instance:com.JiviewsAutomation.SystemDefination_Test.EmpAdmEmployeeProfileTest@772485dd]" started-at="2023-11-17T03:42:26Z" name="closeBrowser" finished-at="2023-11-17T03:42:26Z" duration-ms="1" status="PASS">
          <reporter-output>
          </reporter-output>
        </test-method> <!-- closeBrowser -->
      </class> <!-- com.JiviewsAutomation.SystemDefination_Test.EmpAdmEmployeeProfileTest -->
    </test> <!-- Default test -->
  </suite> <!-- Default suite -->
</testng-results>
