<?xml version="1.0" encoding="UTF-8"?>
<testng-results ignored="19" total="20" passed="1" failed="0" skipped="0">
  <reporter-output>
    <line>
      <![CDATA[Login]]>
    </line>
    <line>
      <![CDATA[Logout]]>
    </line>
  </reporter-output>
  <suite started-at="2024-02-06T18:20:06Z" name="Default suite" finished-at="2024-02-06T18:20:49Z" duration-ms="43468">
    <groups>
    </groups>
    <test started-at="2024-02-06T18:20:06Z" name="Default test" finished-at="2024-02-06T18:20:49Z" duration-ms="43468">
      <class name="com.JiviewsAutomation.SystemDefination_Test.E10_2910_WorkforceEmployeeRosterV2Test">
        <test-method is-config="true" signature="launchBrowser()[pri:0, instance:com.JiviewsAutomation.SystemDefination_Test.E10_2910_WorkforceEmployeeRosterV2Test@1af05b03]" started-at="2024-02-06T18:20:06Z" name="launchBrowser" finished-at="2024-02-06T18:20:08Z" duration-ms="1818" status="PASS">
          <reporter-output>
          </reporter-output>
        </test-method> <!-- launchBrowser -->
        <test-method is-config="true" signature="beforeTestMethod()[pri:0, instance:com.JiviewsAutomation.SystemDefination_Test.E10_2910_WorkforceEmployeeRosterV2Test@1af05b03]" started-at="2024-02-06T18:20:08Z" name="beforeTestMethod" finished-at="2024-02-06T18:20:25Z" duration-ms="17557" status="PASS">
          <reporter-output>
            <line>
              <![CDATA[Login]]>
            </line>
          </reporter-output>
        </test-method> <!-- beforeTestMethod -->
        <test-method is-config="true" signature="setup()[pri:0, instance:com.JiviewsAutomation.SystemDefination_Test.E10_2910_WorkforceEmployeeRosterV2Test@1af05b03]" started-at="2024-02-06T18:20:25Z" name="setup" finished-at="2024-02-06T18:20:37Z" duration-ms="11472" status="PASS">
          <reporter-output>
          </reporter-output>
        </test-method> <!-- setup -->
        <test-method signature="E10_2938_VerifySearchEmpRosterByDate()[pri:1, instance:com.JiviewsAutomation.SystemDefination_Test.E10_2910_WorkforceEmployeeRosterV2Test@1af05b03]" started-at="2024-02-06T18:20:37Z" name="E10_2938_VerifySearchEmpRosterByDate" finished-at="2024-02-06T18:20:49Z" duration-ms="12409" status="PASS">
          <reporter-output>
          </reporter-output>
        </test-method> <!-- E10_2938_VerifySearchEmpRosterByDate -->
        <test-method is-config="true" signature="afterTestMethod()[pri:0, instance:com.JiviewsAutomation.SystemDefination_Test.E10_2910_WorkforceEmployeeRosterV2Test@1af05b03]" started-at="2024-02-06T18:20:49Z" name="afterTestMethod" finished-at="2024-02-06T18:20:49Z" duration-ms="1" status="PASS">
          <reporter-output>
            <line>
              <![CDATA[Logout]]>
            </line>
          </reporter-output>
        </test-method> <!-- afterTestMethod -->
        <test-method is-config="true" signature="closeBrowser()[pri:0, instance:com.JiviewsAutomation.SystemDefination_Test.E10_2910_WorkforceEmployeeRosterV2Test@1af05b03]" started-at="2024-02-06T18:20:49Z" name="closeBrowser" finished-at="2024-02-06T18:20:49Z" duration-ms="190" status="PASS">
          <reporter-output>
          </reporter-output>
        </test-method> <!-- closeBrowser -->
      </class> <!-- com.JiviewsAutomation.SystemDefination_Test.E10_2910_WorkforceEmployeeRosterV2Test -->
    </test> <!-- Default test -->
  </suite> <!-- Default suite -->
</testng-results>
