<?xml version="1.0" encoding="UTF-8"?>
<testng-results ignored="3" total="4" passed="1" failed="0" skipped="0">
  <reporter-output>
    <line>
      <![CDATA[Login]]>
    </line>
    <line>
      <![CDATA[Logout]]>
    </line>
  </reporter-output>
  <suite started-at="2024-01-25T05:45:35Z" name="Default suite" finished-at="2024-01-25T05:47:02Z" duration-ms="87464">
    <groups>
    </groups>
    <test started-at="2024-01-25T05:45:35Z" name="Default test" finished-at="2024-01-25T05:47:02Z" duration-ms="87464">
      <class name="com.JiviewsAutomation.SystemDefination_Test.E10_3147_WorkloadPlannerTest">
        <test-method is-config="true" signature="launchBrowser()[pri:0, instance:com.JiviewsAutomation.SystemDefination_Test.E10_3147_WorkloadPlannerTest@126be319]" started-at="2024-01-25T05:45:35Z" name="launchBrowser" finished-at="2024-01-25T05:45:36Z" duration-ms="1637" status="PASS">
          <reporter-output>
          </reporter-output>
        </test-method> <!-- launchBrowser -->
        <test-method is-config="true" signature="beforeTestMethod()[pri:0, instance:com.JiviewsAutomation.SystemDefination_Test.E10_3147_WorkloadPlannerTest@126be319]" started-at="2024-01-25T05:45:36Z" name="beforeTestMethod" finished-at="2024-01-25T05:45:40Z" duration-ms="4055" status="PASS">
          <reporter-output>
            <line>
              <![CDATA[Login]]>
            </line>
          </reporter-output>
        </test-method> <!-- beforeTestMethod -->
        <test-method is-config="true" signature="setup()[pri:0, instance:com.JiviewsAutomation.SystemDefination_Test.E10_3147_WorkloadPlannerTest@126be319]" started-at="2024-01-25T05:45:40Z" name="setup" finished-at="2024-01-25T05:45:54Z" duration-ms="13611" status="PASS">
          <reporter-output>
          </reporter-output>
        </test-method> <!-- setup -->
        <test-method signature="E10_3211_VerifyCreateVesselScheduleTableView()[pri:1, instance:com.JiviewsAutomation.SystemDefination_Test.E10_3147_WorkloadPlannerTest@126be319]" started-at="2024-01-25T05:45:54Z" name="E10_3211_VerifyCreateVesselScheduleTableView" finished-at="2024-01-25T05:47:02Z" duration-ms="68144" status="PASS">
          <reporter-output>
          </reporter-output>
        </test-method> <!-- E10_3211_VerifyCreateVesselScheduleTableView -->
        <test-method is-config="true" signature="afterTestMethod()[pri:0, instance:com.JiviewsAutomation.SystemDefination_Test.E10_3147_WorkloadPlannerTest@126be319]" started-at="2024-01-25T05:47:02Z" name="afterTestMethod" finished-at="2024-01-25T05:47:02Z" duration-ms="2" status="PASS">
          <reporter-output>
            <line>
              <![CDATA[Logout]]>
            </line>
          </reporter-output>
        </test-method> <!-- afterTestMethod -->
        <test-method is-config="true" signature="closeBrowser()[pri:0, instance:com.JiviewsAutomation.SystemDefination_Test.E10_3147_WorkloadPlannerTest@126be319]" started-at="2024-01-25T05:47:02Z" name="closeBrowser" finished-at="2024-01-25T05:47:02Z" duration-ms="1" status="PASS">
          <reporter-output>
          </reporter-output>
        </test-method> <!-- closeBrowser -->
      </class> <!-- com.JiviewsAutomation.SystemDefination_Test.E10_3147_WorkloadPlannerTest -->
    </test> <!-- Default test -->
  </suite> <!-- Default suite -->
</testng-results>
