<?xml version="1.0" encoding="UTF-8"?>
<testng-results ignored="0" total="1" passed="1" failed="0" skipped="0">
  <reporter-output>
    <line>
      <![CDATA[Open Browser]]>
    </line>
    <line>
      <![CDATA[Open Browser]]>
    </line>
    <line>
      <![CDATA[Login]]>
    </line>
    <line>
      <![CDATA[Logout]]>
    </line>
    <line>
      <![CDATA[Close Browser]]>
    </line>
  </reporter-output>
  <suite started-at="2023-10-23T08:15:24Z" name="Default suite" finished-at="2023-10-23T08:15:50Z" duration-ms="25353">
    <groups>
    </groups>
    <test started-at="2023-10-23T08:15:24Z" name="Default test" finished-at="2023-10-23T08:15:50Z" duration-ms="25353">
      <class name="com.JiviewsAutomation.SystemDefination_Test.RoaserSetup">
        <test-method is-config="true" signature="launchBrowser()[pri:0, instance:com.JiviewsAutomation.SystemDefination_Test.RoaserSetup@49ef32e0]" started-at="2023-10-23T08:15:24Z" name="launchBrowser" finished-at="2023-10-23T08:15:26Z" duration-ms="1708" status="PASS">
          <reporter-output>
            <line>
              <![CDATA[Open Browser]]>
            </line>
            <line>
              <![CDATA[Open Browser]]>
            </line>
          </reporter-output>
        </test-method> <!-- launchBrowser -->
        <test-method is-config="true" signature="login()[pri:0, instance:com.JiviewsAutomation.SystemDefination_Test.RoaserSetup@49ef32e0]" started-at="2023-10-23T08:15:26Z" name="login" finished-at="2023-10-23T08:15:28Z" duration-ms="1950" status="PASS">
          <reporter-output>
            <line>
              <![CDATA[Login]]>
            </line>
          </reporter-output>
        </test-method> <!-- login -->
        <test-method signature="createShiftBandDefinition()[pri:0, instance:com.JiviewsAutomation.SystemDefination_Test.RoaserSetup@49ef32e0]" started-at="2023-10-23T08:15:28Z" name="createShiftBandDefinition" finished-at="2023-10-23T08:15:50Z" duration-ms="21475" status="PASS">
          <reporter-output>
          </reporter-output>
        </test-method> <!-- createShiftBandDefinition -->
        <test-method is-config="true" signature="closeBrowser()[pri:0, instance:com.JiviewsAutomation.SystemDefination_Test.RoaserSetup@49ef32e0]" started-at="2023-10-23T08:15:50Z" name="closeBrowser" finished-at="2023-10-23T08:15:50Z" duration-ms="192" status="PASS">
          <reporter-output>
            <line>
              <![CDATA[Close Browser]]>
            </line>
          </reporter-output>
        </test-method> <!-- closeBrowser -->
        <test-method is-config="true" signature="logout()[pri:0, instance:com.JiviewsAutomation.SystemDefination_Test.RoaserSetup@49ef32e0]" started-at="2023-10-23T08:15:50Z" name="logout" finished-at="2023-10-23T08:15:50Z" duration-ms="0" status="PASS">
          <reporter-output>
            <line>
              <![CDATA[Logout]]>
            </line>
          </reporter-output>
        </test-method> <!-- logout -->
      </class> <!-- com.JiviewsAutomation.SystemDefination_Test.RoaserSetup -->
    </test> <!-- Default test -->
  </suite> <!-- Default suite -->
</testng-results>
