<?xml version="1.0" encoding="UTF-8"?>
<testng-results ignored="0" total="12" passed="7" failed="5" skipped="0">
  <reporter-output>
    <line>
      <![CDATA[Open Browser]]>
    </line>
    <line>
      <![CDATA[Open Browser]]>
    </line>
    <line>
      <![CDATA[Login]]>
    </line>
    <line>
      <![CDATA[Logout]]>
    </line>
    <line>
      <![CDATA[Login]]>
    </line>
    <line>
      <![CDATA[Logout]]>
    </line>
    <line>
      <![CDATA[Login]]>
    </line>
    <line>
      <![CDATA[Logout]]>
    </line>
    <line>
      <![CDATA[Login]]>
    </line>
    <line>
      <![CDATA[Logout]]>
    </line>
    <line>
      <![CDATA[Login]]>
    </line>
    <line>
      <![CDATA[Logout]]>
    </line>
    <line>
      <![CDATA[Login]]>
    </line>
    <line>
      <![CDATA[Logout]]>
    </line>
    <line>
      <![CDATA[Login]]>
    </line>
    <line>
      <![CDATA[Logout]]>
    </line>
    <line>
      <![CDATA[Login]]>
    </line>
    <line>
      <![CDATA[Logout]]>
    </line>
    <line>
      <![CDATA[Login]]>
    </line>
    <line>
      <![CDATA[Logout]]>
    </line>
    <line>
      <![CDATA[Login]]>
    </line>
    <line>
      <![CDATA[Logout]]>
    </line>
    <line>
      <![CDATA[Login]]>
    </line>
    <line>
      <![CDATA[Logout]]>
    </line>
    <line>
      <![CDATA[Login]]>
    </line>
    <line>
      <![CDATA[Logout]]>
    </line>
    <line>
      <![CDATA[Close Browser]]>
    </line>
  </reporter-output>
  <suite started-at="2023-10-27T05:48:13Z" name="Default suite" finished-at="2023-10-27T05:53:29Z" duration-ms="315856">
    <groups>
    </groups>
    <test started-at="2023-10-27T05:48:13Z" name="Default test" finished-at="2023-10-27T05:53:29Z" duration-ms="315856">
      <class name="com.JiviewsAutomation.SystemDefination_Test.roleSetUpTest">
        <test-method is-config="true" signature="launchBrowser()[pri:0, instance:com.JiviewsAutomation.SystemDefination_Test.roleSetUpTest@315df4bb]" started-at="2023-10-27T05:48:13Z" name="launchBrowser" finished-at="2023-10-27T05:48:15Z" duration-ms="2067" status="PASS">
          <reporter-output>
            <line>
              <![CDATA[Open Browser]]>
            </line>
            <line>
              <![CDATA[Open Browser]]>
            </line>
          </reporter-output>
        </test-method> <!-- launchBrowser -->
        <test-method is-config="true" signature="login()[pri:0, instance:com.JiviewsAutomation.SystemDefination_Test.roleSetUpTest@315df4bb]" started-at="2023-10-27T05:48:15Z" name="login" finished-at="2023-10-27T05:48:17Z" duration-ms="2678" status="PASS">
          <reporter-output>
            <line>
              <![CDATA[Login]]>
            </line>
          </reporter-output>
        </test-method> <!-- login -->
        <test-method signature="verifyCreateNewRole()[pri:0, instance:com.JiviewsAutomation.SystemDefination_Test.roleSetUpTest@315df4bb]" started-at="2023-10-27T05:48:17Z" name="verifyCreateNewRole" finished-at="2023-10-27T05:48:49Z" duration-ms="31521" status="PASS">
          <reporter-output>
          </reporter-output>
        </test-method> <!-- verifyCreateNewRole -->
        <test-method is-config="true" signature="logout()[pri:0, instance:com.JiviewsAutomation.SystemDefination_Test.roleSetUpTest@315df4bb]" started-at="2023-10-27T05:48:49Z" name="logout" finished-at="2023-10-27T05:48:49Z" duration-ms="9" status="PASS">
          <reporter-output>
            <line>
              <![CDATA[Logout]]>
            </line>
          </reporter-output>
        </test-method> <!-- logout -->
        <test-method is-config="true" signature="login()[pri:0, instance:com.JiviewsAutomation.SystemDefination_Test.roleSetUpTest@315df4bb]" started-at="2023-10-27T05:48:49Z" name="login" finished-at="2023-10-27T05:48:51Z" duration-ms="1925" status="PASS">
          <reporter-output>
            <line>
              <![CDATA[Login]]>
            </line>
          </reporter-output>
        </test-method> <!-- login -->
        <test-method signature="verifyCreateNewRoleWithoutPriarySkill()[pri:0, instance:com.JiviewsAutomation.SystemDefination_Test.roleSetUpTest@315df4bb]" started-at="2023-10-27T05:48:51Z" name="verifyCreateNewRoleWithoutPriarySkill" finished-at="2023-10-27T05:49:19Z" duration-ms="27690" status="FAIL">
          <exception class="org.openqa.selenium.json.JsonException">
            <message>
              <![CDATA[java.lang.reflect.InvocationTargetException
Build info: version: '4.10.0', revision: 'c14d967899'
System info: os.name: 'Windows 11', os.arch: 'amd64', os.version: '10.0', java.version: '17.0.8.1'
Driver info: org.openqa.selenium.chrome.ChromeDriver
Command: [3cd9e4a47534dd9ab5614c66b93f81d7, actions {actions=[org.openqa.selenium.interactions.Sequence@5c33008f]}]
Capabilities {acceptInsecureCerts: false, browserName: chrome, browserVersion: 118.0.5993.117, chrome: {chromedriverVersion: 118.0.5993.70 (e52f33f30b91..., userDataDir: C:\Users\kumar\AppData\Loca...}, fedcm:accounts: true, goog:chromeOptions: {debuggerAddress: localhost:51224}, networkConnectionEnabled: false, pageLoadStrategy: normal, platformName: windows, proxy: Proxy(), se:cdp: ws://localhost:51224/devtoo..., se:cdpVersion: 118.0.5993.117, setWindowRect: true, strictFileInteractability: false, timeouts: {implicit: 0, pageLoad: 300000, script: 30000}, unhandledPromptBehavior: dismiss and notify, webauthn:extension:credBlob: true, webauthn:extension:largeBlob: true, webauthn:extension:minPinLength: true, webauthn:extension:prf: true, webauthn:virtualAuthenticators: true}
Session ID: 3cd9e4a47534dd9ab5614c66b93f81d7]]>
            </message>
            <full-stacktrace>
              <![CDATA[org.openqa.selenium.json.JsonException: java.lang.reflect.InvocationTargetException
Build info: version: '4.10.0', revision: 'c14d967899'
System info: os.name: 'Windows 11', os.arch: 'amd64', os.version: '10.0', java.version: '17.0.8.1'
Driver info: org.openqa.selenium.chrome.ChromeDriver
Command: [3cd9e4a47534dd9ab5614c66b93f81d7, actions {actions=[org.openqa.selenium.interactions.Sequence@5c33008f]}]
Capabilities {acceptInsecureCerts: false, browserName: chrome, browserVersion: 118.0.5993.117, chrome: {chromedriverVersion: 118.0.5993.70 (e52f33f30b91..., userDataDir: C:\Users\kumar\AppData\Loca...}, fedcm:accounts: true, goog:chromeOptions: {debuggerAddress: localhost:51224}, networkConnectionEnabled: false, pageLoadStrategy: normal, platformName: windows, proxy: Proxy(), se:cdp: ws://localhost:51224/devtoo..., se:cdpVersion: 118.0.5993.117, setWindowRect: true, strictFileInteractability: false, timeouts: {implicit: 0, pageLoad: 300000, script: 30000}, unhandledPromptBehavior: dismiss and notify, webauthn:extension:credBlob: true, webauthn:extension:largeBlob: true, webauthn:extension:minPinLength: true, webauthn:extension:prf: true, webauthn:virtualAuthenticators: true}
Session ID: 3cd9e4a47534dd9ab5614c66b93f81d7
at org.openqa.selenium.json.JsonOutput.convertUsingMethod(JsonOutput.java:395)
at org.openqa.selenium.json.JsonOutput.lambda$new$16(JsonOutput.java:165)
at org.openqa.selenium.json.JsonOutput.write(JsonOutput.java:322)
at org.openqa.selenium.json.JsonOutput.lambda$new$22(JsonOutput.java:185)
at java.base/java.util.stream.ForEachOps$ForEachOp$OfRef.accept(ForEachOps.java:183)
at java.base/java.util.stream.ReferencePipeline$2$1.accept(ReferencePipeline.java:179)
at java.base/java.util.Iterator.forEachRemaining(Iterator.java:133)
at java.base/java.util.Spliterators$IteratorSpliterator.forEachRemaining(Spliterators.java:1845)
at java.base/java.util.stream.AbstractPipeline.copyInto(AbstractPipeline.java:509)
at java.base/java.util.stream.AbstractPipeline.wrapAndCopyInto(AbstractPipeline.java:499)
at java.base/java.util.stream.ForEachOps$ForEachOp.evaluateSequential(ForEachOps.java:150)
at java.base/java.util.stream.ForEachOps$ForEachOp$OfRef.evaluateSequential(ForEachOps.java:173)
at java.base/java.util.stream.AbstractPipeline.evaluate(AbstractPipeline.java:234)
at java.base/java.util.stream.ReferencePipeline.forEach(ReferencePipeline.java:596)
at org.openqa.selenium.json.JsonOutput.lambda$new$23(JsonOutput.java:185)
at org.openqa.selenium.json.JsonOutput.write(JsonOutput.java:322)
at org.openqa.selenium.json.JsonOutput.lambda$new$24(JsonOutput.java:203)
at com.google.common.collect.SingletonImmutableBiMap.forEach(SingletonImmutableBiMap.java:68)
at org.openqa.selenium.json.JsonOutput.lambda$new$25(JsonOutput.java:198)
at org.openqa.selenium.json.JsonOutput.write(JsonOutput.java:322)
at org.openqa.selenium.json.JsonOutput.write(JsonOutput.java:313)
at org.openqa.selenium.json.Json.toJson(Json.java:43)
at org.openqa.selenium.remote.codec.AbstractHttpCommandCodec.encode(AbstractHttpCommandCodec.java:256)
at org.openqa.selenium.remote.codec.AbstractHttpCommandCodec.encode(AbstractHttpCommandCodec.java:120)
at org.openqa.selenium.remote.HttpCommandExecutor.execute(HttpCommandExecutor.java:179)
at org.openqa.selenium.remote.service.DriverCommandExecutor.invokeExecute(DriverCommandExecutor.java:196)
at org.openqa.selenium.remote.service.DriverCommandExecutor.execute(DriverCommandExecutor.java:171)
at org.openqa.selenium.remote.RemoteWebDriver.execute(RemoteWebDriver.java:531)
at org.openqa.selenium.remote.RemoteWebDriver.perform(RemoteWebDriver.java:603)
at org.openqa.selenium.interactions.Actions$BuiltAction.perform(Actions.java:585)
at org.openqa.selenium.interactions.Actions.perform(Actions.java:554)
at com.AutomationJiviewsPOM.SystemDefinationRoleSetupPage.setSelectSkillCode(SystemDefinationRoleSetupPage.java:150)
at com.AutomationJiviewsPOM.SystemDefinationRoleSetupPage.setCreateNewRoleWithoutPriarySkill(SystemDefinationRoleSetupPage.java:346)
at com.JiviewsAutomation.SystemDefination_Test.roleSetUpTest.verifyCreateNewRoleWithoutPriarySkill(roleSetUpTest.java:127)
at java.base/jdk.internal.reflect.NativeMethodAccessorImpl.invoke0(Native Method)
at java.base/jdk.internal.reflect.NativeMethodAccessorImpl.invoke(NativeMethodAccessorImpl.java:77)
at java.base/jdk.internal.reflect.DelegatingMethodAccessorImpl.invoke(DelegatingMethodAccessorImpl.java:43)
at java.base/java.lang.reflect.Method.invoke(Method.java:568)
at org.testng.internal.MethodInvocationHelper.invokeMethod(MethodInvocationHelper.java:124)
at org.testng.internal.Invoker.invokeMethod(Invoker.java:583)
at org.testng.internal.Invoker.invokeTestMethod(Invoker.java:719)
at org.testng.internal.Invoker.invokeTestMethods(Invoker.java:989)
at org.testng.internal.TestMethodWorker.invokeTestMethods(TestMethodWorker.java:125)
at org.testng.internal.TestMethodWorker.run(TestMethodWorker.java:109)
at org.testng.TestRunner.privateRun(TestRunner.java:648)
at org.testng.TestRunner.run(TestRunner.java:505)
at org.testng.SuiteRunner.runTest(SuiteRunner.java:455)
at org.testng.SuiteRunner.runSequentially(SuiteRunner.java:450)
at org.testng.SuiteRunner.privateRun(SuiteRunner.java:415)
at org.testng.SuiteRunner.run(SuiteRunner.java:364)
at org.testng.SuiteRunnerWorker.runSuite(SuiteRunnerWorker.java:52)
at org.testng.SuiteRunnerWorker.run(SuiteRunnerWorker.java:84)
at org.testng.TestNG.runSuitesSequentially(TestNG.java:1208)
at org.testng.TestNG.runSuitesLocally(TestNG.java:1137)
at org.testng.TestNG.runSuites(TestNG.java:1049)
at org.testng.TestNG.run(TestNG.java:1017)
at org.testng.remote.AbstractRemoteTestNG.run(AbstractRemoteTestNG.java:115)
at org.testng.remote.RemoteTestNG.initAndRun(RemoteTestNG.java:251)
at org.testng.remote.RemoteTestNG.main(RemoteTestNG.java:77)
Suppressed: org.openqa.selenium.json.JsonException: Attempting to close incomplete json stream
Build info: version: '4.10.0', revision: 'c14d967899'
System info: os.name: 'Windows 11', os.arch: 'amd64', os.version: '10.0', java.version: '17.0.8.1'
Driver info: driver.version: RemoteWebDriver
at org.openqa.selenium.json.JsonOutput.close(JsonOutput.java:338)
at org.openqa.selenium.json.Json.toJson(Json.java:41)
... 37 more
Caused by: java.lang.reflect.InvocationTargetException
at java.base/jdk.internal.reflect.NativeMethodAccessorImpl.invoke0(Native Method)
at java.base/jdk.internal.reflect.NativeMethodAccessorImpl.invoke(NativeMethodAccessorImpl.java:77)
at java.base/jdk.internal.reflect.DelegatingMethodAccessorImpl.invoke(DelegatingMethodAccessorImpl.java:43)
at java.base/java.lang.reflect.Method.invoke(Method.java:568)
at org.openqa.selenium.json.JsonOutput.convertUsingMethod(JsonOutput.java:391)
... 58 more
Caused by: org.openqa.selenium.NoSuchElementException: no such element: Unable to locate element: {"method":"xpath","selector":"(//li[contains(text(),'Automation_Test')])[1]"}
  (Session info: chrome=118.0.5993.117)
For documentation on this error, please visit: https://www.selenium.dev/documentation/webdriver/troubleshooting/errors#no-such-element-exception
Build info: version: '4.10.0', revision: 'c14d967899'
System info: os.name: 'Windows 11', os.arch: 'amd64', os.version: '10.0', java.version: '17.0.8.1'
Driver info: org.openqa.selenium.chrome.ChromeDriver
Command: [3cd9e4a47534dd9ab5614c66b93f81d7, findElement {using=xpath, value=(//li[contains(text(),'Automation_Test')])[1]}]
Capabilities {acceptInsecureCerts: false, browserName: chrome, browserVersion: 118.0.5993.117, chrome: {chromedriverVersion: 118.0.5993.70 (e52f33f30b91..., userDataDir: C:\Users\kumar\AppData\Loca...}, fedcm:accounts: true, goog:chromeOptions: {debuggerAddress: localhost:51224}, networkConnectionEnabled: false, pageLoadStrategy: normal, platformName: windows, proxy: Proxy(), se:cdp: ws://localhost:51224/devtoo..., se:cdpVersion: 118.0.5993.117, setWindowRect: true, strictFileInteractability: false, timeouts: {implicit: 0, pageLoad: 300000, script: 30000}, unhandledPromptBehavior: dismiss and notify, webauthn:extension:credBlob: true, webauthn:extension:largeBlob: true, webauthn:extension:minPinLength: true, webauthn:extension:prf: true, webauthn:virtualAuthenticators: true}
Session ID: 3cd9e4a47534dd9ab5614c66b93f81d7
at java.base/jdk.internal.reflect.NativeConstructorAccessorImpl.newInstance0(Native Method)
at java.base/jdk.internal.reflect.NativeConstructorAccessorImpl.newInstance(NativeConstructorAccessorImpl.java:77)
at java.base/jdk.internal.reflect.DelegatingConstructorAccessorImpl.newInstance(DelegatingConstructorAccessorImpl.java:45)
at java.base/java.lang.reflect.Constructor.newInstanceWithCaller(Constructor.java:499)
at java.base/java.lang.reflect.Constructor.newInstance(Constructor.java:480)
at org.openqa.selenium.remote.codec.w3c.W3CHttpResponseCodec.createException(W3CHttpResponseCodec.java:199)
at org.openqa.selenium.remote.codec.w3c.W3CHttpResponseCodec.decode(W3CHttpResponseCodec.java:132)
at org.openqa.selenium.remote.codec.w3c.W3CHttpResponseCodec.decode(W3CHttpResponseCodec.java:51)
at org.openqa.selenium.remote.HttpCommandExecutor.execute(HttpCommandExecutor.java:191)
at org.openqa.selenium.remote.service.DriverCommandExecutor.invokeExecute(DriverCommandExecutor.java:196)
at org.openqa.selenium.remote.service.DriverCommandExecutor.execute(DriverCommandExecutor.java:171)
at org.openqa.selenium.remote.RemoteWebDriver.execute(RemoteWebDriver.java:531)
at org.openqa.selenium.remote.ElementLocation$ElementFinder$2.findElement(ElementLocation.java:165)
at org.openqa.selenium.remote.ElementLocation.findElement(ElementLocation.java:59)
at org.openqa.selenium.remote.RemoteWebDriver.findElement(RemoteWebDriver.java:350)
at org.openqa.selenium.remote.RemoteWebDriver.findElement(RemoteWebDriver.java:344)
at org.openqa.selenium.support.pagefactory.DefaultElementLocator.findElement(DefaultElementLocator.java:68)
at org.openqa.selenium.support.pagefactory.internal.LocatingElementHandler.invoke(LocatingElementHandler.java:38)
at jdk.proxy2/jdk.proxy2.$Proxy33.getWrappedElement(Unknown Source)
at org.openqa.selenium.interactions.PointerInput$Origin.asArg(PointerInput.java:275)
at org.openqa.selenium.interactions.PointerInput$Move.encode(PointerInput.java:224)
at org.openqa.selenium.interactions.Sequence.encode(Sequence.java:72)
at org.openqa.selenium.interactions.Sequence.toJson(Sequence.java:81)
... 63 more
]]>
            </full-stacktrace>
          </exception> <!-- org.openqa.selenium.json.JsonException -->
          <reporter-output>
          </reporter-output>
        </test-method> <!-- verifyCreateNewRoleWithoutPriarySkill -->
        <test-method is-config="true" signature="login()[pri:0, instance:com.JiviewsAutomation.SystemDefination_Test.roleSetUpTest@315df4bb]" started-at="2023-10-27T05:49:19Z" name="login" finished-at="2023-10-27T05:49:21Z" duration-ms="2279" status="PASS">
          <reporter-output>
            <line>
              <![CDATA[Login]]>
            </line>
          </reporter-output>
        </test-method> <!-- login -->
        <test-method is-config="true" signature="logout()[pri:0, instance:com.JiviewsAutomation.SystemDefination_Test.roleSetUpTest@315df4bb]" started-at="2023-10-27T05:49:19Z" name="logout" finished-at="2023-10-27T05:49:19Z" duration-ms="0" status="PASS">
          <reporter-output>
            <line>
              <![CDATA[Logout]]>
            </line>
          </reporter-output>
        </test-method> <!-- logout -->
        <test-method signature="verifyCreateNewRoleWithoutRoleDescription()[pri:0, instance:com.JiviewsAutomation.SystemDefination_Test.roleSetUpTest@315df4bb]" started-at="2023-10-27T05:49:21Z" name="verifyCreateNewRoleWithoutRoleDescription" finished-at="2023-10-27T05:49:38Z" duration-ms="16679" status="PASS">
          <reporter-output>
          </reporter-output>
        </test-method> <!-- verifyCreateNewRoleWithoutRoleDescription -->
        <test-method is-config="true" signature="logout()[pri:0, instance:com.JiviewsAutomation.SystemDefination_Test.roleSetUpTest@315df4bb]" started-at="2023-10-27T05:49:38Z" name="logout" finished-at="2023-10-27T05:49:38Z" duration-ms="0" status="PASS">
          <reporter-output>
            <line>
              <![CDATA[Logout]]>
            </line>
          </reporter-output>
        </test-method> <!-- logout -->
        <test-method is-config="true" signature="login()[pri:0, instance:com.JiviewsAutomation.SystemDefination_Test.roleSetUpTest@315df4bb]" started-at="2023-10-27T05:49:38Z" name="login" finished-at="2023-10-27T05:49:40Z" duration-ms="2267" status="PASS">
          <reporter-output>
            <line>
              <![CDATA[Login]]>
            </line>
          </reporter-output>
        </test-method> <!-- login -->
        <test-method signature="verifyCreateNewRoleWithoutRoleName()[pri:0, instance:com.JiviewsAutomation.SystemDefination_Test.roleSetUpTest@315df4bb]" started-at="2023-10-27T05:49:40Z" name="verifyCreateNewRoleWithoutRoleName" finished-at="2023-10-27T05:49:57Z" duration-ms="17380" status="PASS">
          <reporter-output>
          </reporter-output>
        </test-method> <!-- verifyCreateNewRoleWithoutRoleName -->
        <test-method is-config="true" signature="logout()[pri:0, instance:com.JiviewsAutomation.SystemDefination_Test.roleSetUpTest@315df4bb]" started-at="2023-10-27T05:49:57Z" name="logout" finished-at="2023-10-27T05:49:57Z" duration-ms="0" status="PASS">
          <reporter-output>
            <line>
              <![CDATA[Logout]]>
            </line>
          </reporter-output>
        </test-method> <!-- logout -->
        <test-method is-config="true" signature="login()[pri:0, instance:com.JiviewsAutomation.SystemDefination_Test.roleSetUpTest@315df4bb]" started-at="2023-10-27T05:49:57Z" name="login" finished-at="2023-10-27T05:50:00Z" duration-ms="2517" status="PASS">
          <reporter-output>
            <line>
              <![CDATA[Login]]>
            </line>
          </reporter-output>
        </test-method> <!-- login -->
        <test-method signature="verifyCreateNewRoleWithoutSecondarySkillEmpty()[pri:0, instance:com.JiviewsAutomation.SystemDefination_Test.roleSetUpTest@315df4bb]" started-at="2023-10-27T05:50:00Z" name="verifyCreateNewRoleWithoutSecondarySkillEmpty" finished-at="2023-10-27T05:50:18Z" duration-ms="18652" status="PASS">
          <reporter-output>
          </reporter-output>
        </test-method> <!-- verifyCreateNewRoleWithoutSecondarySkillEmpty -->
        <test-method is-config="true" signature="logout()[pri:0, instance:com.JiviewsAutomation.SystemDefination_Test.roleSetUpTest@315df4bb]" started-at="2023-10-27T05:50:18Z" name="logout" finished-at="2023-10-27T05:50:18Z" duration-ms="0" status="PASS">
          <reporter-output>
            <line>
              <![CDATA[Logout]]>
            </line>
          </reporter-output>
        </test-method> <!-- logout -->
        <test-method is-config="true" signature="login()[pri:0, instance:com.JiviewsAutomation.SystemDefination_Test.roleSetUpTest@315df4bb]" started-at="2023-10-27T05:50:18Z" name="login" finished-at="2023-10-27T05:50:21Z" duration-ms="2305" status="PASS">
          <reporter-output>
            <line>
              <![CDATA[Login]]>
            </line>
          </reporter-output>
        </test-method> <!-- login -->
        <test-method signature="verifyCreateRoleWithAllAvailableSkill()[pri:0, instance:com.JiviewsAutomation.SystemDefination_Test.roleSetUpTest@315df4bb]" started-at="2023-10-27T05:50:21Z" name="verifyCreateRoleWithAllAvailableSkill" finished-at="2023-10-27T05:50:49Z" duration-ms="28633" status="FAIL">
          <exception class="org.openqa.selenium.NoSuchElementException">
            <message>
              <![CDATA[Cannot locate option with value: 75
For documentation on this error, please visit: https://www.selenium.dev/documentation/webdriver/troubleshooting/errors#no-such-element-exception
Build info: version: '4.10.0', revision: 'c14d967899'
System info: os.name: 'Windows 11', os.arch: 'amd64', os.version: '10.0', java.version: '17.0.8.1'
Driver info: driver.version: unknown]]>
            </message>
            <full-stacktrace>
              <![CDATA[org.openqa.selenium.NoSuchElementException: Cannot locate option with value: 75
For documentation on this error, please visit: https://www.selenium.dev/documentation/webdriver/troubleshooting/errors#no-such-element-exception
Build info: version: '4.10.0', revision: 'c14d967899'
System info: os.name: 'Windows 11', os.arch: 'amd64', os.version: '10.0', java.version: '17.0.8.1'
Driver info: driver.version: unknown
at org.openqa.selenium.support.ui.Select.findOptionsByValue(Select.java:289)
at org.openqa.selenium.support.ui.Select.selectByValue(Select.java:194)
at com.AutomationJiviewsPOM.SystemDefinationRoleSetupPage.setSelectedSkillForMoveToAvailabelSkillForSingle(SystemDefinationRoleSetupPage.java:192)
at com.AutomationJiviewsPOM.SystemDefinationRoleSetupPage.setCreateNewRoleWithAllAvailableSkill(SystemDefinationRoleSetupPage.java:474)
at com.JiviewsAutomation.SystemDefination_Test.roleSetUpTest.verifyCreateRoleWithAllAvailableSkill(roleSetUpTest.java:97)
at java.base/jdk.internal.reflect.NativeMethodAccessorImpl.invoke0(Native Method)
at java.base/jdk.internal.reflect.NativeMethodAccessorImpl.invoke(NativeMethodAccessorImpl.java:77)
at java.base/jdk.internal.reflect.DelegatingMethodAccessorImpl.invoke(DelegatingMethodAccessorImpl.java:43)
at java.base/java.lang.reflect.Method.invoke(Method.java:568)
at org.testng.internal.MethodInvocationHelper.invokeMethod(MethodInvocationHelper.java:124)
at org.testng.internal.Invoker.invokeMethod(Invoker.java:583)
at org.testng.internal.Invoker.invokeTestMethod(Invoker.java:719)
at org.testng.internal.Invoker.invokeTestMethods(Invoker.java:989)
at org.testng.internal.TestMethodWorker.invokeTestMethods(TestMethodWorker.java:125)
at org.testng.internal.TestMethodWorker.run(TestMethodWorker.java:109)
at org.testng.TestRunner.privateRun(TestRunner.java:648)
at org.testng.TestRunner.run(TestRunner.java:505)
at org.testng.SuiteRunner.runTest(SuiteRunner.java:455)
at org.testng.SuiteRunner.runSequentially(SuiteRunner.java:450)
at org.testng.SuiteRunner.privateRun(SuiteRunner.java:415)
at org.testng.SuiteRunner.run(SuiteRunner.java:364)
at org.testng.SuiteRunnerWorker.runSuite(SuiteRunnerWorker.java:52)
at org.testng.SuiteRunnerWorker.run(SuiteRunnerWorker.java:84)
at org.testng.TestNG.runSuitesSequentially(TestNG.java:1208)
at org.testng.TestNG.runSuitesLocally(TestNG.java:1137)
at org.testng.TestNG.runSuites(TestNG.java:1049)
at org.testng.TestNG.run(TestNG.java:1017)
at org.testng.remote.AbstractRemoteTestNG.run(AbstractRemoteTestNG.java:115)
at org.testng.remote.RemoteTestNG.initAndRun(RemoteTestNG.java:251)
at org.testng.remote.RemoteTestNG.main(RemoteTestNG.java:77)
]]>
            </full-stacktrace>
          </exception> <!-- org.openqa.selenium.NoSuchElementException -->
          <reporter-output>
          </reporter-output>
        </test-method> <!-- verifyCreateRoleWithAllAvailableSkill -->
        <test-method is-config="true" signature="login()[pri:0, instance:com.JiviewsAutomation.SystemDefination_Test.roleSetUpTest@315df4bb]" started-at="2023-10-27T05:50:49Z" name="login" finished-at="2023-10-27T05:50:52Z" duration-ms="2643" status="PASS">
          <reporter-output>
            <line>
              <![CDATA[Login]]>
            </line>
          </reporter-output>
        </test-method> <!-- login -->
        <test-method is-config="true" signature="logout()[pri:0, instance:com.JiviewsAutomation.SystemDefination_Test.roleSetUpTest@315df4bb]" started-at="2023-10-27T05:50:49Z" name="logout" finished-at="2023-10-27T05:50:49Z" duration-ms="0" status="PASS">
          <reporter-output>
            <line>
              <![CDATA[Logout]]>
            </line>
          </reporter-output>
        </test-method> <!-- logout -->
        <test-method signature="verifyDeactiveRole()[pri:0, instance:com.JiviewsAutomation.SystemDefination_Test.roleSetUpTest@315df4bb]" started-at="2023-10-27T05:50:52Z" name="verifyDeactiveRole" finished-at="2023-10-27T05:51:15Z" duration-ms="22723" status="FAIL">
          <exception class="org.openqa.selenium.NoSuchElementException">
            <message>
              <![CDATA[no such element: Unable to locate element: {"method":"xpath","selector":"//button[text()='Yes']"}
  (Session info: chrome=118.0.5993.117)
For documentation on this error, please visit: https://www.selenium.dev/documentation/webdriver/troubleshooting/errors#no-such-element-exception
Build info: version: '4.10.0', revision: 'c14d967899'
System info: os.name: 'Windows 11', os.arch: 'amd64', os.version: '10.0', java.version: '17.0.8.1'
Driver info: org.openqa.selenium.chrome.ChromeDriver
Command: [3cd9e4a47534dd9ab5614c66b93f81d7, findElement {using=xpath, value=//button[text()='Yes']}]
Capabilities {acceptInsecureCerts: false, browserName: chrome, browserVersion: 118.0.5993.117, chrome: {chromedriverVersion: 118.0.5993.70 (e52f33f30b91..., userDataDir: C:\Users\kumar\AppData\Loca...}, fedcm:accounts: true, goog:chromeOptions: {debuggerAddress: localhost:51224}, networkConnectionEnabled: false, pageLoadStrategy: normal, platformName: windows, proxy: Proxy(), se:cdp: ws://localhost:51224/devtoo..., se:cdpVersion: 118.0.5993.117, setWindowRect: true, strictFileInteractability: false, timeouts: {implicit: 0, pageLoad: 300000, script: 30000}, unhandledPromptBehavior: dismiss and notify, webauthn:extension:credBlob: true, webauthn:extension:largeBlob: true, webauthn:extension:minPinLength: true, webauthn:extension:prf: true, webauthn:virtualAuthenticators: true}
Session ID: 3cd9e4a47534dd9ab5614c66b93f81d7]]>
            </message>
            <full-stacktrace>
              <![CDATA[org.openqa.selenium.NoSuchElementException: no such element: Unable to locate element: {"method":"xpath","selector":"//button[text()='Yes']"}
  (Session info: chrome=118.0.5993.117)
For documentation on this error, please visit: https://www.selenium.dev/documentation/webdriver/troubleshooting/errors#no-such-element-exception
Build info: version: '4.10.0', revision: 'c14d967899'
System info: os.name: 'Windows 11', os.arch: 'amd64', os.version: '10.0', java.version: '17.0.8.1'
Driver info: org.openqa.selenium.chrome.ChromeDriver
Command: [3cd9e4a47534dd9ab5614c66b93f81d7, findElement {using=xpath, value=//button[text()='Yes']}]
Capabilities {acceptInsecureCerts: false, browserName: chrome, browserVersion: 118.0.5993.117, chrome: {chromedriverVersion: 118.0.5993.70 (e52f33f30b91..., userDataDir: C:\Users\kumar\AppData\Loca...}, fedcm:accounts: true, goog:chromeOptions: {debuggerAddress: localhost:51224}, networkConnectionEnabled: false, pageLoadStrategy: normal, platformName: windows, proxy: Proxy(), se:cdp: ws://localhost:51224/devtoo..., se:cdpVersion: 118.0.5993.117, setWindowRect: true, strictFileInteractability: false, timeouts: {implicit: 0, pageLoad: 300000, script: 30000}, unhandledPromptBehavior: dismiss and notify, webauthn:extension:credBlob: true, webauthn:extension:largeBlob: true, webauthn:extension:minPinLength: true, webauthn:extension:prf: true, webauthn:virtualAuthenticators: true}
Session ID: 3cd9e4a47534dd9ab5614c66b93f81d7
at java.base/jdk.internal.reflect.NativeConstructorAccessorImpl.newInstance0(Native Method)
at java.base/jdk.internal.reflect.NativeConstructorAccessorImpl.newInstance(NativeConstructorAccessorImpl.java:77)
at java.base/jdk.internal.reflect.DelegatingConstructorAccessorImpl.newInstance(DelegatingConstructorAccessorImpl.java:45)
at java.base/java.lang.reflect.Constructor.newInstanceWithCaller(Constructor.java:499)
at java.base/java.lang.reflect.Constructor.newInstance(Constructor.java:480)
at org.openqa.selenium.remote.codec.w3c.W3CHttpResponseCodec.createException(W3CHttpResponseCodec.java:199)
at org.openqa.selenium.remote.codec.w3c.W3CHttpResponseCodec.decode(W3CHttpResponseCodec.java:132)
at org.openqa.selenium.remote.codec.w3c.W3CHttpResponseCodec.decode(W3CHttpResponseCodec.java:51)
at org.openqa.selenium.remote.HttpCommandExecutor.execute(HttpCommandExecutor.java:191)
at org.openqa.selenium.remote.service.DriverCommandExecutor.invokeExecute(DriverCommandExecutor.java:196)
at org.openqa.selenium.remote.service.DriverCommandExecutor.execute(DriverCommandExecutor.java:171)
at org.openqa.selenium.remote.RemoteWebDriver.execute(RemoteWebDriver.java:531)
at org.openqa.selenium.remote.ElementLocation$ElementFinder$2.findElement(ElementLocation.java:165)
at org.openqa.selenium.remote.ElementLocation.findElement(ElementLocation.java:59)
at org.openqa.selenium.remote.RemoteWebDriver.findElement(RemoteWebDriver.java:350)
at org.openqa.selenium.remote.RemoteWebDriver.findElement(RemoteWebDriver.java:344)
at org.openqa.selenium.support.pagefactory.DefaultElementLocator.findElement(DefaultElementLocator.java:68)
at org.openqa.selenium.support.pagefactory.internal.LocatingElementHandler.invoke(LocatingElementHandler.java:38)
at jdk.proxy2/jdk.proxy2.$Proxy33.click(Unknown Source)
at com.AutomationJiviewsPOM.SystemDefinationRoleSetupPage.setClickYes(SystemDefinationRoleSetupPage.java:229)
at com.AutomationJiviewsPOM.SystemDefinationRoleSetupPage.setDeactiveRole(SystemDefinationRoleSetupPage.java:311)
at com.JiviewsAutomation.SystemDefination_Test.roleSetUpTest.verifyDeactiveRole(roleSetUpTest.java:66)
at java.base/jdk.internal.reflect.NativeMethodAccessorImpl.invoke0(Native Method)
at java.base/jdk.internal.reflect.NativeMethodAccessorImpl.invoke(NativeMethodAccessorImpl.java:77)
at java.base/jdk.internal.reflect.DelegatingMethodAccessorImpl.invoke(DelegatingMethodAccessorImpl.java:43)
at java.base/java.lang.reflect.Method.invoke(Method.java:568)
at org.testng.internal.MethodInvocationHelper.invokeMethod(MethodInvocationHelper.java:124)
at org.testng.internal.Invoker.invokeMethod(Invoker.java:583)
at org.testng.internal.Invoker.invokeTestMethod(Invoker.java:719)
at org.testng.internal.Invoker.invokeTestMethods(Invoker.java:989)
at org.testng.internal.TestMethodWorker.invokeTestMethods(TestMethodWorker.java:125)
at org.testng.internal.TestMethodWorker.run(TestMethodWorker.java:109)
at org.testng.TestRunner.privateRun(TestRunner.java:648)
at org.testng.TestRunner.run(TestRunner.java:505)
at org.testng.SuiteRunner.runTest(SuiteRunner.java:455)
at org.testng.SuiteRunner.runSequentially(SuiteRunner.java:450)
at org.testng.SuiteRunner.privateRun(SuiteRunner.java:415)
at org.testng.SuiteRunner.run(SuiteRunner.java:364)
at org.testng.SuiteRunnerWorker.runSuite(SuiteRunnerWorker.java:52)
at org.testng.SuiteRunnerWorker.run(SuiteRunnerWorker.java:84)
at org.testng.TestNG.runSuitesSequentially(TestNG.java:1208)
at org.testng.TestNG.runSuitesLocally(TestNG.java:1137)
at org.testng.TestNG.runSuites(TestNG.java:1049)
at org.testng.TestNG.run(TestNG.java:1017)
at org.testng.remote.AbstractRemoteTestNG.run(AbstractRemoteTestNG.java:115)
at org.testng.remote.RemoteTestNG.initAndRun(RemoteTestNG.java:251)
at org.testng.remote.RemoteTestNG.main(RemoteTestNG.java:77)
]]>
            </full-stacktrace>
          </exception> <!-- org.openqa.selenium.NoSuchElementException -->
          <reporter-output>
          </reporter-output>
        </test-method> <!-- verifyDeactiveRole -->
        <test-method is-config="true" signature="logout()[pri:0, instance:com.JiviewsAutomation.SystemDefination_Test.roleSetUpTest@315df4bb]" started-at="2023-10-27T05:51:15Z" name="logout" finished-at="2023-10-27T05:51:15Z" duration-ms="0" status="PASS">
          <reporter-output>
            <line>
              <![CDATA[Logout]]>
            </line>
          </reporter-output>
        </test-method> <!-- logout -->
        <test-method is-config="true" signature="login()[pri:0, instance:com.JiviewsAutomation.SystemDefination_Test.roleSetUpTest@315df4bb]" started-at="2023-10-27T05:51:15Z" name="login" finished-at="2023-10-27T05:51:17Z" duration-ms="2584" status="PASS">
          <reporter-output>
            <line>
              <![CDATA[Login]]>
            </line>
          </reporter-output>
        </test-method> <!-- login -->
        <test-method signature="verifyDisselectAllAvailableSkill()[pri:0, instance:com.JiviewsAutomation.SystemDefination_Test.roleSetUpTest@315df4bb]" started-at="2023-10-27T05:51:17Z" name="verifyDisselectAllAvailableSkill" finished-at="2023-10-27T05:51:39Z" duration-ms="21292" status="PASS">
          <reporter-output>
          </reporter-output>
        </test-method> <!-- verifyDisselectAllAvailableSkill -->
        <test-method is-config="true" signature="logout()[pri:0, instance:com.JiviewsAutomation.SystemDefination_Test.roleSetUpTest@315df4bb]" started-at="2023-10-27T05:51:39Z" name="logout" finished-at="2023-10-27T05:51:39Z" duration-ms="1" status="PASS">
          <reporter-output>
            <line>
              <![CDATA[Logout]]>
            </line>
          </reporter-output>
        </test-method> <!-- logout -->
        <test-method is-config="true" signature="login()[pri:0, instance:com.JiviewsAutomation.SystemDefination_Test.roleSetUpTest@315df4bb]" started-at="2023-10-27T05:51:39Z" name="login" finished-at="2023-10-27T05:51:41Z" duration-ms="2880" status="PASS">
          <reporter-output>
            <line>
              <![CDATA[Login]]>
            </line>
          </reporter-output>
        </test-method> <!-- login -->
        <test-method signature="verifyDisselectSingleSkillFromSelectedSkill()[pri:0, instance:com.JiviewsAutomation.SystemDefination_Test.roleSetUpTest@315df4bb]" started-at="2023-10-27T05:51:41Z" name="verifyDisselectSingleSkillFromSelectedSkill" finished-at="2023-10-27T05:52:13Z" duration-ms="31472" status="FAIL">
          <exception class="org.openqa.selenium.NoSuchElementException">
            <message>
              <![CDATA[Cannot locate option with value: 75
For documentation on this error, please visit: https://www.selenium.dev/documentation/webdriver/troubleshooting/errors#no-such-element-exception
Build info: version: '4.10.0', revision: 'c14d967899'
System info: os.name: 'Windows 11', os.arch: 'amd64', os.version: '10.0', java.version: '17.0.8.1'
Driver info: driver.version: unknown]]>
            </message>
            <full-stacktrace>
              <![CDATA[org.openqa.selenium.NoSuchElementException: Cannot locate option with value: 75
For documentation on this error, please visit: https://www.selenium.dev/documentation/webdriver/troubleshooting/errors#no-such-element-exception
Build info: version: '4.10.0', revision: 'c14d967899'
System info: os.name: 'Windows 11', os.arch: 'amd64', os.version: '10.0', java.version: '17.0.8.1'
Driver info: driver.version: unknown
at org.openqa.selenium.support.ui.Select.findOptionsByValue(Select.java:289)
at org.openqa.selenium.support.ui.Select.selectByValue(Select.java:194)
at com.AutomationJiviewsPOM.SystemDefinationRoleSetupPage.setSelectedSkillForMoveToAvailabelSkillForSingle(SystemDefinationRoleSetupPage.java:192)
at com.AutomationJiviewsPOM.SystemDefinationRoleSetupPage.setDisSelectSingleSkillFromSelectedSkill(SystemDefinationRoleSetupPage.java:505)
at com.JiviewsAutomation.SystemDefination_Test.roleSetUpTest.verifyDisselectSingleSkillFromSelectedSkill(roleSetUpTest.java:184)
at java.base/jdk.internal.reflect.NativeMethodAccessorImpl.invoke0(Native Method)
at java.base/jdk.internal.reflect.NativeMethodAccessorImpl.invoke(NativeMethodAccessorImpl.java:77)
at java.base/jdk.internal.reflect.DelegatingMethodAccessorImpl.invoke(DelegatingMethodAccessorImpl.java:43)
at java.base/java.lang.reflect.Method.invoke(Method.java:568)
at org.testng.internal.MethodInvocationHelper.invokeMethod(MethodInvocationHelper.java:124)
at org.testng.internal.Invoker.invokeMethod(Invoker.java:583)
at org.testng.internal.Invoker.invokeTestMethod(Invoker.java:719)
at org.testng.internal.Invoker.invokeTestMethods(Invoker.java:989)
at org.testng.internal.TestMethodWorker.invokeTestMethods(TestMethodWorker.java:125)
at org.testng.internal.TestMethodWorker.run(TestMethodWorker.java:109)
at org.testng.TestRunner.privateRun(TestRunner.java:648)
at org.testng.TestRunner.run(TestRunner.java:505)
at org.testng.SuiteRunner.runTest(SuiteRunner.java:455)
at org.testng.SuiteRunner.runSequentially(SuiteRunner.java:450)
at org.testng.SuiteRunner.privateRun(SuiteRunner.java:415)
at org.testng.SuiteRunner.run(SuiteRunner.java:364)
at org.testng.SuiteRunnerWorker.runSuite(SuiteRunnerWorker.java:52)
at org.testng.SuiteRunnerWorker.run(SuiteRunnerWorker.java:84)
at org.testng.TestNG.runSuitesSequentially(TestNG.java:1208)
at org.testng.TestNG.runSuitesLocally(TestNG.java:1137)
at org.testng.TestNG.runSuites(TestNG.java:1049)
at org.testng.TestNG.run(TestNG.java:1017)
at org.testng.remote.AbstractRemoteTestNG.run(AbstractRemoteTestNG.java:115)
at org.testng.remote.RemoteTestNG.initAndRun(RemoteTestNG.java:251)
at org.testng.remote.RemoteTestNG.main(RemoteTestNG.java:77)
]]>
            </full-stacktrace>
          </exception> <!-- org.openqa.selenium.NoSuchElementException -->
          <reporter-output>
          </reporter-output>
        </test-method> <!-- verifyDisselectSingleSkillFromSelectedSkill -->
        <test-method is-config="true" signature="login()[pri:0, instance:com.JiviewsAutomation.SystemDefination_Test.roleSetUpTest@315df4bb]" started-at="2023-10-27T05:52:13Z" name="login" finished-at="2023-10-27T05:52:16Z" duration-ms="2772" status="PASS">
          <reporter-output>
            <line>
              <![CDATA[Login]]>
            </line>
          </reporter-output>
        </test-method> <!-- login -->
        <test-method is-config="true" signature="logout()[pri:0, instance:com.JiviewsAutomation.SystemDefination_Test.roleSetUpTest@315df4bb]" started-at="2023-10-27T05:52:13Z" name="logout" finished-at="2023-10-27T05:52:13Z" duration-ms="0" status="PASS">
          <reporter-output>
            <line>
              <![CDATA[Logout]]>
            </line>
          </reporter-output>
        </test-method> <!-- logout -->
        <test-method signature="verifyReactiveRole()[pri:0, instance:com.JiviewsAutomation.SystemDefination_Test.roleSetUpTest@315df4bb]" started-at="2023-10-27T05:52:16Z" name="verifyReactiveRole" finished-at="2023-10-27T05:52:29Z" duration-ms="13584" status="PASS">
          <reporter-output>
          </reporter-output>
        </test-method> <!-- verifyReactiveRole -->
        <test-method is-config="true" signature="login()[pri:0, instance:com.JiviewsAutomation.SystemDefination_Test.roleSetUpTest@315df4bb]" started-at="2023-10-27T05:52:29Z" name="login" finished-at="2023-10-27T05:52:35Z" duration-ms="5527" status="PASS">
          <reporter-output>
            <line>
              <![CDATA[Login]]>
            </line>
          </reporter-output>
        </test-method> <!-- login -->
        <test-method is-config="true" signature="logout()[pri:0, instance:com.JiviewsAutomation.SystemDefination_Test.roleSetUpTest@315df4bb]" started-at="2023-10-27T05:52:29Z" name="logout" finished-at="2023-10-27T05:52:29Z" duration-ms="0" status="PASS">
          <reporter-output>
            <line>
              <![CDATA[Logout]]>
            </line>
          </reporter-output>
        </test-method> <!-- logout -->
        <test-method signature="verifySearchColumnsForRole()[pri:0, instance:com.JiviewsAutomation.SystemDefination_Test.roleSetUpTest@315df4bb]" started-at="2023-10-27T05:52:35Z" name="verifySearchColumnsForRole" finished-at="2023-10-27T05:52:50Z" duration-ms="15043" status="PASS">
          <reporter-output>
          </reporter-output>
        </test-method> <!-- verifySearchColumnsForRole -->
        <test-method is-config="true" signature="login()[pri:0, instance:com.JiviewsAutomation.SystemDefination_Test.roleSetUpTest@315df4bb]" started-at="2023-10-27T05:52:50Z" name="login" finished-at="2023-10-27T05:52:54Z" duration-ms="4489" status="PASS">
          <reporter-output>
            <line>
              <![CDATA[Login]]>
            </line>
          </reporter-output>
        </test-method> <!-- login -->
        <test-method is-config="true" signature="logout()[pri:0, instance:com.JiviewsAutomation.SystemDefination_Test.roleSetUpTest@315df4bb]" started-at="2023-10-27T05:52:50Z" name="logout" finished-at="2023-10-27T05:52:50Z" duration-ms="0" status="PASS">
          <reporter-output>
            <line>
              <![CDATA[Logout]]>
            </line>
          </reporter-output>
        </test-method> <!-- logout -->
        <test-method signature="verifyUpdateRole()[pri:0, instance:com.JiviewsAutomation.SystemDefination_Test.roleSetUpTest@315df4bb]" started-at="2023-10-27T05:52:54Z" name="verifyUpdateRole" finished-at="2023-10-27T05:53:28Z" duration-ms="33807" status="FAIL">
          <exception class="org.openqa.selenium.NoSuchElementException">
            <message>
              <![CDATA[Cannot locate option with value: 273
For documentation on this error, please visit: https://www.selenium.dev/documentation/webdriver/troubleshooting/errors#no-such-element-exception
Build info: version: '4.10.0', revision: 'c14d967899'
System info: os.name: 'Windows 11', os.arch: 'amd64', os.version: '10.0', java.version: '17.0.8.1'
Driver info: driver.version: unknown]]>
            </message>
            <full-stacktrace>
              <![CDATA[org.openqa.selenium.NoSuchElementException: Cannot locate option with value: 273
For documentation on this error, please visit: https://www.selenium.dev/documentation/webdriver/troubleshooting/errors#no-such-element-exception
Build info: version: '4.10.0', revision: 'c14d967899'
System info: os.name: 'Windows 11', os.arch: 'amd64', os.version: '10.0', java.version: '17.0.8.1'
Driver info: driver.version: unknown
at org.openqa.selenium.support.ui.Select.findOptionsByValue(Select.java:289)
at org.openqa.selenium.support.ui.Select.selectByValue(Select.java:194)
at com.AutomationJiviewsPOM.SystemDefinationRoleSetupPage.setAvailableSkillForSingleSkill(SystemDefinationRoleSetupPage.java:164)
at com.AutomationJiviewsPOM.SystemDefinationRoleSetupPage.setUpdateRole(SystemDefinationRoleSetupPage.java:299)
at com.JiviewsAutomation.SystemDefination_Test.roleSetUpTest.verifyUpdateRole(roleSetUpTest.java:51)
at java.base/jdk.internal.reflect.NativeMethodAccessorImpl.invoke0(Native Method)
at java.base/jdk.internal.reflect.NativeMethodAccessorImpl.invoke(NativeMethodAccessorImpl.java:77)
at java.base/jdk.internal.reflect.DelegatingMethodAccessorImpl.invoke(DelegatingMethodAccessorImpl.java:43)
at java.base/java.lang.reflect.Method.invoke(Method.java:568)
at org.testng.internal.MethodInvocationHelper.invokeMethod(MethodInvocationHelper.java:124)
at org.testng.internal.Invoker.invokeMethod(Invoker.java:583)
at org.testng.internal.Invoker.invokeTestMethod(Invoker.java:719)
at org.testng.internal.Invoker.invokeTestMethods(Invoker.java:989)
at org.testng.internal.TestMethodWorker.invokeTestMethods(TestMethodWorker.java:125)
at org.testng.internal.TestMethodWorker.run(TestMethodWorker.java:109)
at org.testng.TestRunner.privateRun(TestRunner.java:648)
at org.testng.TestRunner.run(TestRunner.java:505)
at org.testng.SuiteRunner.runTest(SuiteRunner.java:455)
at org.testng.SuiteRunner.runSequentially(SuiteRunner.java:450)
at org.testng.SuiteRunner.privateRun(SuiteRunner.java:415)
at org.testng.SuiteRunner.run(SuiteRunner.java:364)
at org.testng.SuiteRunnerWorker.runSuite(SuiteRunnerWorker.java:52)
at org.testng.SuiteRunnerWorker.run(SuiteRunnerWorker.java:84)
at org.testng.TestNG.runSuitesSequentially(TestNG.java:1208)
at org.testng.TestNG.runSuitesLocally(TestNG.java:1137)
at org.testng.TestNG.runSuites(TestNG.java:1049)
at org.testng.TestNG.run(TestNG.java:1017)
at org.testng.remote.AbstractRemoteTestNG.run(AbstractRemoteTestNG.java:115)
at org.testng.remote.RemoteTestNG.initAndRun(RemoteTestNG.java:251)
at org.testng.remote.RemoteTestNG.main(RemoteTestNG.java:77)
]]>
            </full-stacktrace>
          </exception> <!-- org.openqa.selenium.NoSuchElementException -->
          <reporter-output>
          </reporter-output>
        </test-method> <!-- verifyUpdateRole -->
        <test-method is-config="true" signature="logout()[pri:0, instance:com.JiviewsAutomation.SystemDefination_Test.roleSetUpTest@315df4bb]" started-at="2023-10-27T05:53:28Z" name="logout" finished-at="2023-10-27T05:53:28Z" duration-ms="0" status="PASS">
          <reporter-output>
            <line>
              <![CDATA[Logout]]>
            </line>
          </reporter-output>
        </test-method> <!-- logout -->
        <test-method is-config="true" signature="closeBrowser()[pri:0, instance:com.JiviewsAutomation.SystemDefination_Test.roleSetUpTest@315df4bb]" started-at="2023-10-27T05:53:28Z" name="closeBrowser" finished-at="2023-10-27T05:53:29Z" duration-ms="325" status="PASS">
          <reporter-output>
            <line>
              <![CDATA[Close Browser]]>
            </line>
          </reporter-output>
        </test-method> <!-- closeBrowser -->
      </class> <!-- com.JiviewsAutomation.SystemDefination_Test.roleSetUpTest -->
    </test> <!-- Default test -->
  </suite> <!-- Default suite -->
</testng-results>
