<?xml version="1.0" encoding="UTF-8"?>
<testng-results ignored="9" total="10" passed="1" failed="0" skipped="0">
  <reporter-output>
    <line>
      <![CDATA[Login]]>
    </line>
    <line>
      <![CDATA[Logout]]>
    </line>
  </reporter-output>
  <suite started-at="2023-11-21T12:49:19Z" name="Default suite" finished-at="2023-11-21T12:49:52Z" duration-ms="32954">
    <groups>
    </groups>
    <test started-at="2023-11-21T12:49:19Z" name="Default test" finished-at="2023-11-21T12:49:52Z" duration-ms="32954">
      <class name="com.JiviewsAutomation.SystemDefination_Test.EmpAdmEmployeeProfileTest">
        <test-method is-config="true" signature="launchBrowser()[pri:0, instance:com.JiviewsAutomation.SystemDefination_Test.EmpAdmEmployeeProfileTest@159e366]" started-at="2023-11-21T12:49:19Z" name="launchBrowser" finished-at="2023-11-21T12:49:21Z" duration-ms="1680" status="PASS">
          <reporter-output>
          </reporter-output>
        </test-method> <!-- launchBrowser -->
        <test-method is-config="true" signature="beforeTestMethod()[pri:0, instance:com.JiviewsAutomation.SystemDefination_Test.EmpAdmEmployeeProfileTest@159e366]" started-at="2023-11-21T12:49:21Z" name="beforeTestMethod" finished-at="2023-11-21T12:49:34Z" duration-ms="13760" status="PASS">
          <reporter-output>
            <line>
              <![CDATA[Login]]>
            </line>
          </reporter-output>
        </test-method> <!-- beforeTestMethod -->
        <test-method is-config="true" signature="setup()[pri:0, instance:com.JiviewsAutomation.SystemDefination_Test.EmpAdmEmployeeProfileTest@159e366]" started-at="2023-11-21T12:49:34Z" name="setup" finished-at="2023-11-21T12:49:42Z" duration-ms="7940" status="PASS">
          <reporter-output>
          </reporter-output>
        </test-method> <!-- setup -->
        <test-method signature="verifyDeleteEmpProfile()[pri:4, instance:com.JiviewsAutomation.SystemDefination_Test.EmpAdmEmployeeProfileTest@159e366]" started-at="2023-11-21T12:49:42Z" name="verifyDeleteEmpProfile" finished-at="2023-11-21T12:49:52Z" duration-ms="9568" status="PASS">
          <reporter-output>
          </reporter-output>
        </test-method> <!-- verifyDeleteEmpProfile -->
        <test-method is-config="true" signature="afterTestMethod()[pri:0, instance:com.JiviewsAutomation.SystemDefination_Test.EmpAdmEmployeeProfileTest@159e366]" started-at="2023-11-21T12:49:52Z" name="afterTestMethod" finished-at="2023-11-21T12:49:52Z" duration-ms="0" status="PASS">
          <reporter-output>
            <line>
              <![CDATA[Logout]]>
            </line>
          </reporter-output>
        </test-method> <!-- afterTestMethod -->
        <test-method is-config="true" signature="closeBrowser()[pri:0, instance:com.JiviewsAutomation.SystemDefination_Test.EmpAdmEmployeeProfileTest@159e366]" started-at="2023-11-21T12:49:52Z" name="closeBrowser" finished-at="2023-11-21T12:49:52Z" duration-ms="0" status="PASS">
          <reporter-output>
          </reporter-output>
        </test-method> <!-- closeBrowser -->
      </class> <!-- com.JiviewsAutomation.SystemDefination_Test.EmpAdmEmployeeProfileTest -->
    </test> <!-- Default test -->
  </suite> <!-- Default suite -->
</testng-results>
