<?xml version="1.0" encoding="UTF-8"?>
<testng-results ignored="0" total="1" passed="1" failed="0" skipped="0">
  <reporter-output>
    <line>
      <![CDATA[Login]]>
    </line>
    <line>
      <![CDATA[Logout]]>
    </line>
  </reporter-output>
  <suite started-at="2023-12-21T05:52:25Z" name="Default suite" finished-at="2023-12-21T05:54:25Z" duration-ms="119720">
    <groups>
    </groups>
    <test started-at="2023-12-21T05:52:25Z" name="Default test" finished-at="2023-12-21T05:54:25Z" duration-ms="119720">
      <class name="com.JiviewsAutomation.SystemDefination_Test.E10_3216_ESSApplyLeaveTest">
        <test-method is-config="true" signature="launchBrowser()[pri:0, instance:com.JiviewsAutomation.SystemDefination_Test.E10_3216_ESSApplyLeaveTest@3d829787]" started-at="2023-12-21T05:52:25Z" name="launchBrowser" finished-at="2023-12-21T05:52:27Z" duration-ms="2104" status="PASS">
          <reporter-output>
          </reporter-output>
        </test-method> <!-- launchBrowser -->
        <test-method is-config="true" signature="beforeTestMethod()[pri:0, instance:com.JiviewsAutomation.SystemDefination_Test.E10_3216_ESSApplyLeaveTest@3d829787]" started-at="2023-12-21T05:52:27Z" name="beforeTestMethod" finished-at="2023-12-21T05:52:35Z" duration-ms="8038" status="PASS">
          <reporter-output>
            <line>
              <![CDATA[Login]]>
            </line>
          </reporter-output>
        </test-method> <!-- beforeTestMethod -->
        <test-method is-config="true" signature="setup()[pri:0, instance:com.JiviewsAutomation.SystemDefination_Test.E10_3216_ESSApplyLeaveTest@3d829787]" started-at="2023-12-21T05:52:35Z" name="setup" finished-at="2023-12-21T05:53:55Z" duration-ms="79438" status="PASS">
          <reporter-output>
          </reporter-output>
        </test-method> <!-- setup -->
        <test-method signature="E10_3225_VerifyLoginAsEmployeeApplyForLeave()[pri:0, instance:com.JiviewsAutomation.SystemDefination_Test.E10_3216_ESSApplyLeaveTest@3d829787]" started-at="2023-12-21T05:53:55Z" name="E10_3225_VerifyLoginAsEmployeeApplyForLeave" finished-at="2023-12-21T05:54:25Z" duration-ms="30115" status="PASS">
          <reporter-output>
          </reporter-output>
        </test-method> <!-- E10_3225_VerifyLoginAsEmployeeApplyForLeave -->
        <test-method is-config="true" signature="afterTestMethod()[pri:0, instance:com.JiviewsAutomation.SystemDefination_Test.E10_3216_ESSApplyLeaveTest@3d829787]" started-at="2023-12-21T05:54:25Z" name="afterTestMethod" finished-at="2023-12-21T05:54:25Z" duration-ms="1" status="PASS">
          <reporter-output>
            <line>
              <![CDATA[Logout]]>
            </line>
          </reporter-output>
        </test-method> <!-- afterTestMethod -->
        <test-method is-config="true" signature="closeBrowser()[pri:0, instance:com.JiviewsAutomation.SystemDefination_Test.E10_3216_ESSApplyLeaveTest@3d829787]" started-at="2023-12-21T05:54:25Z" name="closeBrowser" finished-at="2023-12-21T05:54:25Z" duration-ms="1" status="PASS">
          <reporter-output>
          </reporter-output>
        </test-method> <!-- closeBrowser -->
      </class> <!-- com.JiviewsAutomation.SystemDefination_Test.E10_3216_ESSApplyLeaveTest -->
    </test> <!-- Default test -->
  </suite> <!-- Default suite -->
</testng-results>
