<?xml version="1.0" encoding="UTF-8"?>
<testng-results ignored="0" total="4" passed="4" failed="0" skipped="0">
  <reporter-output>
    <line>
      <![CDATA[Login]]>
    </line>
    <line>
      <![CDATA[Logout]]>
    </line>
  </reporter-output>
  <suite started-at="2024-01-18T18:53:13Z" name="Default suite" finished-at="2024-01-18T18:54:34Z" duration-ms="81005">
    <groups>
    </groups>
    <test started-at="2024-01-18T18:53:13Z" name="Default test" finished-at="2024-01-18T18:54:34Z" duration-ms="81005">
      <class name="com.JiviewsAutomation.SystemDefination_Test.E10_2639_SCRTest">
        <test-method is-config="true" signature="launchBrowser()[pri:0, instance:com.JiviewsAutomation.SystemDefination_Test.E10_2639_SCRTest@1f2d2181]" started-at="2024-01-18T18:53:13Z" name="launchBrowser" finished-at="2024-01-18T18:53:15Z" duration-ms="1601" status="PASS">
          <reporter-output>
          </reporter-output>
        </test-method> <!-- launchBrowser -->
        <test-method is-config="true" signature="beforeTestMethod()[pri:0, instance:com.JiviewsAutomation.SystemDefination_Test.E10_2639_SCRTest@1f2d2181]" started-at="2024-01-18T18:53:15Z" name="beforeTestMethod" finished-at="2024-01-18T18:53:17Z" duration-ms="2720" status="PASS">
          <reporter-output>
            <line>
              <![CDATA[Login]]>
            </line>
          </reporter-output>
        </test-method> <!-- beforeTestMethod -->
        <test-method is-config="true" signature="setup()[pri:0, instance:com.JiviewsAutomation.SystemDefination_Test.E10_2639_SCRTest@1f2d2181]" started-at="2024-01-18T18:53:17Z" name="setup" finished-at="2024-01-18T18:53:31Z" duration-ms="13163" status="PASS">
          <reporter-output>
          </reporter-output>
        </test-method> <!-- setup -->
        <test-method signature="E10_3131_VerifyCreateSCR()[pri:1, instance:com.JiviewsAutomation.SystemDefination_Test.E10_2639_SCRTest@1f2d2181]" started-at="2024-01-18T18:53:31Z" name="E10_3131_VerifyCreateSCR" finished-at="2024-01-18T18:53:44Z" duration-ms="13345" status="PASS">
          <reporter-output>
          </reporter-output>
        </test-method> <!-- E10_3131_VerifyCreateSCR -->
        <test-method is-config="true" signature="setup()[pri:0, instance:com.JiviewsAutomation.SystemDefination_Test.E10_2639_SCRTest@1f2d2181]" started-at="2024-01-18T18:53:44Z" name="setup" finished-at="2024-01-18T18:53:59Z" duration-ms="14803" status="PASS">
          <reporter-output>
          </reporter-output>
        </test-method> <!-- setup -->
        <test-method signature="E10_3132_VerifyUpdateSCR()[pri:2, instance:com.JiviewsAutomation.SystemDefination_Test.E10_2639_SCRTest@1f2d2181]" started-at="2024-01-18T18:53:59Z" name="E10_3132_VerifyUpdateSCR" finished-at="2024-01-18T18:54:04Z" duration-ms="5224" status="PASS">
          <reporter-output>
          </reporter-output>
        </test-method> <!-- E10_3132_VerifyUpdateSCR -->
        <test-method is-config="true" signature="setup()[pri:0, instance:com.JiviewsAutomation.SystemDefination_Test.E10_2639_SCRTest@1f2d2181]" started-at="2024-01-18T18:54:04Z" name="setup" finished-at="2024-01-18T18:54:16Z" duration-ms="11863" status="PASS">
          <reporter-output>
          </reporter-output>
        </test-method> <!-- setup -->
        <test-method signature="E10_3133_VerifyDeactivateSCR()[pri:3, instance:com.JiviewsAutomation.SystemDefination_Test.E10_2639_SCRTest@1f2d2181]" started-at="2024-01-18T18:54:16Z" name="E10_3133_VerifyDeactivateSCR" finished-at="2024-01-18T18:54:17Z" duration-ms="1456" status="PASS">
          <reporter-output>
          </reporter-output>
        </test-method> <!-- E10_3133_VerifyDeactivateSCR -->
        <test-method is-config="true" signature="setup()[pri:0, instance:com.JiviewsAutomation.SystemDefination_Test.E10_2639_SCRTest@1f2d2181]" started-at="2024-01-18T18:54:17Z" name="setup" finished-at="2024-01-18T18:54:29Z" duration-ms="11359" status="PASS">
          <reporter-output>
          </reporter-output>
        </test-method> <!-- setup -->
        <test-method signature="E10_3134_VerifyReactivateSCR()[pri:4, instance:com.JiviewsAutomation.SystemDefination_Test.E10_2639_SCRTest@1f2d2181]" started-at="2024-01-18T18:54:29Z" name="E10_3134_VerifyReactivateSCR" finished-at="2024-01-18T18:54:34Z" depends-on-methods="com.JiviewsAutomation.SystemDefination_Test.E10_2639_SCRTest.E10_3133_VerifyDeactivateSCR" duration-ms="5252" status="PASS">
          <reporter-output>
          </reporter-output>
        </test-method> <!-- E10_3134_VerifyReactivateSCR -->
        <test-method is-config="true" signature="afterTestMethod()[pri:0, instance:com.JiviewsAutomation.SystemDefination_Test.E10_2639_SCRTest@1f2d2181]" started-at="2024-01-18T18:54:34Z" name="afterTestMethod" finished-at="2024-01-18T18:54:34Z" duration-ms="0" status="PASS">
          <reporter-output>
            <line>
              <![CDATA[Logout]]>
            </line>
          </reporter-output>
        </test-method> <!-- afterTestMethod -->
        <test-method is-config="true" signature="closeBrowser()[pri:0, instance:com.JiviewsAutomation.SystemDefination_Test.E10_2639_SCRTest@1f2d2181]" started-at="2024-01-18T18:54:34Z" name="closeBrowser" finished-at="2024-01-18T18:54:34Z" duration-ms="201" status="PASS">
          <reporter-output>
          </reporter-output>
        </test-method> <!-- closeBrowser -->
      </class> <!-- com.JiviewsAutomation.SystemDefination_Test.E10_2639_SCRTest -->
    </test> <!-- Default test -->
  </suite> <!-- Default suite -->
</testng-results>
