<?xml version="1.0" encoding="UTF-8"?>
<testng-results ignored="5" total="6" passed="1" failed="0" skipped="0">
  <reporter-output>
    <line>
      <![CDATA[Login]]>
    </line>
    <line>
      <![CDATA[Logout]]>
    </line>
  </reporter-output>
  <suite started-at="2024-02-04T17:09:29Z" name="Default suite" finished-at="2024-02-04T17:10:19Z" duration-ms="50660">
    <groups>
    </groups>
    <test started-at="2024-02-04T17:09:29Z" name="Default test" finished-at="2024-02-04T17:10:19Z" duration-ms="50660">
      <class name="com.JiviewsAutomation.SystemDefination_Test.E10_2910_WorkforceEmployeeRosterV2Test">
        <test-method is-config="true" signature="launchBrowser()[pri:0, instance:com.JiviewsAutomation.SystemDefination_Test.E10_2910_WorkforceEmployeeRosterV2Test@5c371e13]" started-at="2024-02-04T17:09:29Z" name="launchBrowser" finished-at="2024-02-04T17:09:30Z" duration-ms="1729" status="PASS">
          <reporter-output>
          </reporter-output>
        </test-method> <!-- launchBrowser -->
        <test-method is-config="true" signature="beforeTestMethod()[pri:0, instance:com.JiviewsAutomation.SystemDefination_Test.E10_2910_WorkforceEmployeeRosterV2Test@5c371e13]" started-at="2024-02-04T17:09:30Z" name="beforeTestMethod" finished-at="2024-02-04T17:09:33Z" duration-ms="2715" status="PASS">
          <reporter-output>
            <line>
              <![CDATA[Login]]>
            </line>
          </reporter-output>
        </test-method> <!-- beforeTestMethod -->
        <test-method is-config="true" signature="setup()[pri:0, instance:com.JiviewsAutomation.SystemDefination_Test.E10_2910_WorkforceEmployeeRosterV2Test@5c371e13]" started-at="2024-02-04T17:09:33Z" name="setup" finished-at="2024-02-04T17:09:45Z" duration-ms="11818" status="PASS">
          <reporter-output>
          </reporter-output>
        </test-method> <!-- setup -->
        <test-method signature="E10_2943_VerifyPerformCreateShift()[pri:6, instance:com.JiviewsAutomation.SystemDefination_Test.E10_2910_WorkforceEmployeeRosterV2Test@5c371e13]" started-at="2024-02-04T17:09:45Z" name="E10_2943_VerifyPerformCreateShift" finished-at="2024-02-04T17:10:19Z" duration-ms="34225" status="PASS">
          <reporter-output>
          </reporter-output>
        </test-method> <!-- E10_2943_VerifyPerformCreateShift -->
        <test-method is-config="true" signature="afterTestMethod()[pri:0, instance:com.JiviewsAutomation.SystemDefination_Test.E10_2910_WorkforceEmployeeRosterV2Test@5c371e13]" started-at="2024-02-04T17:10:19Z" name="afterTestMethod" finished-at="2024-02-04T17:10:19Z" duration-ms="1" status="PASS">
          <reporter-output>
            <line>
              <![CDATA[Logout]]>
            </line>
          </reporter-output>
        </test-method> <!-- afterTestMethod -->
        <test-method is-config="true" signature="closeBrowser()[pri:0, instance:com.JiviewsAutomation.SystemDefination_Test.E10_2910_WorkforceEmployeeRosterV2Test@5c371e13]" started-at="2024-02-04T17:10:19Z" name="closeBrowser" finished-at="2024-02-04T17:10:19Z" duration-ms="159" status="PASS">
          <reporter-output>
          </reporter-output>
        </test-method> <!-- closeBrowser -->
      </class> <!-- com.JiviewsAutomation.SystemDefination_Test.E10_2910_WorkforceEmployeeRosterV2Test -->
    </test> <!-- Default test -->
  </suite> <!-- Default suite -->
</testng-results>
