<?xml version="1.0" encoding="UTF-8"?>
<testng-results ignored="6" total="7" passed="1" failed="0" skipped="0">
  <reporter-output>
    <line>
      <![CDATA[Login]]>
    </line>
    <line>
      <![CDATA[Logout]]>
    </line>
  </reporter-output>
  <suite started-at="2023-11-24T03:00:00Z" name="Default suite" finished-at="2023-11-24T03:01:06Z" duration-ms="65438">
    <groups>
    </groups>
    <test started-at="2023-11-24T03:00:00Z" name="Default test" finished-at="2023-11-24T03:01:06Z" duration-ms="65438">
      <class name="com.JiviewsAutomation.SystemDefination_Test.ShiftBandTest">
        <test-method is-config="true" signature="launchBrowser()[pri:0, instance:com.JiviewsAutomation.SystemDefination_Test.ShiftBandTest@2fb68ec6]" started-at="2023-11-24T03:00:00Z" name="launchBrowser" finished-at="2023-11-24T03:00:44Z" duration-ms="43862" status="PASS">
          <reporter-output>
          </reporter-output>
        </test-method> <!-- launchBrowser -->
        <test-method is-config="true" signature="beforeTestMethod()[pri:0, instance:com.JiviewsAutomation.SystemDefination_Test.ShiftBandTest@2fb68ec6]" started-at="2023-11-24T03:00:44Z" name="beforeTestMethod" finished-at="2023-11-24T03:00:47Z" duration-ms="2444" status="PASS">
          <reporter-output>
            <line>
              <![CDATA[Login]]>
            </line>
          </reporter-output>
        </test-method> <!-- beforeTestMethod -->
        <test-method is-config="true" signature="setUp()[pri:0, instance:com.JiviewsAutomation.SystemDefination_Test.ShiftBandTest@2fb68ec6]" started-at="2023-11-24T03:00:47Z" name="setUp" finished-at="2023-11-24T03:00:57Z" duration-ms="10403" status="PASS">
          <reporter-output>
          </reporter-output>
        </test-method> <!-- setUp -->
        <test-method signature="testWithCombinationShift()[pri:6, instance:com.JiviewsAutomation.SystemDefination_Test.ShiftBandTest@2fb68ec6]" started-at="2023-11-24T03:00:57Z" name="testWithCombinationShift" finished-at="2023-11-24T03:01:06Z" duration-ms="8710" status="PASS">
          <reporter-output>
          </reporter-output>
        </test-method> <!-- testWithCombinationShift -->
        <test-method is-config="true" signature="afterTestMethod()[pri:0, instance:com.JiviewsAutomation.SystemDefination_Test.ShiftBandTest@2fb68ec6]" started-at="2023-11-24T03:01:06Z" name="afterTestMethod" finished-at="2023-11-24T03:01:06Z" duration-ms="1" status="PASS">
          <reporter-output>
            <line>
              <![CDATA[Logout]]>
            </line>
          </reporter-output>
        </test-method> <!-- afterTestMethod -->
        <test-method is-config="true" signature="closeBrowser()[pri:0, instance:com.JiviewsAutomation.SystemDefination_Test.ShiftBandTest@2fb68ec6]" started-at="2023-11-24T03:01:06Z" name="closeBrowser" finished-at="2023-11-24T03:01:06Z" duration-ms="0" status="PASS">
          <reporter-output>
          </reporter-output>
        </test-method> <!-- closeBrowser -->
      </class> <!-- com.JiviewsAutomation.SystemDefination_Test.ShiftBandTest -->
    </test> <!-- Default test -->
  </suite> <!-- Default suite -->
</testng-results>
