<?xml version="1.0" encoding="UTF-8"?>
<testng-results ignored="4" total="5" passed="1" failed="0" skipped="0">
  <reporter-output>
    <line>
      <![CDATA[Login]]>
    </line>
    <line>
      <![CDATA[Logout]]>
    </line>
  </reporter-output>
  <suite started-at="2024-02-04T08:02:51Z" name="Default suite" finished-at="2024-02-04T08:03:34Z" duration-ms="42705">
    <groups>
    </groups>
    <test started-at="2024-02-04T08:02:51Z" name="Default test" finished-at="2024-02-04T08:03:34Z" duration-ms="42705">
      <class name="com.JiviewsAutomation.SystemDefination_Test.E10_3541_OPE_RTG_PlanningTest">
        <test-method is-config="true" signature="launchBrowser()[pri:0, instance:com.JiviewsAutomation.SystemDefination_Test.E10_3541_OPE_RTG_PlanningTest@6c44052e]" started-at="2024-02-04T08:02:51Z" name="launchBrowser" finished-at="2024-02-04T08:02:53Z" duration-ms="1655" status="PASS">
          <reporter-output>
          </reporter-output>
        </test-method> <!-- launchBrowser -->
        <test-method is-config="true" signature="beforeTestMethod()[pri:0, instance:com.JiviewsAutomation.SystemDefination_Test.E10_3541_OPE_RTG_PlanningTest@6c44052e]" started-at="2024-02-04T08:02:53Z" name="beforeTestMethod" finished-at="2024-02-04T08:02:55Z" duration-ms="2319" status="PASS">
          <reporter-output>
            <line>
              <![CDATA[Login]]>
            </line>
          </reporter-output>
        </test-method> <!-- beforeTestMethod -->
        <test-method is-config="true" signature="setup()[pri:0, instance:com.JiviewsAutomation.SystemDefination_Test.E10_3541_OPE_RTG_PlanningTest@6c44052e]" started-at="2024-02-04T08:02:55Z" name="setup" finished-at="2024-02-04T08:03:12Z" duration-ms="17202" status="PASS">
          <reporter-output>
          </reporter-output>
        </test-method> <!-- setup -->
        <test-method signature="E10_3543_Verify_AddEqipment()[pri:2, instance:com.JiviewsAutomation.SystemDefination_Test.E10_3541_OPE_RTG_PlanningTest@6c44052e]" started-at="2024-02-04T08:03:12Z" name="E10_3543_Verify_AddEqipment" finished-at="2024-02-04T08:03:33Z" duration-ms="21319" status="PASS">
          <reporter-output>
          </reporter-output>
        </test-method> <!-- E10_3543_Verify_AddEqipment -->
        <test-method is-config="true" signature="afterTestMethod()[pri:0, instance:com.JiviewsAutomation.SystemDefination_Test.E10_3541_OPE_RTG_PlanningTest@6c44052e]" started-at="2024-02-04T08:03:33Z" name="afterTestMethod" finished-at="2024-02-04T08:03:33Z" duration-ms="1" status="PASS">
          <reporter-output>
            <line>
              <![CDATA[Logout]]>
            </line>
          </reporter-output>
        </test-method> <!-- afterTestMethod -->
        <test-method is-config="true" signature="closeBrowser()[pri:0, instance:com.JiviewsAutomation.SystemDefination_Test.E10_3541_OPE_RTG_PlanningTest@6c44052e]" started-at="2024-02-04T08:03:33Z" name="closeBrowser" finished-at="2024-02-04T08:03:34Z" duration-ms="189" status="PASS">
          <reporter-output>
          </reporter-output>
        </test-method> <!-- closeBrowser -->
      </class> <!-- com.JiviewsAutomation.SystemDefination_Test.E10_3541_OPE_RTG_PlanningTest -->
    </test> <!-- Default test -->
  </suite> <!-- Default suite -->
</testng-results>
