<?xml version="1.0" encoding="UTF-8"?>
<testng-results ignored="0" total="4" passed="4" failed="0" skipped="0">
  <reporter-output>
    <line>
      <![CDATA[Login]]>
    </line>
    <line>
      <![CDATA[Logout]]>
    </line>
  </reporter-output>
  <suite started-at="2024-02-06T22:35:21Z" name="Default suite" finished-at="2024-02-06T22:36:50Z" duration-ms="88705">
    <groups>
    </groups>
    <test started-at="2024-02-06T22:35:21Z" name="Default test" finished-at="2024-02-06T22:36:50Z" duration-ms="88705">
      <class name="com.JiviewsAutomation.SystemDefination_Test.E10_2910_WorkforceEmployeeRosterV2Test">
        <test-method is-config="true" signature="launchBrowser()[pri:0, instance:com.JiviewsAutomation.SystemDefination_Test.E10_2910_WorkforceEmployeeRosterV2Test@2bffa76d]" started-at="2024-02-06T22:35:21Z" name="launchBrowser" finished-at="2024-02-06T22:35:23Z" duration-ms="1686" status="PASS">
          <reporter-output>
          </reporter-output>
        </test-method> <!-- launchBrowser -->
        <test-method is-config="true" signature="beforeTestMethod()[pri:0, instance:com.JiviewsAutomation.SystemDefination_Test.E10_2910_WorkforceEmployeeRosterV2Test@2bffa76d]" started-at="2024-02-06T22:35:23Z" name="beforeTestMethod" finished-at="2024-02-06T22:35:26Z" duration-ms="3080" status="PASS">
          <reporter-output>
            <line>
              <![CDATA[Login]]>
            </line>
          </reporter-output>
        </test-method> <!-- beforeTestMethod -->
        <test-method signature="setup()[pri:0, instance:com.JiviewsAutomation.SystemDefination_Test.E10_2910_WorkforceEmployeeRosterV2Test@2bffa76d]" started-at="2024-02-06T22:35:26Z" name="setup" finished-at="2024-02-06T22:35:34Z" duration-ms="7930" status="PASS">
          <reporter-output>
          </reporter-output>
        </test-method> <!-- setup -->
        <test-method signature="E10_2938_VerifySearchEmpRosterByDate()[pri:1, instance:com.JiviewsAutomation.SystemDefination_Test.E10_2910_WorkforceEmployeeRosterV2Test@2bffa76d]" started-at="2024-02-06T22:35:34Z" name="E10_2938_VerifySearchEmpRosterByDate" finished-at="2024-02-06T22:36:02Z" duration-ms="28009" status="PASS">
          <reporter-output>
          </reporter-output>
        </test-method> <!-- E10_2938_VerifySearchEmpRosterByDate -->
        <test-method signature="E10_2939_VerifySearchByFilters()[pri:2, instance:com.JiviewsAutomation.SystemDefination_Test.E10_2910_WorkforceEmployeeRosterV2Test@2bffa76d]" started-at="2024-02-06T22:36:02Z" name="E10_2939_VerifySearchByFilters" finished-at="2024-02-06T22:36:20Z" duration-ms="18327" status="PASS">
          <reporter-output>
          </reporter-output>
        </test-method> <!-- E10_2939_VerifySearchByFilters -->
        <test-method signature="E10_2940_VerifyExpandAndCollapseRows()[pri:3, instance:com.JiviewsAutomation.SystemDefination_Test.E10_2910_WorkforceEmployeeRosterV2Test@2bffa76d]" started-at="2024-02-06T22:36:20Z" name="E10_2940_VerifyExpandAndCollapseRows" finished-at="2024-02-06T22:36:50Z" duration-ms="29428" status="PASS">
          <reporter-output>
          </reporter-output>
        </test-method> <!-- E10_2940_VerifyExpandAndCollapseRows -->
        <test-method is-config="true" signature="afterTestMethod()[pri:0, instance:com.JiviewsAutomation.SystemDefination_Test.E10_2910_WorkforceEmployeeRosterV2Test@2bffa76d]" started-at="2024-02-06T22:36:50Z" name="afterTestMethod" finished-at="2024-02-06T22:36:50Z" duration-ms="2" status="PASS">
          <reporter-output>
            <line>
              <![CDATA[Logout]]>
            </line>
          </reporter-output>
        </test-method> <!-- afterTestMethod -->
        <test-method is-config="true" signature="closeBrowser()[pri:0, instance:com.JiviewsAutomation.SystemDefination_Test.E10_2910_WorkforceEmployeeRosterV2Test@2bffa76d]" started-at="2024-02-06T22:36:50Z" name="closeBrowser" finished-at="2024-02-06T22:36:50Z" duration-ms="197" status="PASS">
          <reporter-output>
          </reporter-output>
        </test-method> <!-- closeBrowser -->
      </class> <!-- com.JiviewsAutomation.SystemDefination_Test.E10_2910_WorkforceEmployeeRosterV2Test -->
    </test> <!-- Default test -->
  </suite> <!-- Default suite -->
</testng-results>
