<?xml version="1.0" encoding="UTF-8"?>
<testng-results ignored="5" total="6" passed="1" failed="0" skipped="0">
  <reporter-output>
    <line>
      <![CDATA[Login]]>
    </line>
    <line>
      <![CDATA[Logout]]>
    </line>
  </reporter-output>
  <suite started-at="2023-12-08T05:07:08Z" name="Default suite" finished-at="2023-12-08T05:08:09Z" duration-ms="61188">
    <groups>
    </groups>
    <test started-at="2023-12-08T05:07:08Z" name="Default test" finished-at="2023-12-08T05:08:09Z" duration-ms="61188">
      <class name="com.JiviewsAutomation.SystemDefination_Test.roasterSetupTest">
        <test-method is-config="true" signature="launchBrowser()[pri:0, instance:com.JiviewsAutomation.SystemDefination_Test.roasterSetupTest@117632cf]" started-at="2023-12-08T05:07:08Z" name="launchBrowser" finished-at="2023-12-08T05:07:09Z" duration-ms="1684" status="PASS">
          <reporter-output>
          </reporter-output>
        </test-method> <!-- launchBrowser -->
        <test-method is-config="true" signature="beforeTestMethod()[pri:0, instance:com.JiviewsAutomation.SystemDefination_Test.roasterSetupTest@117632cf]" started-at="2023-12-08T05:07:09Z" name="beforeTestMethod" finished-at="2023-12-08T05:07:12Z" duration-ms="2534" status="PASS">
          <reporter-output>
            <line>
              <![CDATA[Login]]>
            </line>
          </reporter-output>
        </test-method> <!-- beforeTestMethod -->
        <test-method is-config="true" signature="setup()[pri:0, instance:com.JiviewsAutomation.SystemDefination_Test.roasterSetupTest@117632cf]" started-at="2023-12-08T05:07:12Z" name="setup" finished-at="2023-12-08T05:07:26Z" duration-ms="13828" status="PASS">
          <reporter-output>
          </reporter-output>
        </test-method> <!-- setup -->
        <test-method signature="verifyCreateRoasterWithGroup()[pri:1, instance:com.JiviewsAutomation.SystemDefination_Test.roasterSetupTest@117632cf]" started-at="2023-12-08T05:07:26Z" name="verifyCreateRoasterWithGroup" finished-at="2023-12-08T05:08:09Z" duration-ms="43125" status="PASS">
          <reporter-output>
          </reporter-output>
        </test-method> <!-- verifyCreateRoasterWithGroup -->
        <test-method is-config="true" signature="afterTestMethod()[pri:0, instance:com.JiviewsAutomation.SystemDefination_Test.roasterSetupTest@117632cf]" started-at="2023-12-08T05:08:09Z" name="afterTestMethod" finished-at="2023-12-08T05:08:09Z" duration-ms="1" status="PASS">
          <reporter-output>
            <line>
              <![CDATA[Logout]]>
            </line>
          </reporter-output>
        </test-method> <!-- afterTestMethod -->
        <test-method is-config="true" signature="closeBrowser()[pri:0, instance:com.JiviewsAutomation.SystemDefination_Test.roasterSetupTest@117632cf]" started-at="2023-12-08T05:08:09Z" name="closeBrowser" finished-at="2023-12-08T05:08:09Z" duration-ms="1" status="PASS">
          <reporter-output>
          </reporter-output>
        </test-method> <!-- closeBrowser -->
      </class> <!-- com.JiviewsAutomation.SystemDefination_Test.roasterSetupTest -->
    </test> <!-- Default test -->
  </suite> <!-- Default suite -->
</testng-results>
