<?xml version="1.0" encoding="UTF-8"?>
<testng-results ignored="3" total="4" passed="1" failed="0" skipped="0">
  <reporter-output>
    <line>
      <![CDATA[Login]]>
    </line>
    <line>
      <![CDATA[Logout]]>
    </line>
  </reporter-output>
  <suite started-at="2024-01-09T16:06:22Z" name="Default suite" finished-at="2024-01-09T16:06:57Z" duration-ms="34624">
    <groups>
    </groups>
    <test started-at="2024-01-09T16:06:22Z" name="Default test" finished-at="2024-01-09T16:06:57Z" duration-ms="34624">
      <class name="com.JiviewsAutomation.SystemDefination_Test.E10_3147_WorkloadPlannerTest">
        <test-method is-config="true" signature="launchBrowser()[pri:0, instance:com.JiviewsAutomation.SystemDefination_Test.E10_3147_WorkloadPlannerTest@126be319]" started-at="2024-01-09T16:06:22Z" name="launchBrowser" finished-at="2024-01-09T16:06:24Z" duration-ms="2013" status="PASS">
          <reporter-output>
          </reporter-output>
        </test-method> <!-- launchBrowser -->
        <test-method is-config="true" signature="beforeTestMethod()[pri:0, instance:com.JiviewsAutomation.SystemDefination_Test.E10_3147_WorkloadPlannerTest@126be319]" started-at="2024-01-09T16:06:24Z" name="beforeTestMethod" finished-at="2024-01-09T16:06:27Z" duration-ms="2402" status="PASS">
          <reporter-output>
            <line>
              <![CDATA[Login]]>
            </line>
          </reporter-output>
        </test-method> <!-- beforeTestMethod -->
        <test-method is-config="true" signature="setup()[pri:0, instance:com.JiviewsAutomation.SystemDefination_Test.E10_3147_WorkloadPlannerTest@126be319]" started-at="2024-01-09T16:06:27Z" name="setup" finished-at="2024-01-09T16:06:36Z" duration-ms="9209" status="PASS">
          <reporter-output>
          </reporter-output>
        </test-method> <!-- setup -->
        <test-method signature="E10_3182_VerifyPlanningSignoff()[pri:4, instance:com.JiviewsAutomation.SystemDefination_Test.E10_3147_WorkloadPlannerTest@126be319]" started-at="2024-01-09T16:06:36Z" name="E10_3182_VerifyPlanningSignoff" finished-at="2024-01-09T16:06:56Z" duration-ms="20595" status="PASS">
          <reporter-output>
          </reporter-output>
        </test-method> <!-- E10_3182_VerifyPlanningSignoff -->
        <test-method is-config="true" signature="afterTestMethod()[pri:0, instance:com.JiviewsAutomation.SystemDefination_Test.E10_3147_WorkloadPlannerTest@126be319]" started-at="2024-01-09T16:06:56Z" name="afterTestMethod" finished-at="2024-01-09T16:06:56Z" duration-ms="0" status="PASS">
          <reporter-output>
            <line>
              <![CDATA[Logout]]>
            </line>
          </reporter-output>
        </test-method> <!-- afterTestMethod -->
        <test-method is-config="true" signature="closeBrowser()[pri:0, instance:com.JiviewsAutomation.SystemDefination_Test.E10_3147_WorkloadPlannerTest@126be319]" started-at="2024-01-09T16:06:56Z" name="closeBrowser" finished-at="2024-01-09T16:06:57Z" duration-ms="376" status="PASS">
          <reporter-output>
          </reporter-output>
        </test-method> <!-- closeBrowser -->
      </class> <!-- com.JiviewsAutomation.SystemDefination_Test.E10_3147_WorkloadPlannerTest -->
    </test> <!-- Default test -->
  </suite> <!-- Default suite -->
</testng-results>
