<?xml version="1.0" encoding="UTF-8"?>
<testng-results ignored="11" total="12" passed="1" failed="0" skipped="0">
  <reporter-output>
    <line>
      <![CDATA[Login]]>
    </line>
    <line>
      <![CDATA[Logout]]>
    </line>
  </reporter-output>
  <suite started-at="2024-01-03T10:16:58Z" name="Default suite" finished-at="2024-01-03T10:17:28Z" duration-ms="29212">
    <groups>
    </groups>
    <test started-at="2024-01-03T10:16:58Z" name="Default test" finished-at="2024-01-03T10:17:28Z" duration-ms="29212">
      <class name="com.JiviewsAutomation.SystemDefination_Test.E10_3089_RoleSetUpTest">
        <test-method is-config="true" signature="launchBrowser()[pri:0, instance:com.JiviewsAutomation.SystemDefination_Test.E10_3089_RoleSetUpTest@5987e932]" started-at="2024-01-03T10:16:58Z" name="launchBrowser" finished-at="2024-01-03T10:17:00Z" duration-ms="1675" status="PASS">
          <reporter-output>
          </reporter-output>
        </test-method> <!-- launchBrowser -->
        <test-method is-config="true" signature="beforeTestMethod()[pri:0, instance:com.JiviewsAutomation.SystemDefination_Test.E10_3089_RoleSetUpTest@5987e932]" started-at="2024-01-03T10:17:00Z" name="beforeTestMethod" finished-at="2024-01-03T10:17:04Z" duration-ms="4152" status="PASS">
          <reporter-output>
            <line>
              <![CDATA[Login]]>
            </line>
          </reporter-output>
        </test-method> <!-- beforeTestMethod -->
        <test-method is-config="true" signature="setup()[pri:0, instance:com.JiviewsAutomation.SystemDefination_Test.E10_3089_RoleSetUpTest@5987e932]" started-at="2024-01-03T10:17:04Z" name="setup" finished-at="2024-01-03T10:17:18Z" duration-ms="14271" status="PASS">
          <reporter-output>
          </reporter-output>
        </test-method> <!-- setup -->
        <test-method signature="E10_3090_VerifyCreateNewRole()[pri:1, instance:com.JiviewsAutomation.SystemDefination_Test.E10_3089_RoleSetUpTest@5987e932]" started-at="2024-01-03T10:17:18Z" name="E10_3090_VerifyCreateNewRole" finished-at="2024-01-03T10:17:27Z" duration-ms="8908" status="PASS">
          <reporter-output>
          </reporter-output>
        </test-method> <!-- E10_3090_VerifyCreateNewRole -->
        <test-method is-config="true" signature="afterTestMethod()[pri:0, instance:com.JiviewsAutomation.SystemDefination_Test.E10_3089_RoleSetUpTest@5987e932]" started-at="2024-01-03T10:17:27Z" name="afterTestMethod" finished-at="2024-01-03T10:17:27Z" duration-ms="1" status="PASS">
          <reporter-output>
            <line>
              <![CDATA[Logout]]>
            </line>
          </reporter-output>
        </test-method> <!-- afterTestMethod -->
        <test-method is-config="true" signature="closeBrowser()[pri:0, instance:com.JiviewsAutomation.SystemDefination_Test.E10_3089_RoleSetUpTest@5987e932]" started-at="2024-01-03T10:17:27Z" name="closeBrowser" finished-at="2024-01-03T10:17:28Z" duration-ms="189" status="PASS">
          <reporter-output>
          </reporter-output>
        </test-method> <!-- closeBrowser -->
      </class> <!-- com.JiviewsAutomation.SystemDefination_Test.E10_3089_RoleSetUpTest -->
    </test> <!-- Default test -->
  </suite> <!-- Default suite -->
</testng-results>
