<?xml version="1.0" encoding="UTF-8"?>
<testng-results ignored="19" total="20" passed="1" failed="0" skipped="0">
  <reporter-output>
    <line>
      <![CDATA[Login]]>
    </line>
    <line>
      <![CDATA[Logout]]>
    </line>
  </reporter-output>
  <suite started-at="2024-02-04T13:03:10Z" name="Default suite" finished-at="2024-02-04T13:03:41Z" duration-ms="30743">
    <groups>
    </groups>
    <test started-at="2024-02-04T13:03:10Z" name="Default test" finished-at="2024-02-04T13:03:41Z" duration-ms="30743">
      <class name="com.JiviewsAutomation.SystemDefination_Test.E10_2910_WorkforceEmployeeRosterV2Test">
        <test-method is-config="true" signature="launchBrowser()[pri:0, instance:com.JiviewsAutomation.SystemDefination_Test.E10_2910_WorkforceEmployeeRosterV2Test@1af05b03]" started-at="2024-02-04T13:03:10Z" name="launchBrowser" finished-at="2024-02-04T13:03:12Z" duration-ms="1607" status="PASS">
          <reporter-output>
          </reporter-output>
        </test-method> <!-- launchBrowser -->
        <test-method is-config="true" signature="beforeTestMethod()[pri:0, instance:com.JiviewsAutomation.SystemDefination_Test.E10_2910_WorkforceEmployeeRosterV2Test@1af05b03]" started-at="2024-02-04T13:03:12Z" name="beforeTestMethod" finished-at="2024-02-04T13:03:14Z" duration-ms="2295" status="PASS">
          <reporter-output>
            <line>
              <![CDATA[Login]]>
            </line>
          </reporter-output>
        </test-method> <!-- beforeTestMethod -->
        <test-method is-config="true" signature="setup()[pri:0, instance:com.JiviewsAutomation.SystemDefination_Test.E10_2910_WorkforceEmployeeRosterV2Test@1af05b03]" started-at="2024-02-04T13:03:14Z" name="setup" finished-at="2024-02-04T13:03:25Z" duration-ms="11246" status="PASS">
          <reporter-output>
          </reporter-output>
        </test-method> <!-- setup -->
        <test-method signature="E10_2939_VerifySearchByFilters()[pri:2, instance:com.JiviewsAutomation.SystemDefination_Test.E10_2910_WorkforceEmployeeRosterV2Test@1af05b03]" started-at="2024-02-04T13:03:25Z" name="E10_2939_VerifySearchByFilters" finished-at="2024-02-04T13:03:41Z" duration-ms="15387" status="PASS">
          <reporter-output>
          </reporter-output>
        </test-method> <!-- E10_2939_VerifySearchByFilters -->
        <test-method is-config="true" signature="afterTestMethod()[pri:0, instance:com.JiviewsAutomation.SystemDefination_Test.E10_2910_WorkforceEmployeeRosterV2Test@1af05b03]" started-at="2024-02-04T13:03:41Z" name="afterTestMethod" finished-at="2024-02-04T13:03:41Z" duration-ms="0" status="PASS">
          <reporter-output>
            <line>
              <![CDATA[Logout]]>
            </line>
          </reporter-output>
        </test-method> <!-- afterTestMethod -->
        <test-method is-config="true" signature="closeBrowser()[pri:0, instance:com.JiviewsAutomation.SystemDefination_Test.E10_2910_WorkforceEmployeeRosterV2Test@1af05b03]" started-at="2024-02-04T13:03:41Z" name="closeBrowser" finished-at="2024-02-04T13:03:41Z" duration-ms="199" status="PASS">
          <reporter-output>
          </reporter-output>
        </test-method> <!-- closeBrowser -->
      </class> <!-- com.JiviewsAutomation.SystemDefination_Test.E10_2910_WorkforceEmployeeRosterV2Test -->
    </test> <!-- Default test -->
  </suite> <!-- Default suite -->
</testng-results>
