<?xml version="1.0" encoding="UTF-8"?>
<testng-results ignored="2" total="3" passed="1" failed="0" skipped="0">
  <reporter-output>
    <line>
      <![CDATA[Open Browser]]>
    </line>
    <line>
      <![CDATA[Open Browser]]>
    </line>
    <line>
      <![CDATA[Login]]>
    </line>
    <line>
      <![CDATA[Logout]]>
    </line>
    <line>
      <![CDATA[Close Browser]]>
    </line>
  </reporter-output>
  <suite started-at="2023-11-06T13:23:35Z" name="Default suite" finished-at="2023-11-06T13:23:55Z" duration-ms="20367">
    <groups>
    </groups>
    <test started-at="2023-11-06T13:23:35Z" name="Default test" finished-at="2023-11-06T13:23:55Z" duration-ms="20367">
      <class name="com.JiviewsAutomation.SystemDefination_Test.SCRTest">
        <test-method is-config="true" signature="launchBrowser()[pri:0, instance:com.JiviewsAutomation.SystemDefination_Test.SCRTest@6bd51ed8]" started-at="2023-11-06T13:23:35Z" name="launchBrowser" finished-at="2023-11-06T13:23:36Z" duration-ms="1533" status="PASS">
          <reporter-output>
            <line>
              <![CDATA[Open Browser]]>
            </line>
            <line>
              <![CDATA[Open Browser]]>
            </line>
          </reporter-output>
        </test-method> <!-- launchBrowser -->
        <test-method is-config="true" signature="beforeTestMethod()[pri:0, instance:com.JiviewsAutomation.SystemDefination_Test.SCRTest@6bd51ed8]" started-at="2023-11-06T13:23:36Z" name="beforeTestMethod" finished-at="2023-11-06T13:23:38Z" duration-ms="2348" status="PASS">
          <reporter-output>
            <line>
              <![CDATA[Login]]>
            </line>
          </reporter-output>
        </test-method> <!-- beforeTestMethod -->
        <test-method signature="verifyDelectSCR()[pri:0, instance:com.JiviewsAutomation.SystemDefination_Test.SCRTest@6bd51ed8]" started-at="2023-11-06T13:23:38Z" name="verifyDelectSCR" finished-at="2023-11-06T13:23:55Z" duration-ms="16267" status="PASS">
          <reporter-output>
          </reporter-output>
        </test-method> <!-- verifyDelectSCR -->
        <test-method is-config="true" signature="afterTestMethod()[pri:0, instance:com.JiviewsAutomation.SystemDefination_Test.SCRTest@6bd51ed8]" started-at="2023-11-06T13:23:55Z" name="afterTestMethod" finished-at="2023-11-06T13:23:55Z" duration-ms="0" status="PASS">
          <reporter-output>
            <line>
              <![CDATA[Logout]]>
            </line>
          </reporter-output>
        </test-method> <!-- afterTestMethod -->
        <test-method is-config="true" signature="closeBrowser()[pri:0, instance:com.JiviewsAutomation.SystemDefination_Test.SCRTest@6bd51ed8]" started-at="2023-11-06T13:23:55Z" name="closeBrowser" finished-at="2023-11-06T13:23:55Z" duration-ms="211" status="PASS">
          <reporter-output>
            <line>
              <![CDATA[Close Browser]]>
            </line>
          </reporter-output>
        </test-method> <!-- closeBrowser -->
      </class> <!-- com.JiviewsAutomation.SystemDefination_Test.SCRTest -->
    </test> <!-- Default test -->
  </suite> <!-- Default suite -->
</testng-results>
