<?xml version="1.0" encoding="UTF-8"?>
<testng-results ignored="3" total="4" passed="1" failed="0" skipped="0">
  <reporter-output>
    <line>
      <![CDATA[Open Browser]]>
    </line>
    <line>
      <![CDATA[Open Browser]]>
    </line>
    <line>
      <![CDATA[Login]]>
    </line>
    <line>
      <![CDATA[Logout]]>
    </line>
    <line>
      <![CDATA[Close Browser]]>
    </line>
  </reporter-output>
  <suite started-at="2023-11-02T14:44:43Z" name="Default suite" finished-at="2023-11-02T14:45:40Z" duration-ms="56898">
    <groups>
    </groups>
    <test started-at="2023-11-02T14:44:43Z" name="Default test" finished-at="2023-11-02T14:45:40Z" duration-ms="56898">
      <class name="com.JiviewsAutomation.SystemDefination_Test.roasterSetupTest">
        <test-method is-config="true" signature="launchBrowser()[pri:0, instance:com.JiviewsAutomation.SystemDefination_Test.roasterSetupTest@61e3a1fd]" started-at="2023-11-02T14:44:43Z" name="launchBrowser" finished-at="2023-11-02T14:44:46Z" duration-ms="2605" status="PASS">
          <reporter-output>
            <line>
              <![CDATA[Open Browser]]>
            </line>
            <line>
              <![CDATA[Open Browser]]>
            </line>
          </reporter-output>
        </test-method> <!-- launchBrowser -->
        <test-method is-config="true" signature="login()[pri:0, instance:com.JiviewsAutomation.SystemDefination_Test.roasterSetupTest@61e3a1fd]" started-at="2023-11-02T14:44:46Z" name="login" finished-at="2023-11-02T14:45:06Z" duration-ms="20434" status="PASS">
          <reporter-output>
            <line>
              <![CDATA[Login]]>
            </line>
          </reporter-output>
        </test-method> <!-- login -->
        <test-method signature="verifyDeactiveRoster()[pri:0, instance:com.JiviewsAutomation.SystemDefination_Test.roasterSetupTest@61e3a1fd]" started-at="2023-11-02T14:45:06Z" name="verifyDeactiveRoster" finished-at="2023-11-02T14:45:40Z" duration-ms="33547" status="PASS">
          <reporter-output>
          </reporter-output>
        </test-method> <!-- verifyDeactiveRoster -->
        <test-method is-config="true" signature="logout()[pri:0, instance:com.JiviewsAutomation.SystemDefination_Test.roasterSetupTest@61e3a1fd]" started-at="2023-11-02T14:45:40Z" name="logout" finished-at="2023-11-02T14:45:40Z" duration-ms="1" status="PASS">
          <reporter-output>
            <line>
              <![CDATA[Logout]]>
            </line>
          </reporter-output>
        </test-method> <!-- logout -->
        <test-method is-config="true" signature="closeBrowser()[pri:0, instance:com.JiviewsAutomation.SystemDefination_Test.roasterSetupTest@61e3a1fd]" started-at="2023-11-02T14:45:40Z" name="closeBrowser" finished-at="2023-11-02T14:45:40Z" duration-ms="290" status="PASS">
          <reporter-output>
            <line>
              <![CDATA[Close Browser]]>
            </line>
          </reporter-output>
        </test-method> <!-- closeBrowser -->
      </class> <!-- com.JiviewsAutomation.SystemDefination_Test.roasterSetupTest -->
    </test> <!-- Default test -->
  </suite> <!-- Default suite -->
</testng-results>
