<?xml version="1.0" encoding="UTF-8"?>
<testng-results ignored="6" total="7" passed="1" failed="0" skipped="0">
  <reporter-output>
    <line>
      <![CDATA[Login]]>
    </line>
    <line>
      <![CDATA[Logout]]>
    </line>
  </reporter-output>
  <suite started-at="2023-12-20T04:34:26Z" name="Default suite" finished-at="2023-12-20T04:35:15Z" duration-ms="48826">
    <groups>
    </groups>
    <test started-at="2023-12-20T04:34:26Z" name="Default test" finished-at="2023-12-20T04:35:15Z" duration-ms="48826">
      <class name="com.JiviewsAutomation.SystemDefination_Test.E10_2606_ShiftBandTest">
        <test-method is-config="true" signature="launchBrowser()[pri:0, instance:com.JiviewsAutomation.SystemDefination_Test.E10_2606_ShiftBandTest@2fb68ec6]" started-at="2023-12-20T04:34:26Z" name="launchBrowser" finished-at="2023-12-20T04:34:28Z" duration-ms="1610" status="PASS">
          <reporter-output>
          </reporter-output>
        </test-method> <!-- launchBrowser -->
        <test-method is-config="true" signature="beforeTestMethod()[pri:0, instance:com.JiviewsAutomation.SystemDefination_Test.E10_2606_ShiftBandTest@2fb68ec6]" started-at="2023-12-20T04:34:28Z" name="beforeTestMethod" finished-at="2023-12-20T04:34:42Z" duration-ms="14159" status="PASS">
          <reporter-output>
            <line>
              <![CDATA[Login]]>
            </line>
          </reporter-output>
        </test-method> <!-- beforeTestMethod -->
        <test-method is-config="true" signature="setUp()[pri:0, instance:com.JiviewsAutomation.SystemDefination_Test.E10_2606_ShiftBandTest@2fb68ec6]" started-at="2023-12-20T04:34:42Z" name="setUp" finished-at="2023-12-20T04:35:03Z" duration-ms="21646" status="PASS">
          <reporter-output>
          </reporter-output>
        </test-method> <!-- setUp -->
        <test-method signature="E10_3115_VerifyCreateShiftBand()[pri:1, instance:com.JiviewsAutomation.SystemDefination_Test.E10_2606_ShiftBandTest@2fb68ec6]" started-at="2023-12-20T04:35:03Z" name="E10_3115_VerifyCreateShiftBand" finished-at="2023-12-20T04:35:15Z" duration-ms="11395" status="PASS">
          <reporter-output>
          </reporter-output>
        </test-method> <!-- E10_3115_VerifyCreateShiftBand -->
        <test-method is-config="true" signature="afterTestMethod()[pri:0, instance:com.JiviewsAutomation.SystemDefination_Test.E10_2606_ShiftBandTest@2fb68ec6]" started-at="2023-12-20T04:35:15Z" name="afterTestMethod" finished-at="2023-12-20T04:35:15Z" duration-ms="0" status="PASS">
          <reporter-output>
            <line>
              <![CDATA[Logout]]>
            </line>
          </reporter-output>
        </test-method> <!-- afterTestMethod -->
        <test-method is-config="true" signature="closeBrowser()[pri:0, instance:com.JiviewsAutomation.SystemDefination_Test.E10_2606_ShiftBandTest@2fb68ec6]" started-at="2023-12-20T04:35:15Z" name="closeBrowser" finished-at="2023-12-20T04:35:15Z" duration-ms="0" status="PASS">
          <reporter-output>
          </reporter-output>
        </test-method> <!-- closeBrowser -->
      </class> <!-- com.JiviewsAutomation.SystemDefination_Test.E10_2606_ShiftBandTest -->
    </test> <!-- Default test -->
  </suite> <!-- Default suite -->
</testng-results>
